---------------------------------------------------------------
[ 2018-10-17T21:36:09+08:00 ] 127.0.0.1 127.0.0.1 GET /shop/index.php/goods/13.html
[ info ] 127.0.0.1/shop/index.php/goods/13.html [运行时间：10.502600s][吞吐率：0.10req/s] [内存消耗：5,883.56kb] [文件加载：63]
[ info ] [ LANG ] F:\wamp\www\shop\thinkphp\lang\zh-cn.php
[ info ] [ ROUTE ] array (
  'type' => 'module',
  'module' => 
  array (
    0 => 'index',
    1 => 'Goods',
    2 => 'index',
  ),
  'convert' => false,
)
[ info ] [ HEADER ] array (
  'host' => '127.0.0.1',
  'connection' => 'keep-alive',
  'upgrade-insecure-requests' => '1',
  'user-agent' => 'Mozilla/5.0 (Windows NT 6.1; WOW64) AppleWebKit/537.36 (KHTML, like Gecko) Chrome/68.0.3440.106 Safari/537.36',
  'accept' => 'text/html,application/xhtml+xml,application/xml;q=0.9,image/webp,image/apng,*/*;q=0.8',
  'accept-encoding' => 'gzip, deflate, br',
  'accept-language' => 'zh-CN,zh;q=0.9',
)
[ info ] [ PARAM ] array (
  'id' => '13',
)
[ info ] [ DB ] INIT mysql
[ info ] [ CACHE ] INIT File
[ info ] [ RUN ] app\index\controller\Goods->index[ F:\wamp\www\shop\application\index\controller\Goods.php ]
[ info ] [ VIEW ] F:\wamp\www\shop/application/index\view\goods\goods.htm [ array (
  0 => 'helpCateRes',
  1 => 'shopInfoRes',
  2 => 'navRes',
  3 => 'configs',
  4 => 'cateRes',
  5 => 'show_right',
  6 => 'goodsInfo',
  7 => 'goodsPhotoRes',
  8 => 'uniAttrArr',
  9 => 'radioAttrArr',
) ]
[ info ] [ LOG ] INIT File
[ sql ] [ DB ] CONNECT:[ UseTime:1.923110s ] mysql:host=127.0.0.1;dbname=tpshop;charset=utf8
[ sql ] [ SQL ] SHOW COLUMNS FROM `tp_cate` [ RunTime:0.900051s ]
[ sql ] [ SQL ] SELECT * FROM `tp_cate` WHERE  `cate_type` = 3 ORDER BY sort DESC [ RunTime:0.057003s ]
[ sql ] [ SQL ] SHOW COLUMNS FROM `tp_article` [ RunTime:0.188011s ]
[ sql ] [ SQL ] SELECT * FROM `tp_article` WHERE  `cate_id` = 4 [ RunTime:0.044003s ]
[ sql ] [ SQL ] SELECT * FROM `tp_article` WHERE  `cate_id` = 5 [ RunTime:0.002000s ]
[ sql ] [ SQL ] SELECT * FROM `tp_article` WHERE  `cate_id` = 7 [ RunTime:0.001000s ]
[ sql ] [ SQL ] SELECT * FROM `tp_article` WHERE  `cate_id` = 16 [ RunTime:0.001000s ]
[ sql ] [ SQL ] SELECT * FROM `tp_article` WHERE  `cate_id` = 17 [ RunTime:0.002000s ]
[ sql ] [ SQL ] SELECT `id`,`title` FROM `tp_article` WHERE  `cate_id` = 3 [ RunTime:0.001000s ]
[ sql ] [ SQL ] SHOW COLUMNS FROM `tp_nav` [ RunTime:0.221013s ]
[ sql ] [ SQL ] SELECT * FROM `tp_nav` ORDER BY sort DESC [ RunTime:0.007000s ]
[ sql ] [ SQL ] SHOW COLUMNS FROM `tp_conf` [ RunTime:0.466026s ]
[ sql ] [ SQL ] SELECT `ename`,`value` FROM `tp_conf` [ RunTime:0.140008s ]
[ sql ] [ SQL ] SHOW COLUMNS FROM `tp_category` [ RunTime:0.386022s ]
[ sql ] [ SQL ] SELECT * FROM `tp_category` WHERE  `pid` = 0 ORDER BY sort ASC [ RunTime:0.163009s ]
[ sql ] [ SQL ] SELECT * FROM `tp_category` WHERE  `pid` = 7 [ RunTime:0.002000s ]
[ sql ] [ SQL ] SELECT * FROM `tp_category` WHERE  `pid` = 2 [ RunTime:0.002000s ]
[ sql ] [ SQL ] SELECT * FROM `tp_category` WHERE  `pid` = 33 [ RunTime:0.001000s ]
[ sql ] [ SQL ] SELECT * FROM `tp_category` WHERE  `pid` = 38 [ RunTime:0.002001s ]
[ sql ] [ SQL ] SHOW COLUMNS FROM `tp_goods` [ RunTime:0.242014s ]
[ sql ] [ SQL ] SELECT * FROM `tp_goods` WHERE  `id` = 13 LIMIT 1 [ RunTime:0.346020s ]
[ sql ] [ SQL ] SHOW COLUMNS FROM `tp_goods_photo` [ RunTime:0.073004s ]
[ sql ] [ SQL ] SELECT `sm_photo`,`mid_photo`,`big_photo`,`og_photo` FROM `tp_goods_photo` WHERE  `goods_id` = 13 [ RunTime:0.075004s ]
[ sql ] [ SQL ] SHOW COLUMNS FROM `tp_goods_attr` [ RunTime:0.193011s ]
[ sql ] [ SQL ] SELECT `ga`.*,`a`.`attr_name`,`a`.`attr_type` FROM `tp_goods_attr` `ga` INNER JOIN `tp_attr` `a` ON `ga`.`attr_id`=`a`.`id` WHERE  `ga`.`goods_id` = '13' [ RunTime:0.748043s ]
---------------------------------------------------------------
[ 2018-10-17T21:36:17+08:00 ] 127.0.0.1 127.0.0.1 GET /shop/public/static/index/js/perfect-scrollbar/perfect-scrollbar.min.css
[ info ] 127.0.0.1/shop/public/static/index/js/perfect-scrollbar/perfect-scrollbar.min.css [运行时间：0.126007s][吞吐率：7.94req/s] [内存消耗：2,575.49kb] [文件加载：40]
[ info ] [ LANG ] F:\wamp\www\shop\thinkphp\lang\zh-cn.php
[ info ] [ ROUTE ] array (
  'type' => 'module',
  'module' => 
  array (
    0 => 'static',
    1 => 'index',
    2 => 'js',
  ),
)
[ info ] [ HEADER ] array (
  'host' => '127.0.0.1',
  'connection' => 'keep-alive',
  'user-agent' => 'Mozilla/5.0 (Windows NT 6.1; WOW64) AppleWebKit/537.36 (KHTML, like Gecko) Chrome/68.0.3440.106 Safari/537.36',
  'accept' => 'text/css,*/*;q=0.1',
  'referer' => 'http://127.0.0.1/shop/index.php/goods/13.html',
  'accept-encoding' => 'gzip, deflate, br',
  'accept-language' => 'zh-CN,zh;q=0.9',
)
[ info ] [ PARAM ] array (
  'scrollbar' => 'perfect-scrollbar.min.css',
)
[ info ] [ LOG ] INIT File
---------------------------------------------------------------
[ 2018-10-17T21:36:17+08:00 ] 127.0.0.1 127.0.0.1 GET /shop/public/static/index/js/calendar/calendar.min.css
[ info ] 127.0.0.1/shop/public/static/index/js/calendar/calendar.min.css [运行时间：0.129008s][吞吐率：7.75req/s] [内存消耗：2,575.34kb] [文件加载：40]
[ info ] [ LANG ] F:\wamp\www\shop\thinkphp\lang\zh-cn.php
[ info ] [ ROUTE ] array (
  'type' => 'module',
  'module' => 
  array (
    0 => 'static',
    1 => 'index',
    2 => 'js',
  ),
)
[ info ] [ HEADER ] array (
  'host' => '127.0.0.1',
  'connection' => 'keep-alive',
  'user-agent' => 'Mozilla/5.0 (Windows NT 6.1; WOW64) AppleWebKit/537.36 (KHTML, like Gecko) Chrome/68.0.3440.106 Safari/537.36',
  'accept' => 'text/css,*/*;q=0.1',
  'referer' => 'http://127.0.0.1/shop/index.php/goods/13.html',
  'accept-encoding' => 'gzip, deflate, br',
  'accept-language' => 'zh-CN,zh;q=0.9',
)
[ info ] [ PARAM ] array (
  'calendar' => 'calendar.min.css',
)
[ info ] [ LOG ] INIT File
---------------------------------------------------------------
[ 2018-10-17T21:36:21+08:00 ] 127.0.0.1 127.0.0.1 GET /shop/public/static/index/js/calendar/calendar.min.css
[ info ] 127.0.0.1/shop/public/static/index/js/calendar/calendar.min.css [运行时间：0.025001s][吞吐率：40.00req/s] [内存消耗：2,575.34kb] [文件加载：40]
[ info ] [ LANG ] F:\wamp\www\shop\thinkphp\lang\zh-cn.php
[ info ] [ ROUTE ] array (
  'type' => 'module',
  'module' => 
  array (
    0 => 'static',
    1 => 'index',
    2 => 'js',
  ),
)
[ info ] [ HEADER ] array (
  'host' => '127.0.0.1',
  'connection' => 'keep-alive',
  'user-agent' => 'Mozilla/5.0 (Windows NT 6.1; WOW64) AppleWebKit/537.36 (KHTML, like Gecko) Chrome/68.0.3440.106 Safari/537.36',
  'accept' => 'text/css,*/*;q=0.1',
  'referer' => 'http://127.0.0.1/shop/index.php/goods/13.html',
  'accept-encoding' => 'gzip, deflate, br',
  'accept-language' => 'zh-CN,zh;q=0.9',
)
[ info ] [ PARAM ] array (
  'calendar' => 'calendar.min.css',
)
[ info ] [ LOG ] INIT File
---------------------------------------------------------------
[ 2018-10-17T21:36:21+08:00 ] 127.0.0.1 127.0.0.1 GET /shop/public/static/index/js/perfect-scrollbar/perfect-scrollbar.min.css
[ info ] 127.0.0.1/shop/public/static/index/js/perfect-scrollbar/perfect-scrollbar.min.css [运行时间：0.039002s][吞吐率：25.64req/s] [内存消耗：2,575.45kb] [文件加载：40]
[ info ] [ LANG ] F:\wamp\www\shop\thinkphp\lang\zh-cn.php
[ info ] [ ROUTE ] array (
  'type' => 'module',
  'module' => 
  array (
    0 => 'static',
    1 => 'index',
    2 => 'js',
  ),
)
[ info ] [ HEADER ] array (
  'host' => '127.0.0.1',
  'connection' => 'keep-alive',
  'user-agent' => 'Mozilla/5.0 (Windows NT 6.1; WOW64) AppleWebKit/537.36 (KHTML, like Gecko) Chrome/68.0.3440.106 Safari/537.36',
  'accept' => 'text/css,*/*;q=0.1',
  'referer' => 'http://127.0.0.1/shop/index.php/goods/13.html',
  'accept-encoding' => 'gzip, deflate, br',
  'accept-language' => 'zh-CN,zh;q=0.9',
)
[ info ] [ PARAM ] array (
  'scrollbar' => 'perfect-scrollbar.min.css',
)
[ info ] [ LOG ] INIT File
---------------------------------------------------------------
[ 2018-10-17T21:36:22+08:00 ] 127.0.0.1 127.0.0.1 GET /shop/public/static/index/js/calendar.php?lang=
[ info ] 127.0.0.1/shop/public/static/index/js/calendar.php?lang= [运行时间：0.033002s][吞吐率：30.30req/s] [内存消耗：2,574.63kb] [文件加载：40]
[ info ] [ LANG ] F:\wamp\www\shop\thinkphp\lang\zh-cn.php
[ info ] [ ROUTE ] array (
  'type' => 'module',
  'module' => 
  array (
    0 => 'static',
    1 => 'index',
    2 => 'js',
  ),
)
[ info ] [ HEADER ] array (
  'host' => '127.0.0.1',
  'connection' => 'keep-alive',
  'user-agent' => 'Mozilla/5.0 (Windows NT 6.1; WOW64) AppleWebKit/537.36 (KHTML, like Gecko) Chrome/68.0.3440.106 Safari/537.36',
  'accept' => '*/*',
  'referer' => 'http://127.0.0.1/shop/index.php/goods/13.html',
  'accept-encoding' => 'gzip, deflate, br',
  'accept-language' => 'zh-CN,zh;q=0.9',
)
[ info ] [ PARAM ] array (
  'lang' => '',
)
[ info ] [ LOG ] INIT File
---------------------------------------------------------------
[ 2018-10-17T21:36:25+08:00 ] 127.0.0.1 127.0.0.1 GET /shop/public/static/index/img/summary-bg.jpg
[ info ] 127.0.0.1/shop/public/static/index/img/summary-bg.jpg [运行时间：0.029002s][吞吐率：34.48req/s] [内存消耗：2,574.82kb] [文件加载：40]
[ info ] [ LANG ] F:\wamp\www\shop\thinkphp\lang\zh-cn.php
[ info ] [ ROUTE ] array (
  'type' => 'module',
  'module' => 
  array (
    0 => 'static',
    1 => 'index',
    2 => 'img',
  ),
)
[ info ] [ HEADER ] array (
  'host' => '127.0.0.1',
  'connection' => 'keep-alive',
  'user-agent' => 'Mozilla/5.0 (Windows NT 6.1; WOW64) AppleWebKit/537.36 (KHTML, like Gecko) Chrome/68.0.3440.106 Safari/537.36',
  'accept' => 'image/webp,image/apng,image/*,*/*;q=0.8',
  'referer' => 'http://127.0.0.1/shop/public/static/index/css/style.css',
  'accept-encoding' => 'gzip, deflate, br',
  'accept-language' => 'zh-CN,zh;q=0.9',
)
[ info ] [ PARAM ] array (
)
[ info ] [ LOG ] INIT File
---------------------------------------------------------------
[ 2018-10-17T21:36:25+08:00 ] 127.0.0.1 127.0.0.1 GET /shop/public/static/index/img/prompt/not-imp.png
[ info ] 127.0.0.1/shop/public/static/index/img/prompt/not-imp.png [运行时间：0.050003s][吞吐率：20.00req/s] [内存消耗：2,575.58kb] [文件加载：40]
[ info ] [ LANG ] F:\wamp\www\shop\thinkphp\lang\zh-cn.php
[ info ] [ ROUTE ] array (
  'type' => 'module',
  'module' => 
  array (
    0 => 'static',
    1 => 'index',
    2 => 'img',
  ),
)
[ info ] [ HEADER ] array (
  'host' => '127.0.0.1',
  'connection' => 'keep-alive',
  'user-agent' => 'Mozilla/5.0 (Windows NT 6.1; WOW64) AppleWebKit/537.36 (KHTML, like Gecko) Chrome/68.0.3440.106 Safari/537.36',
  'accept' => 'image/webp,image/apng,image/*,*/*;q=0.8',
  'referer' => 'http://127.0.0.1/shop/public/static/index/css/style.css',
  'accept-encoding' => 'gzip, deflate, br',
  'accept-language' => 'zh-CN,zh;q=0.9',
)
[ info ] [ PARAM ] array (
  'prompt' => 'not-imp.png',
)
[ info ] [ LOG ] INIT File
---------------------------------------------------------------
[ 2018-10-17T21:36:30+08:00 ] 127.0.0.1 127.0.0.1 GET /shop/public/static/index/js/calendar.php?lang=
[ info ] 127.0.0.1/shop/public/static/index/js/calendar.php?lang= [运行时间：0.038002s][吞吐率：26.31req/s] [内存消耗：2,574.63kb] [文件加载：40]
[ info ] [ LANG ] F:\wamp\www\shop\thinkphp\lang\zh-cn.php
[ info ] [ ROUTE ] array (
  'type' => 'module',
  'module' => 
  array (
    0 => 'static',
    1 => 'index',
    2 => 'js',
  ),
)
[ info ] [ HEADER ] array (
  'host' => '127.0.0.1',
  'connection' => 'keep-alive',
  'user-agent' => 'Mozilla/5.0 (Windows NT 6.1; WOW64) AppleWebKit/537.36 (KHTML, like Gecko) Chrome/68.0.3440.106 Safari/537.36',
  'accept' => '*/*',
  'referer' => 'http://127.0.0.1/shop/index.php/goods/13.html',
  'accept-encoding' => 'gzip, deflate, br',
  'accept-language' => 'zh-CN,zh;q=0.9',
)
[ info ] [ PARAM ] array (
  'lang' => '',
)
[ info ] [ LOG ] INIT File
---------------------------------------------------------------
[ 2018-10-17T21:36:31+08:00 ] 127.0.0.1 127.0.0.1 POST /shop/index.php/index/goods/ajaxgetmemberprice.html
[ info ] 127.0.0.1/shop/index.php/index/goods/ajaxgetmemberprice.html [运行时间：0.502029s][吞吐率：1.99req/s] [内存消耗：5,679.70kb] [文件加载：61]
[ info ] [ LANG ] F:\wamp\www\shop\thinkphp\lang\zh-cn.php
[ info ] [ ROUTE ] array (
  'type' => 'module',
  'module' => 
  array (
    0 => 'index',
    1 => 'goods',
    2 => 'ajaxgetmemberprice',
  ),
)
[ info ] [ HEADER ] array (
  'host' => '127.0.0.1',
  'connection' => 'keep-alive',
  'content-length' => '11',
  'accept' => 'application/json, text/javascript, */*; q=0.01',
  'origin' => 'http://127.0.0.1',
  'x-requested-with' => 'XMLHttpRequest',
  'user-agent' => 'Mozilla/5.0 (Windows NT 6.1; WOW64) AppleWebKit/537.36 (KHTML, like Gecko) Chrome/68.0.3440.106 Safari/537.36',
  'content-type' => 'application/x-www-form-urlencoded; charset=UTF-8',
  'referer' => 'http://127.0.0.1/shop/index.php/goods/13.html',
  'accept-encoding' => 'gzip, deflate, br',
  'accept-language' => 'zh-CN,zh;q=0.9',
)
[ info ] [ PARAM ] array (
  'goods_id' => '13',
)
[ info ] [ DB ] INIT mysql
[ info ] [ CACHE ] INIT File
[ info ] [ RUN ] app\index\controller\Goods->ajaxGetMemberPrice[ F:\wamp\www\shop\application\index\controller\Goods.php ]
[ info ] [ SESSION ] INIT array (
  'id' => '',
  'var_session_id' => '',
  'prefix' => 'think',
  'type' => '',
  'auto_start' => true,
)
[ info ] [ LOG ] INIT File
[ sql ] [ DB ] CONNECT:[ UseTime:0.021001s ] mysql:host=127.0.0.1;dbname=tpshop;charset=utf8
[ sql ] [ SQL ] SHOW COLUMNS FROM `tp_category` [ RunTime:0.021002s ]
[ sql ] [ SQL ] SELECT * FROM `tp_category` WHERE  `pid` = 0 ORDER BY sort ASC [ RunTime:0.000000s ]
[ sql ] [ SQL ] SELECT * FROM `tp_category` WHERE  `pid` = 7 [ RunTime:0.001000s ]
[ sql ] [ SQL ] SELECT * FROM `tp_category` WHERE  `pid` = 2 [ RunTime:0.001000s ]
[ sql ] [ SQL ] SELECT * FROM `tp_category` WHERE  `pid` = 33 [ RunTime:0.001000s ]
[ sql ] [ SQL ] SELECT * FROM `tp_category` WHERE  `pid` = 38 [ RunTime:0.002000s ]
[ sql ] [ SQL ] SHOW COLUMNS FROM `tp_goods` [ RunTime:0.025002s ]
[ sql ] [ SQL ] SELECT * FROM `tp_goods` WHERE  `id` = 13 LIMIT 1 [ RunTime:0.001000s ]
---------------------------------------------------------------
[ 2018-10-17T21:36:31+08:00 ] 127.0.0.1 127.0.0.1 POST /shop/index.php/index/flow/cartgoodsnum.html
[ info ] 127.0.0.1/shop/index.php/index/flow/cartgoodsnum.html [运行时间：0.145008s][吞吐率：6.90req/s] [内存消耗：5,669.00kb] [文件加载：60]
[ info ] [ LANG ] F:\wamp\www\shop\thinkphp\lang\zh-cn.php
[ info ] [ ROUTE ] array (
  'type' => 'module',
  'module' => 
  array (
    0 => 'index',
    1 => 'flow',
    2 => 'cartgoodsnum',
  ),
)
[ info ] [ HEADER ] array (
  'host' => '127.0.0.1',
  'connection' => 'keep-alive',
  'content-length' => '0',
  'accept' => 'application/json, text/javascript, */*; q=0.01',
  'origin' => 'http://127.0.0.1',
  'x-requested-with' => 'XMLHttpRequest',
  'user-agent' => 'Mozilla/5.0 (Windows NT 6.1; WOW64) AppleWebKit/537.36 (KHTML, like Gecko) Chrome/68.0.3440.106 Safari/537.36',
  'referer' => 'http://127.0.0.1/shop/index.php/goods/13.html',
  'accept-encoding' => 'gzip, deflate, br',
  'accept-language' => 'zh-CN,zh;q=0.9',
  'cookie' => 'PHPSESSID=50n0mjetarb3jo732pgtkbgo70',
)
[ info ] [ PARAM ] array (
)
[ info ] [ DB ] INIT mysql
[ info ] [ CACHE ] INIT File
[ info ] [ RUN ] app\index\controller\Flow->cartGoodsNum[ F:\wamp\www\shop\application\index\controller\Flow.php ]
[ info ] [ LOG ] INIT File
[ sql ] [ DB ] CONNECT:[ UseTime:0.021001s ] mysql:host=127.0.0.1;dbname=tpshop;charset=utf8
[ sql ] [ SQL ] SHOW COLUMNS FROM `tp_category` [ RunTime:0.029002s ]
[ sql ] [ SQL ] SELECT * FROM `tp_category` WHERE  `pid` = 0 ORDER BY sort ASC [ RunTime:0.001000s ]
[ sql ] [ SQL ] SELECT * FROM `tp_category` WHERE  `pid` = 7 [ RunTime:0.000000s ]
[ sql ] [ SQL ] SELECT * FROM `tp_category` WHERE  `pid` = 2 [ RunTime:0.001000s ]
[ sql ] [ SQL ] SELECT * FROM `tp_category` WHERE  `pid` = 33 [ RunTime:0.001000s ]
[ sql ] [ SQL ] SELECT * FROM `tp_category` WHERE  `pid` = 38 [ RunTime:0.000000s ]
---------------------------------------------------------------
[ 2018-10-17T21:36:32+08:00 ] 127.0.0.1 127.0.0.1 GET /shop/index.php/member/account/checklogin.html
[ info ] 127.0.0.1/shop/index.php/member/account/checklogin.html [运行时间：0.741042s][吞吐率：1.35req/s] [内存消耗：5,792.74kb] [文件加载：62]
[ info ] [ LANG ] F:\wamp\www\shop\thinkphp\lang\zh-cn.php
[ info ] [ ROUTE ] array (
  'type' => 'module',
  'module' => 
  array (
    0 => 'member',
    1 => 'account',
    2 => 'checklogin',
  ),
)
[ info ] [ HEADER ] array (
  'host' => '127.0.0.1',
  'connection' => 'keep-alive',
  'accept' => 'application/json, text/javascript, */*; q=0.01',
  'x-requested-with' => 'XMLHttpRequest',
  'user-agent' => 'Mozilla/5.0 (Windows NT 6.1; WOW64) AppleWebKit/537.36 (KHTML, like Gecko) Chrome/68.0.3440.106 Safari/537.36',
  'referer' => 'http://127.0.0.1/shop/index.php/goods/13.html',
  'accept-encoding' => 'gzip, deflate, br',
  'accept-language' => 'zh-CN,zh;q=0.9',
  'cookie' => 'PHPSESSID=50n0mjetarb3jo732pgtkbgo70',
)
[ info ] [ PARAM ] array (
)
[ info ] [ DB ] INIT mysql
[ info ] [ CACHE ] INIT File
[ info ] [ RUN ] app\member\controller\Account->checkLogin[ F:\wamp\www\shop\application\member\controller\Account.php ]
[ info ] [ SESSION ] INIT array (
  'id' => '',
  'var_session_id' => '',
  'prefix' => 'think',
  'type' => '',
  'auto_start' => true,
)
[ info ] [ LOG ] INIT File
[ sql ] [ DB ] CONNECT:[ UseTime:0.001000s ] mysql:host=127.0.0.1;dbname=tpshop;charset=utf8
[ sql ] [ SQL ] SHOW COLUMNS FROM `tp_category` [ RunTime:0.029002s ]
[ sql ] [ SQL ] SELECT * FROM `tp_category` WHERE  `pid` = 0 ORDER BY sort ASC [ RunTime:0.001000s ]
[ sql ] [ SQL ] SELECT * FROM `tp_category` WHERE  `pid` = 7 [ RunTime:0.001000s ]
[ sql ] [ SQL ] SELECT * FROM `tp_category` WHERE  `pid` = 2 [ RunTime:0.000000s ]
[ sql ] [ SQL ] SELECT * FROM `tp_category` WHERE  `pid` = 33 [ RunTime:0.001000s ]
[ sql ] [ SQL ] SELECT * FROM `tp_category` WHERE  `pid` = 38 [ RunTime:0.001000s ]
---------------------------------------------------------------
[ 2018-10-17T21:36:32+08:00 ] 127.0.0.1 127.0.0.1 GET /shop/index.php/goods/favicon.ico
[ info ] 127.0.0.1/shop/index.php/goods/favicon.ico [运行时间：0.048002s][吞吐率：20.83req/s] [内存消耗：2,574.27kb] [文件加载：40]
[ info ] [ LANG ] F:\wamp\www\shop\thinkphp\lang\zh-cn.php
[ info ] [ ROUTE ] array (
  'type' => 'module',
  'module' => 
  array (
    0 => 'goods',
    1 => 'favicon.ico',
    2 => NULL,
  ),
)
[ info ] [ HEADER ] array (
  'host' => '127.0.0.1',
  'connection' => 'keep-alive',
  'user-agent' => 'Mozilla/5.0 (Windows NT 6.1; WOW64) AppleWebKit/537.36 (KHTML, like Gecko) Chrome/68.0.3440.106 Safari/537.36',
  'accept' => 'image/webp,image/apng,image/*,*/*;q=0.8',
  'referer' => 'http://127.0.0.1/shop/index.php/goods/13.html',
  'accept-encoding' => 'gzip, deflate, br',
  'accept-language' => 'zh-CN,zh;q=0.9',
  'cookie' => 'PHPSESSID=50n0mjetarb3jo732pgtkbgo70',
)
[ info ] [ PARAM ] array (
)
[ info ] [ LOG ] INIT File
---------------------------------------------------------------
[ 2018-10-17T21:36:47+08:00 ] 127.0.0.1 127.0.0.1 POST /shop/index.php/index/category/getcateinfo.html
[ info ] 127.0.0.1/shop/index.php/index/category/getcateinfo.html [运行时间：0.873050s][吞吐率：1.15req/s] [内存消耗：5,772.05kb] [文件加载：61]
[ info ] [ LANG ] F:\wamp\www\shop\thinkphp\lang\zh-cn.php
[ info ] [ ROUTE ] array (
  'type' => 'module',
  'module' => 
  array (
    0 => 'index',
    1 => 'category',
    2 => 'getcateinfo',
  ),
)
[ info ] [ HEADER ] array (
  'host' => '127.0.0.1',
  'connection' => 'keep-alive',
  'content-length' => '4',
  'accept' => 'application/json, text/javascript, */*; q=0.01',
  'origin' => 'http://127.0.0.1',
  'x-requested-with' => 'XMLHttpRequest',
  'user-agent' => 'Mozilla/5.0 (Windows NT 6.1; WOW64) AppleWebKit/537.36 (KHTML, like Gecko) Chrome/68.0.3440.106 Safari/537.36',
  'content-type' => 'application/x-www-form-urlencoded; charset=UTF-8',
  'referer' => 'http://127.0.0.1/shop/index.php/goods/13.html',
  'accept-encoding' => 'gzip, deflate, br',
  'accept-language' => 'zh-CN,zh;q=0.9',
  'cookie' => 'PHPSESSID=50n0mjetarb3jo732pgtkbgo70',
)
[ info ] [ PARAM ] array (
  'id' => '7',
)
[ info ] [ DB ] INIT mysql
[ info ] [ CACHE ] INIT File
[ info ] [ RUN ] app\index\controller\Category->getCateInfo[ F:\wamp\www\shop\application\index\controller\Category.php ]
[ info ] [ LOG ] INIT File
[ sql ] [ DB ] CONNECT:[ UseTime:0.026002s ] mysql:host=127.0.0.1;dbname=tpshop;charset=utf8
[ sql ] [ SQL ] SHOW COLUMNS FROM `tp_category` [ RunTime:0.024001s ]
[ sql ] [ SQL ] SELECT * FROM `tp_category` WHERE  `pid` = 0 ORDER BY sort ASC [ RunTime:0.000000s ]
[ sql ] [ SQL ] SELECT * FROM `tp_category` WHERE  `pid` = 7 [ RunTime:0.001000s ]
[ sql ] [ SQL ] SELECT * FROM `tp_category` WHERE  `pid` = 2 [ RunTime:0.001000s ]
[ sql ] [ SQL ] SELECT * FROM `tp_category` WHERE  `pid` = 33 [ RunTime:0.001000s ]
[ sql ] [ SQL ] SELECT * FROM `tp_category` WHERE  `pid` = 38 [ RunTime:0.001000s ]
[ sql ] [ SQL ] SELECT * FROM `tp_category` WHERE  `pid` = 7 [ RunTime:0.000000s ]
[ sql ] [ SQL ] SELECT * FROM `tp_category` WHERE  `pid` = 8 [ RunTime:0.001000s ]
[ sql ] [ SQL ] SELECT * FROM `tp_category` WHERE  `pid` = 9 [ RunTime:0.000000s ]
[ sql ] [ SQL ] SELECT * FROM `tp_category` WHERE  `pid` = 10 [ RunTime:0.000000s ]
[ sql ] [ SQL ] SHOW COLUMNS FROM `tp_category_words` [ RunTime:0.171010s ]
[ sql ] [ SQL ] SELECT * FROM `tp_category_words` WHERE  `category_id` = 7 [ RunTime:0.001000s ]
[ sql ] [ SQL ] SHOW COLUMNS FROM `tp_category_brands` [ RunTime:0.245014s ]
[ sql ] [ SQL ] SELECT * FROM `tp_category_brands` WHERE  `category_id` = 7 LIMIT 1 [ RunTime:0.000000s ]
[ sql ] [ SQL ] SHOW COLUMNS FROM `tp_brand` [ RunTime:0.233013s ]
[ sql ] [ SQL ] SELECT * FROM `tp_brand` WHERE  `id` = 3 LIMIT 1 [ RunTime:0.020001s ]
[ sql ] [ SQL ] SELECT * FROM `tp_brand` WHERE  `id` = 2 LIMIT 1 [ RunTime:0.001001s ]
---------------------------------------------------------------
[ 2018-10-17T21:36:47+08:00 ] 127.0.0.1 127.0.0.1 POST /shop/index.php/index/category/getcateinfo.html
[ info ] 127.0.0.1/shop/index.php/index/category/getcateinfo.html [运行时间：0.404023s][吞吐率：2.48req/s] [内存消耗：5,771.73kb] [文件加载：61]
[ info ] [ LANG ] F:\wamp\www\shop\thinkphp\lang\zh-cn.php
[ info ] [ ROUTE ] array (
  'type' => 'module',
  'module' => 
  array (
    0 => 'index',
    1 => 'category',
    2 => 'getcateinfo',
  ),
)
[ info ] [ HEADER ] array (
  'host' => '127.0.0.1',
  'connection' => 'keep-alive',
  'content-length' => '4',
  'accept' => 'application/json, text/javascript, */*; q=0.01',
  'origin' => 'http://127.0.0.1',
  'x-requested-with' => 'XMLHttpRequest',
  'user-agent' => 'Mozilla/5.0 (Windows NT 6.1; WOW64) AppleWebKit/537.36 (KHTML, like Gecko) Chrome/68.0.3440.106 Safari/537.36',
  'content-type' => 'application/x-www-form-urlencoded; charset=UTF-8',
  'referer' => 'http://127.0.0.1/shop/index.php/goods/13.html',
  'accept-encoding' => 'gzip, deflate, br',
  'accept-language' => 'zh-CN,zh;q=0.9',
  'cookie' => 'PHPSESSID=50n0mjetarb3jo732pgtkbgo70',
)
[ info ] [ PARAM ] array (
  'id' => '2',
)
[ info ] [ DB ] INIT mysql
[ info ] [ CACHE ] INIT File
[ info ] [ RUN ] app\index\controller\Category->getCateInfo[ F:\wamp\www\shop\application\index\controller\Category.php ]
[ info ] [ LOG ] INIT File
[ sql ] [ DB ] CONNECT:[ UseTime:0.026002s ] mysql:host=127.0.0.1;dbname=tpshop;charset=utf8
[ sql ] [ SQL ] SHOW COLUMNS FROM `tp_category` [ RunTime:0.021001s ]
[ sql ] [ SQL ] SELECT * FROM `tp_category` WHERE  `pid` = 0 ORDER BY sort ASC [ RunTime:0.001000s ]
[ sql ] [ SQL ] SELECT * FROM `tp_category` WHERE  `pid` = 7 [ RunTime:0.001000s ]
[ sql ] [ SQL ] SELECT * FROM `tp_category` WHERE  `pid` = 2 [ RunTime:0.001000s ]
[ sql ] [ SQL ] SELECT * FROM `tp_category` WHERE  `pid` = 33 [ RunTime:0.000000s ]
[ sql ] [ SQL ] SELECT * FROM `tp_category` WHERE  `pid` = 38 [ RunTime:0.001000s ]
[ sql ] [ SQL ] SELECT * FROM `tp_category` WHERE  `pid` = 2 [ RunTime:0.001000s ]
[ sql ] [ SQL ] SELECT * FROM `tp_category` WHERE  `pid` = 6 [ RunTime:0.001000s ]
[ sql ] [ SQL ] SELECT * FROM `tp_category` WHERE  `pid` = 5 [ RunTime:0.000000s ]
[ sql ] [ SQL ] SELECT * FROM `tp_category` WHERE  `pid` = 21 [ RunTime:0.001000s ]
[ sql ] [ SQL ] SHOW COLUMNS FROM `tp_category_words` [ RunTime:0.029002s ]
[ sql ] [ SQL ] SELECT * FROM `tp_category_words` WHERE  `category_id` = 2 [ RunTime:0.001000s ]
[ sql ] [ SQL ] SHOW COLUMNS FROM `tp_category_brands` [ RunTime:0.043002s ]
[ sql ] [ SQL ] SELECT * FROM `tp_category_brands` WHERE  `category_id` = 2 LIMIT 1 [ RunTime:0.001000s ]
[ sql ] [ SQL ] SHOW COLUMNS FROM `tp_brand` [ RunTime:0.194012s ]
[ sql ] [ SQL ] SELECT * FROM `tp_brand` WHERE  `id` = 3 LIMIT 1 [ RunTime:0.014000s ]
---------------------------------------------------------------
[ 2018-10-17T21:36:47+08:00 ] 127.0.0.1 127.0.0.1 POST /shop/index.php/index/category/getcateinfo.html
[ info ] 127.0.0.1/shop/index.php/index/category/getcateinfo.html [运行时间：0.324018s][吞吐率：3.09req/s] [内存消耗：5,653.09kb] [文件加载：60]
[ info ] [ LANG ] F:\wamp\www\shop\thinkphp\lang\zh-cn.php
[ info ] [ ROUTE ] array (
  'type' => 'module',
  'module' => 
  array (
    0 => 'index',
    1 => 'category',
    2 => 'getcateinfo',
  ),
)
[ info ] [ HEADER ] array (
  'host' => '127.0.0.1',
  'connection' => 'keep-alive',
  'content-length' => '5',
  'accept' => 'application/json, text/javascript, */*; q=0.01',
  'origin' => 'http://127.0.0.1',
  'x-requested-with' => 'XMLHttpRequest',
  'user-agent' => 'Mozilla/5.0 (Windows NT 6.1; WOW64) AppleWebKit/537.36 (KHTML, like Gecko) Chrome/68.0.3440.106 Safari/537.36',
  'content-type' => 'application/x-www-form-urlencoded; charset=UTF-8',
  'referer' => 'http://127.0.0.1/shop/index.php/goods/13.html',
  'accept-encoding' => 'gzip, deflate, br',
  'accept-language' => 'zh-CN,zh;q=0.9',
  'cookie' => 'PHPSESSID=50n0mjetarb3jo732pgtkbgo70',
)
[ info ] [ PARAM ] array (
  'id' => '38',
)
[ info ] [ DB ] INIT mysql
[ info ] [ CACHE ] INIT File
[ info ] [ RUN ] app\index\controller\Category->getCateInfo[ F:\wamp\www\shop\application\index\controller\Category.php ]
[ info ] [ LOG ] INIT File
[ sql ] [ DB ] CONNECT:[ UseTime:0.016001s ] mysql:host=127.0.0.1;dbname=tpshop;charset=utf8
[ sql ] [ SQL ] SHOW COLUMNS FROM `tp_category` [ RunTime:0.031002s ]
[ sql ] [ SQL ] SELECT * FROM `tp_category` WHERE  `pid` = 0 ORDER BY sort ASC [ RunTime:0.001000s ]
[ sql ] [ SQL ] SELECT * FROM `tp_category` WHERE  `pid` = 7 [ RunTime:0.000000s ]
[ sql ] [ SQL ] SELECT * FROM `tp_category` WHERE  `pid` = 2 [ RunTime:0.001000s ]
[ sql ] [ SQL ] SELECT * FROM `tp_category` WHERE  `pid` = 33 [ RunTime:0.001000s ]
[ sql ] [ SQL ] SELECT * FROM `tp_category` WHERE  `pid` = 38 [ RunTime:0.000000s ]
[ sql ] [ SQL ] SELECT * FROM `tp_category` WHERE  `pid` = 38 [ RunTime:0.001000s ]
[ sql ] [ SQL ] SHOW COLUMNS FROM `tp_category_words` [ RunTime:0.028002s ]
[ sql ] [ SQL ] SELECT * FROM `tp_category_words` WHERE  `category_id` = 38 [ RunTime:0.000000s ]
[ sql ] [ SQL ] SHOW COLUMNS FROM `tp_category_brands` [ RunTime:0.104006s ]
[ sql ] [ SQL ] SELECT * FROM `tp_category_brands` WHERE  `category_id` = 38 LIMIT 1 [ RunTime:0.001000s ]
[ sql ] [ SQL ] SHOW COLUMNS FROM `tp_brand` [ RunTime:0.072004s ]
[ sql ] [ SQL ] SELECT * FROM `tp_brand` WHERE  `id` = 0 LIMIT 1 [ RunTime:0.001000s ]
---------------------------------------------------------------
[ 2018-10-17T21:36:49+08:00 ] 127.0.0.1 127.0.0.1 GET /shop/index.php/category/38.html
[ info ] 127.0.0.1/shop/index.php/category/38.html [运行时间：0.668038s][吞吐率：1.50req/s] [内存消耗：6,215.78kb] [文件加载：62]
[ info ] [ LANG ] F:\wamp\www\shop\thinkphp\lang\zh-cn.php
[ info ] [ ROUTE ] array (
  'type' => 'module',
  'module' => 
  array (
    0 => 'index',
    1 => 'Category',
    2 => 'index',
  ),
  'convert' => false,
)
[ info ] [ HEADER ] array (
  'host' => '127.0.0.1',
  'connection' => 'keep-alive',
  'upgrade-insecure-requests' => '1',
  'user-agent' => 'Mozilla/5.0 (Windows NT 6.1; WOW64) AppleWebKit/537.36 (KHTML, like Gecko) Chrome/68.0.3440.106 Safari/537.36',
  'accept' => 'text/html,application/xhtml+xml,application/xml;q=0.9,image/webp,image/apng,*/*;q=0.8',
  'referer' => 'http://127.0.0.1/shop/index.php/goods/13.html',
  'accept-encoding' => 'gzip, deflate, br',
  'accept-language' => 'zh-CN,zh;q=0.9',
  'cookie' => 'PHPSESSID=50n0mjetarb3jo732pgtkbgo70',
)
[ info ] [ PARAM ] array (
  'id' => '38',
)
[ info ] [ DB ] INIT mysql
[ info ] [ CACHE ] INIT File
[ info ] [ RUN ] app\index\controller\Category->index[ F:\wamp\www\shop\application\index\controller\Category.php ]
[ info ] [ VIEW ] F:\wamp\www\shop/application/index\view\category\category.htm [ array (
  0 => 'helpCateRes',
  1 => 'shopInfoRes',
  2 => 'navRes',
  3 => 'configs',
  4 => 'cateRes',
  5 => 'attrRes',
  6 => 'priceSection',
  7 => 'brandRes',
) ]
[ info ] [ LOG ] INIT File
[ sql ] [ DB ] CONNECT:[ UseTime:0.001000s ] mysql:host=127.0.0.1;dbname=tpshop;charset=utf8
[ sql ] [ SQL ] SHOW COLUMNS FROM `tp_category` [ RunTime:0.020001s ]
[ sql ] [ SQL ] SELECT * FROM `tp_category` WHERE  `pid` = 0 ORDER BY sort ASC [ RunTime:0.000000s ]
[ sql ] [ SQL ] SELECT * FROM `tp_category` WHERE  `pid` = 7 [ RunTime:0.001000s ]
[ sql ] [ SQL ] SELECT * FROM `tp_category` WHERE  `pid` = 2 [ RunTime:0.000000s ]
[ sql ] [ SQL ] SELECT * FROM `tp_category` WHERE  `pid` = 33 [ RunTime:0.000000s ]
[ sql ] [ SQL ] SELECT * FROM `tp_category` WHERE  `pid` = 38 [ RunTime:0.000000s ]
[ sql ] [ SQL ] SELECT * FROM `tp_category` WHERE  `id` = 38 LIMIT 1 [ RunTime:0.001000s ]
[ sql ] [ SQL ] SHOW COLUMNS FROM `tp_attr` [ RunTime:0.049002s ]
[ sql ] [ SQL ] SELECT `id`,`attr_name` FROM `tp_attr` WHERE  `id` IN (1,3) [ RunTime:0.043003s ]
[ sql ] [ SQL ] SHOW COLUMNS FROM `tp_goods_attr` [ RunTime:0.074004s ]
[ sql ] [ SQL ] SELECT `attr_value`,`attr_id`,`goods_id` FROM `tp_goods_attr` WHERE  `attr_id` = 1 [ RunTime:0.000000s ]
[ sql ] [ SQL ] SHOW COLUMNS FROM `tp_goods` [ RunTime:0.025002s ]
[ sql ] [ SQL ] SELECT `category_id` FROM `tp_goods` WHERE  `id` = 1 LIMIT 1 [ RunTime:0.000000s ]
[ sql ] [ SQL ] SELECT `category_id` FROM `tp_goods` WHERE  `id` = 1 LIMIT 1 [ RunTime:0.000000s ]
[ sql ] [ SQL ] SELECT `category_id` FROM `tp_goods` WHERE  `id` = 2 LIMIT 1 [ RunTime:0.000000s ]
[ sql ] [ SQL ] SELECT `category_id` FROM `tp_goods` WHERE  `id` = 2 LIMIT 1 [ RunTime:0.000000s ]
[ sql ] [ SQL ] SELECT `category_id` FROM `tp_goods` WHERE  `id` = 11 LIMIT 1 [ RunTime:0.000000s ]
[ sql ] [ SQL ] SELECT `category_id` FROM `tp_goods` WHERE  `id` = 13 LIMIT 1 [ RunTime:0.000000s ]
[ sql ] [ SQL ] SELECT `category_id` FROM `tp_goods` WHERE  `id` = 13 LIMIT 1 [ RunTime:0.001000s ]
[ sql ] [ SQL ] SELECT `category_id` FROM `tp_goods` WHERE  `id` = 6 LIMIT 1 [ RunTime:0.001000s ]
[ sql ] [ SQL ] SELECT `category_id` FROM `tp_goods` WHERE  `id` = 8 LIMIT 1 [ RunTime:0.001000s ]
[ sql ] [ SQL ] SELECT `category_id` FROM `tp_goods` WHERE  `id` = 7 LIMIT 1 [ RunTime:0.000000s ]
[ sql ] [ SQL ] SELECT `category_id` FROM `tp_goods` WHERE  `id` = 7 LIMIT 1 [ RunTime:0.001000s ]
[ sql ] [ SQL ] SELECT `category_id` FROM `tp_goods` WHERE  `id` = 8 LIMIT 1 [ RunTime:0.001000s ]
[ sql ] [ SQL ] SELECT `category_id` FROM `tp_goods` WHERE  `id` = 8 LIMIT 1 [ RunTime:0.001000s ]
[ sql ] [ SQL ] SELECT `category_id` FROM `tp_goods` WHERE  `id` = 9 LIMIT 1 [ RunTime:0.001000s ]
[ sql ] [ SQL ] SELECT `category_id` FROM `tp_goods` WHERE  `id` = 9 LIMIT 1 [ RunTime:0.001000s ]
[ sql ] [ SQL ] SELECT `category_id` FROM `tp_goods` WHERE  `id` = 15 LIMIT 1 [ RunTime:0.000000s ]
[ sql ] [ SQL ] SELECT `category_id` FROM `tp_goods` WHERE  `id` = 20 LIMIT 1 [ RunTime:0.001000s ]
[ sql ] [ SQL ] SELECT `category_id` FROM `tp_goods` WHERE  `id` = 19 LIMIT 1 [ RunTime:0.001000s ]
[ sql ] [ SQL ] SELECT `category_id` FROM `tp_goods` WHERE  `id` = 20 LIMIT 1 [ RunTime:0.000000s ]
[ sql ] [ SQL ] SELECT `category_id` FROM `tp_goods` WHERE  `id` = 19 LIMIT 1 [ RunTime:0.000000s ]
[ sql ] [ SQL ] SELECT `attr_value`,`attr_id`,`goods_id` FROM `tp_goods_attr` WHERE  `attr_id` = 3 [ RunTime:0.000000s ]
[ sql ] [ SQL ] SELECT `category_id` FROM `tp_goods` WHERE  `id` = 1 LIMIT 1 [ RunTime:0.000000s ]
[ sql ] [ SQL ] SELECT `category_id` FROM `tp_goods` WHERE  `id` = 1 LIMIT 1 [ RunTime:0.000000s ]
[ sql ] [ SQL ] SELECT `category_id` FROM `tp_goods` WHERE  `id` = 2 LIMIT 1 [ RunTime:0.000000s ]
[ sql ] [ SQL ] SELECT `category_id` FROM `tp_goods` WHERE  `id` = 2 LIMIT 1 [ RunTime:0.000000s ]
[ sql ] [ SQL ] SELECT `category_id` FROM `tp_goods` WHERE  `id` = 13 LIMIT 1 [ RunTime:0.001000s ]
[ sql ] [ SQL ] SELECT `category_id` FROM `tp_goods` WHERE  `id` = 6 LIMIT 1 [ RunTime:0.000000s ]
[ sql ] [ SQL ] SELECT `category_id` FROM `tp_goods` WHERE  `id` = 13 LIMIT 1 [ RunTime:0.000000s ]
[ sql ] [ SQL ] SELECT `category_id` FROM `tp_goods` WHERE  `id` = 6 LIMIT 1 [ RunTime:0.000000s ]
[ sql ] [ SQL ] SELECT `category_id` FROM `tp_goods` WHERE  `id` = 7 LIMIT 1 [ RunTime:0.000000s ]
[ sql ] [ SQL ] SELECT `category_id` FROM `tp_goods` WHERE  `id` = 7 LIMIT 1 [ RunTime:0.000000s ]
[ sql ] [ SQL ] SELECT `category_id` FROM `tp_goods` WHERE  `id` = 7 LIMIT 1 [ RunTime:0.000000s ]
[ sql ] [ SQL ] SELECT `category_id` FROM `tp_goods` WHERE  `id` = 8 LIMIT 1 [ RunTime:0.000000s ]
[ sql ] [ SQL ] SELECT `category_id` FROM `tp_goods` WHERE  `id` = 8 LIMIT 1 [ RunTime:0.000000s ]
[ sql ] [ SQL ] SELECT `category_id` FROM `tp_goods` WHERE  `id` = 9 LIMIT 1 [ RunTime:0.000000s ]
[ sql ] [ SQL ] SELECT `category_id` FROM `tp_goods` WHERE  `id` = 9 LIMIT 1 [ RunTime:0.000000s ]
[ sql ] [ SQL ] SELECT `category_id` FROM `tp_goods` WHERE  `id` = 11 LIMIT 1 [ RunTime:0.000000s ]
[ sql ] [ SQL ] SELECT `category_id` FROM `tp_goods` WHERE  `id` = 11 LIMIT 1 [ RunTime:0.000000s ]
[ sql ] [ SQL ] SELECT `category_id` FROM `tp_goods` WHERE  `id` = 15 LIMIT 1 [ RunTime:0.000000s ]
[ sql ] [ SQL ] SELECT `category_id` FROM `tp_goods` WHERE  `id` = 19 LIMIT 1 [ RunTime:0.000000s ]
[ sql ] [ SQL ] SELECT `category_id` FROM `tp_goods` WHERE  `id` = 19 LIMIT 1 [ RunTime:0.000000s ]
[ sql ] [ SQL ] SELECT `category_id` FROM `tp_goods` WHERE  `id` = 20 LIMIT 1 [ RunTime:0.000000s ]
[ sql ] [ SQL ] SELECT `category_id` FROM `tp_goods` WHERE  `id` = 20 LIMIT 1 [ RunTime:0.000000s ]
[ sql ] [ SQL ] SELECT `brand_id` FROM `tp_goods` WHERE  `category_id` = 38 [ RunTime:0.001000s ]
[ sql ] [ SQL ] SHOW COLUMNS FROM `tp_brand` [ RunTime:0.021001s ]
[ sql ] [ SQL ] SELECT `id`,`brand_name` FROM `tp_brand` WHERE  `id` = 2 LIMIT 1 [ RunTime:0.000000s ]
[ sql ] [ SQL ] SELECT `id`,`brand_name` FROM `tp_brand` WHERE  `id` = 13 LIMIT 1 [ RunTime:0.000000s ]
[ sql ] [ SQL ] SELECT `id`,`brand_name` FROM `tp_brand` WHERE  `id` = 14 LIMIT 1 [ RunTime:0.000000s ]
[ sql ] [ SQL ] SELECT MIN(shop_price) min_price,MAX(shop_price) max_price FROM `tp_goods` WHERE  `category_id` = 38 LIMIT 1 [ RunTime:0.053003s ]
[ sql ] [ SQL ] SELECT COUNT(*) AS tp_count FROM `tp_goods` WHERE  `shop_price` BETWEEN 40 AND 59  AND `category_id` = 38  AND `on_sale` = 1 LIMIT 1 [ RunTime:0.026002s ]
[ sql ] [ SQL ] SELECT COUNT(*) AS tp_count FROM `tp_goods` WHERE  `shop_price` BETWEEN 60 AND 69  AND `category_id` = 38  AND `on_sale` = 1 LIMIT 1 [ RunTime:0.001000s ]
[ sql ] [ SQL ] SELECT COUNT(*) AS tp_count FROM `tp_goods` WHERE  `shop_price` BETWEEN 70 AND 89  AND `category_id` = 38  AND `on_sale` = 1 LIMIT 1 [ RunTime:0.002000s ]
[ sql ] [ SQL ] SELECT COUNT(*) AS tp_count FROM `tp_goods` WHERE  `shop_price` BETWEEN 90 AND 99  AND `category_id` = 38  AND `on_sale` = 1 LIMIT 1 [ RunTime:0.002000s ]
[ sql ] [ SQL ] SELECT COUNT(*) AS tp_count FROM `tp_goods` WHERE  `shop_price` BETWEEN 100 AND 107  AND `category_id` = 38  AND `on_sale` = 1 LIMIT 1 [ RunTime:0.001000s ]
---------------------------------------------------------------
[ 2018-10-17T21:36:49+08:00 ] 127.0.0.1 127.0.0.1 GET /shop/index.php/category/js/perfect-scrollbar/perfect-scrollbar.min.css
[ info ] 127.0.0.1/shop/index.php/category/js/perfect-scrollbar/perfect-scrollbar.min.css [运行时间：0.030001s][吞吐率：33.33req/s] [内存消耗：2,574.88kb] [文件加载：40]
[ info ] [ LANG ] F:\wamp\www\shop\thinkphp\lang\zh-cn.php
[ info ] [ ROUTE ] array (
  'type' => 'module',
  'module' => 
  array (
    0 => 'category',
    1 => 'js',
    2 => 'perfect-scrollbar',
  ),
)
[ info ] [ HEADER ] array (
  'host' => '127.0.0.1',
  'connection' => 'keep-alive',
  'user-agent' => 'Mozilla/5.0 (Windows NT 6.1; WOW64) AppleWebKit/537.36 (KHTML, like Gecko) Chrome/68.0.3440.106 Safari/537.36',
  'accept' => 'text/css,*/*;q=0.1',
  'referer' => 'http://127.0.0.1/shop/index.php/category/38.html',
  'accept-encoding' => 'gzip, deflate, br',
  'accept-language' => 'zh-CN,zh;q=0.9',
  'cookie' => 'PHPSESSID=50n0mjetarb3jo732pgtkbgo70',
)
[ info ] [ PARAM ] array (
)
[ info ] [ LOG ] INIT File
---------------------------------------------------------------
[ 2018-10-17T21:36:50+08:00 ] 127.0.0.1 127.0.0.1 GET /shop/public/static/index/js/perfect-scrollbar/perfect-scrollbar.min.js
[ info ] 127.0.0.1/shop/public/static/index/js/perfect-scrollbar/perfect-scrollbar.min.js [运行时间：0.044003s][吞吐率：22.73req/s] [内存消耗：2,576.10kb] [文件加载：40]
[ info ] [ LANG ] F:\wamp\www\shop\thinkphp\lang\zh-cn.php
[ info ] [ ROUTE ] array (
  'type' => 'module',
  'module' => 
  array (
    0 => 'static',
    1 => 'index',
    2 => 'js',
  ),
)
[ info ] [ HEADER ] array (
  'host' => '127.0.0.1',
  'connection' => 'keep-alive',
  'user-agent' => 'Mozilla/5.0 (Windows NT 6.1; WOW64) AppleWebKit/537.36 (KHTML, like Gecko) Chrome/68.0.3440.106 Safari/537.36',
  'accept' => '*/*',
  'referer' => 'http://127.0.0.1/shop/index.php/category/38.html',
  'accept-encoding' => 'gzip, deflate, br',
  'accept-language' => 'zh-CN,zh;q=0.9',
  'cookie' => 'PHPSESSID=50n0mjetarb3jo732pgtkbgo70',
)
[ info ] [ PARAM ] array (
  'scrollbar' => 'perfect-scrollbar.min.js',
)
[ info ] [ LOG ] INIT File
---------------------------------------------------------------
[ 2018-10-17T21:36:50+08:00 ] 127.0.0.1 127.0.0.1 POST /shop/index.php/index/flow/cartgoodsnum.html
[ info ] 127.0.0.1/shop/index.php/index/flow/cartgoodsnum.html [运行时间：0.109006s][吞吐率：9.17req/s] [内存消耗：5,668.88kb] [文件加载：60]
[ info ] [ LANG ] F:\wamp\www\shop\thinkphp\lang\zh-cn.php
[ info ] [ ROUTE ] array (
  'type' => 'module',
  'module' => 
  array (
    0 => 'index',
    1 => 'flow',
    2 => 'cartgoodsnum',
  ),
)
[ info ] [ HEADER ] array (
  'host' => '127.0.0.1',
  'connection' => 'keep-alive',
  'content-length' => '0',
  'accept' => 'application/json, text/javascript, */*; q=0.01',
  'origin' => 'http://127.0.0.1',
  'x-requested-with' => 'XMLHttpRequest',
  'user-agent' => 'Mozilla/5.0 (Windows NT 6.1; WOW64) AppleWebKit/537.36 (KHTML, like Gecko) Chrome/68.0.3440.106 Safari/537.36',
  'referer' => 'http://127.0.0.1/shop/index.php/category/38.html',
  'accept-encoding' => 'gzip, deflate, br',
  'accept-language' => 'zh-CN,zh;q=0.9',
  'cookie' => 'PHPSESSID=50n0mjetarb3jo732pgtkbgo70',
)
[ info ] [ PARAM ] array (
)
[ info ] [ DB ] INIT mysql
[ info ] [ CACHE ] INIT File
[ info ] [ RUN ] app\index\controller\Flow->cartGoodsNum[ F:\wamp\www\shop\application\index\controller\Flow.php ]
[ info ] [ LOG ] INIT File
[ sql ] [ DB ] CONNECT:[ UseTime:0.036002s ] mysql:host=127.0.0.1;dbname=tpshop;charset=utf8
[ sql ] [ SQL ] SHOW COLUMNS FROM `tp_category` [ RunTime:0.010000s ]
[ sql ] [ SQL ] SELECT * FROM `tp_category` WHERE  `pid` = 0 ORDER BY sort ASC [ RunTime:0.001000s ]
[ sql ] [ SQL ] SELECT * FROM `tp_category` WHERE  `pid` = 7 [ RunTime:0.001000s ]
[ sql ] [ SQL ] SELECT * FROM `tp_category` WHERE  `pid` = 2 [ RunTime:0.001000s ]
[ sql ] [ SQL ] SELECT * FROM `tp_category` WHERE  `pid` = 33 [ RunTime:0.000000s ]
[ sql ] [ SQL ] SELECT * FROM `tp_category` WHERE  `pid` = 38 [ RunTime:0.000000s ]
---------------------------------------------------------------
[ 2018-10-17T21:36:51+08:00 ] 127.0.0.1 127.0.0.1 GET /shop/index.php/member/account/checklogin.html
[ info ] 127.0.0.1/shop/index.php/member/account/checklogin.html [运行时间：0.173010s][吞吐率：5.78req/s] [内存消耗：5,792.66kb] [文件加载：62]
[ info ] [ LANG ] F:\wamp\www\shop\thinkphp\lang\zh-cn.php
[ info ] [ ROUTE ] array (
  'type' => 'module',
  'module' => 
  array (
    0 => 'member',
    1 => 'account',
    2 => 'checklogin',
  ),
)
[ info ] [ HEADER ] array (
  'host' => '127.0.0.1',
  'connection' => 'keep-alive',
  'accept' => 'application/json, text/javascript, */*; q=0.01',
  'x-requested-with' => 'XMLHttpRequest',
  'user-agent' => 'Mozilla/5.0 (Windows NT 6.1; WOW64) AppleWebKit/537.36 (KHTML, like Gecko) Chrome/68.0.3440.106 Safari/537.36',
  'referer' => 'http://127.0.0.1/shop/index.php/category/38.html',
  'accept-encoding' => 'gzip, deflate, br',
  'accept-language' => 'zh-CN,zh;q=0.9',
  'cookie' => 'PHPSESSID=50n0mjetarb3jo732pgtkbgo70',
)
[ info ] [ PARAM ] array (
)
[ info ] [ DB ] INIT mysql
[ info ] [ CACHE ] INIT File
[ info ] [ RUN ] app\member\controller\Account->checkLogin[ F:\wamp\www\shop\application\member\controller\Account.php ]
[ info ] [ SESSION ] INIT array (
  'id' => '',
  'var_session_id' => '',
  'prefix' => 'think',
  'type' => '',
  'auto_start' => true,
)
[ info ] [ LOG ] INIT File
[ sql ] [ DB ] CONNECT:[ UseTime:0.042002s ] mysql:host=127.0.0.1;dbname=tpshop;charset=utf8
[ sql ] [ SQL ] SHOW COLUMNS FROM `tp_category` [ RunTime:0.055003s ]
[ sql ] [ SQL ] SELECT * FROM `tp_category` WHERE  `pid` = 0 ORDER BY sort ASC [ RunTime:0.000000s ]
[ sql ] [ SQL ] SELECT * FROM `tp_category` WHERE  `pid` = 7 [ RunTime:0.002000s ]
[ sql ] [ SQL ] SELECT * FROM `tp_category` WHERE  `pid` = 2 [ RunTime:0.001000s ]
[ sql ] [ SQL ] SELECT * FROM `tp_category` WHERE  `pid` = 33 [ RunTime:0.001000s ]
[ sql ] [ SQL ] SELECT * FROM `tp_category` WHERE  `pid` = 38 [ RunTime:0.002000s ]
---------------------------------------------------------------
[ 2018-10-17T21:36:51+08:00 ] 127.0.0.1 127.0.0.1 GET /shop/public/static/index/img/dian-ico2.png
[ info ] 127.0.0.1/shop/public/static/index/img/dian-ico2.png [运行时间：0.029002s][吞吐率：34.48req/s] [内存消耗：2,574.96kb] [文件加载：40]
[ info ] [ LANG ] F:\wamp\www\shop\thinkphp\lang\zh-cn.php
[ info ] [ ROUTE ] array (
  'type' => 'module',
  'module' => 
  array (
    0 => 'static',
    1 => 'index',
    2 => 'img',
  ),
)
[ info ] [ HEADER ] array (
  'host' => '127.0.0.1',
  'connection' => 'keep-alive',
  'user-agent' => 'Mozilla/5.0 (Windows NT 6.1; WOW64) AppleWebKit/537.36 (KHTML, like Gecko) Chrome/68.0.3440.106 Safari/537.36',
  'accept' => 'image/webp,image/apng,image/*,*/*;q=0.8',
  'referer' => 'http://127.0.0.1/shop/public/static/index/css/style.css',
  'accept-encoding' => 'gzip, deflate, br',
  'accept-language' => 'zh-CN,zh;q=0.9',
  'cookie' => 'PHPSESSID=50n0mjetarb3jo732pgtkbgo70',
)
[ info ] [ PARAM ] array (
)
[ info ] [ LOG ] INIT File
---------------------------------------------------------------
[ 2018-10-17T21:36:51+08:00 ] 127.0.0.1 127.0.0.1 GET /shop/public/static/index/img/check/checkbox_12x12.png
[ info ] 127.0.0.1/shop/public/static/index/img/check/checkbox_12x12.png [运行时间：0.031002s][吞吐率：32.26req/s] [内存消耗：2,575.80kb] [文件加载：40]
[ info ] [ LANG ] F:\wamp\www\shop\thinkphp\lang\zh-cn.php
[ info ] [ ROUTE ] array (
  'type' => 'module',
  'module' => 
  array (
    0 => 'static',
    1 => 'index',
    2 => 'img',
  ),
)
[ info ] [ HEADER ] array (
  'host' => '127.0.0.1',
  'connection' => 'keep-alive',
  'user-agent' => 'Mozilla/5.0 (Windows NT 6.1; WOW64) AppleWebKit/537.36 (KHTML, like Gecko) Chrome/68.0.3440.106 Safari/537.36',
  'accept' => 'image/webp,image/apng,image/*,*/*;q=0.8',
  'referer' => 'http://127.0.0.1/shop/public/static/index/css/style.css',
  'accept-encoding' => 'gzip, deflate, br',
  'accept-language' => 'zh-CN,zh;q=0.9',
  'cookie' => 'PHPSESSID=50n0mjetarb3jo732pgtkbgo70',
)
[ info ] [ PARAM ] array (
  'check' => 'checkbox_12x12.png',
)
[ info ] [ LOG ] INIT File
---------------------------------------------------------------
[ 2018-10-17T21:36:51+08:00 ] 127.0.0.1 127.0.0.1 GET /shop/index.php/category/favicon.ico
[ info ] 127.0.0.1/shop/index.php/category/favicon.ico [运行时间：0.022001s][吞吐率：45.45req/s] [内存消耗：2,574.34kb] [文件加载：40]
[ info ] [ LANG ] F:\wamp\www\shop\thinkphp\lang\zh-cn.php
[ info ] [ ROUTE ] array (
  'type' => 'module',
  'module' => 
  array (
    0 => 'category',
    1 => 'favicon.ico',
    2 => NULL,
  ),
)
[ info ] [ HEADER ] array (
  'host' => '127.0.0.1',
  'connection' => 'keep-alive',
  'user-agent' => 'Mozilla/5.0 (Windows NT 6.1; WOW64) AppleWebKit/537.36 (KHTML, like Gecko) Chrome/68.0.3440.106 Safari/537.36',
  'accept' => 'image/webp,image/apng,image/*,*/*;q=0.8',
  'referer' => 'http://127.0.0.1/shop/index.php/category/38.html',
  'accept-encoding' => 'gzip, deflate, br',
  'accept-language' => 'zh-CN,zh;q=0.9',
  'cookie' => 'PHPSESSID=50n0mjetarb3jo732pgtkbgo70',
)
[ info ] [ PARAM ] array (
)
[ info ] [ LOG ] INIT File
---------------------------------------------------------------
[ 2018-10-17T21:42:48+08:00 ] 127.0.0.1 127.0.0.1 POST /shop/index.php/index/category/getcateinfo.html
[ info ] 127.0.0.1/shop/index.php/index/category/getcateinfo.html [运行时间：1.698097s][吞吐率：0.59req/s] [内存消耗：5,771.56kb] [文件加载：61]
[ info ] [ LANG ] F:\wamp\www\shop\thinkphp\lang\zh-cn.php
[ info ] [ ROUTE ] array (
  'type' => 'module',
  'module' => 
  array (
    0 => 'index',
    1 => 'category',
    2 => 'getcateinfo',
  ),
)
[ info ] [ HEADER ] array (
  'host' => '127.0.0.1',
  'connection' => 'keep-alive',
  'content-length' => '4',
  'accept' => 'application/json, text/javascript, */*; q=0.01',
  'origin' => 'http://127.0.0.1',
  'x-requested-with' => 'XMLHttpRequest',
  'user-agent' => 'Mozilla/5.0 (Windows NT 6.1; WOW64) AppleWebKit/537.36 (KHTML, like Gecko) Chrome/68.0.3440.106 Safari/537.36',
  'content-type' => 'application/x-www-form-urlencoded; charset=UTF-8',
  'referer' => 'http://127.0.0.1/shop/index.php/category/38.html',
  'accept-encoding' => 'gzip, deflate, br',
  'accept-language' => 'zh-CN,zh;q=0.9',
  'cookie' => 'PHPSESSID=50n0mjetarb3jo732pgtkbgo70',
)
[ info ] [ PARAM ] array (
  'id' => '2',
)
[ info ] [ DB ] INIT mysql
[ info ] [ CACHE ] INIT File
[ info ] [ RUN ] app\index\controller\Category->getCateInfo[ F:\wamp\www\shop\application\index\controller\Category.php ]
[ info ] [ LOG ] INIT File
[ sql ] [ DB ] CONNECT:[ UseTime:0.068004s ] mysql:host=127.0.0.1;dbname=tpshop;charset=utf8
[ sql ] [ SQL ] SHOW COLUMNS FROM `tp_category` [ RunTime:0.043003s ]
[ sql ] [ SQL ] SELECT * FROM `tp_category` WHERE  `pid` = 0 ORDER BY sort ASC [ RunTime:0.001000s ]
[ sql ] [ SQL ] SELECT * FROM `tp_category` WHERE  `pid` = 7 [ RunTime:0.001000s ]
[ sql ] [ SQL ] SELECT * FROM `tp_category` WHERE  `pid` = 2 [ RunTime:0.001000s ]
[ sql ] [ SQL ] SELECT * FROM `tp_category` WHERE  `pid` = 33 [ RunTime:0.001000s ]
[ sql ] [ SQL ] SELECT * FROM `tp_category` WHERE  `pid` = 38 [ RunTime:0.001001s ]
[ sql ] [ SQL ] SELECT * FROM `tp_category` WHERE  `pid` = 2 [ RunTime:0.000000s ]
[ sql ] [ SQL ] SELECT * FROM `tp_category` WHERE  `pid` = 6 [ RunTime:0.001000s ]
[ sql ] [ SQL ] SELECT * FROM `tp_category` WHERE  `pid` = 5 [ RunTime:0.001000s ]
[ sql ] [ SQL ] SELECT * FROM `tp_category` WHERE  `pid` = 21 [ RunTime:0.023001s ]
[ sql ] [ SQL ] SHOW COLUMNS FROM `tp_category_words` [ RunTime:0.019002s ]
[ sql ] [ SQL ] SELECT * FROM `tp_category_words` WHERE  `category_id` = 2 [ RunTime:0.001000s ]
[ sql ] [ SQL ] SHOW COLUMNS FROM `tp_category_brands` [ RunTime:0.018001s ]
[ sql ] [ SQL ] SELECT * FROM `tp_category_brands` WHERE  `category_id` = 2 LIMIT 1 [ RunTime:0.000000s ]
[ sql ] [ SQL ] SHOW COLUMNS FROM `tp_brand` [ RunTime:0.017001s ]
[ sql ] [ SQL ] SELECT * FROM `tp_brand` WHERE  `id` = 3 LIMIT 1 [ RunTime:0.001000s ]
---------------------------------------------------------------
[ 2018-10-17T21:42:48+08:00 ] 127.0.0.1 127.0.0.1 POST /shop/index.php/index/category/getcateinfo.html
[ info ] 127.0.0.1/shop/index.php/index/category/getcateinfo.html [运行时间：1.697097s][吞吐率：0.59req/s] [内存消耗：5,771.89kb] [文件加载：61]
[ info ] [ LANG ] F:\wamp\www\shop\thinkphp\lang\zh-cn.php
[ info ] [ ROUTE ] array (
  'type' => 'module',
  'module' => 
  array (
    0 => 'index',
    1 => 'category',
    2 => 'getcateinfo',
  ),
)
[ info ] [ HEADER ] array (
  'host' => '127.0.0.1',
  'connection' => 'keep-alive',
  'content-length' => '4',
  'accept' => 'application/json, text/javascript, */*; q=0.01',
  'origin' => 'http://127.0.0.1',
  'x-requested-with' => 'XMLHttpRequest',
  'user-agent' => 'Mozilla/5.0 (Windows NT 6.1; WOW64) AppleWebKit/537.36 (KHTML, like Gecko) Chrome/68.0.3440.106 Safari/537.36',
  'content-type' => 'application/x-www-form-urlencoded; charset=UTF-8',
  'referer' => 'http://127.0.0.1/shop/index.php/category/38.html',
  'accept-encoding' => 'gzip, deflate, br',
  'accept-language' => 'zh-CN,zh;q=0.9',
  'cookie' => 'PHPSESSID=50n0mjetarb3jo732pgtkbgo70',
)
[ info ] [ PARAM ] array (
  'id' => '7',
)
[ info ] [ DB ] INIT mysql
[ info ] [ CACHE ] INIT File
[ info ] [ RUN ] app\index\controller\Category->getCateInfo[ F:\wamp\www\shop\application\index\controller\Category.php ]
[ info ] [ LOG ] INIT File
[ sql ] [ DB ] CONNECT:[ UseTime:0.079005s ] mysql:host=127.0.0.1;dbname=tpshop;charset=utf8
[ sql ] [ SQL ] SHOW COLUMNS FROM `tp_category` [ RunTime:0.037003s ]
[ sql ] [ SQL ] SELECT * FROM `tp_category` WHERE  `pid` = 0 ORDER BY sort ASC [ RunTime:0.007000s ]
[ sql ] [ SQL ] SELECT * FROM `tp_category` WHERE  `pid` = 7 [ RunTime:0.001000s ]
[ sql ] [ SQL ] SELECT * FROM `tp_category` WHERE  `pid` = 2 [ RunTime:0.001000s ]
[ sql ] [ SQL ] SELECT * FROM `tp_category` WHERE  `pid` = 33 [ RunTime:0.001000s ]
[ sql ] [ SQL ] SELECT * FROM `tp_category` WHERE  `pid` = 38 [ RunTime:0.001001s ]
[ sql ] [ SQL ] SELECT * FROM `tp_category` WHERE  `pid` = 7 [ RunTime:0.001000s ]
[ sql ] [ SQL ] SELECT * FROM `tp_category` WHERE  `pid` = 8 [ RunTime:0.002000s ]
[ sql ] [ SQL ] SELECT * FROM `tp_category` WHERE  `pid` = 9 [ RunTime:0.001000s ]
[ sql ] [ SQL ] SELECT * FROM `tp_category` WHERE  `pid` = 10 [ RunTime:0.001000s ]
[ sql ] [ SQL ] SHOW COLUMNS FROM `tp_category_words` [ RunTime:0.025002s ]
[ sql ] [ SQL ] SELECT * FROM `tp_category_words` WHERE  `category_id` = 7 [ RunTime:0.000000s ]
[ sql ] [ SQL ] SHOW COLUMNS FROM `tp_category_brands` [ RunTime:0.020001s ]
[ sql ] [ SQL ] SELECT * FROM `tp_category_brands` WHERE  `category_id` = 7 LIMIT 1 [ RunTime:0.001000s ]
[ sql ] [ SQL ] SHOW COLUMNS FROM `tp_brand` [ RunTime:0.030002s ]
[ sql ] [ SQL ] SELECT * FROM `tp_brand` WHERE  `id` = 3 LIMIT 1 [ RunTime:0.001000s ]
[ sql ] [ SQL ] SELECT * FROM `tp_brand` WHERE  `id` = 2 LIMIT 1 [ RunTime:0.000000s ]
---------------------------------------------------------------
[ 2018-10-17T21:42:49+08:00 ] 127.0.0.1 127.0.0.1 POST /shop/index.php/index/category/getcateinfo.html
[ info ] 127.0.0.1/shop/index.php/index/category/getcateinfo.html [运行时间：0.277015s][吞吐率：3.61req/s] [内存消耗：5,769.91kb] [文件加载：61]
[ info ] [ LANG ] F:\wamp\www\shop\thinkphp\lang\zh-cn.php
[ info ] [ ROUTE ] array (
  'type' => 'module',
  'module' => 
  array (
    0 => 'index',
    1 => 'category',
    2 => 'getcateinfo',
  ),
)
[ info ] [ HEADER ] array (
  'host' => '127.0.0.1',
  'connection' => 'keep-alive',
  'content-length' => '5',
  'accept' => 'application/json, text/javascript, */*; q=0.01',
  'origin' => 'http://127.0.0.1',
  'x-requested-with' => 'XMLHttpRequest',
  'user-agent' => 'Mozilla/5.0 (Windows NT 6.1; WOW64) AppleWebKit/537.36 (KHTML, like Gecko) Chrome/68.0.3440.106 Safari/537.36',
  'content-type' => 'application/x-www-form-urlencoded; charset=UTF-8',
  'referer' => 'http://127.0.0.1/shop/index.php/category/38.html',
  'accept-encoding' => 'gzip, deflate, br',
  'accept-language' => 'zh-CN,zh;q=0.9',
  'cookie' => 'PHPSESSID=50n0mjetarb3jo732pgtkbgo70',
)
[ info ] [ PARAM ] array (
  'id' => '33',
)
[ info ] [ DB ] INIT mysql
[ info ] [ CACHE ] INIT File
[ info ] [ RUN ] app\index\controller\Category->getCateInfo[ F:\wamp\www\shop\application\index\controller\Category.php ]
[ info ] [ LOG ] INIT File
[ sql ] [ DB ] CONNECT:[ UseTime:0.026002s ] mysql:host=127.0.0.1;dbname=tpshop;charset=utf8
[ sql ] [ SQL ] SHOW COLUMNS FROM `tp_category` [ RunTime:0.033002s ]
[ sql ] [ SQL ] SELECT * FROM `tp_category` WHERE  `pid` = 0 ORDER BY sort ASC [ RunTime:0.002000s ]
[ sql ] [ SQL ] SELECT * FROM `tp_category` WHERE  `pid` = 7 [ RunTime:0.001000s ]
[ sql ] [ SQL ] SELECT * FROM `tp_category` WHERE  `pid` = 2 [ RunTime:0.001000s ]
[ sql ] [ SQL ] SELECT * FROM `tp_category` WHERE  `pid` = 33 [ RunTime:0.000000s ]
[ sql ] [ SQL ] SELECT * FROM `tp_category` WHERE  `pid` = 38 [ RunTime:0.001000s ]
[ sql ] [ SQL ] SELECT * FROM `tp_category` WHERE  `pid` = 33 [ RunTime:0.001000s ]
[ sql ] [ SQL ] SELECT * FROM `tp_category` WHERE  `pid` = 34 [ RunTime:0.001000s ]
[ sql ] [ SQL ] SHOW COLUMNS FROM `tp_category_words` [ RunTime:0.034002s ]
[ sql ] [ SQL ] SELECT * FROM `tp_category_words` WHERE  `category_id` = 33 [ RunTime:0.001000s ]
[ sql ] [ SQL ] SHOW COLUMNS FROM `tp_category_brands` [ RunTime:0.051003s ]
[ sql ] [ SQL ] SELECT * FROM `tp_category_brands` WHERE  `category_id` = 33 LIMIT 1 [ RunTime:0.003000s ]
[ sql ] [ SQL ] SHOW COLUMNS FROM `tp_brand` [ RunTime:0.027002s ]
[ sql ] [ SQL ] SELECT * FROM `tp_brand` WHERE  `id` = 0 LIMIT 1 [ RunTime:0.001000s ]
---------------------------------------------------------------
[ 2018-10-17T21:42:49+08:00 ] 127.0.0.1 127.0.0.1 POST /shop/index.php/index/category/getcateinfo.html
[ info ] 127.0.0.1/shop/index.php/index/category/getcateinfo.html [运行时间：0.208012s][吞吐率：4.81req/s] [内存消耗：5,652.89kb] [文件加载：60]
[ info ] [ LANG ] F:\wamp\www\shop\thinkphp\lang\zh-cn.php
[ info ] [ ROUTE ] array (
  'type' => 'module',
  'module' => 
  array (
    0 => 'index',
    1 => 'category',
    2 => 'getcateinfo',
  ),
)
[ info ] [ HEADER ] array (
  'host' => '127.0.0.1',
  'connection' => 'keep-alive',
  'content-length' => '5',
  'accept' => 'application/json, text/javascript, */*; q=0.01',
  'origin' => 'http://127.0.0.1',
  'x-requested-with' => 'XMLHttpRequest',
  'user-agent' => 'Mozilla/5.0 (Windows NT 6.1; WOW64) AppleWebKit/537.36 (KHTML, like Gecko) Chrome/68.0.3440.106 Safari/537.36',
  'content-type' => 'application/x-www-form-urlencoded; charset=UTF-8',
  'referer' => 'http://127.0.0.1/shop/index.php/category/38.html',
  'accept-encoding' => 'gzip, deflate, br',
  'accept-language' => 'zh-CN,zh;q=0.9',
  'cookie' => 'PHPSESSID=50n0mjetarb3jo732pgtkbgo70',
)
[ info ] [ PARAM ] array (
  'id' => '38',
)
[ info ] [ DB ] INIT mysql
[ info ] [ CACHE ] INIT File
[ info ] [ RUN ] app\index\controller\Category->getCateInfo[ F:\wamp\www\shop\application\index\controller\Category.php ]
[ info ] [ LOG ] INIT File
[ sql ] [ DB ] CONNECT:[ UseTime:0.001000s ] mysql:host=127.0.0.1;dbname=tpshop;charset=utf8
[ sql ] [ SQL ] SHOW COLUMNS FROM `tp_category` [ RunTime:0.033002s ]
[ sql ] [ SQL ] SELECT * FROM `tp_category` WHERE  `pid` = 0 ORDER BY sort ASC [ RunTime:0.001000s ]
[ sql ] [ SQL ] SELECT * FROM `tp_category` WHERE  `pid` = 7 [ RunTime:0.001000s ]
[ sql ] [ SQL ] SELECT * FROM `tp_category` WHERE  `pid` = 2 [ RunTime:0.001001s ]
[ sql ] [ SQL ] SELECT * FROM `tp_category` WHERE  `pid` = 33 [ RunTime:0.001000s ]
[ sql ] [ SQL ] SELECT * FROM `tp_category` WHERE  `pid` = 38 [ RunTime:0.001000s ]
[ sql ] [ SQL ] SELECT * FROM `tp_category` WHERE  `pid` = 38 [ RunTime:0.001000s ]
[ sql ] [ SQL ] SHOW COLUMNS FROM `tp_category_words` [ RunTime:0.024001s ]
[ sql ] [ SQL ] SELECT * FROM `tp_category_words` WHERE  `category_id` = 38 [ RunTime:0.001000s ]
[ sql ] [ SQL ] SHOW COLUMNS FROM `tp_category_brands` [ RunTime:0.028002s ]
[ sql ] [ SQL ] SELECT * FROM `tp_category_brands` WHERE  `category_id` = 38 LIMIT 1 [ RunTime:0.001000s ]
[ sql ] [ SQL ] SHOW COLUMNS FROM `tp_brand` [ RunTime:0.021001s ]
[ sql ] [ SQL ] SELECT * FROM `tp_brand` WHERE  `id` = 0 LIMIT 1 [ RunTime:0.000000s ]
