---------------------------------------------------------------
[ 2018-03-27T17:56:38+08:00 ] 127.0.0.1 127.0.0.1 GET /shop/index.php/
[ info ] 127.0.0.1/shop/index.php/ [运行时间：8.791503s][吞吐率：0.11req/s] [内存消耗：6,419.05kb] [文件加载：67]
[ info ] [ LANG ] F:\wamp\www\shop\thinkphp\lang\zh-cn.php
[ info ] [ ROUTE ] array (
  'type' => 'module',
  'module' => 
  array (
    0 => '',
    1 => NULL,
    2 => NULL,
  ),
)
[ info ] [ HEADER ] array (
  'host' => '127.0.0.1',
  'connection' => 'keep-alive',
  'upgrade-insecure-requests' => '1',
  'user-agent' => 'Mozilla/5.0 (Windows NT 6.1; WOW64) AppleWebKit/537.36 (KHTML, like Gecko) Chrome/62.0.3202.89 Safari/537.36',
  'accept' => 'text/html,application/xhtml+xml,application/xml;q=0.9,image/webp,image/apng,*/*;q=0.8',
  'accept-encoding' => 'gzip, deflate, br',
  'accept-language' => 'zh,zh-CN;q=0.9',
)
[ info ] [ PARAM ] array (
)
[ info ] [ DB ] INIT mysql
[ info ] [ CACHE ] INIT File
[ info ] [ RUN ] app\index\controller\Index->index[ F:\wamp\www\shop\application\index\controller\Index.php ]
[ info ] [ VIEW ] F:\wamp\www\shop/application/index\view\index\index.htm [ array (
  0 => 'helpCateRes',
  1 => 'shopInfoRes',
  2 => 'navRes',
  3 => 'configs',
  4 => 'cateRes',
  5 => 'show_right',
  6 => 'show_nav',
  7 => 'categoryRes',
  8 => 'indexGoodsRes',
  9 => 'anmentRes',
  10 => 'salesRes',
  11 => 'alternateImgRes',
) ]
[ info ] [ LOG ] INIT File
[ sql ] [ DB ] CONNECT:[ UseTime:1.526087s ] mysql:host=127.0.0.1;dbname=tpshop;charset=utf8
[ sql ] [ SQL ] SHOW COLUMNS FROM `tp_cate` [ RunTime:0.790046s ]
[ sql ] [ SQL ] SELECT * FROM `tp_cate` WHERE  `cate_type` = 3 ORDER BY sort DESC [ RunTime:0.003000s ]
[ sql ] [ SQL ] SHOW COLUMNS FROM `tp_article` [ RunTime:0.097005s ]
[ sql ] [ SQL ] SELECT * FROM `tp_article` WHERE  `cate_id` = 4 [ RunTime:0.013001s ]
[ sql ] [ SQL ] SELECT * FROM `tp_article` WHERE  `cate_id` = 5 [ RunTime:0.001000s ]
[ sql ] [ SQL ] SELECT * FROM `tp_article` WHERE  `cate_id` = 7 [ RunTime:0.001000s ]
[ sql ] [ SQL ] SELECT * FROM `tp_article` WHERE  `cate_id` = 16 [ RunTime:0.001000s ]
[ sql ] [ SQL ] SELECT * FROM `tp_article` WHERE  `cate_id` = 17 [ RunTime:0.003001s ]
[ sql ] [ SQL ] SELECT `id`,`title` FROM `tp_article` WHERE  `cate_id` = 3 [ RunTime:0.003001s ]
[ sql ] [ SQL ] SHOW COLUMNS FROM `tp_nav` [ RunTime:0.826047s ]
[ sql ] [ SQL ] SELECT * FROM `tp_nav` ORDER BY sort DESC [ RunTime:0.001000s ]
[ sql ] [ SQL ] SHOW COLUMNS FROM `tp_conf` [ RunTime:0.280016s ]
[ sql ] [ SQL ] SELECT `ename`,`value` FROM `tp_conf` [ RunTime:0.040002s ]
[ sql ] [ SQL ] SHOW COLUMNS FROM `tp_category` [ RunTime:0.162010s ]
[ sql ] [ SQL ] SELECT * FROM `tp_category` WHERE  `pid` = 0 ORDER BY sort ASC [ RunTime:0.036002s ]
[ sql ] [ SQL ] SELECT * FROM `tp_category` WHERE  `pid` = 7 [ RunTime:0.001000s ]
[ sql ] [ SQL ] SELECT * FROM `tp_category` WHERE  `pid` = 2 [ RunTime:0.001000s ]
[ sql ] [ SQL ] SELECT * FROM `tp_category` WHERE  `pid` = 33 [ RunTime:0.001000s ]
[ sql ] [ SQL ] SELECT * FROM `tp_article` WHERE  `cate_id` = 20 ORDER BY id DESC LIMIT 3 [ RunTime:0.060004s ]
[ sql ] [ SQL ] SELECT * FROM `tp_article` WHERE  `cate_id` = 26 ORDER BY id DESC LIMIT 3 [ RunTime:0.002000s ]
[ sql ] [ SQL ] SHOW COLUMNS FROM `tp_rec_item` [ RunTime:0.321019s ]
[ sql ] [ SQL ] SELECT * FROM `tp_rec_item` WHERE  `recpos_id` = 5  AND `value_type` = 2 [ RunTime:0.024001s ]
[ sql ] [ SQL ] SELECT * FROM `tp_category` WHERE  `id` = 2  AND `pid` = 0 LIMIT 1 [ RunTime:0.110007s ]
[ sql ] [ SQL ] SELECT * FROM `tp_category` WHERE  `id` = 7  AND `pid` = 0 LIMIT 1 [ RunTime:0.002000s ]
[ sql ] [ SQL ] SELECT * FROM `tp_category` WHERE  `id` = 8  AND `pid` = 0 LIMIT 1 [ RunTime:0.001000s ]
[ sql ] [ SQL ] SELECT * FROM `tp_category` WHERE  `id` = 9  AND `pid` = 0 LIMIT 1 [ RunTime:0.001000s ]
[ sql ] [ SQL ] SELECT * FROM `tp_category` WHERE  `id` = 21  AND `pid` = 0 LIMIT 1 [ RunTime:0.001000s ]
[ sql ] [ SQL ] SELECT * FROM `tp_rec_item` WHERE  `recpos_id` = 5  AND `value_type` = 2 [ RunTime:0.001001s ]
[ sql ] [ SQL ] SELECT * FROM `tp_category` WHERE  `id` = 2  AND `pid` = 2 LIMIT 1 [ RunTime:0.001000s ]
[ sql ] [ SQL ] SELECT * FROM `tp_category` WHERE  `id` = 7  AND `pid` = 2 LIMIT 1 [ RunTime:0.001000s ]
[ sql ] [ SQL ] SELECT * FROM `tp_category` WHERE  `id` = 8  AND `pid` = 2 LIMIT 1 [ RunTime:0.000000s ]
[ sql ] [ SQL ] SELECT * FROM `tp_category` WHERE  `id` = 9  AND `pid` = 2 LIMIT 1 [ RunTime:0.002000s ]
[ sql ] [ SQL ] SELECT * FROM `tp_category` WHERE  `id` = 21  AND `pid` = 2 LIMIT 1 [ RunTime:0.002000s ]
[ sql ] [ SQL ] SELECT `id`,`pid` FROM `tp_category` [ RunTime:0.002000s ]
[ sql ] [ SQL ] SELECT * FROM `tp_rec_item` WHERE  `value_type` = 1  AND `recpos_id` = 7 [ RunTime:0.003000s ]
[ sql ] [ SQL ] SHOW COLUMNS FROM `tp_goods` [ RunTime:0.305017s ]
[ sql ] [ SQL ] SELECT * FROM `tp_goods` WHERE  `category_id` IN (29,21)  AND `id` IN (10,13,6,9,7,16) ORDER BY id DESC LIMIT 6 [ RunTime:0.218013s ]
[ sql ] [ SQL ] SELECT `id`,`pid` FROM `tp_category` [ RunTime:0.042002s ]
[ sql ] [ SQL ] SELECT * FROM `tp_rec_item` WHERE  `value_type` = 1  AND `recpos_id` = 4 [ RunTime:0.000000s ]
[ sql ] [ SQL ] SELECT * FROM `tp_goods` WHERE  `category_id` IN (6,26,27,28,5,22,23,24,25,21,29,2)  AND `id` IN (11,10,9,7,5,6,8,4,13,2,16) ORDER BY id DESC LIMIT 6 [ RunTime:0.045003s ]
[ sql ] [ SQL ] SHOW COLUMNS FROM `tp_category_brands` [ RunTime:0.286016s ]
[ sql ] [ SQL ] SELECT * FROM `tp_category_brands` WHERE  `category_id` = 2 LIMIT 1 [ RunTime:0.000000s ]
[ sql ] [ SQL ] SHOW COLUMNS FROM `tp_brand` [ RunTime:0.338019s ]
[ sql ] [ SQL ] SELECT * FROM `tp_brand` WHERE  `id` = 3 LIMIT 1 [ RunTime:0.064004s ]
[ sql ] [ SQL ] SHOW COLUMNS FROM `tp_category_ad` [ RunTime:0.192011s ]
[ sql ] [ SQL ] SELECT * FROM `tp_category_ad` WHERE  `category_id` = 2 [ RunTime:0.037002s ]
[ sql ] [ SQL ] SELECT * FROM `tp_rec_item` WHERE  `recpos_id` = 5  AND `value_type` = 2 [ RunTime:0.002000s ]
[ sql ] [ SQL ] SELECT * FROM `tp_category` WHERE  `id` = 2  AND `pid` = 7 LIMIT 1 [ RunTime:0.002000s ]
[ sql ] [ SQL ] SELECT * FROM `tp_category` WHERE  `id` = 7  AND `pid` = 7 LIMIT 1 [ RunTime:0.003001s ]
[ sql ] [ SQL ] SELECT * FROM `tp_category` WHERE  `id` = 8  AND `pid` = 7 LIMIT 1 [ RunTime:0.003000s ]
[ sql ] [ SQL ] SELECT * FROM `tp_category` WHERE  `id` = 9  AND `pid` = 7 LIMIT 1 [ RunTime:0.002000s ]
[ sql ] [ SQL ] SELECT * FROM `tp_category` WHERE  `id` = 21  AND `pid` = 7 LIMIT 1 [ RunTime:0.002001s ]
[ sql ] [ SQL ] SELECT `id`,`pid` FROM `tp_category` [ RunTime:0.001000s ]
[ sql ] [ SQL ] SELECT * FROM `tp_rec_item` WHERE  `value_type` = 1  AND `recpos_id` = 7 [ RunTime:0.001000s ]
[ sql ] [ SQL ] SELECT * FROM `tp_goods` WHERE  `category_id` IN (11,12,13,14,8)  AND `id` IN (10,13,6,9,7,16) ORDER BY id DESC LIMIT 6 [ RunTime:0.002000s ]
[ sql ] [ SQL ] SELECT `id`,`pid` FROM `tp_category` [ RunTime:0.001000s ]
[ sql ] [ SQL ] SELECT * FROM `tp_rec_item` WHERE  `value_type` = 1  AND `recpos_id` = 7 [ RunTime:0.001000s ]
[ sql ] [ SQL ] SELECT * FROM `tp_goods` WHERE  `category_id` IN (15,16,17,9)  AND `id` IN (10,13,6,9,7,16) ORDER BY id DESC LIMIT 6 [ RunTime:0.001000s ]
[ sql ] [ SQL ] SELECT `id`,`pid` FROM `tp_category` [ RunTime:0.000000s ]
[ sql ] [ SQL ] SELECT * FROM `tp_rec_item` WHERE  `value_type` = 1  AND `recpos_id` = 4 [ RunTime:0.001000s ]
[ sql ] [ SQL ] SELECT * FROM `tp_goods` WHERE  `category_id` IN (8,11,12,13,14,9,15,16,17,10,18,19,20,7)  AND `id` IN (11,10,9,7,5,6,8,4,13,2,16) ORDER BY id DESC LIMIT 6 [ RunTime:0.002000s ]
[ sql ] [ SQL ] SELECT * FROM `tp_category_brands` WHERE  `category_id` = 7 LIMIT 1 [ RunTime:0.001000s ]
[ sql ] [ SQL ] SELECT * FROM `tp_brand` WHERE  `id` = 3 LIMIT 1 [ RunTime:0.001000s ]
[ sql ] [ SQL ] SELECT * FROM `tp_brand` WHERE  `id` = 2 LIMIT 1 [ RunTime:0.000000s ]
[ sql ] [ SQL ] SELECT * FROM `tp_category_ad` WHERE  `category_id` = 7 [ RunTime:0.001000s ]
[ sql ] [ SQL ] SELECT * FROM `tp_rec_item` WHERE  `value_type` = 1  AND `recpos_id` = 8 [ RunTime:0.000000s ]
[ sql ] [ SQL ] SELECT `id`,`mid_thumb`,`goods_name`,`shop_price`,`markte_price` FROM `tp_goods` WHERE  `id` IN (10,11,13,16) LIMIT 20 [ RunTime:0.001000s ]
[ sql ] [ SQL ] SHOW COLUMNS FROM `tp_alternate_img` [ RunTime:0.521029s ]
[ sql ] [ SQL ] SELECT * FROM `tp_alternate_img` WHERE  `status` = 1 ORDER BY sort DESC [ RunTime:0.001000s ]
---------------------------------------------------------------
[ 2018-03-27T17:56:41+08:00 ] 127.0.0.1 127.0.0.1 GET /shop/public/static/index/img/0_thumb_G_1490205189180.jpg
[ info ] 127.0.0.1/shop/public/static/index/img/0_thumb_G_1490205189180.jpg [运行时间：0.904052s][吞吐率：1.11req/s] [内存消耗：2,566.84kb] [文件加载：40]
[ info ] [ LANG ] F:\wamp\www\shop\thinkphp\lang\zh-cn.php
[ info ] [ ROUTE ] array (
  'type' => 'module',
  'module' => 
  array (
    0 => 'static',
    1 => 'index',
    2 => 'img',
  ),
)
[ info ] [ HEADER ] array (
  'host' => '127.0.0.1',
  'connection' => 'keep-alive',
  'user-agent' => 'Mozilla/5.0 (Windows NT 6.1; WOW64) AppleWebKit/537.36 (KHTML, like Gecko) Chrome/62.0.3202.89 Safari/537.36',
  'accept' => 'image/webp,image/apng,image/*,*/*;q=0.8',
  'referer' => 'http://127.0.0.1/shop/index.php/',
  'accept-encoding' => 'gzip, deflate, br',
  'accept-language' => 'zh,zh-CN;q=0.9',
)
[ info ] [ PARAM ] array (
)
[ info ] [ LOG ] INIT File
---------------------------------------------------------------
[ 2018-03-27T17:56:47+08:00 ] 127.0.0.1 127.0.0.1 GET /shop/index.php/favicon.ico
[ info ] 127.0.0.1/shop/index.php/favicon.ico [运行时间：0.030001s][吞吐率：33.33req/s] [内存消耗：2,566.61kb] [文件加载：40]
[ info ] [ LANG ] F:\wamp\www\shop\thinkphp\lang\zh-cn.php
[ info ] [ ROUTE ] array (
  'type' => 'module',
  'module' => 
  array (
    0 => 'favicon.ico',
    1 => NULL,
    2 => NULL,
  ),
)
[ info ] [ HEADER ] array (
  'host' => '127.0.0.1',
  'connection' => 'keep-alive',
  'user-agent' => 'Mozilla/5.0 (Windows NT 6.1; WOW64) AppleWebKit/537.36 (KHTML, like Gecko) Chrome/62.0.3202.89 Safari/537.36',
  'accept' => 'image/webp,image/apng,image/*,*/*;q=0.8',
  'referer' => 'http://127.0.0.1/shop/index.php/',
  'accept-encoding' => 'gzip, deflate, br',
  'accept-language' => 'zh,zh-CN;q=0.9',
)
[ info ] [ PARAM ] array (
)
[ info ] [ LOG ] INIT File
---------------------------------------------------------------
[ 2018-03-27T17:56:57+08:00 ] 127.0.0.1 127.0.0.1 GET /shop/index.php/
[ info ] 127.0.0.1/shop/index.php/ [运行时间：1.184068s][吞吐率：0.84req/s] [内存消耗：6,381.21kb] [文件加载：66]
[ info ] [ LANG ] F:\wamp\www\shop\thinkphp\lang\zh-cn.php
[ info ] [ ROUTE ] array (
  'type' => 'module',
  'module' => 
  array (
    0 => '',
    1 => NULL,
    2 => NULL,
  ),
)
[ info ] [ HEADER ] array (
  'host' => '127.0.0.1',
  'connection' => 'keep-alive',
  'cache-control' => 'max-age=0',
  'user-agent' => 'Mozilla/5.0 (Windows NT 6.1; WOW64) AppleWebKit/537.36 (KHTML, like Gecko) Chrome/62.0.3202.89 Safari/537.36',
  'upgrade-insecure-requests' => '1',
  'accept' => 'text/html,application/xhtml+xml,application/xml;q=0.9,image/webp,image/apng,*/*;q=0.8',
  'accept-encoding' => 'gzip, deflate, br',
  'accept-language' => 'zh,zh-CN;q=0.9',
)
[ info ] [ PARAM ] array (
)
[ info ] [ DB ] INIT mysql
[ info ] [ CACHE ] INIT File
[ info ] [ RUN ] app\index\controller\Index->index[ F:\wamp\www\shop\application\index\controller\Index.php ]
[ info ] [ VIEW ] F:\wamp\www\shop/application/index\view\index\index.htm [ array (
  0 => 'helpCateRes',
  1 => 'shopInfoRes',
  2 => 'navRes',
  3 => 'configs',
  4 => 'cateRes',
  5 => 'show_right',
  6 => 'show_nav',
  7 => 'categoryRes',
  8 => 'indexGoodsRes',
  9 => 'anmentRes',
  10 => 'salesRes',
  11 => 'alternateImgRes',
) ]
[ info ] [ LOG ] INIT File
[ sql ] [ DB ] CONNECT:[ UseTime:0.001000s ] mysql:host=127.0.0.1;dbname=tpshop;charset=utf8
[ sql ] [ SQL ] SHOW COLUMNS FROM `tp_category` [ RunTime:0.058004s ]
[ sql ] [ SQL ] SELECT * FROM `tp_category` WHERE  `pid` = 0 ORDER BY sort ASC [ RunTime:0.007001s ]
[ sql ] [ SQL ] SELECT * FROM `tp_category` WHERE  `pid` = 7 [ RunTime:0.000000s ]
[ sql ] [ SQL ] SELECT * FROM `tp_category` WHERE  `pid` = 2 [ RunTime:0.000000s ]
[ sql ] [ SQL ] SELECT * FROM `tp_category` WHERE  `pid` = 33 [ RunTime:0.001000s ]
[ sql ] [ SQL ] SHOW COLUMNS FROM `tp_article` [ RunTime:0.014001s ]
[ sql ] [ SQL ] SELECT * FROM `tp_article` WHERE  `cate_id` = 20 ORDER BY id DESC LIMIT 3 [ RunTime:0.013001s ]
[ sql ] [ SQL ] SELECT * FROM `tp_article` WHERE  `cate_id` = 26 ORDER BY id DESC LIMIT 3 [ RunTime:0.001000s ]
[ sql ] [ SQL ] SHOW COLUMNS FROM `tp_rec_item` [ RunTime:0.010001s ]
[ sql ] [ SQL ] SELECT * FROM `tp_rec_item` WHERE  `recpos_id` = 5  AND `value_type` = 2 [ RunTime:0.007001s ]
[ sql ] [ SQL ] SELECT * FROM `tp_category` WHERE  `id` = 2  AND `pid` = 0 LIMIT 1 [ RunTime:0.006000s ]
[ sql ] [ SQL ] SELECT * FROM `tp_category` WHERE  `id` = 7  AND `pid` = 0 LIMIT 1 [ RunTime:0.006001s ]
[ sql ] [ SQL ] SELECT * FROM `tp_category` WHERE  `id` = 8  AND `pid` = 0 LIMIT 1 [ RunTime:0.001000s ]
[ sql ] [ SQL ] SELECT * FROM `tp_category` WHERE  `id` = 9  AND `pid` = 0 LIMIT 1 [ RunTime:0.001000s ]
[ sql ] [ SQL ] SELECT * FROM `tp_category` WHERE  `id` = 21  AND `pid` = 0 LIMIT 1 [ RunTime:0.000000s ]
[ sql ] [ SQL ] SELECT * FROM `tp_rec_item` WHERE  `recpos_id` = 5  AND `value_type` = 2 [ RunTime:0.001000s ]
[ sql ] [ SQL ] SELECT * FROM `tp_category` WHERE  `id` = 2  AND `pid` = 2 LIMIT 1 [ RunTime:0.001000s ]
[ sql ] [ SQL ] SELECT * FROM `tp_category` WHERE  `id` = 7  AND `pid` = 2 LIMIT 1 [ RunTime:0.000000s ]
[ sql ] [ SQL ] SELECT * FROM `tp_category` WHERE  `id` = 8  AND `pid` = 2 LIMIT 1 [ RunTime:0.018001s ]
[ sql ] [ SQL ] SELECT * FROM `tp_category` WHERE  `id` = 9  AND `pid` = 2 LIMIT 1 [ RunTime:0.006000s ]
[ sql ] [ SQL ] SELECT * FROM `tp_category` WHERE  `id` = 21  AND `pid` = 2 LIMIT 1 [ RunTime:0.007001s ]
[ sql ] [ SQL ] SELECT `id`,`pid` FROM `tp_category` [ RunTime:0.006000s ]
[ sql ] [ SQL ] SELECT * FROM `tp_rec_item` WHERE  `value_type` = 1  AND `recpos_id` = 7 [ RunTime:0.007000s ]
[ sql ] [ SQL ] SHOW COLUMNS FROM `tp_goods` [ RunTime:0.019001s ]
[ sql ] [ SQL ] SELECT * FROM `tp_goods` WHERE  `category_id` IN (29,21)  AND `id` IN (10,13,6,9,7,16) ORDER BY id DESC LIMIT 6 [ RunTime:0.007000s ]
[ sql ] [ SQL ] SELECT `id`,`pid` FROM `tp_category` [ RunTime:0.012001s ]
[ sql ] [ SQL ] SELECT * FROM `tp_rec_item` WHERE  `value_type` = 1  AND `recpos_id` = 4 [ RunTime:0.006000s ]
[ sql ] [ SQL ] SELECT * FROM `tp_goods` WHERE  `category_id` IN (6,26,27,28,5,22,23,24,25,21,29,2)  AND `id` IN (11,10,9,7,5,6,8,4,13,2,16) ORDER BY id DESC LIMIT 6 [ RunTime:0.007001s ]
[ sql ] [ SQL ] SHOW COLUMNS FROM `tp_category_brands` [ RunTime:0.011000s ]
[ sql ] [ SQL ] SELECT * FROM `tp_category_brands` WHERE  `category_id` = 2 LIMIT 1 [ RunTime:0.007001s ]
[ sql ] [ SQL ] SHOW COLUMNS FROM `tp_brand` [ RunTime:0.017001s ]
[ sql ] [ SQL ] SELECT * FROM `tp_brand` WHERE  `id` = 3 LIMIT 1 [ RunTime:0.007000s ]
[ sql ] [ SQL ] SHOW COLUMNS FROM `tp_category_ad` [ RunTime:0.031002s ]
[ sql ] [ SQL ] SELECT * FROM `tp_category_ad` WHERE  `category_id` = 2 [ RunTime:0.007000s ]
[ sql ] [ SQL ] SELECT * FROM `tp_rec_item` WHERE  `recpos_id` = 5  AND `value_type` = 2 [ RunTime:0.013000s ]
[ sql ] [ SQL ] SELECT * FROM `tp_category` WHERE  `id` = 2  AND `pid` = 7 LIMIT 1 [ RunTime:0.013001s ]
[ sql ] [ SQL ] SELECT * FROM `tp_category` WHERE  `id` = 7  AND `pid` = 7 LIMIT 1 [ RunTime:0.013000s ]
[ sql ] [ SQL ] SELECT * FROM `tp_category` WHERE  `id` = 8  AND `pid` = 7 LIMIT 1 [ RunTime:0.007001s ]
[ sql ] [ SQL ] SELECT * FROM `tp_category` WHERE  `id` = 9  AND `pid` = 7 LIMIT 1 [ RunTime:0.007000s ]
[ sql ] [ SQL ] SELECT * FROM `tp_category` WHERE  `id` = 21  AND `pid` = 7 LIMIT 1 [ RunTime:0.007001s ]
[ sql ] [ SQL ] SELECT `id`,`pid` FROM `tp_category` [ RunTime:0.000000s ]
[ sql ] [ SQL ] SELECT * FROM `tp_rec_item` WHERE  `value_type` = 1  AND `recpos_id` = 7 [ RunTime:0.001000s ]
[ sql ] [ SQL ] SELECT * FROM `tp_goods` WHERE  `category_id` IN (11,12,13,14,8)  AND `id` IN (10,13,6,9,7,16) ORDER BY id DESC LIMIT 6 [ RunTime:0.001000s ]
[ sql ] [ SQL ] SELECT `id`,`pid` FROM `tp_category` [ RunTime:0.013001s ]
[ sql ] [ SQL ] SELECT * FROM `tp_rec_item` WHERE  `value_type` = 1  AND `recpos_id` = 7 [ RunTime:0.001000s ]
[ sql ] [ SQL ] SELECT * FROM `tp_goods` WHERE  `category_id` IN (15,16,17,9)  AND `id` IN (10,13,6,9,7,16) ORDER BY id DESC LIMIT 6 [ RunTime:0.006001s ]
[ sql ] [ SQL ] SELECT `id`,`pid` FROM `tp_category` [ RunTime:0.007001s ]
[ sql ] [ SQL ] SELECT * FROM `tp_rec_item` WHERE  `value_type` = 1  AND `recpos_id` = 4 [ RunTime:0.001000s ]
[ sql ] [ SQL ] SELECT * FROM `tp_goods` WHERE  `category_id` IN (8,11,12,13,14,9,15,16,17,10,18,19,20,7)  AND `id` IN (11,10,9,7,5,6,8,4,13,2,16) ORDER BY id DESC LIMIT 6 [ RunTime:0.001000s ]
[ sql ] [ SQL ] SELECT * FROM `tp_category_brands` WHERE  `category_id` = 7 LIMIT 1 [ RunTime:0.000000s ]
[ sql ] [ SQL ] SELECT * FROM `tp_brand` WHERE  `id` = 3 LIMIT 1 [ RunTime:0.001000s ]
[ sql ] [ SQL ] SELECT * FROM `tp_brand` WHERE  `id` = 2 LIMIT 1 [ RunTime:0.001000s ]
[ sql ] [ SQL ] SELECT * FROM `tp_category_ad` WHERE  `category_id` = 7 [ RunTime:0.000000s ]
[ sql ] [ SQL ] SELECT * FROM `tp_rec_item` WHERE  `value_type` = 1  AND `recpos_id` = 8 [ RunTime:0.000000s ]
[ sql ] [ SQL ] SELECT `id`,`mid_thumb`,`goods_name`,`shop_price`,`markte_price` FROM `tp_goods` WHERE  `id` IN (10,11,13,16) LIMIT 20 [ RunTime:0.001001s ]
[ sql ] [ SQL ] SHOW COLUMNS FROM `tp_alternate_img` [ RunTime:0.007000s ]
[ sql ] [ SQL ] SELECT * FROM `tp_alternate_img` WHERE  `status` = 1 ORDER BY sort DESC [ RunTime:0.000000s ]
---------------------------------------------------------------
[ 2018-03-27T17:56:58+08:00 ] 127.0.0.1 127.0.0.1 GET /shop/public/static/index/img/0_thumb_G_1490205189180.jpg
[ info ] 127.0.0.1/shop/public/static/index/img/0_thumb_G_1490205189180.jpg [运行时间：0.062004s][吞吐率：16.13req/s] [内存消耗：2,566.83kb] [文件加载：40]
[ info ] [ LANG ] F:\wamp\www\shop\thinkphp\lang\zh-cn.php
[ info ] [ ROUTE ] array (
  'type' => 'module',
  'module' => 
  array (
    0 => 'static',
    1 => 'index',
    2 => 'img',
  ),
)
[ info ] [ HEADER ] array (
  'host' => '127.0.0.1',
  'connection' => 'keep-alive',
  'user-agent' => 'Mozilla/5.0 (Windows NT 6.1; WOW64) AppleWebKit/537.36 (KHTML, like Gecko) Chrome/62.0.3202.89 Safari/537.36',
  'accept' => 'image/webp,image/apng,image/*,*/*;q=0.8',
  'referer' => 'http://127.0.0.1/shop/index.php/',
  'accept-encoding' => 'gzip, deflate, br',
  'accept-language' => 'zh,zh-CN;q=0.9',
)
[ info ] [ PARAM ] array (
)
[ info ] [ LOG ] INIT File
---------------------------------------------------------------
[ 2018-03-27T17:56:59+08:00 ] 127.0.0.1 127.0.0.1 GET /shop/public/static/index/img/sprite_index.png
[ info ] 127.0.0.1/shop/public/static/index/img/sprite_index.png [运行时间：0.053003s][吞吐率：18.87req/s] [内存消耗：2,566.85kb] [文件加载：40]
[ info ] [ LANG ] F:\wamp\www\shop\thinkphp\lang\zh-cn.php
[ info ] [ ROUTE ] array (
  'type' => 'module',
  'module' => 
  array (
    0 => 'static',
    1 => 'index',
    2 => 'img',
  ),
)
[ info ] [ HEADER ] array (
  'host' => '127.0.0.1',
  'connection' => 'keep-alive',
  'user-agent' => 'Mozilla/5.0 (Windows NT 6.1; WOW64) AppleWebKit/537.36 (KHTML, like Gecko) Chrome/62.0.3202.89 Safari/537.36',
  'accept' => 'image/webp,image/apng,image/*,*/*;q=0.8',
  'referer' => 'http://127.0.0.1/shop/public/static/index/css/style.css',
  'accept-encoding' => 'gzip, deflate, br',
  'accept-language' => 'zh,zh-CN;q=0.9',
)
[ info ] [ PARAM ] array (
)
[ info ] [ LOG ] INIT File
---------------------------------------------------------------
[ 2018-03-27T17:57:00+08:00 ] 127.0.0.1 127.0.0.1 POST /shop/index.php/index/brand/lst.html
[ info ] 127.0.0.1/shop/index.php/index/brand/lst.html [运行时间：0.741042s][吞吐率：1.35req/s] [内存消耗：4,568.89kb] [文件加载：55]
[ info ] [ LANG ] F:\wamp\www\shop\thinkphp\lang\zh-cn.php
[ info ] [ ROUTE ] array (
  'type' => 'module',
  'module' => 
  array (
    0 => 'index',
    1 => 'brand',
    2 => 'lst',
  ),
)
[ info ] [ HEADER ] array (
  'host' => '127.0.0.1',
  'connection' => 'keep-alive',
  'content-length' => '6',
  'accept' => 'application/json, text/javascript, */*; q=0.01',
  'origin' => 'http://127.0.0.1',
  'x-requested-with' => 'XMLHttpRequest',
  'user-agent' => 'Mozilla/5.0 (Windows NT 6.1; WOW64) AppleWebKit/537.36 (KHTML, like Gecko) Chrome/62.0.3202.89 Safari/537.36',
  'content-type' => 'application/x-www-form-urlencoded; charset=UTF-8',
  'referer' => 'http://127.0.0.1/shop/index.php/',
  'accept-encoding' => 'gzip, deflate, br',
  'accept-language' => 'zh,zh-CN;q=0.9',
)
[ info ] [ PARAM ] array (
  'page' => '1',
)
[ info ] [ RUN ] app\index\controller\Brand->lst[ F:\wamp\www\shop\application\index\controller\Brand.php ]
[ info ] [ DB ] INIT mysql
[ info ] [ LOG ] INIT File
[ sql ] [ DB ] CONNECT:[ UseTime:0.002000s ] mysql:host=127.0.0.1;dbname=tpshop;charset=utf8
[ sql ] [ SQL ] SHOW COLUMNS FROM `tp_brand` [ RunTime:0.068004s ]
[ sql ] [ SQL ] SELECT COUNT(*) AS tp_count FROM `tp_brand` LIMIT 1 [ RunTime:0.000000s ]
[ sql ] [ SQL ] SELECT * FROM `tp_brand` ORDER BY id DESC LIMIT 0,17 [ RunTime:0.000000s ]
---------------------------------------------------------------
[ 2018-03-27T17:57:00+08:00 ] 127.0.0.1 127.0.0.1 GET /shop/index.php/member/account/checklogin.html
[ info ] 127.0.0.1/shop/index.php/member/account/checklogin.html [运行时间：1.138065s][吞吐率：0.88req/s] [内存消耗：5,772.53kb] [文件加载：62]
[ info ] [ LANG ] F:\wamp\www\shop\thinkphp\lang\zh-cn.php
[ info ] [ ROUTE ] array (
  'type' => 'module',
  'module' => 
  array (
    0 => 'member',
    1 => 'account',
    2 => 'checklogin',
  ),
)
[ info ] [ HEADER ] array (
  'host' => '127.0.0.1',
  'connection' => 'keep-alive',
  'accept' => 'application/json, text/javascript, */*; q=0.01',
  'x-requested-with' => 'XMLHttpRequest',
  'user-agent' => 'Mozilla/5.0 (Windows NT 6.1; WOW64) AppleWebKit/537.36 (KHTML, like Gecko) Chrome/62.0.3202.89 Safari/537.36',
  'referer' => 'http://127.0.0.1/shop/index.php/',
  'accept-encoding' => 'gzip, deflate, br',
  'accept-language' => 'zh,zh-CN;q=0.9',
)
[ info ] [ PARAM ] array (
)
[ info ] [ DB ] INIT mysql
[ info ] [ CACHE ] INIT File
[ info ] [ RUN ] app\member\controller\Account->checkLogin[ F:\wamp\www\shop\application\member\controller\Account.php ]
[ info ] [ SESSION ] INIT array (
  'id' => '',
  'var_session_id' => '',
  'prefix' => 'think',
  'type' => '',
  'auto_start' => true,
)
[ info ] [ LOG ] INIT File
[ sql ] [ DB ] CONNECT:[ UseTime:0.002001s ] mysql:host=127.0.0.1;dbname=tpshop;charset=utf8
[ sql ] [ SQL ] SHOW COLUMNS FROM `tp_category` [ RunTime:0.298017s ]
[ sql ] [ SQL ] SELECT * FROM `tp_category` WHERE  `pid` = 0 ORDER BY sort ASC [ RunTime:0.001000s ]
[ sql ] [ SQL ] SELECT * FROM `tp_category` WHERE  `pid` = 7 [ RunTime:0.000000s ]
[ sql ] [ SQL ] SELECT * FROM `tp_category` WHERE  `pid` = 2 [ RunTime:0.000000s ]
[ sql ] [ SQL ] SELECT * FROM `tp_category` WHERE  `pid` = 33 [ RunTime:0.001000s ]
---------------------------------------------------------------
[ 2018-03-27T17:57:00+08:00 ] 127.0.0.1 127.0.0.1 POST /shop/index.php/index/category/getcateinfo.html
[ info ] 127.0.0.1/shop/index.php/index/category/getcateinfo.html [运行时间：0.909052s][吞吐率：1.10req/s] [内存消耗：5,718.63kb] [文件加载：61]
[ info ] [ LANG ] F:\wamp\www\shop\thinkphp\lang\zh-cn.php
[ info ] [ ROUTE ] array (
  'type' => 'module',
  'module' => 
  array (
    0 => 'index',
    1 => 'category',
    2 => 'getcateinfo',
  ),
)
[ info ] [ HEADER ] array (
  'host' => '127.0.0.1',
  'connection' => 'keep-alive',
  'content-length' => '4',
  'accept' => 'application/json, text/javascript, */*; q=0.01',
  'origin' => 'http://127.0.0.1',
  'x-requested-with' => 'XMLHttpRequest',
  'user-agent' => 'Mozilla/5.0 (Windows NT 6.1; WOW64) AppleWebKit/537.36 (KHTML, like Gecko) Chrome/62.0.3202.89 Safari/537.36',
  'content-type' => 'application/x-www-form-urlencoded; charset=UTF-8',
  'referer' => 'http://127.0.0.1/shop/index.php/',
  'accept-encoding' => 'gzip, deflate, br',
  'accept-language' => 'zh,zh-CN;q=0.9',
)
[ info ] [ PARAM ] array (
  'id' => '7',
)
[ info ] [ DB ] INIT mysql
[ info ] [ CACHE ] INIT File
[ info ] [ RUN ] app\index\controller\Category->getCateInfo[ F:\wamp\www\shop\application\index\controller\Category.php ]
[ info ] [ LOG ] INIT File
[ sql ] [ DB ] CONNECT:[ UseTime:0.047003s ] mysql:host=127.0.0.1;dbname=tpshop;charset=utf8
[ sql ] [ SQL ] SHOW COLUMNS FROM `tp_category` [ RunTime:0.086005s ]
[ sql ] [ SQL ] SELECT * FROM `tp_category` WHERE  `pid` = 0 ORDER BY sort ASC [ RunTime:0.001000s ]
[ sql ] [ SQL ] SELECT * FROM `tp_category` WHERE  `pid` = 7 [ RunTime:0.001000s ]
[ sql ] [ SQL ] SELECT * FROM `tp_category` WHERE  `pid` = 2 [ RunTime:0.000000s ]
[ sql ] [ SQL ] SELECT * FROM `tp_category` WHERE  `pid` = 33 [ RunTime:0.001001s ]
[ sql ] [ SQL ] SELECT * FROM `tp_category` WHERE  `pid` = 7 [ RunTime:0.001000s ]
[ sql ] [ SQL ] SELECT * FROM `tp_category` WHERE  `pid` = 8 [ RunTime:0.000000s ]
[ sql ] [ SQL ] SELECT * FROM `tp_category` WHERE  `pid` = 9 [ RunTime:0.001000s ]
[ sql ] [ SQL ] SELECT * FROM `tp_category` WHERE  `pid` = 10 [ RunTime:0.000000s ]
[ sql ] [ SQL ] SHOW COLUMNS FROM `tp_category_words` [ RunTime:0.479027s ]
[ sql ] [ SQL ] SELECT * FROM `tp_category_words` WHERE  `category_id` = 7 [ RunTime:0.055003s ]
[ sql ] [ SQL ] SHOW COLUMNS FROM `tp_category_brands` [ RunTime:0.018001s ]
[ sql ] [ SQL ] SELECT * FROM `tp_category_brands` WHERE  `category_id` = 7 LIMIT 1 [ RunTime:0.001000s ]
[ sql ] [ SQL ] SHOW COLUMNS FROM `tp_brand` [ RunTime:0.012001s ]
[ sql ] [ SQL ] SELECT * FROM `tp_brand` WHERE  `id` = 3 LIMIT 1 [ RunTime:0.000000s ]
[ sql ] [ SQL ] SELECT * FROM `tp_brand` WHERE  `id` = 2 LIMIT 1 [ RunTime:0.001000s ]
---------------------------------------------------------------
[ 2018-03-27T17:57:02+08:00 ] 127.0.0.1 127.0.0.1 POST /shop/index.php/index/category/getcateinfo.html
[ info ] 127.0.0.1/shop/index.php/index/category/getcateinfo.html [运行时间：0.196011s][吞吐率：5.10req/s] [内存消耗：5,718.30kb] [文件加载：61]
[ info ] [ LANG ] F:\wamp\www\shop\thinkphp\lang\zh-cn.php
[ info ] [ ROUTE ] array (
  'type' => 'module',
  'module' => 
  array (
    0 => 'index',
    1 => 'category',
    2 => 'getcateinfo',
  ),
)
[ info ] [ HEADER ] array (
  'host' => '127.0.0.1',
  'connection' => 'keep-alive',
  'content-length' => '4',
  'accept' => 'application/json, text/javascript, */*; q=0.01',
  'origin' => 'http://127.0.0.1',
  'x-requested-with' => 'XMLHttpRequest',
  'user-agent' => 'Mozilla/5.0 (Windows NT 6.1; WOW64) AppleWebKit/537.36 (KHTML, like Gecko) Chrome/62.0.3202.89 Safari/537.36',
  'content-type' => 'application/x-www-form-urlencoded; charset=UTF-8',
  'referer' => 'http://127.0.0.1/shop/index.php/',
  'accept-encoding' => 'gzip, deflate, br',
  'accept-language' => 'zh,zh-CN;q=0.9',
  'cookie' => 'PHPSESSID=48uj11ui4osc4b6p7ftfhge9c3',
)
[ info ] [ PARAM ] array (
  'id' => '2',
)
[ info ] [ DB ] INIT mysql
[ info ] [ CACHE ] INIT File
[ info ] [ RUN ] app\index\controller\Category->getCateInfo[ F:\wamp\www\shop\application\index\controller\Category.php ]
[ info ] [ LOG ] INIT File
[ sql ] [ DB ] CONNECT:[ UseTime:0.001000s ] mysql:host=127.0.0.1;dbname=tpshop;charset=utf8
[ sql ] [ SQL ] SHOW COLUMNS FROM `tp_category` [ RunTime:0.009001s ]
[ sql ] [ SQL ] SELECT * FROM `tp_category` WHERE  `pid` = 0 ORDER BY sort ASC [ RunTime:0.001000s ]
[ sql ] [ SQL ] SELECT * FROM `tp_category` WHERE  `pid` = 7 [ RunTime:0.000000s ]
[ sql ] [ SQL ] SELECT * FROM `tp_category` WHERE  `pid` = 2 [ RunTime:0.000000s ]
[ sql ] [ SQL ] SELECT * FROM `tp_category` WHERE  `pid` = 33 [ RunTime:0.000000s ]
[ sql ] [ SQL ] SELECT * FROM `tp_category` WHERE  `pid` = 2 [ RunTime:0.001000s ]
[ sql ] [ SQL ] SELECT * FROM `tp_category` WHERE  `pid` = 6 [ RunTime:0.001000s ]
[ sql ] [ SQL ] SELECT * FROM `tp_category` WHERE  `pid` = 5 [ RunTime:0.000000s ]
[ sql ] [ SQL ] SELECT * FROM `tp_category` WHERE  `pid` = 21 [ RunTime:0.001000s ]
[ sql ] [ SQL ] SHOW COLUMNS FROM `tp_category_words` [ RunTime:0.030002s ]
[ sql ] [ SQL ] SELECT * FROM `tp_category_words` WHERE  `category_id` = 2 [ RunTime:0.001000s ]
[ sql ] [ SQL ] SHOW COLUMNS FROM `tp_category_brands` [ RunTime:0.006001s ]
[ sql ] [ SQL ] SELECT * FROM `tp_category_brands` WHERE  `category_id` = 2 LIMIT 1 [ RunTime:0.001000s ]
[ sql ] [ SQL ] SHOW COLUMNS FROM `tp_brand` [ RunTime:0.006000s ]
[ sql ] [ SQL ] SELECT * FROM `tp_brand` WHERE  `id` = 3 LIMIT 1 [ RunTime:0.001000s ]
---------------------------------------------------------------
[ 2018-03-27T17:57:10+08:00 ] 127.0.0.1 127.0.0.1 GET /shop/index.php/index/goods/index/id/16
[ info ] 127.0.0.1/shop/index.php/index/goods/index/id/16 [运行时间：0.537031s][吞吐率：1.86req/s] [内存消耗：5,848.63kb] [文件加载：62]
[ info ] [ LANG ] F:\wamp\www\shop\thinkphp\lang\zh-cn.php
[ info ] [ ROUTE ] array (
  'type' => 'module',
  'module' => 
  array (
    0 => 'index',
    1 => 'goods',
    2 => 'index',
  ),
)
[ info ] [ HEADER ] array (
  'host' => '127.0.0.1',
  'connection' => 'keep-alive',
  'user-agent' => 'Mozilla/5.0 (Windows NT 6.1; WOW64) AppleWebKit/537.36 (KHTML, like Gecko) Chrome/62.0.3202.89 Safari/537.36',
  'upgrade-insecure-requests' => '1',
  'accept' => 'text/html,application/xhtml+xml,application/xml;q=0.9,image/webp,image/apng,*/*;q=0.8',
  'accept-encoding' => 'gzip, deflate, br',
  'accept-language' => 'zh,zh-CN;q=0.9',
  'cookie' => 'PHPSESSID=48uj11ui4osc4b6p7ftfhge9c3',
)
[ info ] [ PARAM ] array (
  'id' => '16',
)
[ info ] [ DB ] INIT mysql
[ info ] [ CACHE ] INIT File
[ info ] [ RUN ] app\index\controller\Goods->index[ F:\wamp\www\shop\application\index\controller\Goods.php ]
[ info ] [ VIEW ] F:\wamp\www\shop/application/index\view\goods\goods.htm [ array (
  0 => 'helpCateRes',
  1 => 'shopInfoRes',
  2 => 'navRes',
  3 => 'configs',
  4 => 'cateRes',
  5 => 'show_right',
  6 => 'goodsInfo',
  7 => 'goodsPhotoRes',
  8 => 'uniAttrArr',
  9 => 'radioAttrArr',
) ]
[ info ] [ LOG ] INIT File
[ sql ] [ DB ] CONNECT:[ UseTime:0.001000s ] mysql:host=127.0.0.1;dbname=tpshop;charset=utf8
[ sql ] [ SQL ] SHOW COLUMNS FROM `tp_category` [ RunTime:0.010001s ]
[ sql ] [ SQL ] SELECT * FROM `tp_category` WHERE  `pid` = 0 ORDER BY sort ASC [ RunTime:0.001000s ]
[ sql ] [ SQL ] SELECT * FROM `tp_category` WHERE  `pid` = 7 [ RunTime:0.000000s ]
[ sql ] [ SQL ] SELECT * FROM `tp_category` WHERE  `pid` = 2 [ RunTime:0.001000s ]
[ sql ] [ SQL ] SELECT * FROM `tp_category` WHERE  `pid` = 33 [ RunTime:0.002000s ]
[ sql ] [ SQL ] SHOW COLUMNS FROM `tp_goods` [ RunTime:0.007001s ]
[ sql ] [ SQL ] SELECT * FROM `tp_goods` WHERE  `id` = 16 LIMIT 1 [ RunTime:0.000000s ]
[ sql ] [ SQL ] SHOW COLUMNS FROM `tp_goods_photo` [ RunTime:0.073004s ]
[ sql ] [ SQL ] SELECT `sm_photo`,`mid_photo`,`big_photo`,`og_photo` FROM `tp_goods_photo` WHERE  `goods_id` = 16 [ RunTime:0.035002s ]
[ sql ] [ SQL ] SHOW COLUMNS FROM `tp_goods_attr` [ RunTime:0.096006s ]
[ sql ] [ SQL ] SELECT `ga`.*,`a`.`attr_name`,`a`.`attr_type` FROM `tp_goods_attr` `ga` INNER JOIN `tp_attr` `a` ON `ga`.`attr_id`=`a`.`id` WHERE  `ga`.`goods_id` = '16' [ RunTime:0.064004s ]
---------------------------------------------------------------
[ 2018-03-27T17:57:11+08:00 ] 127.0.0.1 127.0.0.1 GET /shop/public/static/index/js/calendar/calendar.min.css
[ info ] 127.0.0.1/shop/public/static/index/js/calendar/calendar.min.css [运行时间：0.090005s][吞吐率：11.11req/s] [内存消耗：2,567.89kb] [文件加载：40]
[ info ] [ LANG ] F:\wamp\www\shop\thinkphp\lang\zh-cn.php
[ info ] [ ROUTE ] array (
  'type' => 'module',
  'module' => 
  array (
    0 => 'static',
    1 => 'index',
    2 => 'js',
  ),
)
[ info ] [ HEADER ] array (
  'host' => '127.0.0.1',
  'connection' => 'keep-alive',
  'user-agent' => 'Mozilla/5.0 (Windows NT 6.1; WOW64) AppleWebKit/537.36 (KHTML, like Gecko) Chrome/62.0.3202.89 Safari/537.36',
  'accept' => 'text/css,*/*;q=0.1',
  'referer' => 'http://127.0.0.1/shop/index.php/index/goods/index/id/16',
  'accept-encoding' => 'gzip, deflate, br',
  'accept-language' => 'zh,zh-CN;q=0.9',
  'cookie' => 'PHPSESSID=48uj11ui4osc4b6p7ftfhge9c3',
)
[ info ] [ PARAM ] array (
  'calendar' => 'calendar.min.css',
)
[ info ] [ LOG ] INIT File
---------------------------------------------------------------
[ 2018-03-27T17:57:11+08:00 ] 127.0.0.1 127.0.0.1 GET /shop/public/static/index/js/perfect-scrollbar/perfect-scrollbar.min.css
[ info ] 127.0.0.1/shop/public/static/index/js/perfect-scrollbar/perfect-scrollbar.min.css [运行时间：0.091005s][吞吐率：10.99req/s] [内存消耗：2,568.11kb] [文件加载：40]
[ info ] [ LANG ] F:\wamp\www\shop\thinkphp\lang\zh-cn.php
[ info ] [ ROUTE ] array (
  'type' => 'module',
  'module' => 
  array (
    0 => 'static',
    1 => 'index',
    2 => 'js',
  ),
)
[ info ] [ HEADER ] array (
  'host' => '127.0.0.1',
  'connection' => 'keep-alive',
  'user-agent' => 'Mozilla/5.0 (Windows NT 6.1; WOW64) AppleWebKit/537.36 (KHTML, like Gecko) Chrome/62.0.3202.89 Safari/537.36',
  'accept' => 'text/css,*/*;q=0.1',
  'referer' => 'http://127.0.0.1/shop/index.php/index/goods/index/id/16',
  'accept-encoding' => 'gzip, deflate, br',
  'accept-language' => 'zh,zh-CN;q=0.9',
  'cookie' => 'PHPSESSID=48uj11ui4osc4b6p7ftfhge9c3',
)
[ info ] [ PARAM ] array (
  'scrollbar' => 'perfect-scrollbar.min.css',
)
[ info ] [ LOG ] INIT File
---------------------------------------------------------------
[ 2018-03-27T17:57:11+08:00 ] 127.0.0.1 127.0.0.1 GET /shop/public/static/index/js/calendar.php?lang=
[ info ] 127.0.0.1/shop/public/static/index/js/calendar.php?lang= [运行时间：0.053003s][吞吐率：18.87req/s] [内存消耗：2,567.59kb] [文件加载：40]
[ info ] [ LANG ] F:\wamp\www\shop\thinkphp\lang\zh-cn.php
[ info ] [ ROUTE ] array (
  'type' => 'module',
  'module' => 
  array (
    0 => 'static',
    1 => 'index',
    2 => 'js',
  ),
)
[ info ] [ HEADER ] array (
  'host' => '127.0.0.1',
  'connection' => 'keep-alive',
  'user-agent' => 'Mozilla/5.0 (Windows NT 6.1; WOW64) AppleWebKit/537.36 (KHTML, like Gecko) Chrome/62.0.3202.89 Safari/537.36',
  'accept' => '*/*',
  'referer' => 'http://127.0.0.1/shop/index.php/index/goods/index/id/16',
  'accept-encoding' => 'gzip, deflate, br',
  'accept-language' => 'zh,zh-CN;q=0.9',
  'cookie' => 'PHPSESSID=48uj11ui4osc4b6p7ftfhge9c3',
)
[ info ] [ PARAM ] array (
  'lang' => '',
)
[ info ] [ LOG ] INIT File
---------------------------------------------------------------
[ 2018-03-27T17:57:11+08:00 ] 127.0.0.1 127.0.0.1 GET /shop/public/static/index/img/prompt/not-imp.png
[ info ] 127.0.0.1/shop/public/static/index/img/prompt/not-imp.png [运行时间：0.083005s][吞吐率：12.05req/s] [内存消耗：2,568.05kb] [文件加载：40]
[ info ] [ LANG ] F:\wamp\www\shop\thinkphp\lang\zh-cn.php
[ info ] [ ROUTE ] array (
  'type' => 'module',
  'module' => 
  array (
    0 => 'static',
    1 => 'index',
    2 => 'img',
  ),
)
[ info ] [ HEADER ] array (
  'host' => '127.0.0.1',
  'connection' => 'keep-alive',
  'user-agent' => 'Mozilla/5.0 (Windows NT 6.1; WOW64) AppleWebKit/537.36 (KHTML, like Gecko) Chrome/62.0.3202.89 Safari/537.36',
  'accept' => 'image/webp,image/apng,image/*,*/*;q=0.8',
  'referer' => 'http://127.0.0.1/shop/public/static/index/css/style.css',
  'accept-encoding' => 'gzip, deflate, br',
  'accept-language' => 'zh,zh-CN;q=0.9',
  'cookie' => 'PHPSESSID=48uj11ui4osc4b6p7ftfhge9c3',
)
[ info ] [ PARAM ] array (
  'prompt' => 'not-imp.png',
)
[ info ] [ LOG ] INIT File
---------------------------------------------------------------
[ 2018-03-27T17:57:11+08:00 ] 127.0.0.1 127.0.0.1 GET /shop/public/static/index/img/summary-bg.jpg
[ info ] 127.0.0.1/shop/public/static/index/img/summary-bg.jpg [运行时间：0.110007s][吞吐率：9.09req/s] [内存消耗：2,567.12kb] [文件加载：40]
[ info ] [ LANG ] F:\wamp\www\shop\thinkphp\lang\zh-cn.php
[ info ] [ ROUTE ] array (
  'type' => 'module',
  'module' => 
  array (
    0 => 'static',
    1 => 'index',
    2 => 'img',
  ),
)
[ info ] [ HEADER ] array (
  'host' => '127.0.0.1',
  'connection' => 'keep-alive',
  'user-agent' => 'Mozilla/5.0 (Windows NT 6.1; WOW64) AppleWebKit/537.36 (KHTML, like Gecko) Chrome/62.0.3202.89 Safari/537.36',
  'accept' => 'image/webp,image/apng,image/*,*/*;q=0.8',
  'referer' => 'http://127.0.0.1/shop/public/static/index/css/style.css',
  'accept-encoding' => 'gzip, deflate, br',
  'accept-language' => 'zh,zh-CN;q=0.9',
  'cookie' => 'PHPSESSID=48uj11ui4osc4b6p7ftfhge9c3',
)
[ info ] [ PARAM ] array (
)
[ info ] [ LOG ] INIT File
---------------------------------------------------------------
[ 2018-03-27T17:57:11+08:00 ] 127.0.0.1 127.0.0.1 GET /shop/public/static/index/js/calendar.php?lang=
[ info ] 127.0.0.1/shop/public/static/index/js/calendar.php?lang= [运行时间：0.077005s][吞吐率：12.99req/s] [内存消耗：2,567.59kb] [文件加载：40]
[ info ] [ LANG ] F:\wamp\www\shop\thinkphp\lang\zh-cn.php
[ info ] [ ROUTE ] array (
  'type' => 'module',
  'module' => 
  array (
    0 => 'static',
    1 => 'index',
    2 => 'js',
  ),
)
[ info ] [ HEADER ] array (
  'host' => '127.0.0.1',
  'connection' => 'keep-alive',
  'user-agent' => 'Mozilla/5.0 (Windows NT 6.1; WOW64) AppleWebKit/537.36 (KHTML, like Gecko) Chrome/62.0.3202.89 Safari/537.36',
  'accept' => '*/*',
  'referer' => 'http://127.0.0.1/shop/index.php/index/goods/index/id/16',
  'accept-encoding' => 'gzip, deflate, br',
  'accept-language' => 'zh,zh-CN;q=0.9',
  'cookie' => 'PHPSESSID=48uj11ui4osc4b6p7ftfhge9c3',
)
[ info ] [ PARAM ] array (
  'lang' => '',
)
[ info ] [ LOG ] INIT File
---------------------------------------------------------------
[ 2018-03-27T17:57:11+08:00 ] 127.0.0.1 127.0.0.1 GET /shop/index.php/member/account/checklogin.html
[ info ] 127.0.0.1/shop/index.php/member/account/checklogin.html [运行时间：0.140008s][吞吐率：7.14req/s] [内存消耗：5,772.84kb] [文件加载：62]
[ info ] [ LANG ] F:\wamp\www\shop\thinkphp\lang\zh-cn.php
[ info ] [ ROUTE ] array (
  'type' => 'module',
  'module' => 
  array (
    0 => 'member',
    1 => 'account',
    2 => 'checklogin',
  ),
)
[ info ] [ HEADER ] array (
  'host' => '127.0.0.1',
  'connection' => 'keep-alive',
  'accept' => 'application/json, text/javascript, */*; q=0.01',
  'x-requested-with' => 'XMLHttpRequest',
  'user-agent' => 'Mozilla/5.0 (Windows NT 6.1; WOW64) AppleWebKit/537.36 (KHTML, like Gecko) Chrome/62.0.3202.89 Safari/537.36',
  'referer' => 'http://127.0.0.1/shop/index.php/index/goods/index/id/16',
  'accept-encoding' => 'gzip, deflate, br',
  'accept-language' => 'zh,zh-CN;q=0.9',
  'cookie' => 'PHPSESSID=48uj11ui4osc4b6p7ftfhge9c3',
)
[ info ] [ PARAM ] array (
)
[ info ] [ DB ] INIT mysql
[ info ] [ CACHE ] INIT File
[ info ] [ RUN ] app\member\controller\Account->checkLogin[ F:\wamp\www\shop\application\member\controller\Account.php ]
[ info ] [ SESSION ] INIT array (
  'id' => '',
  'var_session_id' => '',
  'prefix' => 'think',
  'type' => '',
  'auto_start' => true,
)
[ info ] [ LOG ] INIT File
[ sql ] [ DB ] CONNECT:[ UseTime:0.001000s ] mysql:host=127.0.0.1;dbname=tpshop;charset=utf8
[ sql ] [ SQL ] SHOW COLUMNS FROM `tp_category` [ RunTime:0.010000s ]
[ sql ] [ SQL ] SELECT * FROM `tp_category` WHERE  `pid` = 0 ORDER BY sort ASC [ RunTime:0.001000s ]
[ sql ] [ SQL ] SELECT * FROM `tp_category` WHERE  `pid` = 7 [ RunTime:0.000000s ]
[ sql ] [ SQL ] SELECT * FROM `tp_category` WHERE  `pid` = 2 [ RunTime:0.001000s ]
[ sql ] [ SQL ] SELECT * FROM `tp_category` WHERE  `pid` = 33 [ RunTime:0.000000s ]
---------------------------------------------------------------
[ 2018-03-27T17:57:11+08:00 ] 127.0.0.1 127.0.0.1 POST /shop/index.php/index/goods/ajaxgetmemberprice.html
[ info ] 127.0.0.1/shop/index.php/index/goods/ajaxgetmemberprice.html [运行时间：0.195011s][吞吐率：5.13req/s] [内存消耗：5,660.14kb] [文件加载：61]
[ info ] [ LANG ] F:\wamp\www\shop\thinkphp\lang\zh-cn.php
[ info ] [ ROUTE ] array (
  'type' => 'module',
  'module' => 
  array (
    0 => 'index',
    1 => 'goods',
    2 => 'ajaxgetmemberprice',
  ),
)
[ info ] [ HEADER ] array (
  'host' => '127.0.0.1',
  'connection' => 'keep-alive',
  'content-length' => '11',
  'accept' => 'application/json, text/javascript, */*; q=0.01',
  'origin' => 'http://127.0.0.1',
  'x-requested-with' => 'XMLHttpRequest',
  'user-agent' => 'Mozilla/5.0 (Windows NT 6.1; WOW64) AppleWebKit/537.36 (KHTML, like Gecko) Chrome/62.0.3202.89 Safari/537.36',
  'content-type' => 'application/x-www-form-urlencoded; charset=UTF-8',
  'referer' => 'http://127.0.0.1/shop/index.php/index/goods/index/id/16',
  'accept-encoding' => 'gzip, deflate, br',
  'accept-language' => 'zh,zh-CN;q=0.9',
  'cookie' => 'PHPSESSID=48uj11ui4osc4b6p7ftfhge9c3',
)
[ info ] [ PARAM ] array (
  'goods_id' => '16',
)
[ info ] [ DB ] INIT mysql
[ info ] [ CACHE ] INIT File
[ info ] [ RUN ] app\index\controller\Goods->ajaxGetMemberPrice[ F:\wamp\www\shop\application\index\controller\Goods.php ]
[ info ] [ SESSION ] INIT array (
  'id' => '',
  'var_session_id' => '',
  'prefix' => 'think',
  'type' => '',
  'auto_start' => true,
)
[ info ] [ LOG ] INIT File
[ sql ] [ DB ] CONNECT:[ UseTime:0.001000s ] mysql:host=127.0.0.1;dbname=tpshop;charset=utf8
[ sql ] [ SQL ] SHOW COLUMNS FROM `tp_category` [ RunTime:0.010000s ]
[ sql ] [ SQL ] SELECT * FROM `tp_category` WHERE  `pid` = 0 ORDER BY sort ASC [ RunTime:0.001001s ]
[ sql ] [ SQL ] SELECT * FROM `tp_category` WHERE  `pid` = 7 [ RunTime:0.000000s ]
[ sql ] [ SQL ] SELECT * FROM `tp_category` WHERE  `pid` = 2 [ RunTime:0.000000s ]
[ sql ] [ SQL ] SELECT * FROM `tp_category` WHERE  `pid` = 33 [ RunTime:0.001000s ]
[ sql ] [ SQL ] SHOW COLUMNS FROM `tp_goods` [ RunTime:0.009001s ]
[ sql ] [ SQL ] SELECT * FROM `tp_goods` WHERE  `id` = 16 LIMIT 1 [ RunTime:0.001000s ]
---------------------------------------------------------------
[ 2018-03-27T17:57:12+08:00 ] 127.0.0.1 127.0.0.1 GET /shop/index.php/index/goods/index/id/favicon.ico
[ info ] 127.0.0.1/shop/index.php/index/goods/index/id/favicon.ico [运行时间：0.253014s][吞吐率：3.95req/s] [内存消耗：5,854.22kb] [文件加载：66]
[ info ] [ LANG ] F:\wamp\www\shop\thinkphp\lang\zh-cn.php
[ info ] [ ROUTE ] array (
  'type' => 'module',
  'module' => 
  array (
    0 => 'index',
    1 => 'goods',
    2 => 'index',
  ),
)
[ info ] [ HEADER ] array (
  'host' => '127.0.0.1',
  'connection' => 'keep-alive',
  'user-agent' => 'Mozilla/5.0 (Windows NT 6.1; WOW64) AppleWebKit/537.36 (KHTML, like Gecko) Chrome/62.0.3202.89 Safari/537.36',
  'accept' => 'image/webp,image/apng,image/*,*/*;q=0.8',
  'referer' => 'http://127.0.0.1/shop/index.php/index/goods/index/id/16',
  'accept-encoding' => 'gzip, deflate, br',
  'accept-language' => 'zh,zh-CN;q=0.9',
  'cookie' => 'PHPSESSID=48uj11ui4osc4b6p7ftfhge9c3',
)
[ info ] [ PARAM ] array (
  'id' => 'favicon.ico',
)
[ info ] [ DB ] INIT mysql
[ info ] [ CACHE ] INIT File
[ info ] [ RUN ] app\index\controller\Goods->index[ F:\wamp\www\shop\application\index\controller\Goods.php ]
[ info ] [ VIEW ] F:\wamp\www\shop/application/index\view\goods\goods.htm [ array (
  0 => 'helpCateRes',
  1 => 'shopInfoRes',
  2 => 'navRes',
  3 => 'configs',
  4 => 'cateRes',
  5 => 'show_right',
  6 => 'goodsInfo',
  7 => 'goodsPhotoRes',
  8 => 'uniAttrArr',
  9 => 'radioAttrArr',
) ]
[ info ] [ LOG ] INIT File
[ sql ] [ DB ] CONNECT:[ UseTime:0.042003s ] mysql:host=127.0.0.1;dbname=tpshop;charset=utf8
[ sql ] [ SQL ] SHOW COLUMNS FROM `tp_category` [ RunTime:0.010000s ]
[ sql ] [ SQL ] SELECT * FROM `tp_category` WHERE  `pid` = 0 ORDER BY sort ASC [ RunTime:0.000000s ]
[ sql ] [ SQL ] SELECT * FROM `tp_category` WHERE  `pid` = 7 [ RunTime:0.001000s ]
[ sql ] [ SQL ] SELECT * FROM `tp_category` WHERE  `pid` = 2 [ RunTime:0.000000s ]
[ sql ] [ SQL ] SELECT * FROM `tp_category` WHERE  `pid` = 33 [ RunTime:0.000000s ]
[ sql ] [ SQL ] SHOW COLUMNS FROM `tp_goods` [ RunTime:0.007000s ]
[ sql ] [ SQL ] SELECT * FROM `tp_goods` WHERE  `id` = 0 LIMIT 1 [ RunTime:0.001000s ]
[ sql ] [ SQL ] SHOW COLUMNS FROM `tp_goods_photo` [ RunTime:0.006000s ]
[ sql ] [ SQL ] SELECT `sm_photo`,`mid_photo`,`big_photo`,`og_photo` FROM `tp_goods_photo` WHERE  `goods_id` = 0 [ RunTime:0.000000s ]
[ sql ] [ SQL ] SHOW COLUMNS FROM `tp_goods_attr` [ RunTime:0.017001s ]
[ sql ] [ SQL ] SELECT `ga`.*,`a`.`attr_name`,`a`.`attr_type` FROM `tp_goods_attr` `ga` INNER JOIN `tp_attr` `a` ON `ga`.`attr_id`=`a`.`id` WHERE  `ga`.`goods_id` = 'favicon.ico' [ RunTime:0.036002s ]
[ error ] [8]未定义数组索引: og_photo[F:\wamp\www\shop\runtime\temp\960c04730610f343658427b1c381c8b6.php:322]
---------------------------------------------------------------
[ 2018-03-27T17:57:22+08:00 ] 127.0.0.1 127.0.0.1 GET /shop/index.php/index/goods/index/id/16
[ info ] 127.0.0.1/shop/index.php/index/goods/index/id/16 [运行时间：0.171010s][吞吐率：5.85req/s] [内存消耗：5,848.71kb] [文件加载：62]
[ info ] [ LANG ] F:\wamp\www\shop\thinkphp\lang\zh-cn.php
[ info ] [ ROUTE ] array (
  'type' => 'module',
  'module' => 
  array (
    0 => 'index',
    1 => 'goods',
    2 => 'index',
  ),
)
[ info ] [ HEADER ] array (
  'host' => '127.0.0.1',
  'connection' => 'keep-alive',
  'cache-control' => 'max-age=0',
  'user-agent' => 'Mozilla/5.0 (Windows NT 6.1; WOW64) AppleWebKit/537.36 (KHTML, like Gecko) Chrome/62.0.3202.89 Safari/537.36',
  'upgrade-insecure-requests' => '1',
  'accept' => 'text/html,application/xhtml+xml,application/xml;q=0.9,image/webp,image/apng,*/*;q=0.8',
  'accept-encoding' => 'gzip, deflate, br',
  'accept-language' => 'zh,zh-CN;q=0.9',
  'cookie' => 'PHPSESSID=48uj11ui4osc4b6p7ftfhge9c3',
)
[ info ] [ PARAM ] array (
  'id' => '16',
)
[ info ] [ DB ] INIT mysql
[ info ] [ CACHE ] INIT File
[ info ] [ RUN ] app\index\controller\Goods->index[ F:\wamp\www\shop\application\index\controller\Goods.php ]
[ info ] [ VIEW ] F:\wamp\www\shop/application/index\view\goods\goods.htm [ array (
  0 => 'helpCateRes',
  1 => 'shopInfoRes',
  2 => 'navRes',
  3 => 'configs',
  4 => 'cateRes',
  5 => 'show_right',
  6 => 'goodsInfo',
  7 => 'goodsPhotoRes',
  8 => 'uniAttrArr',
  9 => 'radioAttrArr',
) ]
[ info ] [ LOG ] INIT File
[ sql ] [ DB ] CONNECT:[ UseTime:0.001001s ] mysql:host=127.0.0.1;dbname=tpshop;charset=utf8
[ sql ] [ SQL ] SHOW COLUMNS FROM `tp_category` [ RunTime:0.007000s ]
[ sql ] [ SQL ] SELECT * FROM `tp_category` WHERE  `pid` = 0 ORDER BY sort ASC [ RunTime:0.001000s ]
[ sql ] [ SQL ] SELECT * FROM `tp_category` WHERE  `pid` = 7 [ RunTime:0.000000s ]
[ sql ] [ SQL ] SELECT * FROM `tp_category` WHERE  `pid` = 2 [ RunTime:0.000000s ]
[ sql ] [ SQL ] SELECT * FROM `tp_category` WHERE  `pid` = 33 [ RunTime:0.001000s ]
[ sql ] [ SQL ] SHOW COLUMNS FROM `tp_goods` [ RunTime:0.006001s ]
[ sql ] [ SQL ] SELECT * FROM `tp_goods` WHERE  `id` = 16 LIMIT 1 [ RunTime:0.001000s ]
[ sql ] [ SQL ] SHOW COLUMNS FROM `tp_goods_photo` [ RunTime:0.007000s ]
[ sql ] [ SQL ] SELECT `sm_photo`,`mid_photo`,`big_photo`,`og_photo` FROM `tp_goods_photo` WHERE  `goods_id` = 16 [ RunTime:0.001000s ]
[ sql ] [ SQL ] SHOW COLUMNS FROM `tp_goods_attr` [ RunTime:0.007001s ]
[ sql ] [ SQL ] SELECT `ga`.*,`a`.`attr_name`,`a`.`attr_type` FROM `tp_goods_attr` `ga` INNER JOIN `tp_attr` `a` ON `ga`.`attr_id`=`a`.`id` WHERE  `ga`.`goods_id` = '16' [ RunTime:0.001000s ]
---------------------------------------------------------------
[ 2018-03-27T17:57:22+08:00 ] 127.0.0.1 127.0.0.1 GET /shop/public/static/index/js/perfect-scrollbar/perfect-scrollbar.min.css
[ info ] 127.0.0.1/shop/public/static/index/js/perfect-scrollbar/perfect-scrollbar.min.css [运行时间：0.069004s][吞吐率：14.49req/s] [内存消耗：2,568.11kb] [文件加载：40]
[ info ] [ LANG ] F:\wamp\www\shop\thinkphp\lang\zh-cn.php
[ info ] [ ROUTE ] array (
  'type' => 'module',
  'module' => 
  array (
    0 => 'static',
    1 => 'index',
    2 => 'js',
  ),
)
[ info ] [ HEADER ] array (
  'host' => '127.0.0.1',
  'connection' => 'keep-alive',
  'user-agent' => 'Mozilla/5.0 (Windows NT 6.1; WOW64) AppleWebKit/537.36 (KHTML, like Gecko) Chrome/62.0.3202.89 Safari/537.36',
  'accept' => 'text/css,*/*;q=0.1',
  'referer' => 'http://127.0.0.1/shop/index.php/index/goods/index/id/16',
  'accept-encoding' => 'gzip, deflate, br',
  'accept-language' => 'zh,zh-CN;q=0.9',
  'cookie' => 'PHPSESSID=48uj11ui4osc4b6p7ftfhge9c3',
)
[ info ] [ PARAM ] array (
  'scrollbar' => 'perfect-scrollbar.min.css',
)
[ info ] [ LOG ] INIT File
---------------------------------------------------------------
[ 2018-03-27T17:57:22+08:00 ] 127.0.0.1 127.0.0.1 GET /shop/public/static/index/js/calendar/calendar.min.css
[ info ] 127.0.0.1/shop/public/static/index/js/calendar/calendar.min.css [运行时间：0.099006s][吞吐率：10.10req/s] [内存消耗：2,567.88kb] [文件加载：40]
[ info ] [ LANG ] F:\wamp\www\shop\thinkphp\lang\zh-cn.php
[ info ] [ ROUTE ] array (
  'type' => 'module',
  'module' => 
  array (
    0 => 'static',
    1 => 'index',
    2 => 'js',
  ),
)
[ info ] [ HEADER ] array (
  'host' => '127.0.0.1',
  'connection' => 'keep-alive',
  'user-agent' => 'Mozilla/5.0 (Windows NT 6.1; WOW64) AppleWebKit/537.36 (KHTML, like Gecko) Chrome/62.0.3202.89 Safari/537.36',
  'accept' => 'text/css,*/*;q=0.1',
  'referer' => 'http://127.0.0.1/shop/index.php/index/goods/index/id/16',
  'accept-encoding' => 'gzip, deflate, br',
  'accept-language' => 'zh,zh-CN;q=0.9',
  'cookie' => 'PHPSESSID=48uj11ui4osc4b6p7ftfhge9c3',
)
[ info ] [ PARAM ] array (
  'calendar' => 'calendar.min.css',
)
[ info ] [ LOG ] INIT File
---------------------------------------------------------------
[ 2018-03-27T17:57:22+08:00 ] 127.0.0.1 127.0.0.1 GET /shop/public/static/index/js/calendar.php?lang=
[ info ] 127.0.0.1/shop/public/static/index/js/calendar.php?lang= [运行时间：0.071004s][吞吐率：14.08req/s] [内存消耗：2,567.59kb] [文件加载：40]
[ info ] [ LANG ] F:\wamp\www\shop\thinkphp\lang\zh-cn.php
[ info ] [ ROUTE ] array (
  'type' => 'module',
  'module' => 
  array (
    0 => 'static',
    1 => 'index',
    2 => 'js',
  ),
)
[ info ] [ HEADER ] array (
  'host' => '127.0.0.1',
  'connection' => 'keep-alive',
  'user-agent' => 'Mozilla/5.0 (Windows NT 6.1; WOW64) AppleWebKit/537.36 (KHTML, like Gecko) Chrome/62.0.3202.89 Safari/537.36',
  'accept' => '*/*',
  'referer' => 'http://127.0.0.1/shop/index.php/index/goods/index/id/16',
  'accept-encoding' => 'gzip, deflate, br',
  'accept-language' => 'zh,zh-CN;q=0.9',
  'cookie' => 'PHPSESSID=48uj11ui4osc4b6p7ftfhge9c3',
)
[ info ] [ PARAM ] array (
  'lang' => '',
)
[ info ] [ LOG ] INIT File
---------------------------------------------------------------
[ 2018-03-27T17:57:23+08:00 ] 127.0.0.1 127.0.0.1 GET /shop/public/static/index/img/summary-bg.jpg
[ info ] 127.0.0.1/shop/public/static/index/img/summary-bg.jpg [运行时间：0.041002s][吞吐率：24.39req/s] [内存消耗：2,567.19kb] [文件加载：40]
[ info ] [ LANG ] F:\wamp\www\shop\thinkphp\lang\zh-cn.php
[ info ] [ ROUTE ] array (
  'type' => 'module',
  'module' => 
  array (
    0 => 'static',
    1 => 'index',
    2 => 'img',
  ),
)
[ info ] [ HEADER ] array (
  'host' => '127.0.0.1',
  'connection' => 'keep-alive',
  'user-agent' => 'Mozilla/5.0 (Windows NT 6.1; WOW64) AppleWebKit/537.36 (KHTML, like Gecko) Chrome/62.0.3202.89 Safari/537.36',
  'accept' => 'image/webp,image/apng,image/*,*/*;q=0.8',
  'referer' => 'http://127.0.0.1/shop/public/static/index/css/style.css',
  'accept-encoding' => 'gzip, deflate, br',
  'accept-language' => 'zh,zh-CN;q=0.9',
  'cookie' => 'PHPSESSID=48uj11ui4osc4b6p7ftfhge9c3',
)
[ info ] [ PARAM ] array (
)
[ info ] [ LOG ] INIT File
---------------------------------------------------------------
[ 2018-03-27T17:57:23+08:00 ] 127.0.0.1 127.0.0.1 GET /shop/public/static/index/img/prompt/not-imp.png
[ info ] 127.0.0.1/shop/public/static/index/img/prompt/not-imp.png [运行时间：0.084005s][吞吐率：11.90req/s] [内存消耗：2,568.05kb] [文件加载：40]
[ info ] [ LANG ] F:\wamp\www\shop\thinkphp\lang\zh-cn.php
[ info ] [ ROUTE ] array (
  'type' => 'module',
  'module' => 
  array (
    0 => 'static',
    1 => 'index',
    2 => 'img',
  ),
)
[ info ] [ HEADER ] array (
  'host' => '127.0.0.1',
  'connection' => 'keep-alive',
  'user-agent' => 'Mozilla/5.0 (Windows NT 6.1; WOW64) AppleWebKit/537.36 (KHTML, like Gecko) Chrome/62.0.3202.89 Safari/537.36',
  'accept' => 'image/webp,image/apng,image/*,*/*;q=0.8',
  'referer' => 'http://127.0.0.1/shop/public/static/index/css/style.css',
  'accept-encoding' => 'gzip, deflate, br',
  'accept-language' => 'zh,zh-CN;q=0.9',
  'cookie' => 'PHPSESSID=48uj11ui4osc4b6p7ftfhge9c3',
)
[ info ] [ PARAM ] array (
  'prompt' => 'not-imp.png',
)
[ info ] [ LOG ] INIT File
---------------------------------------------------------------
[ 2018-03-27T17:57:23+08:00 ] 127.0.0.1 127.0.0.1 GET /shop/public/static/index/js/calendar.php?lang=
[ info ] 127.0.0.1/shop/public/static/index/js/calendar.php?lang= [运行时间：0.054004s][吞吐率：18.52req/s] [内存消耗：2,567.59kb] [文件加载：40]
[ info ] [ LANG ] F:\wamp\www\shop\thinkphp\lang\zh-cn.php
[ info ] [ ROUTE ] array (
  'type' => 'module',
  'module' => 
  array (
    0 => 'static',
    1 => 'index',
    2 => 'js',
  ),
)
[ info ] [ HEADER ] array (
  'host' => '127.0.0.1',
  'connection' => 'keep-alive',
  'user-agent' => 'Mozilla/5.0 (Windows NT 6.1; WOW64) AppleWebKit/537.36 (KHTML, like Gecko) Chrome/62.0.3202.89 Safari/537.36',
  'accept' => '*/*',
  'referer' => 'http://127.0.0.1/shop/index.php/index/goods/index/id/16',
  'accept-encoding' => 'gzip, deflate, br',
  'accept-language' => 'zh,zh-CN;q=0.9',
  'cookie' => 'PHPSESSID=48uj11ui4osc4b6p7ftfhge9c3',
)
[ info ] [ PARAM ] array (
  'lang' => '',
)
[ info ] [ LOG ] INIT File
---------------------------------------------------------------
[ 2018-03-27T17:57:23+08:00 ] 127.0.0.1 127.0.0.1 POST /shop/index.php/index/goods/ajaxgetmemberprice.html
[ info ] 127.0.0.1/shop/index.php/index/goods/ajaxgetmemberprice.html [运行时间：0.287016s][吞吐率：3.48req/s] [内存消耗：5,660.14kb] [文件加载：61]
[ info ] [ LANG ] F:\wamp\www\shop\thinkphp\lang\zh-cn.php
[ info ] [ ROUTE ] array (
  'type' => 'module',
  'module' => 
  array (
    0 => 'index',
    1 => 'goods',
    2 => 'ajaxgetmemberprice',
  ),
)
[ info ] [ HEADER ] array (
  'host' => '127.0.0.1',
  'connection' => 'keep-alive',
  'content-length' => '11',
  'accept' => 'application/json, text/javascript, */*; q=0.01',
  'origin' => 'http://127.0.0.1',
  'x-requested-with' => 'XMLHttpRequest',
  'user-agent' => 'Mozilla/5.0 (Windows NT 6.1; WOW64) AppleWebKit/537.36 (KHTML, like Gecko) Chrome/62.0.3202.89 Safari/537.36',
  'content-type' => 'application/x-www-form-urlencoded; charset=UTF-8',
  'referer' => 'http://127.0.0.1/shop/index.php/index/goods/index/id/16',
  'accept-encoding' => 'gzip, deflate, br',
  'accept-language' => 'zh,zh-CN;q=0.9',
  'cookie' => 'PHPSESSID=48uj11ui4osc4b6p7ftfhge9c3',
)
[ info ] [ PARAM ] array (
  'goods_id' => '16',
)
[ info ] [ DB ] INIT mysql
[ info ] [ CACHE ] INIT File
[ info ] [ RUN ] app\index\controller\Goods->ajaxGetMemberPrice[ F:\wamp\www\shop\application\index\controller\Goods.php ]
[ info ] [ SESSION ] INIT array (
  'id' => '',
  'var_session_id' => '',
  'prefix' => 'think',
  'type' => '',
  'auto_start' => true,
)
[ info ] [ LOG ] INIT File
[ sql ] [ DB ] CONNECT:[ UseTime:0.002000s ] mysql:host=127.0.0.1;dbname=tpshop;charset=utf8
[ sql ] [ SQL ] SHOW COLUMNS FROM `tp_category` [ RunTime:0.015000s ]
[ sql ] [ SQL ] SELECT * FROM `tp_category` WHERE  `pid` = 0 ORDER BY sort ASC [ RunTime:0.002000s ]
[ sql ] [ SQL ] SELECT * FROM `tp_category` WHERE  `pid` = 7 [ RunTime:0.001000s ]
[ sql ] [ SQL ] SELECT * FROM `tp_category` WHERE  `pid` = 2 [ RunTime:0.001001s ]
[ sql ] [ SQL ] SELECT * FROM `tp_category` WHERE  `pid` = 33 [ RunTime:0.001000s ]
[ sql ] [ SQL ] SHOW COLUMNS FROM `tp_goods` [ RunTime:0.019001s ]
[ sql ] [ SQL ] SELECT * FROM `tp_goods` WHERE  `id` = 16 LIMIT 1 [ RunTime:0.149009s ]
---------------------------------------------------------------
[ 2018-03-27T17:57:23+08:00 ] 127.0.0.1 127.0.0.1 GET /shop/index.php/member/account/checklogin.html
[ info ] 127.0.0.1/shop/index.php/member/account/checklogin.html [运行时间：0.287016s][吞吐率：3.48req/s] [内存消耗：5,772.84kb] [文件加载：62]
[ info ] [ LANG ] F:\wamp\www\shop\thinkphp\lang\zh-cn.php
[ info ] [ ROUTE ] array (
  'type' => 'module',
  'module' => 
  array (
    0 => 'member',
    1 => 'account',
    2 => 'checklogin',
  ),
)
[ info ] [ HEADER ] array (
  'host' => '127.0.0.1',
  'connection' => 'keep-alive',
  'accept' => 'application/json, text/javascript, */*; q=0.01',
  'x-requested-with' => 'XMLHttpRequest',
  'user-agent' => 'Mozilla/5.0 (Windows NT 6.1; WOW64) AppleWebKit/537.36 (KHTML, like Gecko) Chrome/62.0.3202.89 Safari/537.36',
  'referer' => 'http://127.0.0.1/shop/index.php/index/goods/index/id/16',
  'accept-encoding' => 'gzip, deflate, br',
  'accept-language' => 'zh,zh-CN;q=0.9',
  'cookie' => 'PHPSESSID=48uj11ui4osc4b6p7ftfhge9c3',
)
[ info ] [ PARAM ] array (
)
[ info ] [ DB ] INIT mysql
[ info ] [ CACHE ] INIT File
[ info ] [ RUN ] app\member\controller\Account->checkLogin[ F:\wamp\www\shop\application\member\controller\Account.php ]
[ info ] [ SESSION ] INIT array (
  'id' => '',
  'var_session_id' => '',
  'prefix' => 'think',
  'type' => '',
  'auto_start' => true,
)
[ info ] [ LOG ] INIT File
[ sql ] [ DB ] CONNECT:[ UseTime:0.002000s ] mysql:host=127.0.0.1;dbname=tpshop;charset=utf8
[ sql ] [ SQL ] SHOW COLUMNS FROM `tp_category` [ RunTime:0.010001s ]
[ sql ] [ SQL ] SELECT * FROM `tp_category` WHERE  `pid` = 0 ORDER BY sort ASC [ RunTime:0.001000s ]
[ sql ] [ SQL ] SELECT * FROM `tp_category` WHERE  `pid` = 7 [ RunTime:0.013001s ]
[ sql ] [ SQL ] SELECT * FROM `tp_category` WHERE  `pid` = 2 [ RunTime:0.054003s ]
[ sql ] [ SQL ] SELECT * FROM `tp_category` WHERE  `pid` = 33 [ RunTime:0.001000s ]
---------------------------------------------------------------
[ 2018-03-27T17:57:23+08:00 ] 127.0.0.1 127.0.0.1 GET /shop/index.php/index/goods/index/id/favicon.ico
[ info ] 127.0.0.1/shop/index.php/index/goods/index/id/favicon.ico [运行时间：0.226013s][吞吐率：4.42req/s] [内存消耗：5,854.58kb] [文件加载：66]
[ info ] [ LANG ] F:\wamp\www\shop\thinkphp\lang\zh-cn.php
[ info ] [ ROUTE ] array (
  'type' => 'module',
  'module' => 
  array (
    0 => 'index',
    1 => 'goods',
    2 => 'index',
  ),
)
[ info ] [ HEADER ] array (
  'host' => '127.0.0.1',
  'connection' => 'keep-alive',
  'pragma' => 'no-cache',
  'cache-control' => 'no-cache',
  'user-agent' => 'Mozilla/5.0 (Windows NT 6.1; WOW64) AppleWebKit/537.36 (KHTML, like Gecko) Chrome/62.0.3202.89 Safari/537.36',
  'accept' => 'image/webp,image/apng,image/*,*/*;q=0.8',
  'referer' => 'http://127.0.0.1/shop/index.php/index/goods/index/id/16',
  'accept-encoding' => 'gzip, deflate, br',
  'accept-language' => 'zh,zh-CN;q=0.9',
  'cookie' => 'PHPSESSID=48uj11ui4osc4b6p7ftfhge9c3',
)
[ info ] [ PARAM ] array (
  'id' => 'favicon.ico',
)
[ info ] [ DB ] INIT mysql
[ info ] [ CACHE ] INIT File
[ info ] [ RUN ] app\index\controller\Goods->index[ F:\wamp\www\shop\application\index\controller\Goods.php ]
[ info ] [ VIEW ] F:\wamp\www\shop/application/index\view\goods\goods.htm [ array (
  0 => 'helpCateRes',
  1 => 'shopInfoRes',
  2 => 'navRes',
  3 => 'configs',
  4 => 'cateRes',
  5 => 'show_right',
  6 => 'goodsInfo',
  7 => 'goodsPhotoRes',
  8 => 'uniAttrArr',
  9 => 'radioAttrArr',
) ]
[ info ] [ LOG ] INIT File
[ sql ] [ DB ] CONNECT:[ UseTime:0.001001s ] mysql:host=127.0.0.1;dbname=tpshop;charset=utf8
[ sql ] [ SQL ] SHOW COLUMNS FROM `tp_category` [ RunTime:0.008000s ]
[ sql ] [ SQL ] SELECT * FROM `tp_category` WHERE  `pid` = 0 ORDER BY sort ASC [ RunTime:0.001000s ]
[ sql ] [ SQL ] SELECT * FROM `tp_category` WHERE  `pid` = 7 [ RunTime:0.001000s ]
[ sql ] [ SQL ] SELECT * FROM `tp_category` WHERE  `pid` = 2 [ RunTime:0.000000s ]
[ sql ] [ SQL ] SELECT * FROM `tp_category` WHERE  `pid` = 33 [ RunTime:0.000000s ]
[ sql ] [ SQL ] SHOW COLUMNS FROM `tp_goods` [ RunTime:0.023002s ]
[ sql ] [ SQL ] SELECT * FROM `tp_goods` WHERE  `id` = 0 LIMIT 1 [ RunTime:0.000000s ]
[ sql ] [ SQL ] SHOW COLUMNS FROM `tp_goods_photo` [ RunTime:0.006000s ]
[ sql ] [ SQL ] SELECT `sm_photo`,`mid_photo`,`big_photo`,`og_photo` FROM `tp_goods_photo` WHERE  `goods_id` = 0 [ RunTime:0.001000s ]
[ sql ] [ SQL ] SHOW COLUMNS FROM `tp_goods_attr` [ RunTime:0.015001s ]
[ sql ] [ SQL ] SELECT `ga`.*,`a`.`attr_name`,`a`.`attr_type` FROM `tp_goods_attr` `ga` INNER JOIN `tp_attr` `a` ON `ga`.`attr_id`=`a`.`id` WHERE  `ga`.`goods_id` = 'favicon.ico' [ RunTime:0.000000s ]
[ error ] [8]未定义数组索引: og_photo[F:\wamp\www\shop\runtime\temp\960c04730610f343658427b1c381c8b6.php:322]
---------------------------------------------------------------
[ 2018-03-27T17:58:12+08:00 ] 127.0.0.1 127.0.0.1 GET /shop/index.php/admn
[ info ] 127.0.0.1/shop/index.php/admn [运行时间：0.083005s][吞吐率：12.05req/s] [内存消耗：2,567.32kb] [文件加载：40]
[ info ] [ LANG ] F:\wamp\www\shop\thinkphp\lang\zh-cn.php
[ info ] [ ROUTE ] array (
  'type' => 'module',
  'module' => 
  array (
    0 => 'admn',
    1 => NULL,
    2 => NULL,
  ),
)
[ info ] [ HEADER ] array (
  'host' => '127.0.0.1',
  'connection' => 'keep-alive',
  'user-agent' => 'Mozilla/5.0 (Windows NT 6.1; WOW64) AppleWebKit/537.36 (KHTML, like Gecko) Chrome/62.0.3202.89 Safari/537.36',
  'upgrade-insecure-requests' => '1',
  'accept' => 'text/html,application/xhtml+xml,application/xml;q=0.9,image/webp,image/apng,*/*;q=0.8',
  'accept-encoding' => 'gzip, deflate, br',
  'accept-language' => 'zh,zh-CN;q=0.9',
  'cookie' => 'PHPSESSID=48uj11ui4osc4b6p7ftfhge9c3',
)
[ info ] [ PARAM ] array (
)
[ info ] [ LOG ] INIT File
---------------------------------------------------------------
[ 2018-03-27T17:58:16+08:00 ] 127.0.0.1 127.0.0.1 GET /shop/index.php/admin
[ info ] 127.0.0.1/shop/index.php/admin [运行时间：0.153009s][吞吐率：6.54req/s] [内存消耗：3,162.48kb] [文件加载：47]
[ info ] [ LANG ] F:\wamp\www\shop\thinkphp\lang\zh-cn.php
[ info ] [ ROUTE ] array (
  'type' => 'module',
  'module' => 
  array (
    0 => 'admin',
    1 => NULL,
    2 => NULL,
  ),
)
[ info ] [ HEADER ] array (
  'host' => '127.0.0.1',
  'connection' => 'keep-alive',
  'user-agent' => 'Mozilla/5.0 (Windows NT 6.1; WOW64) AppleWebKit/537.36 (KHTML, like Gecko) Chrome/62.0.3202.89 Safari/537.36',
  'upgrade-insecure-requests' => '1',
  'accept' => 'text/html,application/xhtml+xml,application/xml;q=0.9,image/webp,image/apng,*/*;q=0.8',
  'accept-encoding' => 'gzip, deflate, br',
  'accept-language' => 'zh,zh-CN;q=0.9',
  'cookie' => 'PHPSESSID=48uj11ui4osc4b6p7ftfhge9c3',
)
[ info ] [ PARAM ] array (
)
[ info ] [ RUN ] app\admin\controller\Index->index[ F:\wamp\www\shop\application\admin\controller\Index.php ]
[ info ] [ VIEW ] F:\wamp\www\shop/application/admin\view\index\index.htm [ array (
) ]
[ info ] [ LOG ] INIT File
---------------------------------------------------------------
[ 2018-03-27T17:58:20+08:00 ] 127.0.0.1 127.0.0.1 GET /shop/index.php/admin
[ info ] 127.0.0.1/shop/index.php/admin [运行时间：0.092005s][吞吐率：10.87req/s] [内存消耗：3,162.41kb] [文件加载：47]
[ info ] [ LANG ] F:\wamp\www\shop\thinkphp\lang\zh-cn.php
[ info ] [ ROUTE ] array (
  'type' => 'module',
  'module' => 
  array (
    0 => 'admin',
    1 => NULL,
    2 => NULL,
  ),
)
[ info ] [ HEADER ] array (
  'host' => '127.0.0.1',
  'connection' => 'keep-alive',
  'cache-control' => 'max-age=0',
  'user-agent' => 'Mozilla/5.0 (Windows NT 6.1; WOW64) AppleWebKit/537.36 (KHTML, like Gecko) Chrome/62.0.3202.89 Safari/537.36',
  'upgrade-insecure-requests' => '1',
  'accept' => 'text/html,application/xhtml+xml,application/xml;q=0.9,image/webp,image/apng,*/*;q=0.8',
  'accept-encoding' => 'gzip, deflate, br',
  'accept-language' => 'zh,zh-CN;q=0.9',
  'cookie' => 'PHPSESSID=48uj11ui4osc4b6p7ftfhge9c3',
)
[ info ] [ PARAM ] array (
)
[ info ] [ RUN ] app\admin\controller\Index->index[ F:\wamp\www\shop\application\admin\controller\Index.php ]
[ info ] [ VIEW ] F:\wamp\www\shop/application/admin\view\index\index.htm [ array (
) ]
[ info ] [ LOG ] INIT File
---------------------------------------------------------------
[ 2018-03-27T17:58:20+08:00 ] 127.0.0.1 127.0.0.1 GET /shop/public/static/admin/fonts/fontawesome-webfont.woff2?v=4.3.0
[ info ] 127.0.0.1/shop/public/static/admin/fonts/fontawesome-webfont.woff2?v=4.3.0 [运行时间：0.053003s][吞吐率：18.87req/s] [内存消耗：2,567.90kb] [文件加载：40]
[ info ] [ LANG ] F:\wamp\www\shop\thinkphp\lang\zh-cn.php
[ info ] [ ROUTE ] array (
  'type' => 'module',
  'module' => 
  array (
    0 => 'static',
    1 => 'admin',
    2 => 'fonts',
  ),
)
[ info ] [ HEADER ] array (
  'host' => '127.0.0.1',
  'connection' => 'keep-alive',
  'origin' => 'http://127.0.0.1',
  'user-agent' => 'Mozilla/5.0 (Windows NT 6.1; WOW64) AppleWebKit/537.36 (KHTML, like Gecko) Chrome/62.0.3202.89 Safari/537.36',
  'accept' => '*/*',
  'referer' => 'http://127.0.0.1/shop/public/static/admin/style/font-awesome.css',
  'accept-encoding' => 'gzip, deflate, br',
  'accept-language' => 'zh,zh-CN;q=0.9',
  'cookie' => 'PHPSESSID=48uj11ui4osc4b6p7ftfhge9c3',
)
[ info ] [ PARAM ] array (
  'v' => '4.3.0',
)
[ info ] [ LOG ] INIT File
