---------------------------------------------------------------
[ 2018-03-29T16:55:28+08:00 ] 127.0.0.1 127.0.0.1 GET /shop/index.php/admin
[ info ] 127.0.0.1/shop/index.php/admin [运行时间：2.244128s][吞吐率：0.45req/s] [内存消耗：3,161.72kb] [文件加载：47]
[ info ] [ LANG ] F:\wamp\www\shop\thinkphp\lang\zh-cn.php
[ info ] [ ROUTE ] array (
  'type' => 'module',
  'module' => 
  array (
    0 => 'admin',
    1 => NULL,
    2 => NULL,
  ),
)
[ info ] [ HEADER ] array (
  'host' => '127.0.0.1',
  'connection' => 'keep-alive',
  'upgrade-insecure-requests' => '1',
  'user-agent' => 'Mozilla/5.0 (Windows NT 6.1; WOW64) AppleWebKit/537.36 (KHTML, like Gecko) Chrome/62.0.3202.89 Safari/537.36',
  'accept' => 'text/html,application/xhtml+xml,application/xml;q=0.9,image/webp,image/apng,*/*;q=0.8',
  'accept-encoding' => 'gzip, deflate, br',
  'accept-language' => 'zh,zh-CN;q=0.9',
)
[ info ] [ PARAM ] array (
)
[ info ] [ RUN ] app\admin\controller\Index->index[ F:\wamp\www\shop\application\admin\controller\Index.php ]
[ info ] [ VIEW ] F:\wamp\www\shop/application/admin\view\index\index.htm [ array (
) ]
[ info ] [ LOG ] INIT File
---------------------------------------------------------------
[ 2018-03-29T16:55:31+08:00 ] 127.0.0.1 127.0.0.1 GET /shop/public/static/admin/fonts/fontawesome-webfont.woff2?v=4.3.0
[ info ] 127.0.0.1/shop/public/static/admin/fonts/fontawesome-webfont.woff2?v=4.3.0 [运行时间：0.850048s][吞吐率：1.18req/s] [内存消耗：2,567.52kb] [文件加载：40]
[ info ] [ LANG ] F:\wamp\www\shop\thinkphp\lang\zh-cn.php
[ info ] [ ROUTE ] array (
  'type' => 'module',
  'module' => 
  array (
    0 => 'static',
    1 => 'admin',
    2 => 'fonts',
  ),
)
[ info ] [ HEADER ] array (
  'host' => '127.0.0.1',
  'connection' => 'keep-alive',
  'origin' => 'http://127.0.0.1',
  'user-agent' => 'Mozilla/5.0 (Windows NT 6.1; WOW64) AppleWebKit/537.36 (KHTML, like Gecko) Chrome/62.0.3202.89 Safari/537.36',
  'accept' => '*/*',
  'referer' => 'http://127.0.0.1/shop/public/static/admin/style/font-awesome.css',
  'accept-encoding' => 'gzip, deflate, br',
  'accept-language' => 'zh,zh-CN;q=0.9',
)
[ info ] [ PARAM ] array (
  'v' => '4.3.0',
)
[ info ] [ LOG ] INIT File
---------------------------------------------------------------
[ 2018-03-29T16:55:54+08:00 ] 127.0.0.1 127.0.0.1 GET /shop/index.php/
[ info ] 127.0.0.1/shop/index.php/ [运行时间：11.305647s][吞吐率：0.09req/s] [内存消耗：6,419.05kb] [文件加载：67]
[ info ] [ LANG ] F:\wamp\www\shop\thinkphp\lang\zh-cn.php
[ info ] [ ROUTE ] array (
  'type' => 'module',
  'module' => 
  array (
    0 => '',
    1 => NULL,
    2 => NULL,
  ),
)
[ info ] [ HEADER ] array (
  'host' => '127.0.0.1',
  'connection' => 'keep-alive',
  'upgrade-insecure-requests' => '1',
  'user-agent' => 'Mozilla/5.0 (Windows NT 6.1; WOW64) AppleWebKit/537.36 (KHTML, like Gecko) Chrome/62.0.3202.89 Safari/537.36',
  'accept' => 'text/html,application/xhtml+xml,application/xml;q=0.9,image/webp,image/apng,*/*;q=0.8',
  'accept-encoding' => 'gzip, deflate, br',
  'accept-language' => 'zh,zh-CN;q=0.9',
)
[ info ] [ PARAM ] array (
)
[ info ] [ DB ] INIT mysql
[ info ] [ CACHE ] INIT File
[ info ] [ RUN ] app\index\controller\Index->index[ F:\wamp\www\shop\application\index\controller\Index.php ]
[ info ] [ VIEW ] F:\wamp\www\shop/application/index\view\index\index.htm [ array (
  0 => 'helpCateRes',
  1 => 'shopInfoRes',
  2 => 'navRes',
  3 => 'configs',
  4 => 'cateRes',
  5 => 'show_right',
  6 => 'show_nav',
  7 => 'categoryRes',
  8 => 'indexGoodsRes',
  9 => 'anmentRes',
  10 => 'salesRes',
  11 => 'alternateImgRes',
) ]
[ info ] [ LOG ] INIT File
[ sql ] [ DB ] CONNECT:[ UseTime:0.669038s ] mysql:host=127.0.0.1;dbname=tpshop;charset=utf8
[ sql ] [ SQL ] SHOW COLUMNS FROM `tp_cate` [ RunTime:2.507143s ]
[ sql ] [ SQL ] SELECT * FROM `tp_cate` WHERE  `cate_type` = 3 ORDER BY sort DESC [ RunTime:0.238014s ]
[ sql ] [ SQL ] SHOW COLUMNS FROM `tp_article` [ RunTime:0.320018s ]
[ sql ] [ SQL ] SELECT * FROM `tp_article` WHERE  `cate_id` = 4 [ RunTime:0.061004s ]
[ sql ] [ SQL ] SELECT * FROM `tp_article` WHERE  `cate_id` = 5 [ RunTime:0.003000s ]
[ sql ] [ SQL ] SELECT * FROM `tp_article` WHERE  `cate_id` = 7 [ RunTime:0.003000s ]
[ sql ] [ SQL ] SELECT * FROM `tp_article` WHERE  `cate_id` = 16 [ RunTime:0.002000s ]
[ sql ] [ SQL ] SELECT * FROM `tp_article` WHERE  `cate_id` = 17 [ RunTime:0.002000s ]
[ sql ] [ SQL ] SELECT `id`,`title` FROM `tp_article` WHERE  `cate_id` = 3 [ RunTime:0.001000s ]
[ sql ] [ SQL ] SHOW COLUMNS FROM `tp_nav` [ RunTime:0.644036s ]
[ sql ] [ SQL ] SELECT * FROM `tp_nav` ORDER BY sort DESC [ RunTime:0.001001s ]
[ sql ] [ SQL ] SHOW COLUMNS FROM `tp_conf` [ RunTime:0.342020s ]
[ sql ] [ SQL ] SELECT `ename`,`value` FROM `tp_conf` [ RunTime:0.052003s ]
[ sql ] [ SQL ] SHOW COLUMNS FROM `tp_category` [ RunTime:0.159009s ]
[ sql ] [ SQL ] SELECT * FROM `tp_category` WHERE  `pid` = 0 ORDER BY sort ASC [ RunTime:0.047002s ]
[ sql ] [ SQL ] SELECT * FROM `tp_category` WHERE  `pid` = 7 [ RunTime:0.002000s ]
[ sql ] [ SQL ] SELECT * FROM `tp_category` WHERE  `pid` = 2 [ RunTime:0.001000s ]
[ sql ] [ SQL ] SELECT * FROM `tp_category` WHERE  `pid` = 33 [ RunTime:0.001000s ]
[ sql ] [ SQL ] SELECT * FROM `tp_article` WHERE  `cate_id` = 20 ORDER BY id DESC LIMIT 3 [ RunTime:0.002000s ]
[ sql ] [ SQL ] SELECT * FROM `tp_article` WHERE  `cate_id` = 26 ORDER BY id DESC LIMIT 3 [ RunTime:0.002000s ]
[ sql ] [ SQL ] SHOW COLUMNS FROM `tp_rec_item` [ RunTime:0.489028s ]
[ sql ] [ SQL ] SELECT * FROM `tp_rec_item` WHERE  `recpos_id` = 5  AND `value_type` = 2 [ RunTime:0.016001s ]
[ sql ] [ SQL ] SELECT * FROM `tp_category` WHERE  `id` = 2  AND `pid` = 0 LIMIT 1 [ RunTime:0.155009s ]
[ sql ] [ SQL ] SELECT * FROM `tp_category` WHERE  `id` = 7  AND `pid` = 0 LIMIT 1 [ RunTime:0.001000s ]
[ sql ] [ SQL ] SELECT * FROM `tp_category` WHERE  `id` = 8  AND `pid` = 0 LIMIT 1 [ RunTime:0.001000s ]
[ sql ] [ SQL ] SELECT * FROM `tp_category` WHERE  `id` = 9  AND `pid` = 0 LIMIT 1 [ RunTime:0.001000s ]
[ sql ] [ SQL ] SELECT * FROM `tp_category` WHERE  `id` = 21  AND `pid` = 0 LIMIT 1 [ RunTime:0.000000s ]
[ sql ] [ SQL ] SELECT * FROM `tp_rec_item` WHERE  `recpos_id` = 5  AND `value_type` = 2 [ RunTime:0.000000s ]
[ sql ] [ SQL ] SELECT * FROM `tp_category` WHERE  `id` = 2  AND `pid` = 2 LIMIT 1 [ RunTime:0.001000s ]
[ sql ] [ SQL ] SELECT * FROM `tp_category` WHERE  `id` = 7  AND `pid` = 2 LIMIT 1 [ RunTime:0.001000s ]
[ sql ] [ SQL ] SELECT * FROM `tp_category` WHERE  `id` = 8  AND `pid` = 2 LIMIT 1 [ RunTime:0.001000s ]
[ sql ] [ SQL ] SELECT * FROM `tp_category` WHERE  `id` = 9  AND `pid` = 2 LIMIT 1 [ RunTime:0.000000s ]
[ sql ] [ SQL ] SELECT * FROM `tp_category` WHERE  `id` = 21  AND `pid` = 2 LIMIT 1 [ RunTime:0.001000s ]
[ sql ] [ SQL ] SELECT `id`,`pid` FROM `tp_category` [ RunTime:0.001000s ]
[ sql ] [ SQL ] SELECT * FROM `tp_rec_item` WHERE  `value_type` = 1  AND `recpos_id` = 7 [ RunTime:0.001000s ]
[ sql ] [ SQL ] SHOW COLUMNS FROM `tp_goods` [ RunTime:0.337019s ]
[ sql ] [ SQL ] SELECT * FROM `tp_goods` WHERE  `category_id` IN (29,21)  AND `id` IN (10,13,6,9,7,16) ORDER BY id DESC LIMIT 6 [ RunTime:0.210012s ]
[ sql ] [ SQL ] SELECT `id`,`pid` FROM `tp_category` [ RunTime:0.000000s ]
[ sql ] [ SQL ] SELECT * FROM `tp_rec_item` WHERE  `value_type` = 1  AND `recpos_id` = 4 [ RunTime:0.000000s ]
[ sql ] [ SQL ] SELECT * FROM `tp_goods` WHERE  `category_id` IN (6,26,27,28,5,22,23,24,25,21,29,2)  AND `id` IN (11,10,9,7,5,6,8,4,13,2,16) ORDER BY id DESC LIMIT 6 [ RunTime:0.021001s ]
[ sql ] [ SQL ] SHOW COLUMNS FROM `tp_category_brands` [ RunTime:0.157009s ]
[ sql ] [ SQL ] SELECT * FROM `tp_category_brands` WHERE  `category_id` = 2 LIMIT 1 [ RunTime:0.001000s ]
[ sql ] [ SQL ] SHOW COLUMNS FROM `tp_brand` [ RunTime:0.320019s ]
[ sql ] [ SQL ] SELECT * FROM `tp_brand` WHERE  `id` = 3 LIMIT 1 [ RunTime:0.076004s ]
[ sql ] [ SQL ] SHOW COLUMNS FROM `tp_category_ad` [ RunTime:0.219012s ]
[ sql ] [ SQL ] SELECT * FROM `tp_category_ad` WHERE  `category_id` = 2 [ RunTime:0.038002s ]
[ sql ] [ SQL ] SELECT * FROM `tp_rec_item` WHERE  `recpos_id` = 5  AND `value_type` = 2 [ RunTime:0.002000s ]
[ sql ] [ SQL ] SELECT * FROM `tp_category` WHERE  `id` = 2  AND `pid` = 7 LIMIT 1 [ RunTime:0.001000s ]
[ sql ] [ SQL ] SELECT * FROM `tp_category` WHERE  `id` = 7  AND `pid` = 7 LIMIT 1 [ RunTime:0.001000s ]
[ sql ] [ SQL ] SELECT * FROM `tp_category` WHERE  `id` = 8  AND `pid` = 7 LIMIT 1 [ RunTime:0.002000s ]
[ sql ] [ SQL ] SELECT * FROM `tp_category` WHERE  `id` = 9  AND `pid` = 7 LIMIT 1 [ RunTime:0.001000s ]
[ sql ] [ SQL ] SELECT * FROM `tp_category` WHERE  `id` = 21  AND `pid` = 7 LIMIT 1 [ RunTime:0.003000s ]
[ sql ] [ SQL ] SELECT `id`,`pid` FROM `tp_category` [ RunTime:0.001000s ]
[ sql ] [ SQL ] SELECT * FROM `tp_rec_item` WHERE  `value_type` = 1  AND `recpos_id` = 7 [ RunTime:0.001000s ]
[ sql ] [ SQL ] SELECT * FROM `tp_goods` WHERE  `category_id` IN (11,12,13,14,8)  AND `id` IN (10,13,6,9,7,16) ORDER BY id DESC LIMIT 6 [ RunTime:0.002000s ]
[ sql ] [ SQL ] SELECT `id`,`pid` FROM `tp_category` [ RunTime:0.000000s ]
[ sql ] [ SQL ] SELECT * FROM `tp_rec_item` WHERE  `value_type` = 1  AND `recpos_id` = 7 [ RunTime:0.001000s ]
[ sql ] [ SQL ] SELECT * FROM `tp_goods` WHERE  `category_id` IN (15,16,17,9)  AND `id` IN (10,13,6,9,7,16) ORDER BY id DESC LIMIT 6 [ RunTime:0.000000s ]
[ sql ] [ SQL ] SELECT `id`,`pid` FROM `tp_category` [ RunTime:0.001000s ]
[ sql ] [ SQL ] SELECT * FROM `tp_rec_item` WHERE  `value_type` = 1  AND `recpos_id` = 4 [ RunTime:0.000000s ]
[ sql ] [ SQL ] SELECT * FROM `tp_goods` WHERE  `category_id` IN (8,11,12,13,14,9,15,16,17,10,18,19,20,7)  AND `id` IN (11,10,9,7,5,6,8,4,13,2,16) ORDER BY id DESC LIMIT 6 [ RunTime:0.001000s ]
[ sql ] [ SQL ] SELECT * FROM `tp_category_brands` WHERE  `category_id` = 7 LIMIT 1 [ RunTime:0.001000s ]
[ sql ] [ SQL ] SELECT * FROM `tp_brand` WHERE  `id` = 3 LIMIT 1 [ RunTime:0.001000s ]
[ sql ] [ SQL ] SELECT * FROM `tp_brand` WHERE  `id` = 2 LIMIT 1 [ RunTime:0.001000s ]
[ sql ] [ SQL ] SELECT * FROM `tp_category_ad` WHERE  `category_id` = 7 [ RunTime:0.001000s ]
[ sql ] [ SQL ] SELECT * FROM `tp_rec_item` WHERE  `value_type` = 1  AND `recpos_id` = 8 [ RunTime:0.001000s ]
[ sql ] [ SQL ] SELECT `id`,`mid_thumb`,`goods_name`,`shop_price`,`markte_price` FROM `tp_goods` WHERE  `id` IN (10,11,13,16) LIMIT 20 [ RunTime:0.000000s ]
[ sql ] [ SQL ] SHOW COLUMNS FROM `tp_alternate_img` [ RunTime:0.120007s ]
[ sql ] [ SQL ] SELECT * FROM `tp_alternate_img` WHERE  `status` = 1 ORDER BY sort DESC [ RunTime:0.001000s ]
---------------------------------------------------------------
[ 2018-03-29T16:55:56+08:00 ] 127.0.0.1 127.0.0.1 GET /shop/public/static/index/img/0_thumb_G_1490205189180.jpg
[ info ] 127.0.0.1/shop/public/static/index/img/0_thumb_G_1490205189180.jpg [运行时间：0.101006s][吞吐率：9.90req/s] [内存消耗：2,566.83kb] [文件加载：40]
[ info ] [ LANG ] F:\wamp\www\shop\thinkphp\lang\zh-cn.php
[ info ] [ ROUTE ] array (
  'type' => 'module',
  'module' => 
  array (
    0 => 'static',
    1 => 'index',
    2 => 'img',
  ),
)
[ info ] [ HEADER ] array (
  'host' => '127.0.0.1',
  'connection' => 'keep-alive',
  'user-agent' => 'Mozilla/5.0 (Windows NT 6.1; WOW64) AppleWebKit/537.36 (KHTML, like Gecko) Chrome/62.0.3202.89 Safari/537.36',
  'accept' => 'image/webp,image/apng,image/*,*/*;q=0.8',
  'referer' => 'http://127.0.0.1/shop/index.php/',
  'accept-encoding' => 'gzip, deflate, br',
  'accept-language' => 'zh,zh-CN;q=0.9',
)
[ info ] [ PARAM ] array (
)
[ info ] [ LOG ] INIT File
---------------------------------------------------------------
[ 2018-03-29T16:55:57+08:00 ] 127.0.0.1 127.0.0.1 GET /shop/public/static/index/img/sprite_index.png
[ info ] 127.0.0.1/shop/public/static/index/img/sprite_index.png [运行时间：0.077004s][吞吐率：12.99req/s] [内存消耗：2,566.85kb] [文件加载：40]
[ info ] [ LANG ] F:\wamp\www\shop\thinkphp\lang\zh-cn.php
[ info ] [ ROUTE ] array (
  'type' => 'module',
  'module' => 
  array (
    0 => 'static',
    1 => 'index',
    2 => 'img',
  ),
)
[ info ] [ HEADER ] array (
  'host' => '127.0.0.1',
  'connection' => 'keep-alive',
  'user-agent' => 'Mozilla/5.0 (Windows NT 6.1; WOW64) AppleWebKit/537.36 (KHTML, like Gecko) Chrome/62.0.3202.89 Safari/537.36',
  'accept' => 'image/webp,image/apng,image/*,*/*;q=0.8',
  'referer' => 'http://127.0.0.1/shop/public/static/index/css/style.css',
  'accept-encoding' => 'gzip, deflate, br',
  'accept-language' => 'zh,zh-CN;q=0.9',
)
[ info ] [ PARAM ] array (
)
[ info ] [ LOG ] INIT File
---------------------------------------------------------------
[ 2018-03-29T16:55:58+08:00 ] 127.0.0.1 127.0.0.1 GET /shop/index.php/favicon.ico
[ info ] 127.0.0.1/shop/index.php/favicon.ico [运行时间：0.251014s][吞吐率：3.98req/s] [内存消耗：2,566.88kb] [文件加载：40]
[ info ] [ LANG ] F:\wamp\www\shop\thinkphp\lang\zh-cn.php
[ info ] [ ROUTE ] array (
  'type' => 'module',
  'module' => 
  array (
    0 => 'favicon.ico',
    1 => NULL,
    2 => NULL,
  ),
)
[ info ] [ HEADER ] array (
  'host' => '127.0.0.1',
  'connection' => 'keep-alive',
  'user-agent' => 'Mozilla/5.0 (Windows NT 6.1; WOW64) AppleWebKit/537.36 (KHTML, like Gecko) Chrome/62.0.3202.89 Safari/537.36',
  'accept' => 'image/webp,image/apng,image/*,*/*;q=0.8',
  'referer' => 'http://127.0.0.1/shop/index.php/',
  'accept-encoding' => 'gzip, deflate, br',
  'accept-language' => 'zh,zh-CN;q=0.9',
)
[ info ] [ PARAM ] array (
)
[ info ] [ LOG ] INIT File
---------------------------------------------------------------
[ 2018-03-29T16:55:59+08:00 ] 127.0.0.1 127.0.0.1 GET /shop/index.php/member/account/checklogin.html
[ info ] 127.0.0.1/shop/index.php/member/account/checklogin.html [运行时间：1.181067s][吞吐率：0.85req/s] [内存消耗：5,772.53kb] [文件加载：62]
[ info ] [ LANG ] F:\wamp\www\shop\thinkphp\lang\zh-cn.php
[ info ] [ ROUTE ] array (
  'type' => 'module',
  'module' => 
  array (
    0 => 'member',
    1 => 'account',
    2 => 'checklogin',
  ),
)
[ info ] [ HEADER ] array (
  'host' => '127.0.0.1',
  'connection' => 'keep-alive',
  'accept' => 'application/json, text/javascript, */*; q=0.01',
  'x-requested-with' => 'XMLHttpRequest',
  'user-agent' => 'Mozilla/5.0 (Windows NT 6.1; WOW64) AppleWebKit/537.36 (KHTML, like Gecko) Chrome/62.0.3202.89 Safari/537.36',
  'referer' => 'http://127.0.0.1/shop/index.php/',
  'accept-encoding' => 'gzip, deflate, br',
  'accept-language' => 'zh,zh-CN;q=0.9',
)
[ info ] [ PARAM ] array (
)
[ info ] [ DB ] INIT mysql
[ info ] [ CACHE ] INIT File
[ info ] [ RUN ] app\member\controller\Account->checkLogin[ F:\wamp\www\shop\application\member\controller\Account.php ]
[ info ] [ SESSION ] INIT array (
  'id' => '',
  'var_session_id' => '',
  'prefix' => 'think',
  'type' => '',
  'auto_start' => true,
)
[ info ] [ LOG ] INIT File
[ sql ] [ DB ] CONNECT:[ UseTime:0.037002s ] mysql:host=127.0.0.1;dbname=tpshop;charset=utf8
[ sql ] [ SQL ] SHOW COLUMNS FROM `tp_category` [ RunTime:0.016001s ]
[ sql ] [ SQL ] SELECT * FROM `tp_category` WHERE  `pid` = 0 ORDER BY sort ASC [ RunTime:0.001000s ]
[ sql ] [ SQL ] SELECT * FROM `tp_category` WHERE  `pid` = 7 [ RunTime:0.001000s ]
[ sql ] [ SQL ] SELECT * FROM `tp_category` WHERE  `pid` = 2 [ RunTime:0.001000s ]
[ sql ] [ SQL ] SELECT * FROM `tp_category` WHERE  `pid` = 33 [ RunTime:0.000000s ]
---------------------------------------------------------------
[ 2018-03-29T16:55:59+08:00 ] 127.0.0.1 127.0.0.1 POST /shop/index.php/index/brand/lst.html
[ info ] 127.0.0.1/shop/index.php/index/brand/lst.html [运行时间：1.161067s][吞吐率：0.86req/s] [内存消耗：4,568.89kb] [文件加载：55]
[ info ] [ LANG ] F:\wamp\www\shop\thinkphp\lang\zh-cn.php
[ info ] [ ROUTE ] array (
  'type' => 'module',
  'module' => 
  array (
    0 => 'index',
    1 => 'brand',
    2 => 'lst',
  ),
)
[ info ] [ HEADER ] array (
  'host' => '127.0.0.1',
  'connection' => 'keep-alive',
  'content-length' => '6',
  'accept' => 'application/json, text/javascript, */*; q=0.01',
  'origin' => 'http://127.0.0.1',
  'x-requested-with' => 'XMLHttpRequest',
  'user-agent' => 'Mozilla/5.0 (Windows NT 6.1; WOW64) AppleWebKit/537.36 (KHTML, like Gecko) Chrome/62.0.3202.89 Safari/537.36',
  'content-type' => 'application/x-www-form-urlencoded; charset=UTF-8',
  'referer' => 'http://127.0.0.1/shop/index.php/',
  'accept-encoding' => 'gzip, deflate, br',
  'accept-language' => 'zh,zh-CN;q=0.9',
)
[ info ] [ PARAM ] array (
  'page' => '1',
)
[ info ] [ RUN ] app\index\controller\Brand->lst[ F:\wamp\www\shop\application\index\controller\Brand.php ]
[ info ] [ DB ] INIT mysql
[ info ] [ LOG ] INIT File
[ sql ] [ DB ] CONNECT:[ UseTime:0.021001s ] mysql:host=127.0.0.1;dbname=tpshop;charset=utf8
[ sql ] [ SQL ] SHOW COLUMNS FROM `tp_brand` [ RunTime:0.025001s ]
[ sql ] [ SQL ] SELECT COUNT(*) AS tp_count FROM `tp_brand` LIMIT 1 [ RunTime:0.029001s ]
[ sql ] [ SQL ] SELECT * FROM `tp_brand` ORDER BY id DESC LIMIT 0,17 [ RunTime:0.000000s ]
---------------------------------------------------------------
[ 2018-03-29T16:57:20+08:00 ] 127.0.0.1 127.0.0.1 POST /shop/index.php/index/category/getcateinfo.html
[ info ] 127.0.0.1/shop/index.php/index/category/getcateinfo.html [运行时间：0.335019s][吞吐率：2.98req/s] [内存消耗：5,718.60kb] [文件加载：61]
[ info ] [ LANG ] F:\wamp\www\shop\thinkphp\lang\zh-cn.php
[ info ] [ ROUTE ] array (
  'type' => 'module',
  'module' => 
  array (
    0 => 'index',
    1 => 'category',
    2 => 'getcateinfo',
  ),
)
[ info ] [ HEADER ] array (
  'host' => '127.0.0.1',
  'connection' => 'keep-alive',
  'content-length' => '4',
  'accept' => 'application/json, text/javascript, */*; q=0.01',
  'origin' => 'http://127.0.0.1',
  'x-requested-with' => 'XMLHttpRequest',
  'user-agent' => 'Mozilla/5.0 (Windows NT 6.1; WOW64) AppleWebKit/537.36 (KHTML, like Gecko) Chrome/62.0.3202.89 Safari/537.36',
  'content-type' => 'application/x-www-form-urlencoded; charset=UTF-8',
  'referer' => 'http://127.0.0.1/shop/index.php/',
  'accept-encoding' => 'gzip, deflate, br',
  'accept-language' => 'zh,zh-CN;q=0.9',
  'cookie' => 'PHPSESSID=7erolo339k9e4ldepm2ajp89g5',
)
[ info ] [ PARAM ] array (
  'id' => '7',
)
[ info ] [ DB ] INIT mysql
[ info ] [ CACHE ] INIT File
[ info ] [ RUN ] app\index\controller\Category->getCateInfo[ F:\wamp\www\shop\application\index\controller\Category.php ]
[ info ] [ LOG ] INIT File
[ sql ] [ DB ] CONNECT:[ UseTime:0.001000s ] mysql:host=127.0.0.1;dbname=tpshop;charset=utf8
[ sql ] [ SQL ] SHOW COLUMNS FROM `tp_category` [ RunTime:0.007000s ]
[ sql ] [ SQL ] SELECT * FROM `tp_category` WHERE  `pid` = 0 ORDER BY sort ASC [ RunTime:0.000000s ]
[ sql ] [ SQL ] SELECT * FROM `tp_category` WHERE  `pid` = 7 [ RunTime:0.000000s ]
[ sql ] [ SQL ] SELECT * FROM `tp_category` WHERE  `pid` = 2 [ RunTime:0.001000s ]
[ sql ] [ SQL ] SELECT * FROM `tp_category` WHERE  `pid` = 33 [ RunTime:0.000000s ]
[ sql ] [ SQL ] SELECT * FROM `tp_category` WHERE  `pid` = 7 [ RunTime:0.002000s ]
[ sql ] [ SQL ] SELECT * FROM `tp_category` WHERE  `pid` = 8 [ RunTime:0.001000s ]
[ sql ] [ SQL ] SELECT * FROM `tp_category` WHERE  `pid` = 9 [ RunTime:0.001000s ]
[ sql ] [ SQL ] SELECT * FROM `tp_category` WHERE  `pid` = 10 [ RunTime:0.000000s ]
[ sql ] [ SQL ] SHOW COLUMNS FROM `tp_category_words` [ RunTime:0.103006s ]
[ sql ] [ SQL ] SELECT * FROM `tp_category_words` WHERE  `category_id` = 7 [ RunTime:0.002000s ]
[ sql ] [ SQL ] SHOW COLUMNS FROM `tp_category_brands` [ RunTime:0.013001s ]
[ sql ] [ SQL ] SELECT * FROM `tp_category_brands` WHERE  `category_id` = 7 LIMIT 1 [ RunTime:0.001000s ]
[ sql ] [ SQL ] SHOW COLUMNS FROM `tp_brand` [ RunTime:0.016001s ]
[ sql ] [ SQL ] SELECT * FROM `tp_brand` WHERE  `id` = 3 LIMIT 1 [ RunTime:0.001000s ]
[ sql ] [ SQL ] SELECT * FROM `tp_brand` WHERE  `id` = 2 LIMIT 1 [ RunTime:0.000000s ]
---------------------------------------------------------------
[ 2018-03-29T16:57:22+08:00 ] 127.0.0.1 127.0.0.1 POST /shop/index.php/index/category/getcateinfo.html
[ info ] 127.0.0.1/shop/index.php/index/category/getcateinfo.html [运行时间：0.199011s][吞吐率：5.02req/s] [内存消耗：5,718.30kb] [文件加载：61]
[ info ] [ LANG ] F:\wamp\www\shop\thinkphp\lang\zh-cn.php
[ info ] [ ROUTE ] array (
  'type' => 'module',
  'module' => 
  array (
    0 => 'index',
    1 => 'category',
    2 => 'getcateinfo',
  ),
)
[ info ] [ HEADER ] array (
  'host' => '127.0.0.1',
  'connection' => 'keep-alive',
  'content-length' => '4',
  'accept' => 'application/json, text/javascript, */*; q=0.01',
  'origin' => 'http://127.0.0.1',
  'x-requested-with' => 'XMLHttpRequest',
  'user-agent' => 'Mozilla/5.0 (Windows NT 6.1; WOW64) AppleWebKit/537.36 (KHTML, like Gecko) Chrome/62.0.3202.89 Safari/537.36',
  'content-type' => 'application/x-www-form-urlencoded; charset=UTF-8',
  'referer' => 'http://127.0.0.1/shop/index.php/',
  'accept-encoding' => 'gzip, deflate, br',
  'accept-language' => 'zh,zh-CN;q=0.9',
  'cookie' => 'PHPSESSID=7erolo339k9e4ldepm2ajp89g5',
)
[ info ] [ PARAM ] array (
  'id' => '2',
)
[ info ] [ DB ] INIT mysql
[ info ] [ CACHE ] INIT File
[ info ] [ RUN ] app\index\controller\Category->getCateInfo[ F:\wamp\www\shop\application\index\controller\Category.php ]
[ info ] [ LOG ] INIT File
[ sql ] [ DB ] CONNECT:[ UseTime:0.011001s ] mysql:host=127.0.0.1;dbname=tpshop;charset=utf8
[ sql ] [ SQL ] SHOW COLUMNS FROM `tp_category` [ RunTime:0.009001s ]
[ sql ] [ SQL ] SELECT * FROM `tp_category` WHERE  `pid` = 0 ORDER BY sort ASC [ RunTime:0.000000s ]
[ sql ] [ SQL ] SELECT * FROM `tp_category` WHERE  `pid` = 7 [ RunTime:0.001000s ]
[ sql ] [ SQL ] SELECT * FROM `tp_category` WHERE  `pid` = 2 [ RunTime:0.001000s ]
[ sql ] [ SQL ] SELECT * FROM `tp_category` WHERE  `pid` = 33 [ RunTime:0.001000s ]
[ sql ] [ SQL ] SELECT * FROM `tp_category` WHERE  `pid` = 2 [ RunTime:0.000000s ]
[ sql ] [ SQL ] SELECT * FROM `tp_category` WHERE  `pid` = 6 [ RunTime:0.001000s ]
[ sql ] [ SQL ] SELECT * FROM `tp_category` WHERE  `pid` = 5 [ RunTime:0.001000s ]
[ sql ] [ SQL ] SELECT * FROM `tp_category` WHERE  `pid` = 21 [ RunTime:0.000000s ]
[ sql ] [ SQL ] SHOW COLUMNS FROM `tp_category_words` [ RunTime:0.012000s ]
[ sql ] [ SQL ] SELECT * FROM `tp_category_words` WHERE  `category_id` = 2 [ RunTime:0.001000s ]
[ sql ] [ SQL ] SHOW COLUMNS FROM `tp_category_brands` [ RunTime:0.008001s ]
[ sql ] [ SQL ] SELECT * FROM `tp_category_brands` WHERE  `category_id` = 2 LIMIT 1 [ RunTime:0.000000s ]
[ sql ] [ SQL ] SHOW COLUMNS FROM `tp_brand` [ RunTime:0.009000s ]
[ sql ] [ SQL ] SELECT * FROM `tp_brand` WHERE  `id` = 3 LIMIT 1 [ RunTime:0.001001s ]
---------------------------------------------------------------
[ 2018-03-29T16:57:22+08:00 ] 127.0.0.1 127.0.0.1 POST /shop/index.php/index/category/getcateinfo.html
[ info ] 127.0.0.1/shop/index.php/index/category/getcateinfo.html [运行时间：0.158009s][吞吐率：6.33req/s] [内存消耗：5,716.73kb] [文件加载：61]
[ info ] [ LANG ] F:\wamp\www\shop\thinkphp\lang\zh-cn.php
[ info ] [ ROUTE ] array (
  'type' => 'module',
  'module' => 
  array (
    0 => 'index',
    1 => 'category',
    2 => 'getcateinfo',
  ),
)
[ info ] [ HEADER ] array (
  'host' => '127.0.0.1',
  'connection' => 'keep-alive',
  'content-length' => '5',
  'accept' => 'application/json, text/javascript, */*; q=0.01',
  'origin' => 'http://127.0.0.1',
  'x-requested-with' => 'XMLHttpRequest',
  'user-agent' => 'Mozilla/5.0 (Windows NT 6.1; WOW64) AppleWebKit/537.36 (KHTML, like Gecko) Chrome/62.0.3202.89 Safari/537.36',
  'content-type' => 'application/x-www-form-urlencoded; charset=UTF-8',
  'referer' => 'http://127.0.0.1/shop/index.php/',
  'accept-encoding' => 'gzip, deflate, br',
  'accept-language' => 'zh,zh-CN;q=0.9',
  'cookie' => 'PHPSESSID=7erolo339k9e4ldepm2ajp89g5',
)
[ info ] [ PARAM ] array (
  'id' => '33',
)
[ info ] [ DB ] INIT mysql
[ info ] [ CACHE ] INIT File
[ info ] [ RUN ] app\index\controller\Category->getCateInfo[ F:\wamp\www\shop\application\index\controller\Category.php ]
[ info ] [ LOG ] INIT File
[ sql ] [ DB ] CONNECT:[ UseTime:0.001000s ] mysql:host=127.0.0.1;dbname=tpshop;charset=utf8
[ sql ] [ SQL ] SHOW COLUMNS FROM `tp_category` [ RunTime:0.007001s ]
[ sql ] [ SQL ] SELECT * FROM `tp_category` WHERE  `pid` = 0 ORDER BY sort ASC [ RunTime:0.000000s ]
[ sql ] [ SQL ] SELECT * FROM `tp_category` WHERE  `pid` = 7 [ RunTime:0.001000s ]
[ sql ] [ SQL ] SELECT * FROM `tp_category` WHERE  `pid` = 2 [ RunTime:0.000000s ]
[ sql ] [ SQL ] SELECT * FROM `tp_category` WHERE  `pid` = 33 [ RunTime:0.000000s ]
[ sql ] [ SQL ] SELECT * FROM `tp_category` WHERE  `pid` = 33 [ RunTime:0.001000s ]
[ sql ] [ SQL ] SELECT * FROM `tp_category` WHERE  `pid` = 34 [ RunTime:0.001000s ]
[ sql ] [ SQL ] SHOW COLUMNS FROM `tp_category_words` [ RunTime:0.008001s ]
[ sql ] [ SQL ] SELECT * FROM `tp_category_words` WHERE  `category_id` = 33 [ RunTime:0.001000s ]
[ sql ] [ SQL ] SHOW COLUMNS FROM `tp_category_brands` [ RunTime:0.008000s ]
[ sql ] [ SQL ] SELECT * FROM `tp_category_brands` WHERE  `category_id` = 33 LIMIT 1 [ RunTime:0.000000s ]
[ sql ] [ SQL ] SHOW COLUMNS FROM `tp_brand` [ RunTime:0.007001s ]
[ sql ] [ SQL ] SELECT * FROM `tp_brand` WHERE  `id` = 0 LIMIT 1 [ RunTime:0.001000s ]
---------------------------------------------------------------
[ 2018-03-29T16:57:24+08:00 ] 127.0.0.1 127.0.0.1 POST /shop/index.php/get_ajax_content.php
[ info ] 127.0.0.1/shop/index.php/get_ajax_content.php [运行时间：0.066004s][吞吐率：15.15req/s] [内存消耗：2,567.66kb] [文件加载：40]
[ info ] [ LANG ] F:\wamp\www\shop\thinkphp\lang\zh-cn.php
[ info ] [ ROUTE ] array (
  'type' => 'module',
  'module' => 
  array (
    0 => 'get_ajax_content.php',
    1 => NULL,
    2 => NULL,
  ),
)
[ info ] [ HEADER ] array (
  'host' => '127.0.0.1',
  'connection' => 'keep-alive',
  'content-length' => '13',
  'accept' => 'application/json, text/javascript, */*; q=0.01',
  'origin' => 'http://127.0.0.1',
  'x-requested-with' => 'XMLHttpRequest',
  'user-agent' => 'Mozilla/5.0 (Windows NT 6.1; WOW64) AppleWebKit/537.36 (KHTML, like Gecko) Chrome/62.0.3202.89 Safari/537.36',
  'content-type' => 'application/x-www-form-urlencoded; charset=UTF-8',
  'referer' => 'http://127.0.0.1/shop/index.php/',
  'accept-encoding' => 'gzip, deflate, br',
  'accept-language' => 'zh,zh-CN;q=0.9',
  'cookie' => 'PHPSESSID=7erolo339k9e4ldepm2ajp89g5',
)
[ info ] [ PARAM ] array (
  'act' => 'cart_info',
)
[ info ] [ LOG ] INIT File
---------------------------------------------------------------
[ 2018-03-29T16:57:24+08:00 ] 127.0.0.1 127.0.0.1 GET /shop/public/static/index/img/load/loadGoods.gif
[ info ] 127.0.0.1/shop/public/static/index/img/load/loadGoods.gif [运行时间：0.033002s][吞吐率：30.30req/s] [内存消耗：2,567.80kb] [文件加载：40]
[ info ] [ LANG ] F:\wamp\www\shop\thinkphp\lang\zh-cn.php
[ info ] [ ROUTE ] array (
  'type' => 'module',
  'module' => 
  array (
    0 => 'static',
    1 => 'index',
    2 => 'img',
  ),
)
[ info ] [ HEADER ] array (
  'host' => '127.0.0.1',
  'connection' => 'keep-alive',
  'user-agent' => 'Mozilla/5.0 (Windows NT 6.1; WOW64) AppleWebKit/537.36 (KHTML, like Gecko) Chrome/62.0.3202.89 Safari/537.36',
  'accept' => 'image/webp,image/apng,image/*,*/*;q=0.8',
  'referer' => 'http://127.0.0.1/shop/index.php/',
  'accept-encoding' => 'gzip, deflate, br',
  'accept-language' => 'zh,zh-CN;q=0.9',
  'cookie' => 'PHPSESSID=7erolo339k9e4ldepm2ajp89g5',
)
[ info ] [ PARAM ] array (
  'load' => 'loadGoods.gif',
)
[ info ] [ LOG ] INIT File
---------------------------------------------------------------
[ 2018-03-29T21:22:52+08:00 ] 127.0.0.1 127.0.0.1 POST /shop/index.php/index/brand/lst.html
[ info ] 127.0.0.1/shop/index.php/index/brand/lst.html [运行时间：6.911396s][吞吐率：0.14req/s] [内存消耗：4,569.02kb] [文件加载：55]
[ info ] [ LANG ] F:\wamp\www\shop\thinkphp\lang\zh-cn.php
[ info ] [ ROUTE ] array (
  'type' => 'module',
  'module' => 
  array (
    0 => 'index',
    1 => 'brand',
    2 => 'lst',
  ),
)
[ info ] [ HEADER ] array (
  'host' => '127.0.0.1',
  'connection' => 'keep-alive',
  'content-length' => '6',
  'accept' => 'application/json, text/javascript, */*; q=0.01',
  'origin' => 'http://127.0.0.1',
  'x-requested-with' => 'XMLHttpRequest',
  'user-agent' => 'Mozilla/5.0 (Windows NT 6.1; WOW64) AppleWebKit/537.36 (KHTML, like Gecko) Chrome/62.0.3202.89 Safari/537.36',
  'content-type' => 'application/x-www-form-urlencoded; charset=UTF-8',
  'referer' => 'http://127.0.0.1/shop/index.php/',
  'accept-encoding' => 'gzip, deflate, br',
  'accept-language' => 'zh,zh-CN;q=0.9',
  'cookie' => 'PHPSESSID=7erolo339k9e4ldepm2ajp89g5',
)
[ info ] [ PARAM ] array (
  'page' => '1',
)
[ info ] [ RUN ] app\index\controller\Brand->lst[ F:\wamp\www\shop\application\index\controller\Brand.php ]
[ info ] [ DB ] INIT mysql
[ info ] [ LOG ] INIT File
[ sql ] [ DB ] CONNECT:[ UseTime:2.581147s ] mysql:host=127.0.0.1;dbname=tpshop;charset=utf8
[ sql ] [ SQL ] SHOW COLUMNS FROM `tp_brand` [ RunTime:0.646037s ]
[ sql ] [ SQL ] SELECT COUNT(*) AS tp_count FROM `tp_brand` LIMIT 1 [ RunTime:0.088005s ]
[ sql ] [ SQL ] SELECT * FROM `tp_brand` ORDER BY id DESC LIMIT 0,17 [ RunTime:0.088005s ]
---------------------------------------------------------------
[ 2018-03-29T21:22:54+08:00 ] 127.0.0.1 127.0.0.1 GET /shop/index.php/member/account/checklogin.html
[ info ] 127.0.0.1/shop/index.php/member/account/checklogin.html [运行时间：9.431540s][吞吐率：0.11req/s] [内存消耗：5,765.96kb] [文件加载：62]
[ info ] [ LANG ] F:\wamp\www\shop\thinkphp\lang\zh-cn.php
[ info ] [ ROUTE ] array (
  'type' => 'module',
  'module' => 
  array (
    0 => 'member',
    1 => 'account',
    2 => 'checklogin',
  ),
)
[ info ] [ HEADER ] array (
  'host' => '127.0.0.1',
  'connection' => 'keep-alive',
  'accept' => 'application/json, text/javascript, */*; q=0.01',
  'x-requested-with' => 'XMLHttpRequest',
  'user-agent' => 'Mozilla/5.0 (Windows NT 6.1; WOW64) AppleWebKit/537.36 (KHTML, like Gecko) Chrome/62.0.3202.89 Safari/537.36',
  'referer' => 'http://127.0.0.1/shop/index.php/',
  'accept-encoding' => 'gzip, deflate, br',
  'accept-language' => 'zh,zh-CN;q=0.9',
  'cookie' => 'PHPSESSID=7erolo339k9e4ldepm2ajp89g5',
)
[ info ] [ PARAM ] array (
)
[ info ] [ DB ] INIT mysql
[ info ] [ CACHE ] INIT File
[ info ] [ RUN ] app\member\controller\Account->checkLogin[ F:\wamp\www\shop\application\member\controller\Account.php ]
[ info ] [ SESSION ] INIT array (
  'id' => '',
  'var_session_id' => '',
  'prefix' => 'think',
  'type' => '',
  'auto_start' => true,
)
[ info ] [ LOG ] INIT File
[ sql ] [ DB ] CONNECT:[ UseTime:2.547145s ] mysql:host=127.0.0.1;dbname=tpshop;charset=utf8
[ sql ] [ SQL ] SHOW COLUMNS FROM `tp_cate` [ RunTime:0.670038s ]
[ sql ] [ SQL ] SELECT * FROM `tp_cate` WHERE  `cate_type` = 3 ORDER BY sort DESC [ RunTime:0.141008s ]
[ sql ] [ SQL ] SHOW COLUMNS FROM `tp_article` [ RunTime:0.103006s ]
[ sql ] [ SQL ] SELECT * FROM `tp_article` WHERE  `cate_id` = 4 [ RunTime:0.023001s ]
[ sql ] [ SQL ] SELECT * FROM `tp_article` WHERE  `cate_id` = 5 [ RunTime:0.001000s ]
[ sql ] [ SQL ] SELECT * FROM `tp_article` WHERE  `cate_id` = 7 [ RunTime:0.001000s ]
[ sql ] [ SQL ] SELECT * FROM `tp_article` WHERE  `cate_id` = 16 [ RunTime:0.001000s ]
[ sql ] [ SQL ] SELECT * FROM `tp_article` WHERE  `cate_id` = 17 [ RunTime:0.001000s ]
[ sql ] [ SQL ] SELECT `id`,`title` FROM `tp_article` WHERE  `cate_id` = 3 [ RunTime:0.001000s ]
[ sql ] [ SQL ] SHOW COLUMNS FROM `tp_nav` [ RunTime:0.019001s ]
[ sql ] [ SQL ] SELECT * FROM `tp_nav` ORDER BY sort DESC [ RunTime:0.080005s ]
[ sql ] [ SQL ] SHOW COLUMNS FROM `tp_conf` [ RunTime:0.051003s ]
[ sql ] [ SQL ] SELECT `ename`,`value` FROM `tp_conf` [ RunTime:0.067004s ]
[ sql ] [ SQL ] SHOW COLUMNS FROM `tp_category` [ RunTime:0.049003s ]
[ sql ] [ SQL ] SELECT * FROM `tp_category` WHERE  `pid` = 0 ORDER BY sort ASC [ RunTime:0.575033s ]
[ sql ] [ SQL ] SELECT * FROM `tp_category` WHERE  `pid` = 7 [ RunTime:0.002000s ]
[ sql ] [ SQL ] SELECT * FROM `tp_category` WHERE  `pid` = 2 [ RunTime:0.002000s ]
[ sql ] [ SQL ] SELECT * FROM `tp_category` WHERE  `pid` = 33 [ RunTime:0.002000s ]
