---------------------------------------------------------------
[ 2019-01-06T10:38:43+08:00 ] 127.0.0.1 127.0.0.1 GET /shop/index.php/index/category/index/id/38
[ info ] 127.0.0.1/shop/index.php/index/category/index/id/38 [运行时间：3.664210s][吞吐率：0.27req/s] [内存消耗：6,564.25kb] [文件加载：68]
[ info ] [ LANG ] F:\wamp\www\shop\thinkphp\lang\zh-cn.php
[ info ] [ ROUTE ] array (
  'type' => 'module',
  'module' => 
  array (
    0 => 'index',
    1 => 'category',
    2 => 'index',
  ),
)
[ info ] [ HEADER ] array (
  'host' => '127.0.0.1',
  'connection' => 'keep-alive',
  'upgrade-insecure-requests' => '1',
  'user-agent' => 'Mozilla/5.0 (Windows NT 6.1; WOW64) AppleWebKit/537.36 (KHTML, like Gecko) Chrome/68.0.3440.106 Safari/537.36',
  'accept' => 'text/html,application/xhtml+xml,application/xml;q=0.9,image/webp,image/apng,*/*;q=0.8',
  'accept-encoding' => 'gzip, deflate, br',
  'accept-language' => 'zh-CN,zh;q=0.9',
  'cookie' => '_ga=GA1.1.1619632685.1541818471; PHPSESSID=9lq7qjh2uvau91ba1gc2ntub81',
)
[ info ] [ PARAM ] array (
  'id' => '38',
)
[ info ] [ DB ] INIT mysql
[ info ] [ CACHE ] INIT File
[ info ] [ RUN ] app\index\controller\Category->index[ F:\wamp\www\shop\application\index\controller\Category.php ]
[ info ] [ VIEW ] F:\wamp\www\shop/application/index\view\category\category.htm [ array (
  0 => 'helpCateRes',
  1 => 'shopInfoRes',
  2 => 'navRes',
  3 => 'configs',
  4 => 'cateRes',
  5 => 'attrRes',
  6 => 'priceSection',
  7 => 'brandRes',
  8 => 'goodsRes',
  9 => 'cateId',
  10 => 'price',
  11 => 'ob',
  12 => 'ow',
  13 => 'attrValue',
  14 => 'attrId',
) ]
[ info ] [ LOG ] INIT File
[ sql ] [ DB ] CONNECT:[ UseTime:0.020001s ] mysql:host=127.0.0.1;dbname=tpshop;charset=utf8
[ sql ] [ SQL ] SHOW COLUMNS FROM `tp_cate` [ RunTime:0.131007s ]
[ sql ] [ SQL ] SELECT * FROM `tp_cate` WHERE  `cate_type` = 3 ORDER BY sort DESC [ RunTime:0.003000s ]
[ sql ] [ SQL ] SHOW COLUMNS FROM `tp_article` [ RunTime:0.090006s ]
[ sql ] [ SQL ] SELECT * FROM `tp_article` WHERE  `cate_id` = 4 [ RunTime:0.001000s ]
[ sql ] [ SQL ] SELECT * FROM `tp_article` WHERE  `cate_id` = 5 [ RunTime:0.001000s ]
[ sql ] [ SQL ] SELECT * FROM `tp_article` WHERE  `cate_id` = 7 [ RunTime:0.000000s ]
[ sql ] [ SQL ] SELECT * FROM `tp_article` WHERE  `cate_id` = 16 [ RunTime:0.001000s ]
[ sql ] [ SQL ] SELECT * FROM `tp_article` WHERE  `cate_id` = 17 [ RunTime:0.000000s ]
[ sql ] [ SQL ] SELECT `id`,`title` FROM `tp_article` WHERE  `cate_id` = 3 [ RunTime:0.000000s ]
[ sql ] [ SQL ] SHOW COLUMNS FROM `tp_nav` [ RunTime:0.092006s ]
[ sql ] [ SQL ] SELECT * FROM `tp_nav` ORDER BY sort DESC [ RunTime:0.002000s ]
[ sql ] [ SQL ] SHOW COLUMNS FROM `tp_conf` [ RunTime:0.103006s ]
[ sql ] [ SQL ] SELECT `ename`,`value` FROM `tp_conf` [ RunTime:0.011000s ]
[ sql ] [ SQL ] SHOW COLUMNS FROM `tp_category` [ RunTime:0.112006s ]
[ sql ] [ SQL ] SELECT * FROM `tp_category` WHERE  `pid` = 0 ORDER BY sort ASC [ RunTime:0.001000s ]
[ sql ] [ SQL ] SELECT * FROM `tp_category` WHERE  `pid` = 7 [ RunTime:0.001000s ]
[ sql ] [ SQL ] SELECT * FROM `tp_category` WHERE  `pid` = 2 [ RunTime:0.001000s ]
[ sql ] [ SQL ] SELECT * FROM `tp_category` WHERE  `pid` = 33 [ RunTime:0.001000s ]
[ sql ] [ SQL ] SELECT * FROM `tp_category` WHERE  `pid` = 38 [ RunTime:0.001000s ]
[ sql ] [ SQL ] SELECT * FROM `tp_category` WHERE  `id` = 38 LIMIT 1 [ RunTime:0.001000s ]
[ sql ] [ SQL ] SHOW COLUMNS FROM `tp_attr` [ RunTime:0.077004s ]
[ sql ] [ SQL ] SELECT `id`,`attr_name` FROM `tp_attr` WHERE  `id` IN (1,3) [ RunTime:0.001000s ]
[ sql ] [ SQL ] SHOW COLUMNS FROM `tp_goods_attr` [ RunTime:0.207011s ]
[ sql ] [ SQL ] SELECT `attr_value`,`attr_id`,`goods_id` FROM `tp_goods_attr` WHERE  `attr_id` = 1 [ RunTime:0.041002s ]
[ sql ] [ SQL ] SHOW COLUMNS FROM `tp_goods` [ RunTime:0.268015s ]
[ sql ] [ SQL ] SELECT `category_id` FROM `tp_goods` WHERE  `id` = 1 LIMIT 1 [ RunTime:0.029001s ]
[ sql ] [ SQL ] SELECT `category_id` FROM `tp_goods` WHERE  `id` = 1 LIMIT 1 [ RunTime:0.002000s ]
[ sql ] [ SQL ] SELECT `category_id` FROM `tp_goods` WHERE  `id` = 2 LIMIT 1 [ RunTime:0.002000s ]
[ sql ] [ SQL ] SELECT `category_id` FROM `tp_goods` WHERE  `id` = 2 LIMIT 1 [ RunTime:0.001000s ]
[ sql ] [ SQL ] SELECT `category_id` FROM `tp_goods` WHERE  `id` = 11 LIMIT 1 [ RunTime:0.002000s ]
[ sql ] [ SQL ] SELECT `category_id` FROM `tp_goods` WHERE  `id` = 13 LIMIT 1 [ RunTime:0.001000s ]
[ sql ] [ SQL ] SELECT `category_id` FROM `tp_goods` WHERE  `id` = 13 LIMIT 1 [ RunTime:0.002000s ]
[ sql ] [ SQL ] SELECT `category_id` FROM `tp_goods` WHERE  `id` = 6 LIMIT 1 [ RunTime:0.002000s ]
[ sql ] [ SQL ] SELECT `category_id` FROM `tp_goods` WHERE  `id` = 8 LIMIT 1 [ RunTime:0.002000s ]
[ sql ] [ SQL ] SELECT `category_id` FROM `tp_goods` WHERE  `id` = 7 LIMIT 1 [ RunTime:0.001000s ]
[ sql ] [ SQL ] SELECT `category_id` FROM `tp_goods` WHERE  `id` = 7 LIMIT 1 [ RunTime:0.001000s ]
[ sql ] [ SQL ] SELECT `category_id` FROM `tp_goods` WHERE  `id` = 8 LIMIT 1 [ RunTime:0.001000s ]
[ sql ] [ SQL ] SELECT `category_id` FROM `tp_goods` WHERE  `id` = 8 LIMIT 1 [ RunTime:0.001000s ]
[ sql ] [ SQL ] SELECT `category_id` FROM `tp_goods` WHERE  `id` = 9 LIMIT 1 [ RunTime:0.001000s ]
[ sql ] [ SQL ] SELECT `category_id` FROM `tp_goods` WHERE  `id` = 9 LIMIT 1 [ RunTime:0.001001s ]
[ sql ] [ SQL ] SELECT `category_id` FROM `tp_goods` WHERE  `id` = 15 LIMIT 1 [ RunTime:0.000000s ]
[ sql ] [ SQL ] SELECT `category_id` FROM `tp_goods` WHERE  `id` = 20 LIMIT 1 [ RunTime:0.002000s ]
[ sql ] [ SQL ] SELECT `category_id` FROM `tp_goods` WHERE  `id` = 19 LIMIT 1 [ RunTime:0.001000s ]
[ sql ] [ SQL ] SELECT `category_id` FROM `tp_goods` WHERE  `id` = 20 LIMIT 1 [ RunTime:0.000000s ]
[ sql ] [ SQL ] SELECT `category_id` FROM `tp_goods` WHERE  `id` = 19 LIMIT 1 [ RunTime:0.002000s ]
[ sql ] [ SQL ] SELECT `attr_value`,`attr_id`,`goods_id` FROM `tp_goods_attr` WHERE  `attr_id` = 3 [ RunTime:0.002001s ]
[ sql ] [ SQL ] SELECT `category_id` FROM `tp_goods` WHERE  `id` = 1 LIMIT 1 [ RunTime:0.001000s ]
[ sql ] [ SQL ] SELECT `category_id` FROM `tp_goods` WHERE  `id` = 1 LIMIT 1 [ RunTime:0.000000s ]
[ sql ] [ SQL ] SELECT `category_id` FROM `tp_goods` WHERE  `id` = 2 LIMIT 1 [ RunTime:0.001000s ]
[ sql ] [ SQL ] SELECT `category_id` FROM `tp_goods` WHERE  `id` = 2 LIMIT 1 [ RunTime:0.000000s ]
[ sql ] [ SQL ] SELECT `category_id` FROM `tp_goods` WHERE  `id` = 13 LIMIT 1 [ RunTime:0.000000s ]
[ sql ] [ SQL ] SELECT `category_id` FROM `tp_goods` WHERE  `id` = 6 LIMIT 1 [ RunTime:0.000000s ]
[ sql ] [ SQL ] SELECT `category_id` FROM `tp_goods` WHERE  `id` = 13 LIMIT 1 [ RunTime:0.001000s ]
[ sql ] [ SQL ] SELECT `category_id` FROM `tp_goods` WHERE  `id` = 6 LIMIT 1 [ RunTime:0.001000s ]
[ sql ] [ SQL ] SELECT `category_id` FROM `tp_goods` WHERE  `id` = 7 LIMIT 1 [ RunTime:0.001000s ]
[ sql ] [ SQL ] SELECT `category_id` FROM `tp_goods` WHERE  `id` = 7 LIMIT 1 [ RunTime:0.000000s ]
[ sql ] [ SQL ] SELECT `category_id` FROM `tp_goods` WHERE  `id` = 7 LIMIT 1 [ RunTime:0.001000s ]
[ sql ] [ SQL ] SELECT `category_id` FROM `tp_goods` WHERE  `id` = 8 LIMIT 1 [ RunTime:0.001000s ]
[ sql ] [ SQL ] SELECT `category_id` FROM `tp_goods` WHERE  `id` = 8 LIMIT 1 [ RunTime:0.001001s ]
[ sql ] [ SQL ] SELECT `category_id` FROM `tp_goods` WHERE  `id` = 9 LIMIT 1 [ RunTime:0.000000s ]
[ sql ] [ SQL ] SELECT `category_id` FROM `tp_goods` WHERE  `id` = 9 LIMIT 1 [ RunTime:0.000000s ]
[ sql ] [ SQL ] SELECT `category_id` FROM `tp_goods` WHERE  `id` = 11 LIMIT 1 [ RunTime:0.001000s ]
[ sql ] [ SQL ] SELECT `category_id` FROM `tp_goods` WHERE  `id` = 11 LIMIT 1 [ RunTime:0.001000s ]
[ sql ] [ SQL ] SELECT `category_id` FROM `tp_goods` WHERE  `id` = 15 LIMIT 1 [ RunTime:0.000000s ]
[ sql ] [ SQL ] SELECT `category_id` FROM `tp_goods` WHERE  `id` = 19 LIMIT 1 [ RunTime:0.000000s ]
[ sql ] [ SQL ] SELECT `category_id` FROM `tp_goods` WHERE  `id` = 19 LIMIT 1 [ RunTime:0.000000s ]
[ sql ] [ SQL ] SELECT `category_id` FROM `tp_goods` WHERE  `id` = 20 LIMIT 1 [ RunTime:0.000000s ]
[ sql ] [ SQL ] SELECT `category_id` FROM `tp_goods` WHERE  `id` = 20 LIMIT 1 [ RunTime:0.001000s ]
[ sql ] [ SQL ] SELECT `brand_id` FROM `tp_goods` WHERE  `category_id` = 38 [ RunTime:0.000000s ]
[ sql ] [ SQL ] SHOW COLUMNS FROM `tp_brand` [ RunTime:0.082004s ]
[ sql ] [ SQL ] SELECT `id`,`brand_name` FROM `tp_brand` WHERE  `id` = 2 LIMIT 1 [ RunTime:0.001000s ]
[ sql ] [ SQL ] SELECT `id`,`brand_name` FROM `tp_brand` WHERE  `id` = 13 LIMIT 1 [ RunTime:0.001000s ]
[ sql ] [ SQL ] SELECT `id`,`brand_name` FROM `tp_brand` WHERE  `id` = 14 LIMIT 1 [ RunTime:0.001000s ]
[ sql ] [ SQL ] SELECT MIN(shop_price) min_price,MAX(shop_price) max_price FROM `tp_goods` WHERE  `category_id` = 38 LIMIT 1 [ RunTime:0.001000s ]
[ sql ] [ SQL ] SELECT COUNT(*) AS tp_count FROM `tp_goods` WHERE  `shop_price` BETWEEN 40 AND 59  AND `category_id` = 38  AND `on_sale` = 1 LIMIT 1 [ RunTime:0.001000s ]
[ sql ] [ SQL ] SELECT COUNT(*) AS tp_count FROM `tp_goods` WHERE  `shop_price` BETWEEN 60 AND 69  AND `category_id` = 38  AND `on_sale` = 1 LIMIT 1 [ RunTime:0.000000s ]
[ sql ] [ SQL ] SELECT COUNT(*) AS tp_count FROM `tp_goods` WHERE  `shop_price` BETWEEN 70 AND 89  AND `category_id` = 38  AND `on_sale` = 1 LIMIT 1 [ RunTime:0.001000s ]
[ sql ] [ SQL ] SELECT COUNT(*) AS tp_count FROM `tp_goods` WHERE  `shop_price` BETWEEN 90 AND 99  AND `category_id` = 38  AND `on_sale` = 1 LIMIT 1 [ RunTime:0.001000s ]
[ sql ] [ SQL ] SELECT COUNT(*) AS tp_count FROM `tp_goods` WHERE  `shop_price` BETWEEN 100 AND 107  AND `category_id` = 38  AND `on_sale` = 1 LIMIT 1 [ RunTime:0.001001s ]
[ sql ] [ SQL ] SELECT `id`,`pid` FROM `tp_category` [ RunTime:0.000000s ]
[ sql ] [ SQL ] SELECT COUNT(*) AS tp_count FROM ( SELECT count(*) FROM `tp_goods` `g` LEFT JOIN `tp_order_goods` `b` ON `g`.`id`=b.goods_id AND b.order_id IN(SELECT id FROM tp_order WHERE pay_status=1) WHERE  `g`.`on_sale` = 1 GROUP BY `g`.`id` ) `_group_count_` LIMIT 1 [ RunTime:0.117006s ]
[ sql ] [ SQL ] SELECT `g`.`id`,`g`.`goods_name`,g.shop_price price,`g`.`time`,`g`.`mid_thumb`,IFNULL(SUM(b.goods_num),0) xl,(SELECT COUNT(id) FROM tp_comment c WHERE g.id=c.goods_id) pl,(SELECT group_concat(mid_photo) FROM tp_goods_photo gp WHERE g.id=gp.goods_id) mid_photo,(SELECT group_concat(id) FROM tp_recpos WHERE rec_type=1 AND id IN(SELECT recpos_id FROM tp_rec_item WHERE value_type=1 AND g.id=value_id)) recpos FROM `tp_goods` `g` LEFT JOIN `tp_order_goods` `b` ON `g`.`id`=b.goods_id AND b.order_id IN(SELECT id FROM tp_order WHERE pay_status=1) WHERE  `g`.`on_sale` = 1 GROUP BY `g`.`id` ORDER BY xl DESC LIMIT 0,24 [ RunTime:0.119007s ]
---------------------------------------------------------------
[ 2019-01-06T10:38:43+08:00 ] 127.0.0.1 127.0.0.1 GET /shop/index.php/index/category/index/id/js/perfect-scrollbar/perfect-scrollbar.min.css
[ info ] 127.0.0.1/shop/index.php/index/category/index/id/js/perfect-scrollbar/perfect-scrollbar.min.css [运行时间：0.534031s][吞吐率：1.87req/s] [内存消耗：5,753.24kb] [文件加载：63]
[ info ] [ LANG ] F:\wamp\www\shop\thinkphp\lang\zh-cn.php
[ info ] [ ROUTE ] array (
  'type' => 'module',
  'module' => 
  array (
    0 => 'index',
    1 => 'category',
    2 => 'index',
  ),
)
[ info ] [ HEADER ] array (
  'host' => '127.0.0.1',
  'connection' => 'keep-alive',
  'user-agent' => 'Mozilla/5.0 (Windows NT 6.1; WOW64) AppleWebKit/537.36 (KHTML, like Gecko) Chrome/68.0.3440.106 Safari/537.36',
  'accept' => 'text/css,*/*;q=0.1',
  'referer' => 'http://127.0.0.1/shop/index.php/index/category/index/id/38',
  'accept-encoding' => 'gzip, deflate, br',
  'accept-language' => 'zh-CN,zh;q=0.9',
  'cookie' => '_ga=GA1.1.1619632685.1541818471; PHPSESSID=9lq7qjh2uvau91ba1gc2ntub81',
)
[ info ] [ PARAM ] array (
  'id' => 'js',
  'scrollbar' => 'perfect-scrollbar.min.css',
)
[ info ] [ DB ] INIT mysql
[ info ] [ CACHE ] INIT File
[ info ] [ RUN ] app\index\controller\Category->index[ F:\wamp\www\shop\application\index\controller\Category.php ]
[ info ] [ LOG ] INIT File
[ sql ] [ DB ] CONNECT:[ UseTime:0.001000s ] mysql:host=127.0.0.1;dbname=tpshop;charset=utf8
[ sql ] [ SQL ] SHOW COLUMNS FROM `tp_category` [ RunTime:0.024002s ]
[ sql ] [ SQL ] SELECT * FROM `tp_category` WHERE  `pid` = 0 ORDER BY sort ASC [ RunTime:0.001000s ]
[ sql ] [ SQL ] SELECT * FROM `tp_category` WHERE  `pid` = 7 [ RunTime:0.001000s ]
[ sql ] [ SQL ] SELECT * FROM `tp_category` WHERE  `pid` = 2 [ RunTime:0.001000s ]
[ sql ] [ SQL ] SELECT * FROM `tp_category` WHERE  `pid` = 33 [ RunTime:0.001000s ]
[ sql ] [ SQL ] SELECT * FROM `tp_category` WHERE  `pid` = 38 [ RunTime:0.001000s ]
[ sql ] [ SQL ] SELECT * FROM `tp_category` WHERE  `id` = 0 LIMIT 1 [ RunTime:0.000000s ]
[ sql ] [ SQL ] SHOW COLUMNS FROM `tp_attr` [ RunTime:0.026002s ]
[ sql ] [ SQL ] SELECT `id`,`attr_name` FROM `tp_attr` WHERE  `id` IN (0) [ RunTime:0.001000s ]
[ sql ] [ SQL ] SHOW COLUMNS FROM `tp_goods` [ RunTime:0.026001s ]
[ sql ] [ SQL ] SELECT `brand_id` FROM `tp_goods` WHERE  `category_id` = 0 [ RunTime:0.000000s ]
[ sql ] [ SQL ] SELECT MIN(shop_price) min_price,MAX(shop_price) max_price FROM `tp_goods` WHERE  `category_id` = 0 LIMIT 1 [ RunTime:0.002000s ]
[ error ] [2]Division by zero[F:\wamp\www\shop\application\index\controller\Category.php:53]
---------------------------------------------------------------
[ 2019-01-06T10:39:04+08:00 ] 127.0.0.1 127.0.0.1 GET /shop/index.php/member/order/orderlist
[ info ] 127.0.0.1/shop/index.php/member/order/orderlist [运行时间：1.144066s][吞吐率：0.87req/s] [内存消耗：6,212.00kb] [文件加载：67]
[ info ] [ LANG ] F:\wamp\www\shop\thinkphp\lang\zh-cn.php
[ info ] [ ROUTE ] array (
  'type' => 'module',
  'module' => 
  array (
    0 => 'member',
    1 => 'order',
    2 => 'orderlist',
  ),
)
[ info ] [ HEADER ] array (
  'host' => '127.0.0.1',
  'connection' => 'keep-alive',
  'upgrade-insecure-requests' => '1',
  'user-agent' => 'Mozilla/5.0 (Windows NT 6.1; WOW64) AppleWebKit/537.36 (KHTML, like Gecko) Chrome/68.0.3440.106 Safari/537.36',
  'accept' => 'text/html,application/xhtml+xml,application/xml;q=0.9,image/webp,image/apng,*/*;q=0.8',
  'accept-encoding' => 'gzip, deflate, br',
  'accept-language' => 'zh-CN,zh;q=0.9',
  'cookie' => '_ga=GA1.1.1619632685.1541818471; PHPSESSID=9lq7qjh2uvau91ba1gc2ntub81',
)
[ info ] [ PARAM ] array (
)
[ info ] [ SESSION ] INIT array (
  'id' => '',
  'var_session_id' => '',
  'prefix' => 'think',
  'type' => '',
  'auto_start' => true,
)
[ info ] [ DB ] INIT mysql
[ info ] [ CACHE ] INIT File
[ info ] [ RUN ] app\member\controller\Order->orderlist[ F:\wamp\www\shop\application\member\controller\Order.php ]
[ info ] [ VIEW ] F:\wamp\www\shop/application/member\view\order\orderlist.htm [ array (
  0 => 'leftUserInfo',
  1 => 'registerType',
  2 => 'helpCateRes',
  3 => 'shopInfoRes',
  4 => 'navRes',
  5 => 'configs',
  6 => 'cateRes',
  7 => 'orderRes',
  8 => 'totalCount',
  9 => 'notDoneCount',
  10 => 'notPayCount',
  11 => 'notGetCount',
  12 => 'doneCount',
  13 => 'orderStatus',
) ]
[ info ] [ LOG ] INIT File
[ sql ] [ DB ] CONNECT:[ UseTime:0.001000s ] mysql:host=127.0.0.1;dbname=tpshop;charset=utf8
[ sql ] [ SQL ] SHOW COLUMNS FROM `tp_user_info` [ RunTime:0.230013s ]
[ sql ] [ SQL ] SELECT * FROM `tp_user_info` WHERE  `user_id` = 1 LIMIT 1 [ RunTime:0.001000s ]
[ sql ] [ SQL ] SHOW COLUMNS FROM `tp_user` [ RunTime:0.074005s ]
[ sql ] [ SQL ] SELECT `register_type` FROM `tp_user` WHERE  `id` = 1 LIMIT 1 [ RunTime:0.000000s ]
[ sql ] [ SQL ] SHOW COLUMNS FROM `tp_category` [ RunTime:0.016001s ]
[ sql ] [ SQL ] SELECT * FROM `tp_category` WHERE  `pid` = 0 ORDER BY sort ASC [ RunTime:0.001000s ]
[ sql ] [ SQL ] SELECT * FROM `tp_category` WHERE  `pid` = 7 [ RunTime:0.001001s ]
[ sql ] [ SQL ] SELECT * FROM `tp_category` WHERE  `pid` = 2 [ RunTime:0.000000s ]
[ sql ] [ SQL ] SELECT * FROM `tp_category` WHERE  `pid` = 33 [ RunTime:0.001000s ]
[ sql ] [ SQL ] SELECT * FROM `tp_category` WHERE  `pid` = 38 [ RunTime:0.000000s ]
[ sql ] [ SQL ] SHOW COLUMNS FROM `tp_order` [ RunTime:0.024001s ]
[ sql ] [ SQL ] SELECT COUNT(*) AS tp_count FROM `tp_order` WHERE  `user_id` = 1  AND `del_status` = 0  AND `id` > 1 LIMIT 1 [ RunTime:0.000000s ]
[ sql ] [ SQL ] SELECT `id`,`out_trade_no`,`user_id`,`order_total_price`,`order_status`,`pay_status`,`post_status`,`order_time`,`name` FROM `tp_order` WHERE  `user_id` = 1  AND `del_status` = 0  AND `id` > 1 LIMIT 0,10 [ RunTime:0.001000s ]
[ sql ] [ SQL ] SHOW COLUMNS FROM `tp_order_goods` [ RunTime:0.025001s ]
[ sql ] [ SQL ] SELECT `g`.`mid_thumb`,`g`.`goods_name`,`og`.`member_price`,`og`.`goods_attr_str`,`og`.`goods_num` FROM `tp_order_goods` `og` INNER JOIN `tp_goods` `g` ON `g`.`id`=`og`.`goods_id` WHERE  `order_id` = 2 [ RunTime:0.000000s ]
[ sql ] [ SQL ] SELECT `g`.`mid_thumb`,`g`.`goods_name`,`og`.`member_price`,`og`.`goods_attr_str`,`og`.`goods_num` FROM `tp_order_goods` `og` INNER JOIN `tp_goods` `g` ON `g`.`id`=`og`.`goods_id` WHERE  `order_id` = 3 [ RunTime:0.001000s ]
[ sql ] [ SQL ] SELECT `g`.`mid_thumb`,`g`.`goods_name`,`og`.`member_price`,`og`.`goods_attr_str`,`og`.`goods_num` FROM `tp_order_goods` `og` INNER JOIN `tp_goods` `g` ON `g`.`id`=`og`.`goods_id` WHERE  `order_id` = 4 [ RunTime:0.000000s ]
[ sql ] [ SQL ] SELECT `g`.`mid_thumb`,`g`.`goods_name`,`og`.`member_price`,`og`.`goods_attr_str`,`og`.`goods_num` FROM `tp_order_goods` `og` INNER JOIN `tp_goods` `g` ON `g`.`id`=`og`.`goods_id` WHERE  `order_id` = 5 [ RunTime:0.001000s ]
[ sql ] [ SQL ] SELECT `g`.`mid_thumb`,`g`.`goods_name`,`og`.`member_price`,`og`.`goods_attr_str`,`og`.`goods_num` FROM `tp_order_goods` `og` INNER JOIN `tp_goods` `g` ON `g`.`id`=`og`.`goods_id` WHERE  `order_id` = 6 [ RunTime:0.000000s ]
[ sql ] [ SQL ] SELECT `g`.`mid_thumb`,`g`.`goods_name`,`og`.`member_price`,`og`.`goods_attr_str`,`og`.`goods_num` FROM `tp_order_goods` `og` INNER JOIN `tp_goods` `g` ON `g`.`id`=`og`.`goods_id` WHERE  `order_id` = 7 [ RunTime:0.000000s ]
[ sql ] [ SQL ] SELECT `g`.`mid_thumb`,`g`.`goods_name`,`og`.`member_price`,`og`.`goods_attr_str`,`og`.`goods_num` FROM `tp_order_goods` `og` INNER JOIN `tp_goods` `g` ON `g`.`id`=`og`.`goods_id` WHERE  `order_id` = 8 [ RunTime:0.001001s ]
[ sql ] [ SQL ] SELECT `g`.`mid_thumb`,`g`.`goods_name`,`og`.`member_price`,`og`.`goods_attr_str`,`og`.`goods_num` FROM `tp_order_goods` `og` INNER JOIN `tp_goods` `g` ON `g`.`id`=`og`.`goods_id` WHERE  `order_id` = 9 [ RunTime:0.001000s ]
[ sql ] [ SQL ] SELECT `g`.`mid_thumb`,`g`.`goods_name`,`og`.`member_price`,`og`.`goods_attr_str`,`og`.`goods_num` FROM `tp_order_goods` `og` INNER JOIN `tp_goods` `g` ON `g`.`id`=`og`.`goods_id` WHERE  `order_id` = 10 [ RunTime:0.000000s ]
[ sql ] [ SQL ] SELECT `g`.`mid_thumb`,`g`.`goods_name`,`og`.`member_price`,`og`.`goods_attr_str`,`og`.`goods_num` FROM `tp_order_goods` `og` INNER JOIN `tp_goods` `g` ON `g`.`id`=`og`.`goods_id` WHERE  `order_id` = 11 [ RunTime:0.000000s ]
[ sql ] [ SQL ] SELECT COUNT(*) AS tp_count FROM `tp_order` WHERE  `del_status` = 0 LIMIT 1 [ RunTime:0.000000s ]
[ sql ] [ SQL ] SELECT COUNT(*) AS tp_count FROM `tp_order` WHERE  `del_status` = 0  AND `order_status` = 0 LIMIT 1 [ RunTime:0.001000s ]
[ sql ] [ SQL ] SELECT COUNT(*) AS tp_count FROM `tp_order` WHERE  `del_status` = 0  AND `pay_status` = 0 LIMIT 1 [ RunTime:0.001000s ]
[ sql ] [ SQL ] SELECT COUNT(*) AS tp_count FROM `tp_order` WHERE  `del_status` = 0  AND `post_status` = 1 LIMIT 1 [ RunTime:0.001000s ]
[ sql ] [ SQL ] SELECT COUNT(*) AS tp_count FROM `tp_order` WHERE  `del_status` = 0  AND `order_status` = 1 LIMIT 1 [ RunTime:0.000000s ]
---------------------------------------------------------------
[ 2019-01-06T10:39:05+08:00 ] 127.0.0.1 127.0.0.1 GET /shop/public/static/index/js/perfect-scrollbar.min.css
[ info ] 127.0.0.1/shop/public/static/index/js/perfect-scrollbar.min.css [运行时间：0.173010s][吞吐率：5.78req/s] [内存消耗：2,572.38kb] [文件加载：40]
[ info ] [ LANG ] F:\wamp\www\shop\thinkphp\lang\zh-cn.php
[ info ] [ ROUTE ] array (
  'type' => 'module',
  'module' => 
  array (
    0 => 'static',
    1 => 'index',
    2 => 'js',
  ),
)
[ info ] [ HEADER ] array (
  'host' => '127.0.0.1',
  'connection' => 'keep-alive',
  'user-agent' => 'Mozilla/5.0 (Windows NT 6.1; WOW64) AppleWebKit/537.36 (KHTML, like Gecko) Chrome/68.0.3440.106 Safari/537.36',
  'accept' => 'text/css,*/*;q=0.1',
  'referer' => 'http://127.0.0.1/shop/index.php/member/order/orderlist',
  'accept-encoding' => 'gzip, deflate, br',
  'accept-language' => 'zh-CN,zh;q=0.9',
  'cookie' => '_ga=GA1.1.1619632685.1541818471; PHPSESSID=9lq7qjh2uvau91ba1gc2ntub81',
)
[ info ] [ PARAM ] array (
)
[ info ] [ LOG ] INIT File
---------------------------------------------------------------
[ 2019-01-06T10:39:05+08:00 ] 127.0.0.1 127.0.0.1 GET /shop/index.php/member/order/orderlist
[ info ] 127.0.0.1/shop/index.php/member/order/orderlist [运行时间：0.306017s][吞吐率：3.27req/s] [内存消耗：6,212.10kb] [文件加载：67]
[ info ] [ LANG ] F:\wamp\www\shop\thinkphp\lang\zh-cn.php
[ info ] [ ROUTE ] array (
  'type' => 'module',
  'module' => 
  array (
    0 => 'member',
    1 => 'order',
    2 => 'orderlist',
  ),
)
[ info ] [ HEADER ] array (
  'host' => '127.0.0.1',
  'connection' => 'keep-alive',
  'upgrade-insecure-requests' => '1',
  'user-agent' => 'Mozilla/5.0 (Windows NT 6.1; WOW64) AppleWebKit/537.36 (KHTML, like Gecko) Chrome/68.0.3440.106 Safari/537.36',
  'accept' => 'text/html,application/xhtml+xml,application/xml;q=0.9,image/webp,image/apng,*/*;q=0.8',
  'accept-encoding' => 'gzip, deflate, br',
  'accept-language' => 'zh-CN,zh;q=0.9',
  'cookie' => '_ga=GA1.1.1619632685.1541818471; PHPSESSID=9lq7qjh2uvau91ba1gc2ntub81',
)
[ info ] [ PARAM ] array (
)
[ info ] [ SESSION ] INIT array (
  'id' => '',
  'var_session_id' => '',
  'prefix' => 'think',
  'type' => '',
  'auto_start' => true,
)
[ info ] [ DB ] INIT mysql
[ info ] [ CACHE ] INIT File
[ info ] [ RUN ] app\member\controller\Order->orderlist[ F:\wamp\www\shop\application\member\controller\Order.php ]
[ info ] [ VIEW ] F:\wamp\www\shop/application/member\view\order\orderlist.htm [ array (
  0 => 'leftUserInfo',
  1 => 'registerType',
  2 => 'helpCateRes',
  3 => 'shopInfoRes',
  4 => 'navRes',
  5 => 'configs',
  6 => 'cateRes',
  7 => 'orderRes',
  8 => 'totalCount',
  9 => 'notDoneCount',
  10 => 'notPayCount',
  11 => 'notGetCount',
  12 => 'doneCount',
  13 => 'orderStatus',
) ]
[ info ] [ LOG ] INIT File
[ sql ] [ DB ] CONNECT:[ UseTime:0.010001s ] mysql:host=127.0.0.1;dbname=tpshop;charset=utf8
[ sql ] [ SQL ] SHOW COLUMNS FROM `tp_user_info` [ RunTime:0.043002s ]
[ sql ] [ SQL ] SELECT * FROM `tp_user_info` WHERE  `user_id` = 1 LIMIT 1 [ RunTime:0.001000s ]
[ sql ] [ SQL ] SHOW COLUMNS FROM `tp_user` [ RunTime:0.025002s ]
[ sql ] [ SQL ] SELECT `register_type` FROM `tp_user` WHERE  `id` = 1 LIMIT 1 [ RunTime:0.000000s ]
[ sql ] [ SQL ] SHOW COLUMNS FROM `tp_category` [ RunTime:0.046003s ]
[ sql ] [ SQL ] SELECT * FROM `tp_category` WHERE  `pid` = 0 ORDER BY sort ASC [ RunTime:0.001000s ]
[ sql ] [ SQL ] SELECT * FROM `tp_category` WHERE  `pid` = 7 [ RunTime:0.000000s ]
[ sql ] [ SQL ] SELECT * FROM `tp_category` WHERE  `pid` = 2 [ RunTime:0.001000s ]
[ sql ] [ SQL ] SELECT * FROM `tp_category` WHERE  `pid` = 33 [ RunTime:0.000000s ]
[ sql ] [ SQL ] SELECT * FROM `tp_category` WHERE  `pid` = 38 [ RunTime:0.000000s ]
[ sql ] [ SQL ] SHOW COLUMNS FROM `tp_order` [ RunTime:0.026001s ]
[ sql ] [ SQL ] SELECT COUNT(*) AS tp_count FROM `tp_order` WHERE  `user_id` = 1  AND `del_status` = 0  AND `id` > 1 LIMIT 1 [ RunTime:0.000000s ]
[ sql ] [ SQL ] SELECT `id`,`out_trade_no`,`user_id`,`order_total_price`,`order_status`,`pay_status`,`post_status`,`order_time`,`name` FROM `tp_order` WHERE  `user_id` = 1  AND `del_status` = 0  AND `id` > 1 LIMIT 0,10 [ RunTime:0.001000s ]
[ sql ] [ SQL ] SHOW COLUMNS FROM `tp_order_goods` [ RunTime:0.028002s ]
[ sql ] [ SQL ] SELECT `g`.`mid_thumb`,`g`.`goods_name`,`og`.`member_price`,`og`.`goods_attr_str`,`og`.`goods_num` FROM `tp_order_goods` `og` INNER JOIN `tp_goods` `g` ON `g`.`id`=`og`.`goods_id` WHERE  `order_id` = 2 [ RunTime:0.001000s ]
[ sql ] [ SQL ] SELECT `g`.`mid_thumb`,`g`.`goods_name`,`og`.`member_price`,`og`.`goods_attr_str`,`og`.`goods_num` FROM `tp_order_goods` `og` INNER JOIN `tp_goods` `g` ON `g`.`id`=`og`.`goods_id` WHERE  `order_id` = 3 [ RunTime:0.000000s ]
[ sql ] [ SQL ] SELECT `g`.`mid_thumb`,`g`.`goods_name`,`og`.`member_price`,`og`.`goods_attr_str`,`og`.`goods_num` FROM `tp_order_goods` `og` INNER JOIN `tp_goods` `g` ON `g`.`id`=`og`.`goods_id` WHERE  `order_id` = 4 [ RunTime:0.001000s ]
[ sql ] [ SQL ] SELECT `g`.`mid_thumb`,`g`.`goods_name`,`og`.`member_price`,`og`.`goods_attr_str`,`og`.`goods_num` FROM `tp_order_goods` `og` INNER JOIN `tp_goods` `g` ON `g`.`id`=`og`.`goods_id` WHERE  `order_id` = 5 [ RunTime:0.000000s ]
[ sql ] [ SQL ] SELECT `g`.`mid_thumb`,`g`.`goods_name`,`og`.`member_price`,`og`.`goods_attr_str`,`og`.`goods_num` FROM `tp_order_goods` `og` INNER JOIN `tp_goods` `g` ON `g`.`id`=`og`.`goods_id` WHERE  `order_id` = 6 [ RunTime:0.001000s ]
[ sql ] [ SQL ] SELECT `g`.`mid_thumb`,`g`.`goods_name`,`og`.`member_price`,`og`.`goods_attr_str`,`og`.`goods_num` FROM `tp_order_goods` `og` INNER JOIN `tp_goods` `g` ON `g`.`id`=`og`.`goods_id` WHERE  `order_id` = 7 [ RunTime:0.000000s ]
[ sql ] [ SQL ] SELECT `g`.`mid_thumb`,`g`.`goods_name`,`og`.`member_price`,`og`.`goods_attr_str`,`og`.`goods_num` FROM `tp_order_goods` `og` INNER JOIN `tp_goods` `g` ON `g`.`id`=`og`.`goods_id` WHERE  `order_id` = 8 [ RunTime:0.001000s ]
[ sql ] [ SQL ] SELECT `g`.`mid_thumb`,`g`.`goods_name`,`og`.`member_price`,`og`.`goods_attr_str`,`og`.`goods_num` FROM `tp_order_goods` `og` INNER JOIN `tp_goods` `g` ON `g`.`id`=`og`.`goods_id` WHERE  `order_id` = 9 [ RunTime:0.000000s ]
[ sql ] [ SQL ] SELECT `g`.`mid_thumb`,`g`.`goods_name`,`og`.`member_price`,`og`.`goods_attr_str`,`og`.`goods_num` FROM `tp_order_goods` `og` INNER JOIN `tp_goods` `g` ON `g`.`id`=`og`.`goods_id` WHERE  `order_id` = 10 [ RunTime:0.000000s ]
[ sql ] [ SQL ] SELECT `g`.`mid_thumb`,`g`.`goods_name`,`og`.`member_price`,`og`.`goods_attr_str`,`og`.`goods_num` FROM `tp_order_goods` `og` INNER JOIN `tp_goods` `g` ON `g`.`id`=`og`.`goods_id` WHERE  `order_id` = 11 [ RunTime:0.000000s ]
[ sql ] [ SQL ] SELECT COUNT(*) AS tp_count FROM `tp_order` WHERE  `del_status` = 0 LIMIT 1 [ RunTime:0.000000s ]
[ sql ] [ SQL ] SELECT COUNT(*) AS tp_count FROM `tp_order` WHERE  `del_status` = 0  AND `order_status` = 0 LIMIT 1 [ RunTime:0.000000s ]
[ sql ] [ SQL ] SELECT COUNT(*) AS tp_count FROM `tp_order` WHERE  `del_status` = 0  AND `pay_status` = 0 LIMIT 1 [ RunTime:0.000000s ]
[ sql ] [ SQL ] SELECT COUNT(*) AS tp_count FROM `tp_order` WHERE  `del_status` = 0  AND `post_status` = 1 LIMIT 1 [ RunTime:0.000000s ]
[ sql ] [ SQL ] SELECT COUNT(*) AS tp_count FROM `tp_order` WHERE  `del_status` = 0  AND `order_status` = 1 LIMIT 1 [ RunTime:0.000000s ]
---------------------------------------------------------------
[ 2019-01-06T10:39:05+08:00 ] 127.0.0.1 127.0.0.1 GET /shop/public/static/index/js/perfect-scrollbar.min.css
[ info ] 127.0.0.1/shop/public/static/index/js/perfect-scrollbar.min.css [运行时间：0.056003s][吞吐率：17.86req/s] [内存消耗：2,572.38kb] [文件加载：40]
[ info ] [ LANG ] F:\wamp\www\shop\thinkphp\lang\zh-cn.php
[ info ] [ ROUTE ] array (
  'type' => 'module',
  'module' => 
  array (
    0 => 'static',
    1 => 'index',
    2 => 'js',
  ),
)
[ info ] [ HEADER ] array (
  'host' => '127.0.0.1',
  'connection' => 'keep-alive',
  'user-agent' => 'Mozilla/5.0 (Windows NT 6.1; WOW64) AppleWebKit/537.36 (KHTML, like Gecko) Chrome/68.0.3440.106 Safari/537.36',
  'accept' => 'text/css,*/*;q=0.1',
  'referer' => 'http://127.0.0.1/shop/index.php/member/order/orderlist',
  'accept-encoding' => 'gzip, deflate, br',
  'accept-language' => 'zh-CN,zh;q=0.9',
  'cookie' => '_ga=GA1.1.1619632685.1541818471; PHPSESSID=9lq7qjh2uvau91ba1gc2ntub81',
)
[ info ] [ PARAM ] array (
)
[ info ] [ LOG ] INIT File
---------------------------------------------------------------
[ 2019-01-06T10:39:05+08:00 ] 127.0.0.1 127.0.0.1 GET /shop/index.php/member/order/js/jquery.yomi.js
[ info ] 127.0.0.1/shop/index.php/member/order/js/jquery.yomi.js [运行时间：0.227013s][吞吐率：4.41req/s] [内存消耗：5,775.45kb] [文件加载：64]
[ info ] [ LANG ] F:\wamp\www\shop\thinkphp\lang\zh-cn.php
[ info ] [ ROUTE ] array (
  'type' => 'module',
  'module' => 
  array (
    0 => 'member',
    1 => 'order',
    2 => 'js',
  ),
)
[ info ] [ HEADER ] array (
  'host' => '127.0.0.1',
  'connection' => 'keep-alive',
  'user-agent' => 'Mozilla/5.0 (Windows NT 6.1; WOW64) AppleWebKit/537.36 (KHTML, like Gecko) Chrome/68.0.3440.106 Safari/537.36',
  'accept' => '*/*',
  'referer' => 'http://127.0.0.1/shop/index.php/member/order/orderlist',
  'accept-encoding' => 'gzip, deflate, br',
  'accept-language' => 'zh-CN,zh;q=0.9',
  'cookie' => '_ga=GA1.1.1619632685.1541818471; PHPSESSID=9lq7qjh2uvau91ba1gc2ntub81',
)
[ info ] [ PARAM ] array (
)
[ info ] [ SESSION ] INIT array (
  'id' => '',
  'var_session_id' => '',
  'prefix' => 'think',
  'type' => '',
  'auto_start' => true,
)
[ info ] [ DB ] INIT mysql
[ info ] [ CACHE ] INIT File
[ info ] [ LOG ] INIT File
[ sql ] [ DB ] CONNECT:[ UseTime:0.001000s ] mysql:host=127.0.0.1;dbname=tpshop;charset=utf8
[ sql ] [ SQL ] SHOW COLUMNS FROM `tp_user_info` [ RunTime:0.035002s ]
[ sql ] [ SQL ] SELECT * FROM `tp_user_info` WHERE  `user_id` = 1 LIMIT 1 [ RunTime:0.002000s ]
[ sql ] [ SQL ] SHOW COLUMNS FROM `tp_user` [ RunTime:0.035002s ]
[ sql ] [ SQL ] SELECT `register_type` FROM `tp_user` WHERE  `id` = 1 LIMIT 1 [ RunTime:0.001000s ]
[ sql ] [ SQL ] SHOW COLUMNS FROM `tp_category` [ RunTime:0.031002s ]
[ sql ] [ SQL ] SELECT * FROM `tp_category` WHERE  `pid` = 0 ORDER BY sort ASC [ RunTime:0.001000s ]
[ sql ] [ SQL ] SELECT * FROM `tp_category` WHERE  `pid` = 7 [ RunTime:0.000000s ]
[ sql ] [ SQL ] SELECT * FROM `tp_category` WHERE  `pid` = 2 [ RunTime:0.000000s ]
[ sql ] [ SQL ] SELECT * FROM `tp_category` WHERE  `pid` = 33 [ RunTime:0.000000s ]
[ sql ] [ SQL ] SELECT * FROM `tp_category` WHERE  `pid` = 38 [ RunTime:0.001000s ]
---------------------------------------------------------------
[ 2019-01-06T10:39:05+08:00 ] 127.0.0.1 127.0.0.1 GET /shop/public/static/index/js/perfect-scrollbar/perfect-scrollbar.min.js
[ info ] 127.0.0.1/shop/public/static/index/js/perfect-scrollbar/perfect-scrollbar.min.js [运行时间：0.033002s][吞吐率：30.30req/s] [内存消耗：2,572.84kb] [文件加载：40]
[ info ] [ LANG ] F:\wamp\www\shop\thinkphp\lang\zh-cn.php
[ info ] [ ROUTE ] array (
  'type' => 'module',
  'module' => 
  array (
    0 => 'static',
    1 => 'index',
    2 => 'js',
  ),
)
[ info ] [ HEADER ] array (
  'host' => '127.0.0.1',
  'connection' => 'keep-alive',
  'user-agent' => 'Mozilla/5.0 (Windows NT 6.1; WOW64) AppleWebKit/537.36 (KHTML, like Gecko) Chrome/68.0.3440.106 Safari/537.36',
  'accept' => '*/*',
  'referer' => 'http://127.0.0.1/shop/index.php/member/order/orderlist',
  'accept-encoding' => 'gzip, deflate, br',
  'accept-language' => 'zh-CN,zh;q=0.9',
  'cookie' => '_ga=GA1.1.1619632685.1541818471; PHPSESSID=9lq7qjh2uvau91ba1gc2ntub81',
)
[ info ] [ PARAM ] array (
  'scrollbar' => 'perfect-scrollbar.min.js',
)
[ info ] [ LOG ] INIT File
---------------------------------------------------------------
[ 2019-01-06T10:39:05+08:00 ] 127.0.0.1 127.0.0.1 GET /shop/public/static/index/js/ZeroClipboard.js
[ info ] 127.0.0.1/shop/public/static/index/js/ZeroClipboard.js [运行时间：0.054003s][吞吐率：18.52req/s] [内存消耗：2,572.48kb] [文件加载：40]
[ info ] [ LANG ] F:\wamp\www\shop\thinkphp\lang\zh-cn.php
[ info ] [ ROUTE ] array (
  'type' => 'module',
  'module' => 
  array (
    0 => 'static',
    1 => 'index',
    2 => 'js',
  ),
)
[ info ] [ HEADER ] array (
  'host' => '127.0.0.1',
  'connection' => 'keep-alive',
  'user-agent' => 'Mozilla/5.0 (Windows NT 6.1; WOW64) AppleWebKit/537.36 (KHTML, like Gecko) Chrome/68.0.3440.106 Safari/537.36',
  'accept' => '*/*',
  'referer' => 'http://127.0.0.1/shop/index.php/member/order/orderlist',
  'accept-encoding' => 'gzip, deflate, br',
  'accept-language' => 'zh-CN,zh;q=0.9',
  'cookie' => '_ga=GA1.1.1619632685.1541818471; PHPSESSID=9lq7qjh2uvau91ba1gc2ntub81',
)
[ info ] [ PARAM ] array (
)
[ info ] [ LOG ] INIT File
---------------------------------------------------------------
[ 2019-01-06T10:39:06+08:00 ] 127.0.0.1 127.0.0.1 GET /shop/public/static/index/img/user_rank.png
[ info ] 127.0.0.1/shop/public/static/index/img/user_rank.png [运行时间：0.055003s][吞吐率：18.18req/s] [内存消耗：2,572.24kb] [文件加载：40]
[ info ] [ LANG ] F:\wamp\www\shop\thinkphp\lang\zh-cn.php
[ info ] [ ROUTE ] array (
  'type' => 'module',
  'module' => 
  array (
    0 => 'static',
    1 => 'index',
    2 => 'img',
  ),
)
[ info ] [ HEADER ] array (
  'host' => '127.0.0.1',
  'connection' => 'keep-alive',
  'user-agent' => 'Mozilla/5.0 (Windows NT 6.1; WOW64) AppleWebKit/537.36 (KHTML, like Gecko) Chrome/68.0.3440.106 Safari/537.36',
  'accept' => 'image/webp,image/apng,image/*,*/*;q=0.8',
  'referer' => 'http://127.0.0.1/shop/public/static/index/css/user.css',
  'accept-encoding' => 'gzip, deflate, br',
  'accept-language' => 'zh-CN,zh;q=0.9',
  'cookie' => '_ga=GA1.1.1619632685.1541818471; PHPSESSID=9lq7qjh2uvau91ba1gc2ntub81',
)
[ info ] [ PARAM ] array (
)
[ info ] [ LOG ] INIT File
---------------------------------------------------------------
[ 2019-01-06T10:39:06+08:00 ] 127.0.0.1 127.0.0.1 GET /shop/index.php/member/account/checklogin.html
[ info ] 127.0.0.1/shop/index.php/member/account/checklogin.html [运行时间：0.098005s][吞吐率：10.20req/s] [内存消耗：2,614.40kb] [文件加载：40]
[ info ] [ LANG ] F:\wamp\www\shop\thinkphp\lang\zh-cn.php
[ info ] [ ROUTE ] array (
  'type' => 'module',
  'module' => 
  array (
    0 => 'member',
    1 => 'account',
    2 => 'checklogin',
  ),
)
[ info ] [ HEADER ] array (
  'host' => '127.0.0.1',
  'connection' => 'keep-alive',
  'accept' => 'application/json, text/javascript, */*; q=0.01',
  'x-requested-with' => 'XMLHttpRequest',
  'user-agent' => 'Mozilla/5.0 (Windows NT 6.1; WOW64) AppleWebKit/537.36 (KHTML, like Gecko) Chrome/68.0.3440.106 Safari/537.36',
  'referer' => 'http://127.0.0.1/shop/index.php/member/order/orderlist',
  'accept-encoding' => 'gzip, deflate, br',
  'accept-language' => 'zh-CN,zh;q=0.9',
  'cookie' => '_ga=GA1.1.1619632685.1541818471; PHPSESSID=9lq7qjh2uvau91ba1gc2ntub81',
)
[ info ] [ PARAM ] array (
)
[ info ] [ RUN ] app\member\controller\Account->checkLogin[ F:\wamp\www\shop\application\member\controller\Account.php ]
[ info ] [ SESSION ] INIT array (
  'id' => '',
  'var_session_id' => '',
  'prefix' => 'think',
  'type' => '',
  'auto_start' => true,
)
[ info ] [ LOG ] INIT File
---------------------------------------------------------------
[ 2019-01-06T10:39:06+08:00 ] 127.0.0.1 127.0.0.1 POST /shop/index.php/index/flow/cartgoodsnum.html
[ info ] 127.0.0.1/shop/index.php/index/flow/cartgoodsnum.html [运行时间：0.236013s][吞吐率：4.24req/s] [内存消耗：5,666.73kb] [文件加载：60]
[ info ] [ LANG ] F:\wamp\www\shop\thinkphp\lang\zh-cn.php
[ info ] [ ROUTE ] array (
  'type' => 'module',
  'module' => 
  array (
    0 => 'index',
    1 => 'flow',
    2 => 'cartgoodsnum',
  ),
)
[ info ] [ HEADER ] array (
  'host' => '127.0.0.1',
  'connection' => 'keep-alive',
  'content-length' => '0',
  'accept' => 'application/json, text/javascript, */*; q=0.01',
  'origin' => 'http://127.0.0.1',
  'x-requested-with' => 'XMLHttpRequest',
  'user-agent' => 'Mozilla/5.0 (Windows NT 6.1; WOW64) AppleWebKit/537.36 (KHTML, like Gecko) Chrome/68.0.3440.106 Safari/537.36',
  'referer' => 'http://127.0.0.1/shop/index.php/member/order/orderlist',
  'accept-encoding' => 'gzip, deflate, br',
  'accept-language' => 'zh-CN,zh;q=0.9',
  'cookie' => '_ga=GA1.1.1619632685.1541818471; PHPSESSID=9lq7qjh2uvau91ba1gc2ntub81',
)
[ info ] [ PARAM ] array (
)
[ info ] [ DB ] INIT mysql
[ info ] [ CACHE ] INIT File
[ info ] [ RUN ] app\index\controller\Flow->cartGoodsNum[ F:\wamp\www\shop\application\index\controller\Flow.php ]
[ info ] [ LOG ] INIT File
[ sql ] [ DB ] CONNECT:[ UseTime:0.001000s ] mysql:host=127.0.0.1;dbname=tpshop;charset=utf8
[ sql ] [ SQL ] SHOW COLUMNS FROM `tp_category` [ RunTime:0.061003s ]
[ sql ] [ SQL ] SELECT * FROM `tp_category` WHERE  `pid` = 0 ORDER BY sort ASC [ RunTime:0.001000s ]
[ sql ] [ SQL ] SELECT * FROM `tp_category` WHERE  `pid` = 7 [ RunTime:0.001000s ]
[ sql ] [ SQL ] SELECT * FROM `tp_category` WHERE  `pid` = 2 [ RunTime:0.001000s ]
[ sql ] [ SQL ] SELECT * FROM `tp_category` WHERE  `pid` = 33 [ RunTime:0.001000s ]
[ sql ] [ SQL ] SELECT * FROM `tp_category` WHERE  `pid` = 38 [ RunTime:0.001000s ]
---------------------------------------------------------------
[ 2019-01-06T10:39:06+08:00 ] 127.0.0.1 127.0.0.1 GET /shop/index.php/member/order/favicon.ico
[ info ] 127.0.0.1/shop/index.php/member/order/favicon.ico [运行时间：0.240014s][吞吐率：4.17req/s] [内存消耗：5,775.98kb] [文件加载：64]
[ info ] [ LANG ] F:\wamp\www\shop\thinkphp\lang\zh-cn.php
[ info ] [ ROUTE ] array (
  'type' => 'module',
  'module' => 
  array (
    0 => 'member',
    1 => 'order',
    2 => 'favicon.ico',
  ),
)
[ info ] [ HEADER ] array (
  'host' => '127.0.0.1',
  'connection' => 'keep-alive',
  'user-agent' => 'Mozilla/5.0 (Windows NT 6.1; WOW64) AppleWebKit/537.36 (KHTML, like Gecko) Chrome/68.0.3440.106 Safari/537.36',
  'accept' => 'image/webp,image/apng,image/*,*/*;q=0.8',
  'referer' => 'http://127.0.0.1/shop/index.php/member/order/orderlist',
  'accept-encoding' => 'gzip, deflate, br',
  'accept-language' => 'zh-CN,zh;q=0.9',
  'cookie' => '_ga=GA1.1.1619632685.1541818471; PHPSESSID=9lq7qjh2uvau91ba1gc2ntub81',
)
[ info ] [ PARAM ] array (
)
[ info ] [ SESSION ] INIT array (
  'id' => '',
  'var_session_id' => '',
  'prefix' => 'think',
  'type' => '',
  'auto_start' => true,
)
[ info ] [ DB ] INIT mysql
[ info ] [ CACHE ] INIT File
[ info ] [ LOG ] INIT File
[ sql ] [ DB ] CONNECT:[ UseTime:0.001000s ] mysql:host=127.0.0.1;dbname=tpshop;charset=utf8
[ sql ] [ SQL ] SHOW COLUMNS FROM `tp_user_info` [ RunTime:0.065004s ]
[ sql ] [ SQL ] SELECT * FROM `tp_user_info` WHERE  `user_id` = 1 LIMIT 1 [ RunTime:0.001000s ]
[ sql ] [ SQL ] SHOW COLUMNS FROM `tp_user` [ RunTime:0.035002s ]
[ sql ] [ SQL ] SELECT `register_type` FROM `tp_user` WHERE  `id` = 1 LIMIT 1 [ RunTime:0.001000s ]
[ sql ] [ SQL ] SHOW COLUMNS FROM `tp_category` [ RunTime:0.029001s ]
[ sql ] [ SQL ] SELECT * FROM `tp_category` WHERE  `pid` = 0 ORDER BY sort ASC [ RunTime:0.000000s ]
[ sql ] [ SQL ] SELECT * FROM `tp_category` WHERE  `pid` = 7 [ RunTime:0.001000s ]
[ sql ] [ SQL ] SELECT * FROM `tp_category` WHERE  `pid` = 2 [ RunTime:0.000000s ]
[ sql ] [ SQL ] SELECT * FROM `tp_category` WHERE  `pid` = 33 [ RunTime:0.001000s ]
[ sql ] [ SQL ] SELECT * FROM `tp_category` WHERE  `pid` = 38 [ RunTime:0.000000s ]
---------------------------------------------------------------
[ 2019-01-06T10:39:13+08:00 ] 127.0.0.1 127.0.0.1 GET /shop/index.php/member/coupons/index
[ info ] 127.0.0.1/shop/index.php/member/coupons/index [运行时间：0.466027s][吞吐率：2.15req/s] [内存消耗：5,855.73kb] [文件加载：64]
[ info ] [ LANG ] F:\wamp\www\shop\thinkphp\lang\zh-cn.php
[ info ] [ ROUTE ] array (
  'type' => 'module',
  'module' => 
  array (
    0 => 'member',
    1 => 'coupons',
    2 => 'index',
  ),
)
[ info ] [ HEADER ] array (
  'host' => '127.0.0.1',
  'connection' => 'keep-alive',
  'upgrade-insecure-requests' => '1',
  'user-agent' => 'Mozilla/5.0 (Windows NT 6.1; WOW64) AppleWebKit/537.36 (KHTML, like Gecko) Chrome/68.0.3440.106 Safari/537.36',
  'accept' => 'text/html,application/xhtml+xml,application/xml;q=0.9,image/webp,image/apng,*/*;q=0.8',
  'accept-encoding' => 'gzip, deflate, br',
  'accept-language' => 'zh-CN,zh;q=0.9',
  'cookie' => '_ga=GA1.1.1619632685.1541818471; PHPSESSID=9lq7qjh2uvau91ba1gc2ntub81',
)
[ info ] [ PARAM ] array (
)
[ info ] [ SESSION ] INIT array (
  'id' => '',
  'var_session_id' => '',
  'prefix' => 'think',
  'type' => '',
  'auto_start' => true,
)
[ info ] [ DB ] INIT mysql
[ info ] [ CACHE ] INIT File
[ info ] [ RUN ] app\member\controller\Coupons->index[ F:\wamp\www\shop\application\member\controller\Coupons.php ]
[ info ] [ VIEW ] F:\wamp\www\shop/application/member\view\coupons\index.htm [ array (
  0 => 'leftUserInfo',
  1 => 'registerType',
  2 => 'helpCateRes',
  3 => 'shopInfoRes',
  4 => 'navRes',
  5 => 'configs',
  6 => 'cateRes',
  7 => 'show_right',
  8 => 'couponRes',
  9 => 'HcStatus',
) ]
[ info ] [ LOG ] INIT File
[ sql ] [ DB ] CONNECT:[ UseTime:0.002000s ] mysql:host=127.0.0.1;dbname=tpshop;charset=utf8
[ sql ] [ SQL ] SHOW COLUMNS FROM `tp_user_info` [ RunTime:0.037002s ]
[ sql ] [ SQL ] SELECT * FROM `tp_user_info` WHERE  `user_id` = 1 LIMIT 1 [ RunTime:0.001000s ]
[ sql ] [ SQL ] SHOW COLUMNS FROM `tp_user` [ RunTime:0.041003s ]
[ sql ] [ SQL ] SELECT `register_type` FROM `tp_user` WHERE  `id` = 1 LIMIT 1 [ RunTime:0.000000s ]
[ sql ] [ SQL ] SHOW COLUMNS FROM `tp_category` [ RunTime:0.060003s ]
[ sql ] [ SQL ] SELECT * FROM `tp_category` WHERE  `pid` = 0 ORDER BY sort ASC [ RunTime:0.001000s ]
[ sql ] [ SQL ] SELECT * FROM `tp_category` WHERE  `pid` = 7 [ RunTime:0.000000s ]
[ sql ] [ SQL ] SELECT * FROM `tp_category` WHERE  `pid` = 2 [ RunTime:0.001000s ]
[ sql ] [ SQL ] SELECT * FROM `tp_category` WHERE  `pid` = 33 [ RunTime:0.000000s ]
[ sql ] [ SQL ] SELECT * FROM `tp_category` WHERE  `pid` = 38 [ RunTime:0.000000s ]
[ sql ] [ SQL ] SHOW COLUMNS FROM `tp_coupons` [ RunTime:0.123007s ]
[ sql ] [ SQL ] SELECT `cp`.*,`cpt`.`uid`,`cpt`.`coupons_id`,`cpt`.`use_status`,`cpt`.`taken_time` FROM `tp_coupons` `cp` INNER JOIN `tp_coupons_taken` `cpt` ON `cp`.`id`=`cpt`.`coupons_id` WHERE  `cpt`.`uid` = 1  AND `cpt`.`use_status` = 0  AND `cp`.`end_date` > 1546742353 [ RunTime:0.021001s ]
---------------------------------------------------------------
[ 2019-01-06T10:39:13+08:00 ] 127.0.0.1 127.0.0.1 GET /shop/public/static/index/js/perfect-scrollbar/perfect-scrollbar.min.js
[ info ] 127.0.0.1/shop/public/static/index/js/perfect-scrollbar/perfect-scrollbar.min.js [运行时间：0.066004s][吞吐率：15.15req/s] [内存消耗：2,572.95kb] [文件加载：40]
[ info ] [ LANG ] F:\wamp\www\shop\thinkphp\lang\zh-cn.php
[ info ] [ ROUTE ] array (
  'type' => 'module',
  'module' => 
  array (
    0 => 'static',
    1 => 'index',
    2 => 'js',
  ),
)
[ info ] [ HEADER ] array (
  'host' => '127.0.0.1',
  'connection' => 'keep-alive',
  'user-agent' => 'Mozilla/5.0 (Windows NT 6.1; WOW64) AppleWebKit/537.36 (KHTML, like Gecko) Chrome/68.0.3440.106 Safari/537.36',
  'accept' => '*/*',
  'referer' => 'http://127.0.0.1/shop/index.php/member/coupons/index',
  'accept-encoding' => 'gzip, deflate, br',
  'accept-language' => 'zh-CN,zh;q=0.9',
  'cookie' => '_ga=GA1.1.1619632685.1541818471; PHPSESSID=9lq7qjh2uvau91ba1gc2ntub81',
)
[ info ] [ PARAM ] array (
  'scrollbar' => 'perfect-scrollbar.min.js',
)
[ info ] [ LOG ] INIT File
---------------------------------------------------------------
[ 2019-01-06T10:39:13+08:00 ] 127.0.0.1 127.0.0.1 GET /shop/public/static/index/js/ZeroClipboard.js
[ info ] 127.0.0.1/shop/public/static/index/js/ZeroClipboard.js [运行时间：0.062003s][吞吐率：16.13req/s] [内存消耗：2,572.47kb] [文件加载：40]
[ info ] [ LANG ] F:\wamp\www\shop\thinkphp\lang\zh-cn.php
[ info ] [ ROUTE ] array (
  'type' => 'module',
  'module' => 
  array (
    0 => 'static',
    1 => 'index',
    2 => 'js',
  ),
)
[ info ] [ HEADER ] array (
  'host' => '127.0.0.1',
  'connection' => 'keep-alive',
  'user-agent' => 'Mozilla/5.0 (Windows NT 6.1; WOW64) AppleWebKit/537.36 (KHTML, like Gecko) Chrome/68.0.3440.106 Safari/537.36',
  'accept' => '*/*',
  'referer' => 'http://127.0.0.1/shop/index.php/member/coupons/index',
  'accept-encoding' => 'gzip, deflate, br',
  'accept-language' => 'zh-CN,zh;q=0.9',
  'cookie' => '_ga=GA1.1.1619632685.1541818471; PHPSESSID=9lq7qjh2uvau91ba1gc2ntub81',
)
[ info ] [ PARAM ] array (
)
[ info ] [ LOG ] INIT File
---------------------------------------------------------------
[ 2019-01-06T10:39:13+08:00 ] 127.0.0.1 127.0.0.1 GET /shop/public/static/index/js/perfect-scrollbar.min.css
[ info ] 127.0.0.1/shop/public/static/index/js/perfect-scrollbar.min.css [运行时间：0.087005s][吞吐率：11.49req/s] [内存消耗：2,572.36kb] [文件加载：40]
[ info ] [ LANG ] F:\wamp\www\shop\thinkphp\lang\zh-cn.php
[ info ] [ ROUTE ] array (
  'type' => 'module',
  'module' => 
  array (
    0 => 'static',
    1 => 'index',
    2 => 'js',
  ),
)
[ info ] [ HEADER ] array (
  'host' => '127.0.0.1',
  'connection' => 'keep-alive',
  'user-agent' => 'Mozilla/5.0 (Windows NT 6.1; WOW64) AppleWebKit/537.36 (KHTML, like Gecko) Chrome/68.0.3440.106 Safari/537.36',
  'accept' => 'text/css,*/*;q=0.1',
  'referer' => 'http://127.0.0.1/shop/index.php/member/coupons/index',
  'accept-encoding' => 'gzip, deflate, br',
  'accept-language' => 'zh-CN,zh;q=0.9',
  'cookie' => '_ga=GA1.1.1619632685.1541818471; PHPSESSID=9lq7qjh2uvau91ba1gc2ntub81',
)
[ info ] [ PARAM ] array (
)
[ info ] [ LOG ] INIT File
---------------------------------------------------------------
[ 2019-01-06T10:39:13+08:00 ] 127.0.0.1 127.0.0.1 GET /shop/public/static/index/js/perfect-scrollbar/perfect-scrollbar.min.js
[ info ] 127.0.0.1/shop/public/static/index/js/perfect-scrollbar/perfect-scrollbar.min.js [运行时间：0.052003s][吞吐率：19.23req/s] [内存消耗：2,572.95kb] [文件加载：40]
[ info ] [ LANG ] F:\wamp\www\shop\thinkphp\lang\zh-cn.php
[ info ] [ ROUTE ] array (
  'type' => 'module',
  'module' => 
  array (
    0 => 'static',
    1 => 'index',
    2 => 'js',
  ),
)
[ info ] [ HEADER ] array (
  'host' => '127.0.0.1',
  'connection' => 'keep-alive',
  'user-agent' => 'Mozilla/5.0 (Windows NT 6.1; WOW64) AppleWebKit/537.36 (KHTML, like Gecko) Chrome/68.0.3440.106 Safari/537.36',
  'accept' => '*/*',
  'referer' => 'http://127.0.0.1/shop/index.php/member/coupons/index',
  'accept-encoding' => 'gzip, deflate, br',
  'accept-language' => 'zh-CN,zh;q=0.9',
  'cookie' => '_ga=GA1.1.1619632685.1541818471; PHPSESSID=9lq7qjh2uvau91ba1gc2ntub81',
)
[ info ] [ PARAM ] array (
  'scrollbar' => 'perfect-scrollbar.min.js',
)
[ info ] [ LOG ] INIT File
---------------------------------------------------------------
[ 2019-01-06T10:39:14+08:00 ] 127.0.0.1 127.0.0.1 GET /shop/public/static/index/img/user_rank.png
[ info ] 127.0.0.1/shop/public/static/index/img/user_rank.png [运行时间：0.043003s][吞吐率：23.25req/s] [内存消耗：2,572.23kb] [文件加载：40]
[ info ] [ LANG ] F:\wamp\www\shop\thinkphp\lang\zh-cn.php
[ info ] [ ROUTE ] array (
  'type' => 'module',
  'module' => 
  array (
    0 => 'static',
    1 => 'index',
    2 => 'img',
  ),
)
[ info ] [ HEADER ] array (
  'host' => '127.0.0.1',
  'connection' => 'keep-alive',
  'user-agent' => 'Mozilla/5.0 (Windows NT 6.1; WOW64) AppleWebKit/537.36 (KHTML, like Gecko) Chrome/68.0.3440.106 Safari/537.36',
  'accept' => 'image/webp,image/apng,image/*,*/*;q=0.8',
  'referer' => 'http://127.0.0.1/shop/public/static/index/css/user.css',
  'accept-encoding' => 'gzip, deflate, br',
  'accept-language' => 'zh-CN,zh;q=0.9',
  'cookie' => '_ga=GA1.1.1619632685.1541818471; PHPSESSID=9lq7qjh2uvau91ba1gc2ntub81',
)
[ info ] [ PARAM ] array (
)
[ info ] [ LOG ] INIT File
---------------------------------------------------------------
[ 2019-01-06T10:39:14+08:00 ] 127.0.0.1 127.0.0.1 GET /shop/public/static/index/js/ZeroClipboard.js
[ info ] 127.0.0.1/shop/public/static/index/js/ZeroClipboard.js [运行时间：0.040003s][吞吐率：25.00req/s] [内存消耗：2,572.47kb] [文件加载：40]
[ info ] [ LANG ] F:\wamp\www\shop\thinkphp\lang\zh-cn.php
[ info ] [ ROUTE ] array (
  'type' => 'module',
  'module' => 
  array (
    0 => 'static',
    1 => 'index',
    2 => 'js',
  ),
)
[ info ] [ HEADER ] array (
  'host' => '127.0.0.1',
  'connection' => 'keep-alive',
  'user-agent' => 'Mozilla/5.0 (Windows NT 6.1; WOW64) AppleWebKit/537.36 (KHTML, like Gecko) Chrome/68.0.3440.106 Safari/537.36',
  'accept' => '*/*',
  'referer' => 'http://127.0.0.1/shop/index.php/member/coupons/index',
  'accept-encoding' => 'gzip, deflate, br',
  'accept-language' => 'zh-CN,zh;q=0.9',
  'cookie' => '_ga=GA1.1.1619632685.1541818471; PHPSESSID=9lq7qjh2uvau91ba1gc2ntub81',
)
[ info ] [ PARAM ] array (
)
[ info ] [ LOG ] INIT File
---------------------------------------------------------------
[ 2019-01-06T10:39:14+08:00 ] 127.0.0.1 127.0.0.1 GET /shop/index.php/member/account/checklogin.html
[ info ] 127.0.0.1/shop/index.php/member/account/checklogin.html [运行时间：0.042002s][吞吐率：23.81req/s] [内存消耗：2,614.28kb] [文件加载：40]
[ info ] [ LANG ] F:\wamp\www\shop\thinkphp\lang\zh-cn.php
[ info ] [ ROUTE ] array (
  'type' => 'module',
  'module' => 
  array (
    0 => 'member',
    1 => 'account',
    2 => 'checklogin',
  ),
)
[ info ] [ HEADER ] array (
  'host' => '127.0.0.1',
  'connection' => 'keep-alive',
  'accept' => 'application/json, text/javascript, */*; q=0.01',
  'x-requested-with' => 'XMLHttpRequest',
  'user-agent' => 'Mozilla/5.0 (Windows NT 6.1; WOW64) AppleWebKit/537.36 (KHTML, like Gecko) Chrome/68.0.3440.106 Safari/537.36',
  'referer' => 'http://127.0.0.1/shop/index.php/member/coupons/index',
  'accept-encoding' => 'gzip, deflate, br',
  'accept-language' => 'zh-CN,zh;q=0.9',
  'cookie' => '_ga=GA1.1.1619632685.1541818471; PHPSESSID=9lq7qjh2uvau91ba1gc2ntub81',
)
[ info ] [ PARAM ] array (
)
[ info ] [ RUN ] app\member\controller\Account->checkLogin[ F:\wamp\www\shop\application\member\controller\Account.php ]
[ info ] [ SESSION ] INIT array (
  'id' => '',
  'var_session_id' => '',
  'prefix' => 'think',
  'type' => '',
  'auto_start' => true,
)
[ info ] [ LOG ] INIT File
---------------------------------------------------------------
[ 2019-01-06T10:39:14+08:00 ] 127.0.0.1 127.0.0.1 POST /shop/index.php/index/flow/cartgoodsnum.html
[ info ] 127.0.0.1/shop/index.php/index/flow/cartgoodsnum.html [运行时间：0.146008s][吞吐率：6.85req/s] [内存消耗：5,666.67kb] [文件加载：60]
[ info ] [ LANG ] F:\wamp\www\shop\thinkphp\lang\zh-cn.php
[ info ] [ ROUTE ] array (
  'type' => 'module',
  'module' => 
  array (
    0 => 'index',
    1 => 'flow',
    2 => 'cartgoodsnum',
  ),
)
[ info ] [ HEADER ] array (
  'host' => '127.0.0.1',
  'connection' => 'keep-alive',
  'content-length' => '0',
  'accept' => 'application/json, text/javascript, */*; q=0.01',
  'origin' => 'http://127.0.0.1',
  'x-requested-with' => 'XMLHttpRequest',
  'user-agent' => 'Mozilla/5.0 (Windows NT 6.1; WOW64) AppleWebKit/537.36 (KHTML, like Gecko) Chrome/68.0.3440.106 Safari/537.36',
  'referer' => 'http://127.0.0.1/shop/index.php/member/coupons/index',
  'accept-encoding' => 'gzip, deflate, br',
  'accept-language' => 'zh-CN,zh;q=0.9',
  'cookie' => '_ga=GA1.1.1619632685.1541818471; PHPSESSID=9lq7qjh2uvau91ba1gc2ntub81',
)
[ info ] [ PARAM ] array (
)
[ info ] [ DB ] INIT mysql
[ info ] [ CACHE ] INIT File
[ info ] [ RUN ] app\index\controller\Flow->cartGoodsNum[ F:\wamp\www\shop\application\index\controller\Flow.php ]
[ info ] [ LOG ] INIT File
[ sql ] [ DB ] CONNECT:[ UseTime:0.011000s ] mysql:host=127.0.0.1;dbname=tpshop;charset=utf8
[ sql ] [ SQL ] SHOW COLUMNS FROM `tp_category` [ RunTime:0.035002s ]
[ sql ] [ SQL ] SELECT * FROM `tp_category` WHERE  `pid` = 0 ORDER BY sort ASC [ RunTime:0.001000s ]
[ sql ] [ SQL ] SELECT * FROM `tp_category` WHERE  `pid` = 7 [ RunTime:0.001000s ]
[ sql ] [ SQL ] SELECT * FROM `tp_category` WHERE  `pid` = 2 [ RunTime:0.000000s ]
[ sql ] [ SQL ] SELECT * FROM `tp_category` WHERE  `pid` = 33 [ RunTime:0.001000s ]
[ sql ] [ SQL ] SELECT * FROM `tp_category` WHERE  `pid` = 38 [ RunTime:0.000000s ]
---------------------------------------------------------------
[ 2019-01-06T10:39:14+08:00 ] 127.0.0.1 127.0.0.1 GET /shop/index.php/member/coupons/favicon.ico
[ info ] 127.0.0.1/shop/index.php/member/coupons/favicon.ico [运行时间：0.178010s][吞吐率：5.62req/s] [内存消耗：5,748.21kb] [文件加载：64]
[ info ] [ LANG ] F:\wamp\www\shop\thinkphp\lang\zh-cn.php
[ info ] [ ROUTE ] array (
  'type' => 'module',
  'module' => 
  array (
    0 => 'member',
    1 => 'coupons',
    2 => 'favicon.ico',
  ),
)
[ info ] [ HEADER ] array (
  'host' => '127.0.0.1',
  'connection' => 'keep-alive',
  'user-agent' => 'Mozilla/5.0 (Windows NT 6.1; WOW64) AppleWebKit/537.36 (KHTML, like Gecko) Chrome/68.0.3440.106 Safari/537.36',
  'accept' => 'image/webp,image/apng,image/*,*/*;q=0.8',
  'referer' => 'http://127.0.0.1/shop/index.php/member/coupons/index',
  'accept-encoding' => 'gzip, deflate, br',
  'accept-language' => 'zh-CN,zh;q=0.9',
  'cookie' => '_ga=GA1.1.1619632685.1541818471; PHPSESSID=9lq7qjh2uvau91ba1gc2ntub81',
)
[ info ] [ PARAM ] array (
)
[ info ] [ SESSION ] INIT array (
  'id' => '',
  'var_session_id' => '',
  'prefix' => 'think',
  'type' => '',
  'auto_start' => true,
)
[ info ] [ DB ] INIT mysql
[ info ] [ CACHE ] INIT File
[ info ] [ LOG ] INIT File
[ sql ] [ DB ] CONNECT:[ UseTime:0.001000s ] mysql:host=127.0.0.1;dbname=tpshop;charset=utf8
[ sql ] [ SQL ] SHOW COLUMNS FROM `tp_user_info` [ RunTime:0.031002s ]
[ sql ] [ SQL ] SELECT * FROM `tp_user_info` WHERE  `user_id` = 1 LIMIT 1 [ RunTime:0.001000s ]
[ sql ] [ SQL ] SHOW COLUMNS FROM `tp_user` [ RunTime:0.032002s ]
[ sql ] [ SQL ] SELECT `register_type` FROM `tp_user` WHERE  `id` = 1 LIMIT 1 [ RunTime:0.000000s ]
[ sql ] [ SQL ] SHOW COLUMNS FROM `tp_category` [ RunTime:0.026001s ]
[ sql ] [ SQL ] SELECT * FROM `tp_category` WHERE  `pid` = 0 ORDER BY sort ASC [ RunTime:0.000000s ]
[ sql ] [ SQL ] SELECT * FROM `tp_category` WHERE  `pid` = 7 [ RunTime:0.001000s ]
[ sql ] [ SQL ] SELECT * FROM `tp_category` WHERE  `pid` = 2 [ RunTime:0.001000s ]
[ sql ] [ SQL ] SELECT * FROM `tp_category` WHERE  `pid` = 33 [ RunTime:0.001000s ]
[ sql ] [ SQL ] SELECT * FROM `tp_category` WHERE  `pid` = 38 [ RunTime:0.000000s ]
