---------------------------------------------------------------
[ 2019-01-20T16:36:49+08:00 ] 127.0.0.1 127.0.0.1 GET /shop/index.php/member/account/checklogin.html
[ info ] 127.0.0.1/shop/index.php/member/account/checklogin.html [运行时间：0.081005s][吞吐率：12.34req/s] [内存消耗：2,614.83kb] [文件加载：40]
[ info ] [ LANG ] F:\wamp\www\shop\thinkphp\lang\zh-cn.php
[ info ] [ ROUTE ] array (
  'type' => 'module',
  'module' => 
  array (
    0 => 'member',
    1 => 'account',
    2 => 'checklogin',
  ),
)
[ info ] [ HEADER ] array (
  'host' => '127.0.0.1',
  'connection' => 'keep-alive',
  'accept' => 'application/json, text/javascript, */*; q=0.01',
  'x-requested-with' => 'XMLHttpRequest',
  'user-agent' => 'Mozilla/5.0 (Windows NT 6.1; WOW64) AppleWebKit/537.36 (KHTML, like Gecko) Chrome/68.0.3440.106 Safari/537.36',
  'referer' => 'http://127.0.0.1/shop/index.php/index/coupons/index',
  'accept-encoding' => 'gzip, deflate, br',
  'accept-language' => 'zh-CN,zh;q=0.9',
  'cookie' => '_ga=GA1.1.1619632685.1541818471; PHPSESSID=dqj1cks8rdgjp9nderfu2rmu51; cart=a%3A1%3A%7Bs%3A8%3A%2213-57%2C56%22%3Bs%3A1%3A%221%22%3B%7D',
)
[ info ] [ PARAM ] array (
)
[ info ] [ RUN ] app\member\controller\Account->checkLogin[ F:\wamp\www\shop\application\member\controller\Account.php ]
[ info ] [ SESSION ] INIT array (
  'id' => '',
  'var_session_id' => '',
  'prefix' => 'think',
  'type' => '',
  'auto_start' => true,
)
[ info ] [ LOG ] INIT File
---------------------------------------------------------------
[ 2019-01-20T16:36:49+08:00 ] 127.0.0.1 127.0.0.1 POST /shop/index.php/index/flow/cartgoodsnum.html
[ info ] 127.0.0.1/shop/index.php/index/flow/cartgoodsnum.html [运行时间：0.161009s][吞吐率：6.21req/s] [内存消耗：5,675.52kb] [文件加载：60]
[ info ] [ LANG ] F:\wamp\www\shop\thinkphp\lang\zh-cn.php
[ info ] [ ROUTE ] array (
  'type' => 'module',
  'module' => 
  array (
    0 => 'index',
    1 => 'flow',
    2 => 'cartgoodsnum',
  ),
)
[ info ] [ HEADER ] array (
  'host' => '127.0.0.1',
  'connection' => 'keep-alive',
  'content-length' => '0',
  'accept' => 'application/json, text/javascript, */*; q=0.01',
  'origin' => 'http://127.0.0.1',
  'x-requested-with' => 'XMLHttpRequest',
  'user-agent' => 'Mozilla/5.0 (Windows NT 6.1; WOW64) AppleWebKit/537.36 (KHTML, like Gecko) Chrome/68.0.3440.106 Safari/537.36',
  'referer' => 'http://127.0.0.1/shop/index.php/index/coupons/index',
  'accept-encoding' => 'gzip, deflate, br',
  'accept-language' => 'zh-CN,zh;q=0.9',
  'cookie' => '_ga=GA1.1.1619632685.1541818471; PHPSESSID=dqj1cks8rdgjp9nderfu2rmu51; cart=a%3A1%3A%7Bs%3A8%3A%2213-57%2C56%22%3Bs%3A1%3A%221%22%3B%7D',
)
[ info ] [ PARAM ] array (
)
[ info ] [ DB ] INIT mysql
[ info ] [ CACHE ] INIT File
[ info ] [ RUN ] app\index\controller\Flow->cartGoodsNum[ F:\wamp\www\shop\application\index\controller\Flow.php ]
[ info ] [ LOG ] INIT File
[ sql ] [ DB ] CONNECT:[ UseTime:0.001000s ] mysql:host=127.0.0.1;dbname=tpshop;charset=utf8
[ sql ] [ SQL ] SHOW COLUMNS FROM `tp_category` [ RunTime:0.021001s ]
[ sql ] [ SQL ] SELECT * FROM `tp_category` WHERE  `pid` = 0 ORDER BY sort ASC [ RunTime:0.001000s ]
[ sql ] [ SQL ] SELECT * FROM `tp_category` WHERE  `pid` = 7 [ RunTime:0.000000s ]
[ sql ] [ SQL ] SELECT * FROM `tp_category` WHERE  `pid` = 2 [ RunTime:0.001000s ]
[ sql ] [ SQL ] SELECT * FROM `tp_category` WHERE  `pid` = 33 [ RunTime:0.001000s ]
[ sql ] [ SQL ] SELECT * FROM `tp_category` WHERE  `pid` = 38 [ RunTime:0.000000s ]
---------------------------------------------------------------
[ 2019-01-20T16:36:50+08:00 ] 127.0.0.1 127.0.0.1 POST /shop/index.php/index/coupons/coupons.php?act=coupons_receive
[ info ] 127.0.0.1/shop/index.php/index/coupons/coupons.php?act=coupons_receive [运行时间：0.128007s][吞吐率：7.81req/s] [内存消耗：5,671.43kb] [文件加载：62]
[ info ] [ LANG ] F:\wamp\www\shop\thinkphp\lang\zh-cn.php
[ info ] [ ROUTE ] array (
  'type' => 'module',
  'module' => 
  array (
    0 => 'index',
    1 => 'coupons',
    2 => 'coupons.php',
  ),
)
[ info ] [ HEADER ] array (
  'host' => '127.0.0.1',
  'connection' => 'keep-alive',
  'content-length' => '8',
  'accept' => 'application/json, text/javascript, */*; q=0.01',
  'origin' => 'http://127.0.0.1',
  'x-requested-with' => 'XMLHttpRequest',
  'user-agent' => 'Mozilla/5.0 (Windows NT 6.1; WOW64) AppleWebKit/537.36 (KHTML, like Gecko) Chrome/68.0.3440.106 Safari/537.36',
  'content-type' => 'application/x-www-form-urlencoded; charset=UTF-8',
  'referer' => 'http://127.0.0.1/shop/index.php/index/coupons/index',
  'accept-encoding' => 'gzip, deflate, br',
  'accept-language' => 'zh-CN,zh;q=0.9',
  'cookie' => '_ga=GA1.1.1619632685.1541818471; PHPSESSID=dqj1cks8rdgjp9nderfu2rmu51; cart=a%3A1%3A%7Bs%3A8%3A%2213-57%2C56%22%3Bs%3A1%3A%221%22%3B%7D',
)
[ info ] [ PARAM ] array (
  'act' => 'coupons_receive',
  'cou_id' => '3',
)
[ info ] [ DB ] INIT mysql
[ info ] [ CACHE ] INIT File
[ info ] [ LOG ] INIT File
[ sql ] [ DB ] CONNECT:[ UseTime:0.002000s ] mysql:host=127.0.0.1;dbname=tpshop;charset=utf8
[ sql ] [ SQL ] SHOW COLUMNS FROM `tp_category` [ RunTime:0.021001s ]
[ sql ] [ SQL ] SELECT * FROM `tp_category` WHERE  `pid` = 0 ORDER BY sort ASC [ RunTime:0.000000s ]
[ sql ] [ SQL ] SELECT * FROM `tp_category` WHERE  `pid` = 7 [ RunTime:0.001000s ]
[ sql ] [ SQL ] SELECT * FROM `tp_category` WHERE  `pid` = 2 [ RunTime:0.000000s ]
[ sql ] [ SQL ] SELECT * FROM `tp_category` WHERE  `pid` = 33 [ RunTime:0.000000s ]
[ sql ] [ SQL ] SELECT * FROM `tp_category` WHERE  `pid` = 38 [ RunTime:0.001000s ]
---------------------------------------------------------------
[ 2019-01-20T16:36:50+08:00 ] 127.0.0.1 127.0.0.1 GET /shop/index.php/index/coupons/takecoupons?id=3
[ info ] 127.0.0.1/shop/index.php/index/coupons/takecoupons?id=3 [运行时间：0.210012s][吞吐率：4.76req/s] [内存消耗：5,606.11kb] [文件加载：59]
[ info ] [ LANG ] F:\wamp\www\shop\thinkphp\lang\zh-cn.php
[ info ] [ ROUTE ] array (
  'type' => 'module',
  'module' => 
  array (
    0 => 'index',
    1 => 'coupons',
    2 => 'takecoupons',
  ),
)
[ info ] [ HEADER ] array (
  'host' => '127.0.0.1',
  'connection' => 'keep-alive',
  'accept' => '*/*',
  'x-requested-with' => 'XMLHttpRequest',
  'user-agent' => 'Mozilla/5.0 (Windows NT 6.1; WOW64) AppleWebKit/537.36 (KHTML, like Gecko) Chrome/68.0.3440.106 Safari/537.36',
  'referer' => 'http://127.0.0.1/shop/index.php/index/coupons/index',
  'accept-encoding' => 'gzip, deflate, br',
  'accept-language' => 'zh-CN,zh;q=0.9',
  'cookie' => '_ga=GA1.1.1619632685.1541818471; PHPSESSID=dqj1cks8rdgjp9nderfu2rmu51; cart=a%3A1%3A%7Bs%3A8%3A%2213-57%2C56%22%3Bs%3A1%3A%221%22%3B%7D',
)
[ info ] [ PARAM ] array (
  'id' => '3',
)
[ info ] [ DB ] INIT mysql
[ info ] [ CACHE ] INIT File
[ info ] [ RUN ] app\index\controller\Coupons->takeCoupons[ F:\wamp\www\shop\application\index\controller\Coupons.php ]
[ info ] [ SESSION ] INIT array (
  'id' => '',
  'var_session_id' => '',
  'prefix' => 'think',
  'type' => '',
  'auto_start' => true,
)
[ info ] [ LOG ] INIT File
[ sql ] [ DB ] CONNECT:[ UseTime:0.010001s ] mysql:host=127.0.0.1;dbname=tpshop;charset=utf8
[ sql ] [ SQL ] SHOW COLUMNS FROM `tp_category` [ RunTime:0.021001s ]
[ sql ] [ SQL ] SELECT * FROM `tp_category` WHERE  `pid` = 0 ORDER BY sort ASC [ RunTime:0.001000s ]
[ sql ] [ SQL ] SELECT * FROM `tp_category` WHERE  `pid` = 7 [ RunTime:0.000000s ]
[ sql ] [ SQL ] SELECT * FROM `tp_category` WHERE  `pid` = 2 [ RunTime:0.001000s ]
[ sql ] [ SQL ] SELECT * FROM `tp_category` WHERE  `pid` = 33 [ RunTime:0.001000s ]
[ sql ] [ SQL ] SELECT * FROM `tp_category` WHERE  `pid` = 38 [ RunTime:0.000000s ]
[ sql ] [ SQL ] SHOW COLUMNS FROM `tp_coupons_taken` [ RunTime:0.017001s ]
[ sql ] [ SQL ] SELECT * FROM `tp_coupons_taken` WHERE  `uid` = 1  AND `coupons_id` = 3 LIMIT 1 [ RunTime:0.000000s ]
[ sql ] [ SQL ] SHOW COLUMNS FROM `tp_coupons` [ RunTime:0.017001s ]
[ sql ] [ SQL ] SELECT * FROM `tp_coupons` WHERE  `id` = 3 LIMIT 1 [ RunTime:0.001000s ]
---------------------------------------------------------------
[ 2019-01-20T16:36:58+08:00 ] 127.0.0.1 127.0.0.1 GET /shop/index.php/index/coupons/index
[ info ] 127.0.0.1/shop/index.php/index/coupons/index [运行时间：0.165009s][吞吐率：6.06req/s] [内存消耗：5,778.14kb] [文件加载：62]
[ info ] [ LANG ] F:\wamp\www\shop\thinkphp\lang\zh-cn.php
[ info ] [ ROUTE ] array (
  'type' => 'module',
  'module' => 
  array (
    0 => 'index',
    1 => 'coupons',
    2 => 'index',
  ),
)
[ info ] [ HEADER ] array (
  'host' => '127.0.0.1',
  'connection' => 'keep-alive',
  'cache-control' => 'max-age=0',
  'upgrade-insecure-requests' => '1',
  'user-agent' => 'Mozilla/5.0 (Windows NT 6.1; WOW64) AppleWebKit/537.36 (KHTML, like Gecko) Chrome/68.0.3440.106 Safari/537.36',
  'accept' => 'text/html,application/xhtml+xml,application/xml;q=0.9,image/webp,image/apng,*/*;q=0.8',
  'accept-encoding' => 'gzip, deflate, br',
  'accept-language' => 'zh-CN,zh;q=0.9',
  'cookie' => '_ga=GA1.1.1619632685.1541818471; PHPSESSID=dqj1cks8rdgjp9nderfu2rmu51; cart=a%3A1%3A%7Bs%3A8%3A%2213-57%2C56%22%3Bs%3A1%3A%221%22%3B%7D',
)
[ info ] [ PARAM ] array (
)
[ info ] [ DB ] INIT mysql
[ info ] [ CACHE ] INIT File
[ info ] [ RUN ] app\index\controller\Coupons->index[ F:\wamp\www\shop\application\index\controller\Coupons.php ]
[ info ] [ SESSION ] INIT array (
  'id' => '',
  'var_session_id' => '',
  'prefix' => 'think',
  'type' => '',
  'auto_start' => true,
)
[ info ] [ VIEW ] F:\wamp\www\shop/application/index\view\coupons\index.htm [ array (
  0 => 'helpCateRes',
  1 => 'shopInfoRes',
  2 => 'navRes',
  3 => 'configs',
  4 => 'cateRes',
  5 => 'show_right',
  6 => 'couponRes',
  7 => 'uCoupons',
) ]
[ info ] [ LOG ] INIT File
[ sql ] [ DB ] CONNECT:[ UseTime:0.001000s ] mysql:host=127.0.0.1;dbname=tpshop;charset=utf8
[ sql ] [ SQL ] SHOW COLUMNS FROM `tp_category` [ RunTime:0.021001s ]
[ sql ] [ SQL ] SELECT * FROM `tp_category` WHERE  `pid` = 0 ORDER BY sort ASC [ RunTime:0.002001s ]
[ sql ] [ SQL ] SELECT * FROM `tp_category` WHERE  `pid` = 7 [ RunTime:0.001000s ]
[ sql ] [ SQL ] SELECT * FROM `tp_category` WHERE  `pid` = 2 [ RunTime:0.001000s ]
[ sql ] [ SQL ] SELECT * FROM `tp_category` WHERE  `pid` = 33 [ RunTime:0.002000s ]
[ sql ] [ SQL ] SELECT * FROM `tp_category` WHERE  `pid` = 38 [ RunTime:0.001000s ]
[ sql ] [ SQL ] SHOW COLUMNS FROM `tp_coupons` [ RunTime:0.022002s ]
[ sql ] [ SQL ] SELECT * FROM `tp_coupons` WHERE  `del_status` = 0  AND `end_date` > 1547973418 ORDER BY id desc [ RunTime:0.001000s ]
[ sql ] [ SQL ] SHOW COLUMNS FROM `tp_coupons_taken` [ RunTime:0.017001s ]
[ sql ] [ SQL ] SELECT `coupons_id` FROM `tp_coupons_taken` WHERE  `uid` = 1 [ RunTime:0.001000s ]
---------------------------------------------------------------
[ 2019-01-20T16:36:58+08:00 ] 127.0.0.1 127.0.0.1 GET /shop/public/static/index/js/perfect-scrollbar.min.css
[ info ] 127.0.0.1/shop/public/static/index/js/perfect-scrollbar.min.css [运行时间：0.067004s][吞吐率：14.92req/s] [内存消耗：2,572.52kb] [文件加载：40]
[ info ] [ LANG ] F:\wamp\www\shop\thinkphp\lang\zh-cn.php
[ info ] [ ROUTE ] array (
  'type' => 'module',
  'module' => 
  array (
    0 => 'static',
    1 => 'index',
    2 => 'js',
  ),
)
[ info ] [ HEADER ] array (
  'host' => '127.0.0.1',
  'connection' => 'keep-alive',
  'user-agent' => 'Mozilla/5.0 (Windows NT 6.1; WOW64) AppleWebKit/537.36 (KHTML, like Gecko) Chrome/68.0.3440.106 Safari/537.36',
  'accept' => 'text/css,*/*;q=0.1',
  'referer' => 'http://127.0.0.1/shop/index.php/index/coupons/index',
  'accept-encoding' => 'gzip, deflate, br',
  'accept-language' => 'zh-CN,zh;q=0.9',
  'cookie' => '_ga=GA1.1.1619632685.1541818471; PHPSESSID=dqj1cks8rdgjp9nderfu2rmu51; cart=a%3A1%3A%7Bs%3A8%3A%2213-57%2C56%22%3Bs%3A1%3A%221%22%3B%7D',
)
[ info ] [ PARAM ] array (
)
[ info ] [ LOG ] INIT File
---------------------------------------------------------------
[ 2019-01-20T16:36:58+08:00 ] 127.0.0.1 127.0.0.1 GET /shop/public/static/index/js/ZeroClipboard.js
[ info ] 127.0.0.1/shop/public/static/index/js/ZeroClipboard.js [运行时间：0.070005s][吞吐率：14.28req/s] [内存消耗：2,572.43kb] [文件加载：40]
[ info ] [ LANG ] F:\wamp\www\shop\thinkphp\lang\zh-cn.php
[ info ] [ ROUTE ] array (
  'type' => 'module',
  'module' => 
  array (
    0 => 'static',
    1 => 'index',
    2 => 'js',
  ),
)
[ info ] [ HEADER ] array (
  'host' => '127.0.0.1',
  'connection' => 'keep-alive',
  'user-agent' => 'Mozilla/5.0 (Windows NT 6.1; WOW64) AppleWebKit/537.36 (KHTML, like Gecko) Chrome/68.0.3440.106 Safari/537.36',
  'accept' => '*/*',
  'referer' => 'http://127.0.0.1/shop/index.php/index/coupons/index',
  'accept-encoding' => 'gzip, deflate, br',
  'accept-language' => 'zh-CN,zh;q=0.9',
  'cookie' => '_ga=GA1.1.1619632685.1541818471; PHPSESSID=dqj1cks8rdgjp9nderfu2rmu51; cart=a%3A1%3A%7Bs%3A8%3A%2213-57%2C56%22%3Bs%3A1%3A%221%22%3B%7D',
)
[ info ] [ PARAM ] array (
)
[ info ] [ LOG ] INIT File
---------------------------------------------------------------
[ 2019-01-20T16:36:58+08:00 ] 127.0.0.1 127.0.0.1 GET /shop/public/static/index/js/perfect-scrollbar/perfect-scrollbar.min.js
[ info ] 127.0.0.1/shop/public/static/index/js/perfect-scrollbar/perfect-scrollbar.min.js [运行时间：0.106006s][吞吐率：9.43req/s] [内存消耗：2,573.36kb] [文件加载：40]
[ info ] [ LANG ] F:\wamp\www\shop\thinkphp\lang\zh-cn.php
[ info ] [ ROUTE ] array (
  'type' => 'module',
  'module' => 
  array (
    0 => 'static',
    1 => 'index',
    2 => 'js',
  ),
)
[ info ] [ HEADER ] array (
  'host' => '127.0.0.1',
  'connection' => 'keep-alive',
  'user-agent' => 'Mozilla/5.0 (Windows NT 6.1; WOW64) AppleWebKit/537.36 (KHTML, like Gecko) Chrome/68.0.3440.106 Safari/537.36',
  'accept' => '*/*',
  'referer' => 'http://127.0.0.1/shop/index.php/index/coupons/index',
  'accept-encoding' => 'gzip, deflate, br',
  'accept-language' => 'zh-CN,zh;q=0.9',
  'cookie' => '_ga=GA1.1.1619632685.1541818471; PHPSESSID=dqj1cks8rdgjp9nderfu2rmu51; cart=a%3A1%3A%7Bs%3A8%3A%2213-57%2C56%22%3Bs%3A1%3A%221%22%3B%7D',
)
[ info ] [ PARAM ] array (
  'scrollbar' => 'perfect-scrollbar.min.js',
)
[ info ] [ LOG ] INIT File
---------------------------------------------------------------
[ 2019-01-20T16:36:58+08:00 ] 127.0.0.1 127.0.0.1 GET /shop/public/static/index/js/ZeroClipboard.js
[ info ] 127.0.0.1/shop/public/static/index/js/ZeroClipboard.js [运行时间：0.057004s][吞吐率：17.54req/s] [内存消耗：2,572.43kb] [文件加载：40]
[ info ] [ LANG ] F:\wamp\www\shop\thinkphp\lang\zh-cn.php
[ info ] [ ROUTE ] array (
  'type' => 'module',
  'module' => 
  array (
    0 => 'static',
    1 => 'index',
    2 => 'js',
  ),
)
[ info ] [ HEADER ] array (
  'host' => '127.0.0.1',
  'connection' => 'keep-alive',
  'user-agent' => 'Mozilla/5.0 (Windows NT 6.1; WOW64) AppleWebKit/537.36 (KHTML, like Gecko) Chrome/68.0.3440.106 Safari/537.36',
  'accept' => '*/*',
  'referer' => 'http://127.0.0.1/shop/index.php/index/coupons/index',
  'accept-encoding' => 'gzip, deflate, br',
  'accept-language' => 'zh-CN,zh;q=0.9',
  'cookie' => '_ga=GA1.1.1619632685.1541818471; PHPSESSID=dqj1cks8rdgjp9nderfu2rmu51; cart=a%3A1%3A%7Bs%3A8%3A%2213-57%2C56%22%3Bs%3A1%3A%221%22%3B%7D',
)
[ info ] [ PARAM ] array (
)
[ info ] [ LOG ] INIT File
---------------------------------------------------------------
[ 2019-01-20T16:36:58+08:00 ] 127.0.0.1 127.0.0.1 GET /shop/index.php/member/account/checklogin.html
[ info ] 127.0.0.1/shop/index.php/member/account/checklogin.html [运行时间：0.064003s][吞吐率：15.62req/s] [内存消耗：2,614.64kb] [文件加载：40]
[ info ] [ LANG ] F:\wamp\www\shop\thinkphp\lang\zh-cn.php
[ info ] [ ROUTE ] array (
  'type' => 'module',
  'module' => 
  array (
    0 => 'member',
    1 => 'account',
    2 => 'checklogin',
  ),
)
[ info ] [ HEADER ] array (
  'host' => '127.0.0.1',
  'connection' => 'keep-alive',
  'accept' => 'application/json, text/javascript, */*; q=0.01',
  'x-requested-with' => 'XMLHttpRequest',
  'user-agent' => 'Mozilla/5.0 (Windows NT 6.1; WOW64) AppleWebKit/537.36 (KHTML, like Gecko) Chrome/68.0.3440.106 Safari/537.36',
  'referer' => 'http://127.0.0.1/shop/index.php/index/coupons/index',
  'accept-encoding' => 'gzip, deflate, br',
  'accept-language' => 'zh-CN,zh;q=0.9',
  'cookie' => '_ga=GA1.1.1619632685.1541818471; PHPSESSID=dqj1cks8rdgjp9nderfu2rmu51; cart=a%3A1%3A%7Bs%3A8%3A%2213-57%2C56%22%3Bs%3A1%3A%221%22%3B%7D',
)
[ info ] [ PARAM ] array (
)
[ info ] [ RUN ] app\member\controller\Account->checkLogin[ F:\wamp\www\shop\application\member\controller\Account.php ]
[ info ] [ SESSION ] INIT array (
  'id' => '',
  'var_session_id' => '',
  'prefix' => 'think',
  'type' => '',
  'auto_start' => true,
)
[ info ] [ LOG ] INIT File
---------------------------------------------------------------
[ 2019-01-20T16:36:58+08:00 ] 127.0.0.1 127.0.0.1 POST /shop/index.php/index/flow/cartgoodsnum.html
[ info ] 127.0.0.1/shop/index.php/index/flow/cartgoodsnum.html [运行时间：0.152008s][吞吐率：6.58req/s] [内存消耗：5,675.52kb] [文件加载：60]
[ info ] [ LANG ] F:\wamp\www\shop\thinkphp\lang\zh-cn.php
[ info ] [ ROUTE ] array (
  'type' => 'module',
  'module' => 
  array (
    0 => 'index',
    1 => 'flow',
    2 => 'cartgoodsnum',
  ),
)
[ info ] [ HEADER ] array (
  'host' => '127.0.0.1',
  'connection' => 'keep-alive',
  'content-length' => '0',
  'accept' => 'application/json, text/javascript, */*; q=0.01',
  'origin' => 'http://127.0.0.1',
  'x-requested-with' => 'XMLHttpRequest',
  'user-agent' => 'Mozilla/5.0 (Windows NT 6.1; WOW64) AppleWebKit/537.36 (KHTML, like Gecko) Chrome/68.0.3440.106 Safari/537.36',
  'referer' => 'http://127.0.0.1/shop/index.php/index/coupons/index',
  'accept-encoding' => 'gzip, deflate, br',
  'accept-language' => 'zh-CN,zh;q=0.9',
  'cookie' => '_ga=GA1.1.1619632685.1541818471; PHPSESSID=dqj1cks8rdgjp9nderfu2rmu51; cart=a%3A1%3A%7Bs%3A8%3A%2213-57%2C56%22%3Bs%3A1%3A%221%22%3B%7D',
)
[ info ] [ PARAM ] array (
)
[ info ] [ DB ] INIT mysql
[ info ] [ CACHE ] INIT File
[ info ] [ RUN ] app\index\controller\Flow->cartGoodsNum[ F:\wamp\www\shop\application\index\controller\Flow.php ]
[ info ] [ LOG ] INIT File
[ sql ] [ DB ] CONNECT:[ UseTime:0.001000s ] mysql:host=127.0.0.1;dbname=tpshop;charset=utf8
[ sql ] [ SQL ] SHOW COLUMNS FROM `tp_category` [ RunTime:0.016001s ]
[ sql ] [ SQL ] SELECT * FROM `tp_category` WHERE  `pid` = 0 ORDER BY sort ASC [ RunTime:0.001000s ]
[ sql ] [ SQL ] SELECT * FROM `tp_category` WHERE  `pid` = 7 [ RunTime:0.000000s ]
[ sql ] [ SQL ] SELECT * FROM `tp_category` WHERE  `pid` = 2 [ RunTime:0.000000s ]
[ sql ] [ SQL ] SELECT * FROM `tp_category` WHERE  `pid` = 33 [ RunTime:0.002000s ]
[ sql ] [ SQL ] SELECT * FROM `tp_category` WHERE  `pid` = 38 [ RunTime:0.001000s ]
---------------------------------------------------------------
[ 2019-01-20T16:36:59+08:00 ] 127.0.0.1 127.0.0.1 POST /shop/index.php/index/coupons/coupons.php?act=coupons_receive
[ info ] 127.0.0.1/shop/index.php/index/coupons/coupons.php?act=coupons_receive [运行时间：0.112007s][吞吐率：8.93req/s] [内存消耗：5,671.43kb] [文件加载：62]
[ info ] [ LANG ] F:\wamp\www\shop\thinkphp\lang\zh-cn.php
[ info ] [ ROUTE ] array (
  'type' => 'module',
  'module' => 
  array (
    0 => 'index',
    1 => 'coupons',
    2 => 'coupons.php',
  ),
)
[ info ] [ HEADER ] array (
  'host' => '127.0.0.1',
  'connection' => 'keep-alive',
  'content-length' => '8',
  'accept' => 'application/json, text/javascript, */*; q=0.01',
  'origin' => 'http://127.0.0.1',
  'x-requested-with' => 'XMLHttpRequest',
  'user-agent' => 'Mozilla/5.0 (Windows NT 6.1; WOW64) AppleWebKit/537.36 (KHTML, like Gecko) Chrome/68.0.3440.106 Safari/537.36',
  'content-type' => 'application/x-www-form-urlencoded; charset=UTF-8',
  'referer' => 'http://127.0.0.1/shop/index.php/index/coupons/index',
  'accept-encoding' => 'gzip, deflate, br',
  'accept-language' => 'zh-CN,zh;q=0.9',
  'cookie' => '_ga=GA1.1.1619632685.1541818471; PHPSESSID=dqj1cks8rdgjp9nderfu2rmu51; cart=a%3A1%3A%7Bs%3A8%3A%2213-57%2C56%22%3Bs%3A1%3A%221%22%3B%7D',
)
[ info ] [ PARAM ] array (
  'act' => 'coupons_receive',
  'cou_id' => '3',
)
[ info ] [ DB ] INIT mysql
[ info ] [ CACHE ] INIT File
[ info ] [ LOG ] INIT File
[ sql ] [ DB ] CONNECT:[ UseTime:0.010001s ] mysql:host=127.0.0.1;dbname=tpshop;charset=utf8
[ sql ] [ SQL ] SHOW COLUMNS FROM `tp_category` [ RunTime:0.023001s ]
[ sql ] [ SQL ] SELECT * FROM `tp_category` WHERE  `pid` = 0 ORDER BY sort ASC [ RunTime:0.001000s ]
[ sql ] [ SQL ] SELECT * FROM `tp_category` WHERE  `pid` = 7 [ RunTime:0.002001s ]
[ sql ] [ SQL ] SELECT * FROM `tp_category` WHERE  `pid` = 2 [ RunTime:0.001000s ]
[ sql ] [ SQL ] SELECT * FROM `tp_category` WHERE  `pid` = 33 [ RunTime:0.000000s ]
[ sql ] [ SQL ] SELECT * FROM `tp_category` WHERE  `pid` = 38 [ RunTime:0.001000s ]
---------------------------------------------------------------
[ 2019-01-20T16:36:59+08:00 ] 127.0.0.1 127.0.0.1 GET /shop/index.php/index/coupons/takecoupons?id=3
[ info ] 127.0.0.1/shop/index.php/index/coupons/takecoupons?id=3 [运行时间：0.185011s][吞吐率：5.41req/s] [内存消耗：5,609.49kb] [文件加载：59]
[ info ] [ LANG ] F:\wamp\www\shop\thinkphp\lang\zh-cn.php
[ info ] [ ROUTE ] array (
  'type' => 'module',
  'module' => 
  array (
    0 => 'index',
    1 => 'coupons',
    2 => 'takecoupons',
  ),
)
[ info ] [ HEADER ] array (
  'host' => '127.0.0.1',
  'connection' => 'keep-alive',
  'accept' => '*/*',
  'x-requested-with' => 'XMLHttpRequest',
  'user-agent' => 'Mozilla/5.0 (Windows NT 6.1; WOW64) AppleWebKit/537.36 (KHTML, like Gecko) Chrome/68.0.3440.106 Safari/537.36',
  'referer' => 'http://127.0.0.1/shop/index.php/index/coupons/index',
  'accept-encoding' => 'gzip, deflate, br',
  'accept-language' => 'zh-CN,zh;q=0.9',
  'cookie' => '_ga=GA1.1.1619632685.1541818471; PHPSESSID=dqj1cks8rdgjp9nderfu2rmu51; cart=a%3A1%3A%7Bs%3A8%3A%2213-57%2C56%22%3Bs%3A1%3A%221%22%3B%7D',
)
[ info ] [ PARAM ] array (
  'id' => '3',
)
[ info ] [ DB ] INIT mysql
[ info ] [ CACHE ] INIT File
[ info ] [ RUN ] app\index\controller\Coupons->takeCoupons[ F:\wamp\www\shop\application\index\controller\Coupons.php ]
[ info ] [ SESSION ] INIT array (
  'id' => '',
  'var_session_id' => '',
  'prefix' => 'think',
  'type' => '',
  'auto_start' => true,
)
[ info ] [ LOG ] INIT File
[ sql ] [ DB ] CONNECT:[ UseTime:0.002000s ] mysql:host=127.0.0.1;dbname=tpshop;charset=utf8
[ sql ] [ SQL ] SHOW COLUMNS FROM `tp_category` [ RunTime:0.021001s ]
[ sql ] [ SQL ] SELECT * FROM `tp_category` WHERE  `pid` = 0 ORDER BY sort ASC [ RunTime:0.000000s ]
[ sql ] [ SQL ] SELECT * FROM `tp_category` WHERE  `pid` = 7 [ RunTime:0.001000s ]
[ sql ] [ SQL ] SELECT * FROM `tp_category` WHERE  `pid` = 2 [ RunTime:0.000000s ]
[ sql ] [ SQL ] SELECT * FROM `tp_category` WHERE  `pid` = 33 [ RunTime:0.000000s ]
[ sql ] [ SQL ] SELECT * FROM `tp_category` WHERE  `pid` = 38 [ RunTime:0.001000s ]
[ sql ] [ SQL ] SHOW COLUMNS FROM `tp_coupons_taken` [ RunTime:0.020001s ]
[ sql ] [ SQL ] SELECT * FROM `tp_coupons_taken` WHERE  `uid` = 1  AND `coupons_id` = 3 LIMIT 1 [ RunTime:0.001000s ]
[ sql ] [ SQL ] SHOW COLUMNS FROM `tp_coupons` [ RunTime:0.019001s ]
[ sql ] [ SQL ] SELECT * FROM `tp_coupons` WHERE  `id` = 3 LIMIT 1 [ RunTime:0.001000s ]
[ sql ] [ SQL ] INSERT INTO `tp_coupons_taken` (`uid` , `coupons_id` , `taken_time`) VALUES (1 , 3 , 1547973419) [ RunTime:0.001000s ]
[ sql ] [ SQL ] UPDATE `tp_coupons`  SET `cp_taken_num`=cp_taken_num+1  WHERE  `id` = 3 [ RunTime:0.001001s ]
---------------------------------------------------------------
[ 2019-01-20T16:37:14+08:00 ] 127.0.0.1 127.0.0.1 GET /shop/index.php/index/coupons/index
[ info ] 127.0.0.1/shop/index.php/index/coupons/index [运行时间：0.200011s][吞吐率：5.00req/s] [内存消耗：5,778.45kb] [文件加载：62]
[ info ] [ LANG ] F:\wamp\www\shop\thinkphp\lang\zh-cn.php
[ info ] [ ROUTE ] array (
  'type' => 'module',
  'module' => 
  array (
    0 => 'index',
    1 => 'coupons',
    2 => 'index',
  ),
)
[ info ] [ HEADER ] array (
  'host' => '127.0.0.1',
  'connection' => 'keep-alive',
  'cache-control' => 'max-age=0',
  'upgrade-insecure-requests' => '1',
  'user-agent' => 'Mozilla/5.0 (Windows NT 6.1; WOW64) AppleWebKit/537.36 (KHTML, like Gecko) Chrome/68.0.3440.106 Safari/537.36',
  'accept' => 'text/html,application/xhtml+xml,application/xml;q=0.9,image/webp,image/apng,*/*;q=0.8',
  'accept-encoding' => 'gzip, deflate, br',
  'accept-language' => 'zh-CN,zh;q=0.9',
  'cookie' => '_ga=GA1.1.1619632685.1541818471; PHPSESSID=dqj1cks8rdgjp9nderfu2rmu51; cart=a%3A1%3A%7Bs%3A8%3A%2213-57%2C56%22%3Bs%3A1%3A%221%22%3B%7D',
)
[ info ] [ PARAM ] array (
)
[ info ] [ DB ] INIT mysql
[ info ] [ CACHE ] INIT File
[ info ] [ RUN ] app\index\controller\Coupons->index[ F:\wamp\www\shop\application\index\controller\Coupons.php ]
[ info ] [ SESSION ] INIT array (
  'id' => '',
  'var_session_id' => '',
  'prefix' => 'think',
  'type' => '',
  'auto_start' => true,
)
[ info ] [ VIEW ] F:\wamp\www\shop/application/index\view\coupons\index.htm [ array (
  0 => 'helpCateRes',
  1 => 'shopInfoRes',
  2 => 'navRes',
  3 => 'configs',
  4 => 'cateRes',
  5 => 'show_right',
  6 => 'couponRes',
  7 => 'uCoupons',
) ]
[ info ] [ LOG ] INIT File
[ sql ] [ DB ] CONNECT:[ UseTime:0.011000s ] mysql:host=127.0.0.1;dbname=tpshop;charset=utf8
[ sql ] [ SQL ] SHOW COLUMNS FROM `tp_category` [ RunTime:0.023002s ]
[ sql ] [ SQL ] SELECT * FROM `tp_category` WHERE  `pid` = 0 ORDER BY sort ASC [ RunTime:0.001000s ]
[ sql ] [ SQL ] SELECT * FROM `tp_category` WHERE  `pid` = 7 [ RunTime:0.001000s ]
[ sql ] [ SQL ] SELECT * FROM `tp_category` WHERE  `pid` = 2 [ RunTime:0.002000s ]
[ sql ] [ SQL ] SELECT * FROM `tp_category` WHERE  `pid` = 33 [ RunTime:0.001000s ]
[ sql ] [ SQL ] SELECT * FROM `tp_category` WHERE  `pid` = 38 [ RunTime:0.000000s ]
[ sql ] [ SQL ] SHOW COLUMNS FROM `tp_coupons` [ RunTime:0.020001s ]
[ sql ] [ SQL ] SELECT * FROM `tp_coupons` WHERE  `del_status` = 0  AND `end_date` > 1547973434 ORDER BY id desc [ RunTime:0.000000s ]
[ sql ] [ SQL ] SHOW COLUMNS FROM `tp_coupons_taken` [ RunTime:0.027002s ]
[ sql ] [ SQL ] SELECT `coupons_id` FROM `tp_coupons_taken` WHERE  `uid` = 1 [ RunTime:0.000000s ]
---------------------------------------------------------------
[ 2019-01-20T16:37:14+08:00 ] 127.0.0.1 127.0.0.1 GET /shop/public/static/index/js/perfect-scrollbar.min.css
[ info ] 127.0.0.1/shop/public/static/index/js/perfect-scrollbar.min.css [运行时间：0.062003s][吞吐率：16.13req/s] [内存消耗：2,572.52kb] [文件加载：40]
[ info ] [ LANG ] F:\wamp\www\shop\thinkphp\lang\zh-cn.php
[ info ] [ ROUTE ] array (
  'type' => 'module',
  'module' => 
  array (
    0 => 'static',
    1 => 'index',
    2 => 'js',
  ),
)
[ info ] [ HEADER ] array (
  'host' => '127.0.0.1',
  'connection' => 'keep-alive',
  'user-agent' => 'Mozilla/5.0 (Windows NT 6.1; WOW64) AppleWebKit/537.36 (KHTML, like Gecko) Chrome/68.0.3440.106 Safari/537.36',
  'accept' => 'text/css,*/*;q=0.1',
  'referer' => 'http://127.0.0.1/shop/index.php/index/coupons/index',
  'accept-encoding' => 'gzip, deflate, br',
  'accept-language' => 'zh-CN,zh;q=0.9',
  'cookie' => '_ga=GA1.1.1619632685.1541818471; PHPSESSID=dqj1cks8rdgjp9nderfu2rmu51; cart=a%3A1%3A%7Bs%3A8%3A%2213-57%2C56%22%3Bs%3A1%3A%221%22%3B%7D',
)
[ info ] [ PARAM ] array (
)
[ info ] [ LOG ] INIT File
---------------------------------------------------------------
[ 2019-01-20T16:37:14+08:00 ] 127.0.0.1 127.0.0.1 GET /shop/public/static/index/js/perfect-scrollbar/perfect-scrollbar.min.js
[ info ] 127.0.0.1/shop/public/static/index/js/perfect-scrollbar/perfect-scrollbar.min.js [运行时间：0.064004s][吞吐率：15.62req/s] [内存消耗：2,573.36kb] [文件加载：40]
[ info ] [ LANG ] F:\wamp\www\shop\thinkphp\lang\zh-cn.php
[ info ] [ ROUTE ] array (
  'type' => 'module',
  'module' => 
  array (
    0 => 'static',
    1 => 'index',
    2 => 'js',
  ),
)
[ info ] [ HEADER ] array (
  'host' => '127.0.0.1',
  'connection' => 'keep-alive',
  'user-agent' => 'Mozilla/5.0 (Windows NT 6.1; WOW64) AppleWebKit/537.36 (KHTML, like Gecko) Chrome/68.0.3440.106 Safari/537.36',
  'accept' => '*/*',
  'referer' => 'http://127.0.0.1/shop/index.php/index/coupons/index',
  'accept-encoding' => 'gzip, deflate, br',
  'accept-language' => 'zh-CN,zh;q=0.9',
  'cookie' => '_ga=GA1.1.1619632685.1541818471; PHPSESSID=dqj1cks8rdgjp9nderfu2rmu51; cart=a%3A1%3A%7Bs%3A8%3A%2213-57%2C56%22%3Bs%3A1%3A%221%22%3B%7D',
)
[ info ] [ PARAM ] array (
  'scrollbar' => 'perfect-scrollbar.min.js',
)
[ info ] [ LOG ] INIT File
---------------------------------------------------------------
[ 2019-01-20T16:37:14+08:00 ] 127.0.0.1 127.0.0.1 GET /shop/public/static/index/js/ZeroClipboard.js
[ info ] 127.0.0.1/shop/public/static/index/js/ZeroClipboard.js [运行时间：0.074004s][吞吐率：13.51req/s] [内存消耗：2,572.43kb] [文件加载：40]
[ info ] [ LANG ] F:\wamp\www\shop\thinkphp\lang\zh-cn.php
[ info ] [ ROUTE ] array (
  'type' => 'module',
  'module' => 
  array (
    0 => 'static',
    1 => 'index',
    2 => 'js',
  ),
)
[ info ] [ HEADER ] array (
  'host' => '127.0.0.1',
  'connection' => 'keep-alive',
  'user-agent' => 'Mozilla/5.0 (Windows NT 6.1; WOW64) AppleWebKit/537.36 (KHTML, like Gecko) Chrome/68.0.3440.106 Safari/537.36',
  'accept' => '*/*',
  'referer' => 'http://127.0.0.1/shop/index.php/index/coupons/index',
  'accept-encoding' => 'gzip, deflate, br',
  'accept-language' => 'zh-CN,zh;q=0.9',
  'cookie' => '_ga=GA1.1.1619632685.1541818471; PHPSESSID=dqj1cks8rdgjp9nderfu2rmu51; cart=a%3A1%3A%7Bs%3A8%3A%2213-57%2C56%22%3Bs%3A1%3A%221%22%3B%7D',
)
[ info ] [ PARAM ] array (
)
[ info ] [ LOG ] INIT File
---------------------------------------------------------------
[ 2019-01-20T16:37:14+08:00 ] 127.0.0.1 127.0.0.1 GET /shop/public/static/index/js/perfect-scrollbar/perfect-scrollbar.min.js
[ info ] 127.0.0.1/shop/public/static/index/js/perfect-scrollbar/perfect-scrollbar.min.js [运行时间：0.066004s][吞吐率：15.15req/s] [内存消耗：2,573.36kb] [文件加载：40]
[ info ] [ LANG ] F:\wamp\www\shop\thinkphp\lang\zh-cn.php
[ info ] [ ROUTE ] array (
  'type' => 'module',
  'module' => 
  array (
    0 => 'static',
    1 => 'index',
    2 => 'js',
  ),
)
[ info ] [ HEADER ] array (
  'host' => '127.0.0.1',
  'connection' => 'keep-alive',
  'user-agent' => 'Mozilla/5.0 (Windows NT 6.1; WOW64) AppleWebKit/537.36 (KHTML, like Gecko) Chrome/68.0.3440.106 Safari/537.36',
  'accept' => '*/*',
  'referer' => 'http://127.0.0.1/shop/index.php/index/coupons/index',
  'accept-encoding' => 'gzip, deflate, br',
  'accept-language' => 'zh-CN,zh;q=0.9',
  'cookie' => '_ga=GA1.1.1619632685.1541818471; PHPSESSID=dqj1cks8rdgjp9nderfu2rmu51; cart=a%3A1%3A%7Bs%3A8%3A%2213-57%2C56%22%3Bs%3A1%3A%221%22%3B%7D',
)
[ info ] [ PARAM ] array (
  'scrollbar' => 'perfect-scrollbar.min.js',
)
[ info ] [ LOG ] INIT File
---------------------------------------------------------------
[ 2019-01-20T16:37:14+08:00 ] 127.0.0.1 127.0.0.1 GET /shop/public/static/index/js/ZeroClipboard.js
[ info ] 127.0.0.1/shop/public/static/index/js/ZeroClipboard.js [运行时间：0.063004s][吞吐率：15.87req/s] [内存消耗：2,572.43kb] [文件加载：40]
[ info ] [ LANG ] F:\wamp\www\shop\thinkphp\lang\zh-cn.php
[ info ] [ ROUTE ] array (
  'type' => 'module',
  'module' => 
  array (
    0 => 'static',
    1 => 'index',
    2 => 'js',
  ),
)
[ info ] [ HEADER ] array (
  'host' => '127.0.0.1',
  'connection' => 'keep-alive',
  'user-agent' => 'Mozilla/5.0 (Windows NT 6.1; WOW64) AppleWebKit/537.36 (KHTML, like Gecko) Chrome/68.0.3440.106 Safari/537.36',
  'accept' => '*/*',
  'referer' => 'http://127.0.0.1/shop/index.php/index/coupons/index',
  'accept-encoding' => 'gzip, deflate, br',
  'accept-language' => 'zh-CN,zh;q=0.9',
  'cookie' => '_ga=GA1.1.1619632685.1541818471; PHPSESSID=dqj1cks8rdgjp9nderfu2rmu51; cart=a%3A1%3A%7Bs%3A8%3A%2213-57%2C56%22%3Bs%3A1%3A%221%22%3B%7D',
)
[ info ] [ PARAM ] array (
)
[ info ] [ LOG ] INIT File
---------------------------------------------------------------
[ 2019-01-20T16:37:14+08:00 ] 127.0.0.1 127.0.0.1 GET /shop/index.php/member/account/checklogin.html
[ info ] 127.0.0.1/shop/index.php/member/account/checklogin.html [运行时间：0.070004s][吞吐率：14.28req/s] [内存消耗：2,614.64kb] [文件加载：40]
[ info ] [ LANG ] F:\wamp\www\shop\thinkphp\lang\zh-cn.php
[ info ] [ ROUTE ] array (
  'type' => 'module',
  'module' => 
  array (
    0 => 'member',
    1 => 'account',
    2 => 'checklogin',
  ),
)
[ info ] [ HEADER ] array (
  'host' => '127.0.0.1',
  'connection' => 'keep-alive',
  'accept' => 'application/json, text/javascript, */*; q=0.01',
  'x-requested-with' => 'XMLHttpRequest',
  'user-agent' => 'Mozilla/5.0 (Windows NT 6.1; WOW64) AppleWebKit/537.36 (KHTML, like Gecko) Chrome/68.0.3440.106 Safari/537.36',
  'referer' => 'http://127.0.0.1/shop/index.php/index/coupons/index',
  'accept-encoding' => 'gzip, deflate, br',
  'accept-language' => 'zh-CN,zh;q=0.9',
  'cookie' => '_ga=GA1.1.1619632685.1541818471; PHPSESSID=dqj1cks8rdgjp9nderfu2rmu51; cart=a%3A1%3A%7Bs%3A8%3A%2213-57%2C56%22%3Bs%3A1%3A%221%22%3B%7D',
)
[ info ] [ PARAM ] array (
)
[ info ] [ RUN ] app\member\controller\Account->checkLogin[ F:\wamp\www\shop\application\member\controller\Account.php ]
[ info ] [ SESSION ] INIT array (
  'id' => '',
  'var_session_id' => '',
  'prefix' => 'think',
  'type' => '',
  'auto_start' => true,
)
[ info ] [ LOG ] INIT File
---------------------------------------------------------------
[ 2019-01-20T16:37:14+08:00 ] 127.0.0.1 127.0.0.1 POST /shop/index.php/index/flow/cartgoodsnum.html
[ info ] 127.0.0.1/shop/index.php/index/flow/cartgoodsnum.html [运行时间：0.165009s][吞吐率：6.06req/s] [内存消耗：5,675.52kb] [文件加载：60]
[ info ] [ LANG ] F:\wamp\www\shop\thinkphp\lang\zh-cn.php
[ info ] [ ROUTE ] array (
  'type' => 'module',
  'module' => 
  array (
    0 => 'index',
    1 => 'flow',
    2 => 'cartgoodsnum',
  ),
)
[ info ] [ HEADER ] array (
  'host' => '127.0.0.1',
  'connection' => 'keep-alive',
  'content-length' => '0',
  'accept' => 'application/json, text/javascript, */*; q=0.01',
  'origin' => 'http://127.0.0.1',
  'x-requested-with' => 'XMLHttpRequest',
  'user-agent' => 'Mozilla/5.0 (Windows NT 6.1; WOW64) AppleWebKit/537.36 (KHTML, like Gecko) Chrome/68.0.3440.106 Safari/537.36',
  'referer' => 'http://127.0.0.1/shop/index.php/index/coupons/index',
  'accept-encoding' => 'gzip, deflate, br',
  'accept-language' => 'zh-CN,zh;q=0.9',
  'cookie' => '_ga=GA1.1.1619632685.1541818471; PHPSESSID=dqj1cks8rdgjp9nderfu2rmu51; cart=a%3A1%3A%7Bs%3A8%3A%2213-57%2C56%22%3Bs%3A1%3A%221%22%3B%7D',
)
[ info ] [ PARAM ] array (
)
[ info ] [ DB ] INIT mysql
[ info ] [ CACHE ] INIT File
[ info ] [ RUN ] app\index\controller\Flow->cartGoodsNum[ F:\wamp\www\shop\application\index\controller\Flow.php ]
[ info ] [ LOG ] INIT File
[ sql ] [ DB ] CONNECT:[ UseTime:0.001000s ] mysql:host=127.0.0.1;dbname=tpshop;charset=utf8
[ sql ] [ SQL ] SHOW COLUMNS FROM `tp_category` [ RunTime:0.017001s ]
[ sql ] [ SQL ] SELECT * FROM `tp_category` WHERE  `pid` = 0 ORDER BY sort ASC [ RunTime:0.002000s ]
[ sql ] [ SQL ] SELECT * FROM `tp_category` WHERE  `pid` = 7 [ RunTime:0.000000s ]
[ sql ] [ SQL ] SELECT * FROM `tp_category` WHERE  `pid` = 2 [ RunTime:0.000000s ]
[ sql ] [ SQL ] SELECT * FROM `tp_category` WHERE  `pid` = 33 [ RunTime:0.000000s ]
[ sql ] [ SQL ] SELECT * FROM `tp_category` WHERE  `pid` = 38 [ RunTime:0.001000s ]
