---------------------------------------------------------------
[ 2018-08-26T09:41:53+08:00 ] 127.0.0.1 127.0.0.1 GET /shop/index.php/admin/order/lst.html
[ info ] 127.0.0.1/shop/index.php/admin/order/lst.html [运行时间：1.131064s][吞吐率：0.88req/s] [内存消耗：4,843.48kb] [文件加载：57]
[ info ] [ LANG ] F:\wamp\www\shop\thinkphp\lang\zh-cn.php
[ info ] [ ROUTE ] array (
  'type' => 'module',
  'module' => 
  array (
    0 => 'admin',
    1 => 'order',
    2 => 'lst',
  ),
)
[ info ] [ HEADER ] array (
  'host' => '127.0.0.1',
  'connection' => 'keep-alive',
  'upgrade-insecure-requests' => '1',
  'user-agent' => 'Mozilla/5.0 (Windows NT 6.1; WOW64) AppleWebKit/537.36 (KHTML, like Gecko) Chrome/68.0.3440.106 Safari/537.36',
  'accept' => 'text/html,application/xhtml+xml,application/xml;q=0.9,image/webp,image/apng,*/*;q=0.8',
  'accept-encoding' => 'gzip, deflate, br',
  'accept-language' => 'zh-CN,zh;q=0.9',
)
[ info ] [ PARAM ] array (
)
[ info ] [ RUN ] app\admin\controller\Order->lst[ F:\wamp\www\shop\application\admin\controller\Order.php ]
[ info ] [ DB ] INIT mysql
[ info ] [ VIEW ] F:\wamp\www\shop/application/admin\view\order\list.htm [ array (
  0 => 'orderRes',
  1 => 'orderStatus',
) ]
[ info ] [ LOG ] INIT File
[ sql ] [ DB ] CONNECT:[ UseTime:0.067004s ] mysql:host=127.0.0.1;dbname=tpshop;charset=utf8
[ sql ] [ SQL ] SHOW COLUMNS FROM `tp_order` [ RunTime:0.076004s ]
[ sql ] [ SQL ] SELECT COUNT(*) AS tp_count FROM `tp_order` `o` INNER JOIN `tp_user` `u` ON `o`.`user_id`=`u`.`id` LIMIT 1 [ RunTime:0.050003s ]
[ sql ] [ SQL ] SELECT `o`.`id`,`o`.`out_trade_no`,`o`.`goods_total_price`,`o`.`pay_status`,`o`.`order_status`,`o`.`post_status`,`o`.`distribution`,`o`.`payment`,`o`.`name`,`o`.`phone`,`o`.`order_time`,`u`.`username` FROM `tp_order` `o` INNER JOIN `tp_user` `u` ON `o`.`user_id`=`u`.`id` ORDER BY o.id DESC LIMIT 0,10 [ RunTime:0.001000s ]
---------------------------------------------------------------
[ 2018-08-26T09:41:54+08:00 ] 127.0.0.1 127.0.0.1 GET /shop/public/static/admin/fonts/fontawesome-webfont.woff2?v=4.3.0
[ info ] 127.0.0.1/shop/public/static/admin/fonts/fontawesome-webfont.woff2?v=4.3.0 [运行时间：0.072004s][吞吐率：13.89req/s] [内存消耗：2,572.88kb] [文件加载：40]
[ info ] [ LANG ] F:\wamp\www\shop\thinkphp\lang\zh-cn.php
[ info ] [ ROUTE ] array (
  'type' => 'module',
  'module' => 
  array (
    0 => 'static',
    1 => 'admin',
    2 => 'fonts',
  ),
)
[ info ] [ HEADER ] array (
  'host' => '127.0.0.1',
  'connection' => 'keep-alive',
  'origin' => 'http://127.0.0.1',
  'user-agent' => 'Mozilla/5.0 (Windows NT 6.1; WOW64) AppleWebKit/537.36 (KHTML, like Gecko) Chrome/68.0.3440.106 Safari/537.36',
  'accept' => '*/*',
  'referer' => 'http://127.0.0.1/shop/public/static/admin/style/font-awesome.css',
  'accept-encoding' => 'gzip, deflate, br',
  'accept-language' => 'zh-CN,zh;q=0.9',
)
[ info ] [ PARAM ] array (
  'v' => '4.3.0',
)
[ info ] [ LOG ] INIT File
---------------------------------------------------------------
[ 2018-08-26T09:41:54+08:00 ] 127.0.0.1 127.0.0.1 GET /shop/public/static/admin/fonts/glyphicons-halflings-regular.woff2
[ info ] 127.0.0.1/shop/public/static/admin/fonts/glyphicons-halflings-regular.woff2 [运行时间：0.077005s][吞吐率：12.99req/s] [内存消耗：2,572.27kb] [文件加载：40]
[ info ] [ LANG ] F:\wamp\www\shop\thinkphp\lang\zh-cn.php
[ info ] [ ROUTE ] array (
  'type' => 'module',
  'module' => 
  array (
    0 => 'static',
    1 => 'admin',
    2 => 'fonts',
  ),
)
[ info ] [ HEADER ] array (
  'host' => '127.0.0.1',
  'connection' => 'keep-alive',
  'origin' => 'http://127.0.0.1',
  'user-agent' => 'Mozilla/5.0 (Windows NT 6.1; WOW64) AppleWebKit/537.36 (KHTML, like Gecko) Chrome/68.0.3440.106 Safari/537.36',
  'accept' => '*/*',
  'referer' => 'http://127.0.0.1/shop/public/static/admin/style/bootstrap.css',
  'accept-encoding' => 'gzip, deflate, br',
  'accept-language' => 'zh-CN,zh;q=0.9',
)
[ info ] [ PARAM ] array (
)
[ info ] [ LOG ] INIT File
---------------------------------------------------------------
[ 2018-08-26T09:41:57+08:00 ] 127.0.0.1 127.0.0.1 GET /shop/index.php/admin/order/lst.html?status=no_post
[ info ] 127.0.0.1/shop/index.php/admin/order/lst.html?status=no_post [运行时间：0.077005s][吞吐率：12.99req/s] [内存消耗：4,846.15kb] [文件加载：57]
[ info ] [ LANG ] F:\wamp\www\shop\thinkphp\lang\zh-cn.php
[ info ] [ ROUTE ] array (
  'type' => 'module',
  'module' => 
  array (
    0 => 'admin',
    1 => 'order',
    2 => 'lst',
  ),
)
[ info ] [ HEADER ] array (
  'host' => '127.0.0.1',
  'connection' => 'keep-alive',
  'upgrade-insecure-requests' => '1',
  'user-agent' => 'Mozilla/5.0 (Windows NT 6.1; WOW64) AppleWebKit/537.36 (KHTML, like Gecko) Chrome/68.0.3440.106 Safari/537.36',
  'accept' => 'text/html,application/xhtml+xml,application/xml;q=0.9,image/webp,image/apng,*/*;q=0.8',
  'referer' => 'http://127.0.0.1/shop/index.php/admin/order/lst.html',
  'accept-encoding' => 'gzip, deflate, br',
  'accept-language' => 'zh-CN,zh;q=0.9',
)
[ info ] [ PARAM ] array (
  'status' => 'no_post',
)
[ info ] [ RUN ] app\admin\controller\Order->lst[ F:\wamp\www\shop\application\admin\controller\Order.php ]
[ info ] [ DB ] INIT mysql
[ info ] [ VIEW ] F:\wamp\www\shop/application/admin\view\order\list.htm [ array (
  0 => 'orderRes',
  1 => 'orderStatus',
) ]
[ info ] [ LOG ] INIT File
[ sql ] [ DB ] CONNECT:[ UseTime:0.001000s ] mysql:host=127.0.0.1;dbname=tpshop;charset=utf8
[ sql ] [ SQL ] SHOW COLUMNS FROM `tp_order` [ RunTime:0.016001s ]
[ sql ] [ SQL ] SELECT COUNT(*) AS tp_count FROM `tp_order` `o` INNER JOIN `tp_user` `u` ON `o`.`user_id`=`u`.`id` WHERE  `o`.`post_status` = 0 LIMIT 1 [ RunTime:0.000000s ]
[ sql ] [ SQL ] SELECT `o`.`id`,`o`.`out_trade_no`,`o`.`goods_total_price`,`o`.`pay_status`,`o`.`order_status`,`o`.`post_status`,`o`.`distribution`,`o`.`payment`,`o`.`name`,`o`.`phone`,`o`.`order_time`,`u`.`username` FROM `tp_order` `o` INNER JOIN `tp_user` `u` ON `o`.`user_id`=`u`.`id` WHERE  `o`.`post_status` = 0 ORDER BY o.id DESC LIMIT 0,10 [ RunTime:0.001001s ]
---------------------------------------------------------------
[ 2018-08-26T09:41:57+08:00 ] 127.0.0.1 127.0.0.1 GET /shop/public/static/admin/fonts/fontawesome-webfont.woff2?v=4.3.0
[ info ] 127.0.0.1/shop/public/static/admin/fonts/fontawesome-webfont.woff2?v=4.3.0 [运行时间：0.037002s][吞吐率：27.03req/s] [内存消耗：2,572.88kb] [文件加载：40]
[ info ] [ LANG ] F:\wamp\www\shop\thinkphp\lang\zh-cn.php
[ info ] [ ROUTE ] array (
  'type' => 'module',
  'module' => 
  array (
    0 => 'static',
    1 => 'admin',
    2 => 'fonts',
  ),
)
[ info ] [ HEADER ] array (
  'host' => '127.0.0.1',
  'connection' => 'keep-alive',
  'origin' => 'http://127.0.0.1',
  'user-agent' => 'Mozilla/5.0 (Windows NT 6.1; WOW64) AppleWebKit/537.36 (KHTML, like Gecko) Chrome/68.0.3440.106 Safari/537.36',
  'accept' => '*/*',
  'referer' => 'http://127.0.0.1/shop/public/static/admin/style/font-awesome.css',
  'accept-encoding' => 'gzip, deflate, br',
  'accept-language' => 'zh-CN,zh;q=0.9',
)
[ info ] [ PARAM ] array (
  'v' => '4.3.0',
)
[ info ] [ LOG ] INIT File
---------------------------------------------------------------
[ 2018-08-26T09:41:57+08:00 ] 127.0.0.1 127.0.0.1 GET /shop/public/static/admin/fonts/glyphicons-halflings-regular.woff2
[ info ] 127.0.0.1/shop/public/static/admin/fonts/glyphicons-halflings-regular.woff2 [运行时间：0.047002s][吞吐率：21.28req/s] [内存消耗：2,572.30kb] [文件加载：40]
[ info ] [ LANG ] F:\wamp\www\shop\thinkphp\lang\zh-cn.php
[ info ] [ ROUTE ] array (
  'type' => 'module',
  'module' => 
  array (
    0 => 'static',
    1 => 'admin',
    2 => 'fonts',
  ),
)
[ info ] [ HEADER ] array (
  'host' => '127.0.0.1',
  'connection' => 'keep-alive',
  'origin' => 'http://127.0.0.1',
  'user-agent' => 'Mozilla/5.0 (Windows NT 6.1; WOW64) AppleWebKit/537.36 (KHTML, like Gecko) Chrome/68.0.3440.106 Safari/537.36',
  'accept' => '*/*',
  'referer' => 'http://127.0.0.1/shop/public/static/admin/style/bootstrap.css',
  'accept-encoding' => 'gzip, deflate, br',
  'accept-language' => 'zh-CN,zh;q=0.9',
)
[ info ] [ PARAM ] array (
)
[ info ] [ LOG ] INIT File
---------------------------------------------------------------
[ 2018-08-26T09:41:57+08:00 ] 127.0.0.1 127.0.0.1 GET /shop/index.php/admin/order/lst.html?status=posted
[ info ] 127.0.0.1/shop/index.php/admin/order/lst.html?status=posted [运行时间：0.077004s][吞吐率：12.99req/s] [内存消耗：4,802.27kb] [文件加载：57]
[ info ] [ LANG ] F:\wamp\www\shop\thinkphp\lang\zh-cn.php
[ info ] [ ROUTE ] array (
  'type' => 'module',
  'module' => 
  array (
    0 => 'admin',
    1 => 'order',
    2 => 'lst',
  ),
)
[ info ] [ HEADER ] array (
  'host' => '127.0.0.1',
  'connection' => 'keep-alive',
  'upgrade-insecure-requests' => '1',
  'user-agent' => 'Mozilla/5.0 (Windows NT 6.1; WOW64) AppleWebKit/537.36 (KHTML, like Gecko) Chrome/68.0.3440.106 Safari/537.36',
  'accept' => 'text/html,application/xhtml+xml,application/xml;q=0.9,image/webp,image/apng,*/*;q=0.8',
  'referer' => 'http://127.0.0.1/shop/index.php/admin/order/lst.html?status=no_post',
  'accept-encoding' => 'gzip, deflate, br',
  'accept-language' => 'zh-CN,zh;q=0.9',
)
[ info ] [ PARAM ] array (
  'status' => 'posted',
)
[ info ] [ RUN ] app\admin\controller\Order->lst[ F:\wamp\www\shop\application\admin\controller\Order.php ]
[ info ] [ DB ] INIT mysql
[ info ] [ VIEW ] F:\wamp\www\shop/application/admin\view\order\list.htm [ array (
  0 => 'orderRes',
  1 => 'orderStatus',
) ]
[ info ] [ LOG ] INIT File
[ sql ] [ DB ] CONNECT:[ UseTime:0.001000s ] mysql:host=127.0.0.1;dbname=tpshop;charset=utf8
[ sql ] [ SQL ] SHOW COLUMNS FROM `tp_order` [ RunTime:0.023001s ]
[ sql ] [ SQL ] SELECT COUNT(*) AS tp_count FROM `tp_order` `o` INNER JOIN `tp_user` `u` ON `o`.`user_id`=`u`.`id` WHERE  `o`.`post_status` = 1 LIMIT 1 [ RunTime:0.001000s ]
[ sql ] [ SQL ] SELECT `o`.`id`,`o`.`out_trade_no`,`o`.`goods_total_price`,`o`.`pay_status`,`o`.`order_status`,`o`.`post_status`,`o`.`distribution`,`o`.`payment`,`o`.`name`,`o`.`phone`,`o`.`order_time`,`u`.`username` FROM `tp_order` `o` INNER JOIN `tp_user` `u` ON `o`.`user_id`=`u`.`id` WHERE  `o`.`post_status` = 1 ORDER BY o.id DESC LIMIT 0,10 [ RunTime:0.000000s ]
---------------------------------------------------------------
[ 2018-08-26T09:41:58+08:00 ] 127.0.0.1 127.0.0.1 GET /shop/public/static/admin/fonts/glyphicons-halflings-regular.woff2
[ info ] 127.0.0.1/shop/public/static/admin/fonts/glyphicons-halflings-regular.woff2 [运行时间：0.033002s][吞吐率：30.30req/s] [内存消耗：2,572.30kb] [文件加载：40]
[ info ] [ LANG ] F:\wamp\www\shop\thinkphp\lang\zh-cn.php
[ info ] [ ROUTE ] array (
  'type' => 'module',
  'module' => 
  array (
    0 => 'static',
    1 => 'admin',
    2 => 'fonts',
  ),
)
[ info ] [ HEADER ] array (
  'host' => '127.0.0.1',
  'connection' => 'keep-alive',
  'origin' => 'http://127.0.0.1',
  'user-agent' => 'Mozilla/5.0 (Windows NT 6.1; WOW64) AppleWebKit/537.36 (KHTML, like Gecko) Chrome/68.0.3440.106 Safari/537.36',
  'accept' => '*/*',
  'referer' => 'http://127.0.0.1/shop/public/static/admin/style/bootstrap.css',
  'accept-encoding' => 'gzip, deflate, br',
  'accept-language' => 'zh-CN,zh;q=0.9',
)
[ info ] [ PARAM ] array (
)
[ info ] [ LOG ] INIT File
---------------------------------------------------------------
[ 2018-08-26T09:41:58+08:00 ] 127.0.0.1 127.0.0.1 GET /shop/public/static/admin/fonts/fontawesome-webfont.woff2?v=4.3.0
[ info ] 127.0.0.1/shop/public/static/admin/fonts/fontawesome-webfont.woff2?v=4.3.0 [运行时间：0.046002s][吞吐率：21.74req/s] [内存消耗：2,572.88kb] [文件加载：40]
[ info ] [ LANG ] F:\wamp\www\shop\thinkphp\lang\zh-cn.php
[ info ] [ ROUTE ] array (
  'type' => 'module',
  'module' => 
  array (
    0 => 'static',
    1 => 'admin',
    2 => 'fonts',
  ),
)
[ info ] [ HEADER ] array (
  'host' => '127.0.0.1',
  'connection' => 'keep-alive',
  'origin' => 'http://127.0.0.1',
  'user-agent' => 'Mozilla/5.0 (Windows NT 6.1; WOW64) AppleWebKit/537.36 (KHTML, like Gecko) Chrome/68.0.3440.106 Safari/537.36',
  'accept' => '*/*',
  'referer' => 'http://127.0.0.1/shop/public/static/admin/style/font-awesome.css',
  'accept-encoding' => 'gzip, deflate, br',
  'accept-language' => 'zh-CN,zh;q=0.9',
)
[ info ] [ PARAM ] array (
  'v' => '4.3.0',
)
[ info ] [ LOG ] INIT File
---------------------------------------------------------------
[ 2018-08-26T09:41:59+08:00 ] 127.0.0.1 127.0.0.1 GET /shop/index.php/admin/order/lst.html?status=got_goods
[ info ] 127.0.0.1/shop/index.php/admin/order/lst.html?status=got_goods [运行时间：0.076004s][吞吐率：13.16req/s] [内存消耗：4,805.44kb] [文件加载：57]
[ info ] [ LANG ] F:\wamp\www\shop\thinkphp\lang\zh-cn.php
[ info ] [ ROUTE ] array (
  'type' => 'module',
  'module' => 
  array (
    0 => 'admin',
    1 => 'order',
    2 => 'lst',
  ),
)
[ info ] [ HEADER ] array (
  'host' => '127.0.0.1',
  'connection' => 'keep-alive',
  'upgrade-insecure-requests' => '1',
  'user-agent' => 'Mozilla/5.0 (Windows NT 6.1; WOW64) AppleWebKit/537.36 (KHTML, like Gecko) Chrome/68.0.3440.106 Safari/537.36',
  'accept' => 'text/html,application/xhtml+xml,application/xml;q=0.9,image/webp,image/apng,*/*;q=0.8',
  'referer' => 'http://127.0.0.1/shop/index.php/admin/order/lst.html?status=posted',
  'accept-encoding' => 'gzip, deflate, br',
  'accept-language' => 'zh-CN,zh;q=0.9',
)
[ info ] [ PARAM ] array (
  'status' => 'got_goods',
)
[ info ] [ RUN ] app\admin\controller\Order->lst[ F:\wamp\www\shop\application\admin\controller\Order.php ]
[ info ] [ DB ] INIT mysql
[ info ] [ VIEW ] F:\wamp\www\shop/application/admin\view\order\list.htm [ array (
  0 => 'orderRes',
  1 => 'orderStatus',
) ]
[ info ] [ LOG ] INIT File
[ sql ] [ DB ] CONNECT:[ UseTime:0.011000s ] mysql:host=127.0.0.1;dbname=tpshop;charset=utf8
[ sql ] [ SQL ] SHOW COLUMNS FROM `tp_order` [ RunTime:0.014001s ]
[ sql ] [ SQL ] SELECT COUNT(*) AS tp_count FROM `tp_order` `o` INNER JOIN `tp_user` `u` ON `o`.`user_id`=`u`.`id` WHERE  `o`.`post_status` = 2 LIMIT 1 [ RunTime:0.000000s ]
[ sql ] [ SQL ] SELECT `o`.`id`,`o`.`out_trade_no`,`o`.`goods_total_price`,`o`.`pay_status`,`o`.`order_status`,`o`.`post_status`,`o`.`distribution`,`o`.`payment`,`o`.`name`,`o`.`phone`,`o`.`order_time`,`u`.`username` FROM `tp_order` `o` INNER JOIN `tp_user` `u` ON `o`.`user_id`=`u`.`id` WHERE  `o`.`post_status` = 2 ORDER BY o.id DESC LIMIT 0,10 [ RunTime:0.000000s ]
---------------------------------------------------------------
[ 2018-08-26T09:41:59+08:00 ] 127.0.0.1 127.0.0.1 GET /shop/public/static/admin/fonts/glyphicons-halflings-regular.woff2
[ info ] 127.0.0.1/shop/public/static/admin/fonts/glyphicons-halflings-regular.woff2 [运行时间：0.023001s][吞吐率：43.48req/s] [内存消耗：2,572.30kb] [文件加载：40]
[ info ] [ LANG ] F:\wamp\www\shop\thinkphp\lang\zh-cn.php
[ info ] [ ROUTE ] array (
  'type' => 'module',
  'module' => 
  array (
    0 => 'static',
    1 => 'admin',
    2 => 'fonts',
  ),
)
[ info ] [ HEADER ] array (
  'host' => '127.0.0.1',
  'connection' => 'keep-alive',
  'origin' => 'http://127.0.0.1',
  'user-agent' => 'Mozilla/5.0 (Windows NT 6.1; WOW64) AppleWebKit/537.36 (KHTML, like Gecko) Chrome/68.0.3440.106 Safari/537.36',
  'accept' => '*/*',
  'referer' => 'http://127.0.0.1/shop/public/static/admin/style/bootstrap.css',
  'accept-encoding' => 'gzip, deflate, br',
  'accept-language' => 'zh-CN,zh;q=0.9',
)
[ info ] [ PARAM ] array (
)
[ info ] [ LOG ] INIT File
---------------------------------------------------------------
[ 2018-08-26T09:41:59+08:00 ] 127.0.0.1 127.0.0.1 GET /shop/public/static/admin/fonts/fontawesome-webfont.woff2?v=4.3.0
[ info ] 127.0.0.1/shop/public/static/admin/fonts/fontawesome-webfont.woff2?v=4.3.0 [运行时间：0.036002s][吞吐率：27.78req/s] [内存消耗：2,572.88kb] [文件加载：40]
[ info ] [ LANG ] F:\wamp\www\shop\thinkphp\lang\zh-cn.php
[ info ] [ ROUTE ] array (
  'type' => 'module',
  'module' => 
  array (
    0 => 'static',
    1 => 'admin',
    2 => 'fonts',
  ),
)
[ info ] [ HEADER ] array (
  'host' => '127.0.0.1',
  'connection' => 'keep-alive',
  'origin' => 'http://127.0.0.1',
  'user-agent' => 'Mozilla/5.0 (Windows NT 6.1; WOW64) AppleWebKit/537.36 (KHTML, like Gecko) Chrome/68.0.3440.106 Safari/537.36',
  'accept' => '*/*',
  'referer' => 'http://127.0.0.1/shop/public/static/admin/style/font-awesome.css',
  'accept-encoding' => 'gzip, deflate, br',
  'accept-language' => 'zh-CN,zh;q=0.9',
)
[ info ] [ PARAM ] array (
  'v' => '4.3.0',
)
[ info ] [ LOG ] INIT File
---------------------------------------------------------------
[ 2018-08-26T09:42:00+08:00 ] 127.0.0.1 127.0.0.1 GET /shop/index.php/admin/order/exportorders.html?status=got_goods
[ info ] 127.0.0.1/shop/index.php/admin/order/exportorders.html?status=got_goods [运行时间：0.455026s][吞吐率：2.20req/s] [内存消耗：10,791.94kb] [文件加载：113]
[ info ] [ LANG ] F:\wamp\www\shop\thinkphp\lang\zh-cn.php
[ info ] [ ROUTE ] array (
  'type' => 'module',
  'module' => 
  array (
    0 => 'admin',
    1 => 'order',
    2 => 'exportorders',
  ),
)
[ info ] [ HEADER ] array (
  'host' => '127.0.0.1',
  'connection' => 'keep-alive',
  'upgrade-insecure-requests' => '1',
  'user-agent' => 'Mozilla/5.0 (Windows NT 6.1; WOW64) AppleWebKit/537.36 (KHTML, like Gecko) Chrome/68.0.3440.106 Safari/537.36',
  'accept' => 'text/html,application/xhtml+xml,application/xml;q=0.9,image/webp,image/apng,*/*;q=0.8',
  'referer' => 'http://127.0.0.1/shop/index.php/admin/order/lst.html?status=got_goods',
  'accept-encoding' => 'gzip, deflate, br',
  'accept-language' => 'zh-CN,zh;q=0.9',
)
[ info ] [ PARAM ] array (
  'status' => 'got_goods',
)
[ info ] [ RUN ] app\admin\controller\Order->exportOrders[ F:\wamp\www\shop\application\admin\controller\Order.php ]
[ info ] [ DB ] INIT mysql
[ info ] [ LOG ] INIT File
[ sql ] [ DB ] CONNECT:[ UseTime:0.001000s ] mysql:host=127.0.0.1;dbname=tpshop;charset=utf8
[ sql ] [ SQL ] SHOW COLUMNS FROM `tp_order` [ RunTime:0.013001s ]
[ sql ] [ SQL ] SELECT `o`.`id`,`o`.`out_trade_no`,`o`.`goods_total_price`,`o`.`pay_status`,`o`.`order_status`,`o`.`post_status`,`o`.`distribution`,`o`.`payment`,`o`.`name`,`o`.`phone`,`o`.`order_time`,`u`.`username` FROM `tp_order` `o` INNER JOIN `tp_user` `u` ON `o`.`user_id`=`u`.`id` WHERE  `o`.`post_status` = 2 ORDER BY o.id DESC [ RunTime:0.000000s ]
---------------------------------------------------------------
[ 2018-08-26T09:45:38+08:00 ] 127.0.0.1 127.0.0.1 GET /shop/index.php/admin/member_level/add.html
[ info ] 127.0.0.1/shop/index.php/admin/member_level/add.html [运行时间：0.189010s][吞吐率：5.29req/s] [内存消耗：3,450.40kb] [文件加载：49]
[ info ] [ LANG ] F:\wamp\www\shop\thinkphp\lang\zh-cn.php
[ info ] [ ROUTE ] array (
  'type' => 'module',
  'module' => 
  array (
    0 => 'admin',
    1 => 'member_level',
    2 => 'add',
  ),
)
[ info ] [ HEADER ] array (
  'host' => '127.0.0.1',
  'connection' => 'keep-alive',
  'upgrade-insecure-requests' => '1',
  'user-agent' => 'Mozilla/5.0 (Windows NT 6.1; WOW64) AppleWebKit/537.36 (KHTML, like Gecko) Chrome/68.0.3440.106 Safari/537.36',
  'accept' => 'text/html,application/xhtml+xml,application/xml;q=0.9,image/webp,image/apng,*/*;q=0.8',
  'referer' => 'http://127.0.0.1/shop/index.php/admin/order/lst.html?status=got_goods',
  'accept-encoding' => 'gzip, deflate, br',
  'accept-language' => 'zh-CN,zh;q=0.9',
)
[ info ] [ PARAM ] array (
)
[ info ] [ RUN ] app\admin\controller\MemberLevel->add[ F:\wamp\www\shop\application\admin\controller\MemberLevel.php ]
[ info ] [ VIEW ] F:\wamp\www\shop/application/admin\view\member_level\add.htm [ array (
) ]
[ info ] [ LOG ] INIT File
---------------------------------------------------------------
[ 2018-08-26T09:45:39+08:00 ] 127.0.0.1 127.0.0.1 GET /shop/public/static/admin/fonts/fontawesome-webfont.woff2?v=4.3.0
[ info ] 127.0.0.1/shop/public/static/admin/fonts/fontawesome-webfont.woff2?v=4.3.0 [运行时间：0.033002s][吞吐率：30.30req/s] [内存消耗：2,572.88kb] [文件加载：40]
[ info ] [ LANG ] F:\wamp\www\shop\thinkphp\lang\zh-cn.php
[ info ] [ ROUTE ] array (
  'type' => 'module',
  'module' => 
  array (
    0 => 'static',
    1 => 'admin',
    2 => 'fonts',
  ),
)
[ info ] [ HEADER ] array (
  'host' => '127.0.0.1',
  'connection' => 'keep-alive',
  'origin' => 'http://127.0.0.1',
  'user-agent' => 'Mozilla/5.0 (Windows NT 6.1; WOW64) AppleWebKit/537.36 (KHTML, like Gecko) Chrome/68.0.3440.106 Safari/537.36',
  'accept' => '*/*',
  'referer' => 'http://127.0.0.1/shop/public/static/admin/style/font-awesome.css',
  'accept-encoding' => 'gzip, deflate, br',
  'accept-language' => 'zh-CN,zh;q=0.9',
)
[ info ] [ PARAM ] array (
  'v' => '4.3.0',
)
[ info ] [ LOG ] INIT File
---------------------------------------------------------------
[ 2018-08-26T09:45:40+08:00 ] 127.0.0.1 127.0.0.1 GET /shop/public/static/admin/fonts/glyphicons-halflings-regular.woff2
[ info ] 127.0.0.1/shop/public/static/admin/fonts/glyphicons-halflings-regular.woff2 [运行时间：0.040003s][吞吐率：25.00req/s] [内存消耗：2,572.30kb] [文件加载：40]
[ info ] [ LANG ] F:\wamp\www\shop\thinkphp\lang\zh-cn.php
[ info ] [ ROUTE ] array (
  'type' => 'module',
  'module' => 
  array (
    0 => 'static',
    1 => 'admin',
    2 => 'fonts',
  ),
)
[ info ] [ HEADER ] array (
  'host' => '127.0.0.1',
  'connection' => 'keep-alive',
  'origin' => 'http://127.0.0.1',
  'user-agent' => 'Mozilla/5.0 (Windows NT 6.1; WOW64) AppleWebKit/537.36 (KHTML, like Gecko) Chrome/68.0.3440.106 Safari/537.36',
  'accept' => '*/*',
  'referer' => 'http://127.0.0.1/shop/public/static/admin/style/bootstrap.css',
  'accept-encoding' => 'gzip, deflate, br',
  'accept-language' => 'zh-CN,zh;q=0.9',
)
[ info ] [ PARAM ] array (
)
[ info ] [ LOG ] INIT File
---------------------------------------------------------------
[ 2018-08-26T09:46:11+08:00 ] 127.0.0.1 127.0.0.1 GET /shop/index.php/admin/order/lst.html?status=no_paied
[ info ] 127.0.0.1/shop/index.php/admin/order/lst.html?status=no_paied [运行时间：0.086005s][吞吐率：11.63req/s] [内存消耗：4,846.04kb] [文件加载：57]
[ info ] [ LANG ] F:\wamp\www\shop\thinkphp\lang\zh-cn.php
[ info ] [ ROUTE ] array (
  'type' => 'module',
  'module' => 
  array (
    0 => 'admin',
    1 => 'order',
    2 => 'lst',
  ),
)
[ info ] [ HEADER ] array (
  'host' => '127.0.0.1',
  'connection' => 'keep-alive',
  'upgrade-insecure-requests' => '1',
  'user-agent' => 'Mozilla/5.0 (Windows NT 6.1; WOW64) AppleWebKit/537.36 (KHTML, like Gecko) Chrome/68.0.3440.106 Safari/537.36',
  'accept' => 'text/html,application/xhtml+xml,application/xml;q=0.9,image/webp,image/apng,*/*;q=0.8',
  'referer' => 'http://127.0.0.1/shop/index.php/admin/order/lst.html?status=got_goods',
  'accept-encoding' => 'gzip, deflate, br',
  'accept-language' => 'zh-CN,zh;q=0.9',
)
[ info ] [ PARAM ] array (
  'status' => 'no_paied',
)
[ info ] [ RUN ] app\admin\controller\Order->lst[ F:\wamp\www\shop\application\admin\controller\Order.php ]
[ info ] [ DB ] INIT mysql
[ info ] [ VIEW ] F:\wamp\www\shop/application/admin\view\order\list.htm [ array (
  0 => 'orderRes',
  1 => 'orderStatus',
) ]
[ info ] [ LOG ] INIT File
[ sql ] [ DB ] CONNECT:[ UseTime:0.001000s ] mysql:host=127.0.0.1;dbname=tpshop;charset=utf8
[ sql ] [ SQL ] SHOW COLUMNS FROM `tp_order` [ RunTime:0.015001s ]
[ sql ] [ SQL ] SELECT COUNT(*) AS tp_count FROM `tp_order` `o` INNER JOIN `tp_user` `u` ON `o`.`user_id`=`u`.`id` WHERE  `o`.`pay_status` = 0 LIMIT 1 [ RunTime:0.000000s ]
[ sql ] [ SQL ] SELECT `o`.`id`,`o`.`out_trade_no`,`o`.`goods_total_price`,`o`.`pay_status`,`o`.`order_status`,`o`.`post_status`,`o`.`distribution`,`o`.`payment`,`o`.`name`,`o`.`phone`,`o`.`order_time`,`u`.`username` FROM `tp_order` `o` INNER JOIN `tp_user` `u` ON `o`.`user_id`=`u`.`id` WHERE  `o`.`pay_status` = 0 ORDER BY o.id DESC LIMIT 0,10 [ RunTime:0.001000s ]
---------------------------------------------------------------
[ 2018-08-26T09:46:11+08:00 ] 127.0.0.1 127.0.0.1 GET /shop/public/static/admin/fonts/fontawesome-webfont.woff2?v=4.3.0
[ info ] 127.0.0.1/shop/public/static/admin/fonts/fontawesome-webfont.woff2?v=4.3.0 [运行时间：0.033002s][吞吐率：30.30req/s] [内存消耗：2,572.88kb] [文件加载：40]
[ info ] [ LANG ] F:\wamp\www\shop\thinkphp\lang\zh-cn.php
[ info ] [ ROUTE ] array (
  'type' => 'module',
  'module' => 
  array (
    0 => 'static',
    1 => 'admin',
    2 => 'fonts',
  ),
)
[ info ] [ HEADER ] array (
  'host' => '127.0.0.1',
  'connection' => 'keep-alive',
  'origin' => 'http://127.0.0.1',
  'user-agent' => 'Mozilla/5.0 (Windows NT 6.1; WOW64) AppleWebKit/537.36 (KHTML, like Gecko) Chrome/68.0.3440.106 Safari/537.36',
  'accept' => '*/*',
  'referer' => 'http://127.0.0.1/shop/public/static/admin/style/font-awesome.css',
  'accept-encoding' => 'gzip, deflate, br',
  'accept-language' => 'zh-CN,zh;q=0.9',
)
[ info ] [ PARAM ] array (
  'v' => '4.3.0',
)
[ info ] [ LOG ] INIT File
---------------------------------------------------------------
[ 2018-08-26T09:46:11+08:00 ] 127.0.0.1 127.0.0.1 GET /shop/public/static/admin/fonts/glyphicons-halflings-regular.woff2
[ info ] 127.0.0.1/shop/public/static/admin/fonts/glyphicons-halflings-regular.woff2 [运行时间：0.043002s][吞吐率：23.25req/s] [内存消耗：2,572.30kb] [文件加载：40]
[ info ] [ LANG ] F:\wamp\www\shop\thinkphp\lang\zh-cn.php
[ info ] [ ROUTE ] array (
  'type' => 'module',
  'module' => 
  array (
    0 => 'static',
    1 => 'admin',
    2 => 'fonts',
  ),
)
[ info ] [ HEADER ] array (
  'host' => '127.0.0.1',
  'connection' => 'keep-alive',
  'origin' => 'http://127.0.0.1',
  'user-agent' => 'Mozilla/5.0 (Windows NT 6.1; WOW64) AppleWebKit/537.36 (KHTML, like Gecko) Chrome/68.0.3440.106 Safari/537.36',
  'accept' => '*/*',
  'referer' => 'http://127.0.0.1/shop/public/static/admin/style/bootstrap.css',
  'accept-encoding' => 'gzip, deflate, br',
  'accept-language' => 'zh-CN,zh;q=0.9',
)
[ info ] [ PARAM ] array (
)
[ info ] [ LOG ] INIT File
---------------------------------------------------------------
[ 2018-08-26T09:46:16+08:00 ] 127.0.0.1 127.0.0.1 GET /shop/index.php/admin/member_level/add.html
[ info ] 127.0.0.1/shop/index.php/admin/member_level/add.html [运行时间：0.050003s][吞吐率：20.00req/s] [内存消耗：3,173.63kb] [文件加载：47]
[ info ] [ LANG ] F:\wamp\www\shop\thinkphp\lang\zh-cn.php
[ info ] [ ROUTE ] array (
  'type' => 'module',
  'module' => 
  array (
    0 => 'admin',
    1 => 'member_level',
    2 => 'add',
  ),
)
[ info ] [ HEADER ] array (
  'host' => '127.0.0.1',
  'connection' => 'keep-alive',
  'upgrade-insecure-requests' => '1',
  'user-agent' => 'Mozilla/5.0 (Windows NT 6.1; WOW64) AppleWebKit/537.36 (KHTML, like Gecko) Chrome/68.0.3440.106 Safari/537.36',
  'accept' => 'text/html,application/xhtml+xml,application/xml;q=0.9,image/webp,image/apng,*/*;q=0.8',
  'referer' => 'http://127.0.0.1/shop/index.php/admin/order/lst.html?status=no_paied',
  'accept-encoding' => 'gzip, deflate, br',
  'accept-language' => 'zh-CN,zh;q=0.9',
)
[ info ] [ PARAM ] array (
)
[ info ] [ RUN ] app\admin\controller\MemberLevel->add[ F:\wamp\www\shop\application\admin\controller\MemberLevel.php ]
[ info ] [ VIEW ] F:\wamp\www\shop/application/admin\view\member_level\add.htm [ array (
) ]
[ info ] [ LOG ] INIT File
---------------------------------------------------------------
[ 2018-08-26T09:46:16+08:00 ] 127.0.0.1 127.0.0.1 GET /shop/public/static/admin/fonts/fontawesome-webfont.woff2?v=4.3.0
[ info ] 127.0.0.1/shop/public/static/admin/fonts/fontawesome-webfont.woff2?v=4.3.0 [运行时间：0.030002s][吞吐率：33.33req/s] [内存消耗：2,572.88kb] [文件加载：40]
[ info ] [ LANG ] F:\wamp\www\shop\thinkphp\lang\zh-cn.php
[ info ] [ ROUTE ] array (
  'type' => 'module',
  'module' => 
  array (
    0 => 'static',
    1 => 'admin',
    2 => 'fonts',
  ),
)
[ info ] [ HEADER ] array (
  'host' => '127.0.0.1',
  'connection' => 'keep-alive',
  'origin' => 'http://127.0.0.1',
  'user-agent' => 'Mozilla/5.0 (Windows NT 6.1; WOW64) AppleWebKit/537.36 (KHTML, like Gecko) Chrome/68.0.3440.106 Safari/537.36',
  'accept' => '*/*',
  'referer' => 'http://127.0.0.1/shop/public/static/admin/style/font-awesome.css',
  'accept-encoding' => 'gzip, deflate, br',
  'accept-language' => 'zh-CN,zh;q=0.9',
)
[ info ] [ PARAM ] array (
  'v' => '4.3.0',
)
[ info ] [ LOG ] INIT File
---------------------------------------------------------------
[ 2018-08-26T10:01:03+08:00 ] 127.0.0.1 127.0.0.1 GET /shop/index.php/admin/order/lst.html
[ info ] 127.0.0.1/shop/index.php/admin/order/lst.html [运行时间：0.164010s][吞吐率：6.10req/s] [内存消耗：2,641.98kb] [文件加载：41]
[ info ] [ LANG ] F:\wamp\www\shop\thinkphp\lang\zh-cn.php
[ info ] [ ROUTE ] array (
  'type' => 'module',
  'module' => 
  array (
    0 => 'admin',
    1 => 'order',
    2 => 'lst',
  ),
)
[ info ] [ HEADER ] array (
  'host' => '127.0.0.1',
  'connection' => 'keep-alive',
  'upgrade-insecure-requests' => '1',
  'user-agent' => 'Mozilla/5.0 (Windows NT 6.1; WOW64) AppleWebKit/537.36 (KHTML, like Gecko) Chrome/68.0.3440.106 Safari/537.36',
  'accept' => 'text/html,application/xhtml+xml,application/xml;q=0.9,image/webp,image/apng,*/*;q=0.8',
  'referer' => 'http://127.0.0.1/shop/index.php/admin/member_level/add.html',
  'accept-encoding' => 'gzip, deflate, br',
  'accept-language' => 'zh-CN,zh;q=0.9',
)
[ info ] [ PARAM ] array (
)
[ info ] [ LOG ] INIT File
[ error ] [4]语法错误: unexpected '}'[F:\wamp\www\shop\application\admin\controller\Order.php:105]
---------------------------------------------------------------
[ 2018-08-26T10:01:30+08:00 ] 127.0.0.1 127.0.0.1 GET /shop/index.php/admin/order/lst.html
[ info ] 127.0.0.1/shop/index.php/admin/order/lst.html [运行时间：0.079004s][吞吐率：12.66req/s] [内存消耗：2,644.84kb] [文件加载：41]
[ info ] [ LANG ] F:\wamp\www\shop\thinkphp\lang\zh-cn.php
[ info ] [ ROUTE ] array (
  'type' => 'module',
  'module' => 
  array (
    0 => 'admin',
    1 => 'order',
    2 => 'lst',
  ),
)
[ info ] [ HEADER ] array (
  'host' => '127.0.0.1',
  'connection' => 'keep-alive',
  'cache-control' => 'max-age=0',
  'upgrade-insecure-requests' => '1',
  'user-agent' => 'Mozilla/5.0 (Windows NT 6.1; WOW64) AppleWebKit/537.36 (KHTML, like Gecko) Chrome/68.0.3440.106 Safari/537.36',
  'accept' => 'text/html,application/xhtml+xml,application/xml;q=0.9,image/webp,image/apng,*/*;q=0.8',
  'referer' => 'http://127.0.0.1/shop/index.php/admin/member_level/add.html',
  'accept-encoding' => 'gzip, deflate, br',
  'accept-language' => 'zh-CN,zh;q=0.9',
)
[ info ] [ PARAM ] array (
)
[ info ] [ LOG ] INIT File
[ error ] [4]语法错误: unexpected '{'[F:\wamp\www\shop\application\admin\controller\Order.php:131]
---------------------------------------------------------------
[ 2018-08-26T10:01:48+08:00 ] 127.0.0.1 127.0.0.1 GET /shop/index.php/admin/order/lst.html
[ info ] 127.0.0.1/shop/index.php/admin/order/lst.html [运行时间：0.057003s][吞吐率：17.54req/s] [内存消耗：2,681.05kb] [文件加载：41]
[ info ] [ LANG ] F:\wamp\www\shop\thinkphp\lang\zh-cn.php
[ info ] [ ROUTE ] array (
  'type' => 'module',
  'module' => 
  array (
    0 => 'admin',
    1 => 'order',
    2 => 'lst',
  ),
)
[ info ] [ HEADER ] array (
  'host' => '127.0.0.1',
  'connection' => 'keep-alive',
  'cache-control' => 'max-age=0',
  'upgrade-insecure-requests' => '1',
  'user-agent' => 'Mozilla/5.0 (Windows NT 6.1; WOW64) AppleWebKit/537.36 (KHTML, like Gecko) Chrome/68.0.3440.106 Safari/537.36',
  'accept' => 'text/html,application/xhtml+xml,application/xml;q=0.9,image/webp,image/apng,*/*;q=0.8',
  'referer' => 'http://127.0.0.1/shop/index.php/admin/member_level/add.html',
  'accept-encoding' => 'gzip, deflate, br',
  'accept-language' => 'zh-CN,zh;q=0.9',
)
[ info ] [ PARAM ] array (
)
[ info ] [ LOG ] INIT File
[ error ] [4]语法错误: unexpected '$sheet' (T_VARIABLE)[F:\wamp\www\shop\application\admin\controller\Order.php:137]
---------------------------------------------------------------
[ 2018-08-26T10:02:08+08:00 ] 127.0.0.1 127.0.0.1 GET /shop/index.php/admin/order/lst.html
[ info ] 127.0.0.1/shop/index.php/admin/order/lst.html [运行时间：0.104006s][吞吐率：9.61req/s] [内存消耗：4,851.35kb] [文件加载：57]
[ info ] [ LANG ] F:\wamp\www\shop\thinkphp\lang\zh-cn.php
[ info ] [ ROUTE ] array (
  'type' => 'module',
  'module' => 
  array (
    0 => 'admin',
    1 => 'order',
    2 => 'lst',
  ),
)
[ info ] [ HEADER ] array (
  'host' => '127.0.0.1',
  'connection' => 'keep-alive',
  'cache-control' => 'max-age=0',
  'upgrade-insecure-requests' => '1',
  'user-agent' => 'Mozilla/5.0 (Windows NT 6.1; WOW64) AppleWebKit/537.36 (KHTML, like Gecko) Chrome/68.0.3440.106 Safari/537.36',
  'accept' => 'text/html,application/xhtml+xml,application/xml;q=0.9,image/webp,image/apng,*/*;q=0.8',
  'referer' => 'http://127.0.0.1/shop/index.php/admin/member_level/add.html',
  'accept-encoding' => 'gzip, deflate, br',
  'accept-language' => 'zh-CN,zh;q=0.9',
)
[ info ] [ PARAM ] array (
)
[ info ] [ RUN ] app\admin\controller\Order->lst[ F:\wamp\www\shop\application\admin\controller\Order.php ]
[ info ] [ DB ] INIT mysql
[ info ] [ VIEW ] F:\wamp\www\shop/application/admin\view\order\list.htm [ array (
  0 => 'orderRes',
  1 => 'orderStatus',
) ]
[ info ] [ LOG ] INIT File
[ sql ] [ DB ] CONNECT:[ UseTime:0.011000s ] mysql:host=127.0.0.1;dbname=tpshop;charset=utf8
[ sql ] [ SQL ] SHOW COLUMNS FROM `tp_order` [ RunTime:0.013001s ]
[ sql ] [ SQL ] SELECT COUNT(*) AS tp_count FROM `tp_order` `o` INNER JOIN `tp_user` `u` ON `o`.`user_id`=`u`.`id` LIMIT 1 [ RunTime:0.001000s ]
[ sql ] [ SQL ] SELECT `o`.`id`,`o`.`out_trade_no`,`o`.`goods_total_price`,`o`.`pay_status`,`o`.`order_status`,`o`.`post_status`,`o`.`distribution`,`o`.`payment`,`o`.`name`,`o`.`phone`,`o`.`order_time`,`u`.`username` FROM `tp_order` `o` INNER JOIN `tp_user` `u` ON `o`.`user_id`=`u`.`id` ORDER BY o.id DESC LIMIT 0,10 [ RunTime:0.000000s ]
---------------------------------------------------------------
[ 2018-08-26T10:02:09+08:00 ] 127.0.0.1 127.0.0.1 GET /shop/public/static/admin/fonts/fontawesome-webfont.woff2?v=4.3.0
[ info ] 127.0.0.1/shop/public/static/admin/fonts/fontawesome-webfont.woff2?v=4.3.0 [运行时间：0.054003s][吞吐率：18.52req/s] [内存消耗：2,572.88kb] [文件加载：40]
[ info ] [ LANG ] F:\wamp\www\shop\thinkphp\lang\zh-cn.php
[ info ] [ ROUTE ] array (
  'type' => 'module',
  'module' => 
  array (
    0 => 'static',
    1 => 'admin',
    2 => 'fonts',
  ),
)
[ info ] [ HEADER ] array (
  'host' => '127.0.0.1',
  'connection' => 'keep-alive',
  'origin' => 'http://127.0.0.1',
  'user-agent' => 'Mozilla/5.0 (Windows NT 6.1; WOW64) AppleWebKit/537.36 (KHTML, like Gecko) Chrome/68.0.3440.106 Safari/537.36',
  'accept' => '*/*',
  'referer' => 'http://127.0.0.1/shop/public/static/admin/style/font-awesome.css',
  'accept-encoding' => 'gzip, deflate, br',
  'accept-language' => 'zh-CN,zh;q=0.9',
)
[ info ] [ PARAM ] array (
  'v' => '4.3.0',
)
[ info ] [ LOG ] INIT File
---------------------------------------------------------------
[ 2018-08-26T10:02:09+08:00 ] 127.0.0.1 127.0.0.1 GET /shop/public/static/admin/fonts/glyphicons-halflings-regular.woff2
[ info ] 127.0.0.1/shop/public/static/admin/fonts/glyphicons-halflings-regular.woff2 [运行时间：0.078005s][吞吐率：12.82req/s] [内存消耗：2,572.30kb] [文件加载：40]
[ info ] [ LANG ] F:\wamp\www\shop\thinkphp\lang\zh-cn.php
[ info ] [ ROUTE ] array (
  'type' => 'module',
  'module' => 
  array (
    0 => 'static',
    1 => 'admin',
    2 => 'fonts',
  ),
)
[ info ] [ HEADER ] array (
  'host' => '127.0.0.1',
  'connection' => 'keep-alive',
  'origin' => 'http://127.0.0.1',
  'user-agent' => 'Mozilla/5.0 (Windows NT 6.1; WOW64) AppleWebKit/537.36 (KHTML, like Gecko) Chrome/68.0.3440.106 Safari/537.36',
  'accept' => '*/*',
  'referer' => 'http://127.0.0.1/shop/public/static/admin/style/bootstrap.css',
  'accept-encoding' => 'gzip, deflate, br',
  'accept-language' => 'zh-CN,zh;q=0.9',
)
[ info ] [ PARAM ] array (
)
[ info ] [ LOG ] INIT File
---------------------------------------------------------------
[ 2018-08-26T10:02:11+08:00 ] 127.0.0.1 127.0.0.1 GET /shop/index.php/admin/order/lst.html?status=no_post
[ info ] 127.0.0.1/shop/index.php/admin/order/lst.html?status=no_post [运行时间：0.113007s][吞吐率：8.85req/s] [内存消耗：4,853.26kb] [文件加载：57]
[ info ] [ LANG ] F:\wamp\www\shop\thinkphp\lang\zh-cn.php
[ info ] [ ROUTE ] array (
  'type' => 'module',
  'module' => 
  array (
    0 => 'admin',
    1 => 'order',
    2 => 'lst',
  ),
)
[ info ] [ HEADER ] array (
  'host' => '127.0.0.1',
  'connection' => 'keep-alive',
  'upgrade-insecure-requests' => '1',
  'user-agent' => 'Mozilla/5.0 (Windows NT 6.1; WOW64) AppleWebKit/537.36 (KHTML, like Gecko) Chrome/68.0.3440.106 Safari/537.36',
  'accept' => 'text/html,application/xhtml+xml,application/xml;q=0.9,image/webp,image/apng,*/*;q=0.8',
  'referer' => 'http://127.0.0.1/shop/index.php/admin/order/lst.html',
  'accept-encoding' => 'gzip, deflate, br',
  'accept-language' => 'zh-CN,zh;q=0.9',
)
[ info ] [ PARAM ] array (
  'status' => 'no_post',
)
[ info ] [ RUN ] app\admin\controller\Order->lst[ F:\wamp\www\shop\application\admin\controller\Order.php ]
[ info ] [ DB ] INIT mysql
[ info ] [ VIEW ] F:\wamp\www\shop/application/admin\view\order\list.htm [ array (
  0 => 'orderRes',
  1 => 'orderStatus',
) ]
[ info ] [ LOG ] INIT File
[ sql ] [ DB ] CONNECT:[ UseTime:0.001000s ] mysql:host=127.0.0.1;dbname=tpshop;charset=utf8
[ sql ] [ SQL ] SHOW COLUMNS FROM `tp_order` [ RunTime:0.014001s ]
[ sql ] [ SQL ] SELECT COUNT(*) AS tp_count FROM `tp_order` `o` INNER JOIN `tp_user` `u` ON `o`.`user_id`=`u`.`id` WHERE  `o`.`post_status` = 0 LIMIT 1 [ RunTime:0.001000s ]
[ sql ] [ SQL ] SELECT `o`.`id`,`o`.`out_trade_no`,`o`.`goods_total_price`,`o`.`pay_status`,`o`.`order_status`,`o`.`post_status`,`o`.`distribution`,`o`.`payment`,`o`.`name`,`o`.`phone`,`o`.`order_time`,`u`.`username` FROM `tp_order` `o` INNER JOIN `tp_user` `u` ON `o`.`user_id`=`u`.`id` WHERE  `o`.`post_status` = 0 ORDER BY o.id DESC LIMIT 0,10 [ RunTime:0.001000s ]
---------------------------------------------------------------
[ 2018-08-26T10:02:11+08:00 ] 127.0.0.1 127.0.0.1 GET /shop/public/static/admin/fonts/fontawesome-webfont.woff2?v=4.3.0
[ info ] 127.0.0.1/shop/public/static/admin/fonts/fontawesome-webfont.woff2?v=4.3.0 [运行时间：0.058003s][吞吐率：17.24req/s] [内存消耗：2,572.89kb] [文件加载：40]
[ info ] [ LANG ] F:\wamp\www\shop\thinkphp\lang\zh-cn.php
[ info ] [ ROUTE ] array (
  'type' => 'module',
  'module' => 
  array (
    0 => 'static',
    1 => 'admin',
    2 => 'fonts',
  ),
)
[ info ] [ HEADER ] array (
  'host' => '127.0.0.1',
  'connection' => 'keep-alive',
  'origin' => 'http://127.0.0.1',
  'user-agent' => 'Mozilla/5.0 (Windows NT 6.1; WOW64) AppleWebKit/537.36 (KHTML, like Gecko) Chrome/68.0.3440.106 Safari/537.36',
  'accept' => '*/*',
  'referer' => 'http://127.0.0.1/shop/public/static/admin/style/font-awesome.css',
  'accept-encoding' => 'gzip, deflate, br',
  'accept-language' => 'zh-CN,zh;q=0.9',
)
[ info ] [ PARAM ] array (
  'v' => '4.3.0',
)
[ info ] [ LOG ] INIT File
---------------------------------------------------------------
[ 2018-08-26T10:02:11+08:00 ] 127.0.0.1 127.0.0.1 GET /shop/public/static/admin/fonts/glyphicons-halflings-regular.woff2
[ info ] 127.0.0.1/shop/public/static/admin/fonts/glyphicons-halflings-regular.woff2 [运行时间：0.061004s][吞吐率：16.39req/s] [内存消耗：2,572.30kb] [文件加载：40]
[ info ] [ LANG ] F:\wamp\www\shop\thinkphp\lang\zh-cn.php
[ info ] [ ROUTE ] array (
  'type' => 'module',
  'module' => 
  array (
    0 => 'static',
    1 => 'admin',
    2 => 'fonts',
  ),
)
[ info ] [ HEADER ] array (
  'host' => '127.0.0.1',
  'connection' => 'keep-alive',
  'origin' => 'http://127.0.0.1',
  'user-agent' => 'Mozilla/5.0 (Windows NT 6.1; WOW64) AppleWebKit/537.36 (KHTML, like Gecko) Chrome/68.0.3440.106 Safari/537.36',
  'accept' => '*/*',
  'referer' => 'http://127.0.0.1/shop/public/static/admin/style/bootstrap.css',
  'accept-encoding' => 'gzip, deflate, br',
  'accept-language' => 'zh-CN,zh;q=0.9',
)
[ info ] [ PARAM ] array (
)
[ info ] [ LOG ] INIT File
---------------------------------------------------------------
[ 2018-08-26T10:02:12+08:00 ] 127.0.0.1 127.0.0.1 GET /shop/index.php/admin/order/lst.html?status=paied
[ info ] 127.0.0.1/shop/index.php/admin/order/lst.html?status=paied [运行时间：0.122007s][吞吐率：8.20req/s] [内存消耗：4,815.88kb] [文件加载：57]
[ info ] [ LANG ] F:\wamp\www\shop\thinkphp\lang\zh-cn.php
[ info ] [ ROUTE ] array (
  'type' => 'module',
  'module' => 
  array (
    0 => 'admin',
    1 => 'order',
    2 => 'lst',
  ),
)
[ info ] [ HEADER ] array (
  'host' => '127.0.0.1',
  'connection' => 'keep-alive',
  'upgrade-insecure-requests' => '1',
  'user-agent' => 'Mozilla/5.0 (Windows NT 6.1; WOW64) AppleWebKit/537.36 (KHTML, like Gecko) Chrome/68.0.3440.106 Safari/537.36',
  'accept' => 'text/html,application/xhtml+xml,application/xml;q=0.9,image/webp,image/apng,*/*;q=0.8',
  'referer' => 'http://127.0.0.1/shop/index.php/admin/order/lst.html?status=no_post',
  'accept-encoding' => 'gzip, deflate, br',
  'accept-language' => 'zh-CN,zh;q=0.9',
)
[ info ] [ PARAM ] array (
  'status' => 'paied',
)
[ info ] [ RUN ] app\admin\controller\Order->lst[ F:\wamp\www\shop\application\admin\controller\Order.php ]
[ info ] [ DB ] INIT mysql
[ info ] [ VIEW ] F:\wamp\www\shop/application/admin\view\order\list.htm [ array (
  0 => 'orderRes',
  1 => 'orderStatus',
) ]
[ info ] [ LOG ] INIT File
[ sql ] [ DB ] CONNECT:[ UseTime:0.001000s ] mysql:host=127.0.0.1;dbname=tpshop;charset=utf8
[ sql ] [ SQL ] SHOW COLUMNS FROM `tp_order` [ RunTime:0.019001s ]
[ sql ] [ SQL ] SELECT COUNT(*) AS tp_count FROM `tp_order` `o` INNER JOIN `tp_user` `u` ON `o`.`user_id`=`u`.`id` WHERE  `o`.`pay_status` = 1 LIMIT 1 [ RunTime:0.001000s ]
[ sql ] [ SQL ] SELECT `o`.`id`,`o`.`out_trade_no`,`o`.`goods_total_price`,`o`.`pay_status`,`o`.`order_status`,`o`.`post_status`,`o`.`distribution`,`o`.`payment`,`o`.`name`,`o`.`phone`,`o`.`order_time`,`u`.`username` FROM `tp_order` `o` INNER JOIN `tp_user` `u` ON `o`.`user_id`=`u`.`id` WHERE  `o`.`pay_status` = 1 ORDER BY o.id DESC LIMIT 0,10 [ RunTime:0.001000s ]
---------------------------------------------------------------
[ 2018-08-26T10:02:12+08:00 ] 127.0.0.1 127.0.0.1 GET /shop/public/static/admin/fonts/glyphicons-halflings-regular.woff2
[ info ] 127.0.0.1/shop/public/static/admin/fonts/glyphicons-halflings-regular.woff2 [运行时间：0.071004s][吞吐率：14.08req/s] [内存消耗：2,572.30kb] [文件加载：40]
[ info ] [ LANG ] F:\wamp\www\shop\thinkphp\lang\zh-cn.php
[ info ] [ ROUTE ] array (
  'type' => 'module',
  'module' => 
  array (
    0 => 'static',
    1 => 'admin',
    2 => 'fonts',
  ),
)
[ info ] [ HEADER ] array (
  'host' => '127.0.0.1',
  'connection' => 'keep-alive',
  'origin' => 'http://127.0.0.1',
  'user-agent' => 'Mozilla/5.0 (Windows NT 6.1; WOW64) AppleWebKit/537.36 (KHTML, like Gecko) Chrome/68.0.3440.106 Safari/537.36',
  'accept' => '*/*',
  'referer' => 'http://127.0.0.1/shop/public/static/admin/style/bootstrap.css',
  'accept-encoding' => 'gzip, deflate, br',
  'accept-language' => 'zh-CN,zh;q=0.9',
)
[ info ] [ PARAM ] array (
)
[ info ] [ LOG ] INIT File
---------------------------------------------------------------
[ 2018-08-26T10:02:12+08:00 ] 127.0.0.1 127.0.0.1 GET /shop/public/static/admin/fonts/fontawesome-webfont.woff2?v=4.3.0
[ info ] 127.0.0.1/shop/public/static/admin/fonts/fontawesome-webfont.woff2?v=4.3.0 [运行时间：0.073004s][吞吐率：13.70req/s] [内存消耗：2,572.88kb] [文件加载：40]
[ info ] [ LANG ] F:\wamp\www\shop\thinkphp\lang\zh-cn.php
[ info ] [ ROUTE ] array (
  'type' => 'module',
  'module' => 
  array (
    0 => 'static',
    1 => 'admin',
    2 => 'fonts',
  ),
)
[ info ] [ HEADER ] array (
  'host' => '127.0.0.1',
  'connection' => 'keep-alive',
  'origin' => 'http://127.0.0.1',
  'user-agent' => 'Mozilla/5.0 (Windows NT 6.1; WOW64) AppleWebKit/537.36 (KHTML, like Gecko) Chrome/68.0.3440.106 Safari/537.36',
  'accept' => '*/*',
  'referer' => 'http://127.0.0.1/shop/public/static/admin/style/font-awesome.css',
  'accept-encoding' => 'gzip, deflate, br',
  'accept-language' => 'zh-CN,zh;q=0.9',
)
[ info ] [ PARAM ] array (
  'v' => '4.3.0',
)
[ info ] [ LOG ] INIT File
---------------------------------------------------------------
[ 2018-08-26T10:02:14+08:00 ] 127.0.0.1 127.0.0.1 GET /shop/index.php/admin/order/lst.html?status=paied
[ info ] 127.0.0.1/shop/index.php/admin/order/lst.html?status=paied [运行时间：0.106006s][吞吐率：9.43req/s] [内存消耗：4,815.87kb] [文件加载：57]
[ info ] [ LANG ] F:\wamp\www\shop\thinkphp\lang\zh-cn.php
[ info ] [ ROUTE ] array (
  'type' => 'module',
  'module' => 
  array (
    0 => 'admin',
    1 => 'order',
    2 => 'lst',
  ),
)
[ info ] [ HEADER ] array (
  'host' => '127.0.0.1',
  'connection' => 'keep-alive',
  'upgrade-insecure-requests' => '1',
  'user-agent' => 'Mozilla/5.0 (Windows NT 6.1; WOW64) AppleWebKit/537.36 (KHTML, like Gecko) Chrome/68.0.3440.106 Safari/537.36',
  'accept' => 'text/html,application/xhtml+xml,application/xml;q=0.9,image/webp,image/apng,*/*;q=0.8',
  'referer' => 'http://127.0.0.1/shop/index.php/admin/order/lst.html?status=paied',
  'accept-encoding' => 'gzip, deflate, br',
  'accept-language' => 'zh-CN,zh;q=0.9',
)
[ info ] [ PARAM ] array (
  'status' => 'paied',
)
[ info ] [ RUN ] app\admin\controller\Order->lst[ F:\wamp\www\shop\application\admin\controller\Order.php ]
[ info ] [ DB ] INIT mysql
[ info ] [ VIEW ] F:\wamp\www\shop/application/admin\view\order\list.htm [ array (
  0 => 'orderRes',
  1 => 'orderStatus',
) ]
[ info ] [ LOG ] INIT File
[ sql ] [ DB ] CONNECT:[ UseTime:0.000000s ] mysql:host=127.0.0.1;dbname=tpshop;charset=utf8
[ sql ] [ SQL ] SHOW COLUMNS FROM `tp_order` [ RunTime:0.019001s ]
[ sql ] [ SQL ] SELECT COUNT(*) AS tp_count FROM `tp_order` `o` INNER JOIN `tp_user` `u` ON `o`.`user_id`=`u`.`id` WHERE  `o`.`pay_status` = 1 LIMIT 1 [ RunTime:0.000000s ]
[ sql ] [ SQL ] SELECT `o`.`id`,`o`.`out_trade_no`,`o`.`goods_total_price`,`o`.`pay_status`,`o`.`order_status`,`o`.`post_status`,`o`.`distribution`,`o`.`payment`,`o`.`name`,`o`.`phone`,`o`.`order_time`,`u`.`username` FROM `tp_order` `o` INNER JOIN `tp_user` `u` ON `o`.`user_id`=`u`.`id` WHERE  `o`.`pay_status` = 1 ORDER BY o.id DESC LIMIT 0,10 [ RunTime:0.001000s ]
---------------------------------------------------------------
[ 2018-08-26T10:02:14+08:00 ] 127.0.0.1 127.0.0.1 GET /shop/public/static/admin/fonts/fontawesome-webfont.woff2?v=4.3.0
[ info ] 127.0.0.1/shop/public/static/admin/fonts/fontawesome-webfont.woff2?v=4.3.0 [运行时间：0.072004s][吞吐率：13.89req/s] [内存消耗：2,572.88kb] [文件加载：40]
[ info ] [ LANG ] F:\wamp\www\shop\thinkphp\lang\zh-cn.php
[ info ] [ ROUTE ] array (
  'type' => 'module',
  'module' => 
  array (
    0 => 'static',
    1 => 'admin',
    2 => 'fonts',
  ),
)
[ info ] [ HEADER ] array (
  'host' => '127.0.0.1',
  'connection' => 'keep-alive',
  'origin' => 'http://127.0.0.1',
  'user-agent' => 'Mozilla/5.0 (Windows NT 6.1; WOW64) AppleWebKit/537.36 (KHTML, like Gecko) Chrome/68.0.3440.106 Safari/537.36',
  'accept' => '*/*',
  'referer' => 'http://127.0.0.1/shop/public/static/admin/style/font-awesome.css',
  'accept-encoding' => 'gzip, deflate, br',
  'accept-language' => 'zh-CN,zh;q=0.9',
)
[ info ] [ PARAM ] array (
  'v' => '4.3.0',
)
[ info ] [ LOG ] INIT File
---------------------------------------------------------------
[ 2018-08-26T10:02:14+08:00 ] 127.0.0.1 127.0.0.1 GET /shop/public/static/admin/fonts/glyphicons-halflings-regular.woff2
[ info ] 127.0.0.1/shop/public/static/admin/fonts/glyphicons-halflings-regular.woff2 [运行时间：0.073004s][吞吐率：13.70req/s] [内存消耗：2,572.30kb] [文件加载：40]
[ info ] [ LANG ] F:\wamp\www\shop\thinkphp\lang\zh-cn.php
[ info ] [ ROUTE ] array (
  'type' => 'module',
  'module' => 
  array (
    0 => 'static',
    1 => 'admin',
    2 => 'fonts',
  ),
)
[ info ] [ HEADER ] array (
  'host' => '127.0.0.1',
  'connection' => 'keep-alive',
  'origin' => 'http://127.0.0.1',
  'user-agent' => 'Mozilla/5.0 (Windows NT 6.1; WOW64) AppleWebKit/537.36 (KHTML, like Gecko) Chrome/68.0.3440.106 Safari/537.36',
  'accept' => '*/*',
  'referer' => 'http://127.0.0.1/shop/public/static/admin/style/bootstrap.css',
  'accept-encoding' => 'gzip, deflate, br',
  'accept-language' => 'zh-CN,zh;q=0.9',
)
[ info ] [ PARAM ] array (
)
[ info ] [ LOG ] INIT File
---------------------------------------------------------------
[ 2018-08-26T10:02:16+08:00 ] 127.0.0.1 127.0.0.1 GET /shop/index.php/admin/order/exportorders.html?status=paied
[ info ] 127.0.0.1/shop/index.php/admin/order/exportorders.html?status=paied [运行时间：0.158009s][吞吐率：6.33req/s] [内存消耗：7,914.13kb] [文件加载：89]
[ info ] [ LANG ] F:\wamp\www\shop\thinkphp\lang\zh-cn.php
[ info ] [ ROUTE ] array (
  'type' => 'module',
  'module' => 
  array (
    0 => 'admin',
    1 => 'order',
    2 => 'exportorders',
  ),
)
[ info ] [ HEADER ] array (
  'host' => '127.0.0.1',
  'connection' => 'keep-alive',
  'upgrade-insecure-requests' => '1',
  'user-agent' => 'Mozilla/5.0 (Windows NT 6.1; WOW64) AppleWebKit/537.36 (KHTML, like Gecko) Chrome/68.0.3440.106 Safari/537.36',
  'accept' => 'text/html,application/xhtml+xml,application/xml;q=0.9,image/webp,image/apng,*/*;q=0.8',
  'referer' => 'http://127.0.0.1/shop/index.php/admin/order/lst.html?status=paied',
  'accept-encoding' => 'gzip, deflate, br',
  'accept-language' => 'zh-CN,zh;q=0.9',
)
[ info ] [ PARAM ] array (
  'status' => 'paied',
)
[ info ] [ RUN ] app\admin\controller\Order->exportOrders[ F:\wamp\www\shop\application\admin\controller\Order.php ]
[ info ] [ DB ] INIT mysql
[ info ] [ LOG ] INIT File
[ sql ] [ DB ] CONNECT:[ UseTime:0.001000s ] mysql:host=127.0.0.1;dbname=tpshop;charset=utf8
[ sql ] [ SQL ] SHOW COLUMNS FROM `tp_order` [ RunTime:0.013001s ]
[ sql ] [ SQL ] SELECT `o`.`id`,`o`.`out_trade_no`,`o`.`goods_total_price`,`o`.`pay_status`,`o`.`order_status`,`o`.`post_status`,`o`.`distribution`,`o`.`payment`,`o`.`name`,`o`.`phone`,`o`.`order_time`,`u`.`username` FROM `tp_order` `o` INNER JOIN `tp_user` `u` ON `o`.`user_id`=`u`.`id` WHERE  `o`.`pay_status` = 1 ORDER BY o.id DESC [ RunTime:0.000000s ]
[ error ] [2]date() expects parameter 2 to be long, string given[F:\wamp\www\shop\application\admin\controller\Order.php:135]
---------------------------------------------------------------
[ 2018-08-26T10:07:08+08:00 ] 127.0.0.1 127.0.0.1 GET /shop/index.php/admin/order/exportorders.html?status=paied
[ info ] 127.0.0.1/shop/index.php/admin/order/exportorders.html?status=paied [运行时间：0.161009s][吞吐率：6.21req/s] [内存消耗：7,658.77kb] [文件加载：83]
[ info ] [ LANG ] F:\wamp\www\shop\thinkphp\lang\zh-cn.php
[ info ] [ ROUTE ] array (
  'type' => 'module',
  'module' => 
  array (
    0 => 'admin',
    1 => 'order',
    2 => 'exportorders',
  ),
)
[ info ] [ HEADER ] array (
  'host' => '127.0.0.1',
  'connection' => 'keep-alive',
  'cache-control' => 'max-age=0',
  'upgrade-insecure-requests' => '1',
  'user-agent' => 'Mozilla/5.0 (Windows NT 6.1; WOW64) AppleWebKit/537.36 (KHTML, like Gecko) Chrome/68.0.3440.106 Safari/537.36',
  'accept' => 'text/html,application/xhtml+xml,application/xml;q=0.9,image/webp,image/apng,*/*;q=0.8',
  'referer' => 'http://127.0.0.1/shop/index.php/admin/order/lst.html?status=paied',
  'accept-encoding' => 'gzip, deflate, br',
  'accept-language' => 'zh-CN,zh;q=0.9',
)
[ info ] [ PARAM ] array (
  'status' => 'paied',
)
[ info ] [ RUN ] app\admin\controller\Order->exportOrders[ F:\wamp\www\shop\application\admin\controller\Order.php ]
[ info ] [ DB ] INIT mysql
[ info ] [ LOG ] INIT File
[ sql ] [ DB ] CONNECT:[ UseTime:0.001000s ] mysql:host=127.0.0.1;dbname=tpshop;charset=utf8
[ sql ] [ SQL ] SHOW COLUMNS FROM `tp_order` [ RunTime:0.018001s ]
[ sql ] [ SQL ] SELECT `o`.`id`,`o`.`out_trade_no`,`o`.`goods_total_price`,`o`.`pay_status`,`o`.`order_status`,`o`.`post_status`,`o`.`distribution`,`o`.`payment`,`o`.`name`,`o`.`phone`,`o`.`order_time`,`u`.`username` FROM `tp_order` `o` INNER JOIN `tp_user` `u` ON `o`.`user_id`=`u`.`id` WHERE  `o`.`pay_status` = 1 ORDER BY o.id DESC [ RunTime:0.001000s ]
---------------------------------------------------------------
[ 2018-08-26T10:10:43+08:00 ] 127.0.0.1 127.0.0.1 GET /shop/index.php/admin/order/exportorders.html?status=paied
[ info ] 127.0.0.1/shop/index.php/admin/order/exportorders.html?status=paied [运行时间：0.117007s][吞吐率：8.55req/s] [内存消耗：7,658.90kb] [文件加载：83]
[ info ] [ LANG ] F:\wamp\www\shop\thinkphp\lang\zh-cn.php
[ info ] [ ROUTE ] array (
  'type' => 'module',
  'module' => 
  array (
    0 => 'admin',
    1 => 'order',
    2 => 'exportorders',
  ),
)
[ info ] [ HEADER ] array (
  'host' => '127.0.0.1',
  'connection' => 'keep-alive',
  'pragma' => 'no-cache',
  'cache-control' => 'no-cache',
  'upgrade-insecure-requests' => '1',
  'user-agent' => 'Mozilla/5.0 (Windows NT 6.1; WOW64) AppleWebKit/537.36 (KHTML, like Gecko) Chrome/68.0.3440.106 Safari/537.36',
  'accept' => 'text/html,application/xhtml+xml,application/xml;q=0.9,image/webp,image/apng,*/*;q=0.8',
  'referer' => 'http://127.0.0.1/shop/index.php/admin/order/lst.html?status=paied',
  'accept-encoding' => 'gzip, deflate, br',
  'accept-language' => 'zh-CN,zh;q=0.9',
)
[ info ] [ PARAM ] array (
  'status' => 'paied',
)
[ info ] [ RUN ] app\admin\controller\Order->exportOrders[ F:\wamp\www\shop\application\admin\controller\Order.php ]
[ info ] [ DB ] INIT mysql
[ info ] [ LOG ] INIT File
[ sql ] [ DB ] CONNECT:[ UseTime:0.001000s ] mysql:host=127.0.0.1;dbname=tpshop;charset=utf8
[ sql ] [ SQL ] SHOW COLUMNS FROM `tp_order` [ RunTime:0.014001s ]
[ sql ] [ SQL ] SELECT `o`.`id`,`o`.`out_trade_no`,`o`.`goods_total_price`,`o`.`pay_status`,`o`.`order_status`,`o`.`post_status`,`o`.`distribution`,`o`.`payment`,`o`.`name`,`o`.`phone`,`o`.`order_time`,`u`.`username` FROM `tp_order` `o` INNER JOIN `tp_user` `u` ON `o`.`user_id`=`u`.`id` WHERE  `o`.`pay_status` = 1 ORDER BY o.id DESC [ RunTime:0.001000s ]
---------------------------------------------------------------
[ 2018-08-26T10:17:10+08:00 ] 127.0.0.1 127.0.0.1 GET /shop/public/static/admin/fonts/glyphicons-halflings-regular.woff2
[ info ] 127.0.0.1/shop/public/static/admin/fonts/glyphicons-halflings-regular.woff2 [运行时间：0.082005s][吞吐率：12.19req/s] [内存消耗：2,572.30kb] [文件加载：40]
[ info ] [ LANG ] F:\wamp\www\shop\thinkphp\lang\zh-cn.php
[ info ] [ ROUTE ] array (
  'type' => 'module',
  'module' => 
  array (
    0 => 'static',
    1 => 'admin',
    2 => 'fonts',
  ),
)
[ info ] [ HEADER ] array (
  'host' => '127.0.0.1',
  'connection' => 'keep-alive',
  'origin' => 'http://127.0.0.1',
  'user-agent' => 'Mozilla/5.0 (Windows NT 6.1; WOW64) AppleWebKit/537.36 (KHTML, like Gecko) Chrome/68.0.3440.106 Safari/537.36',
  'accept' => '*/*',
  'referer' => 'http://127.0.0.1/shop/public/static/admin/style/bootstrap.css',
  'accept-encoding' => 'gzip, deflate, br',
  'accept-language' => 'zh-CN,zh;q=0.9',
)
[ info ] [ PARAM ] array (
)
[ info ] [ LOG ] INIT File
---------------------------------------------------------------
[ 2018-08-26T10:17:10+08:00 ] 127.0.0.1 127.0.0.1 GET /shop/public/static/admin/fonts/fontawesome-webfont.woff2?v=4.3.0
[ info ] 127.0.0.1/shop/public/static/admin/fonts/fontawesome-webfont.woff2?v=4.3.0 [运行时间：0.083005s][吞吐率：12.05req/s] [内存消耗：2,572.88kb] [文件加载：40]
[ info ] [ LANG ] F:\wamp\www\shop\thinkphp\lang\zh-cn.php
[ info ] [ ROUTE ] array (
  'type' => 'module',
  'module' => 
  array (
    0 => 'static',
    1 => 'admin',
    2 => 'fonts',
  ),
)
[ info ] [ HEADER ] array (
  'host' => '127.0.0.1',
  'connection' => 'keep-alive',
  'origin' => 'http://127.0.0.1',
  'user-agent' => 'Mozilla/5.0 (Windows NT 6.1; WOW64) AppleWebKit/537.36 (KHTML, like Gecko) Chrome/68.0.3440.106 Safari/537.36',
  'accept' => '*/*',
  'referer' => 'http://127.0.0.1/shop/public/static/admin/style/font-awesome.css',
  'accept-encoding' => 'gzip, deflate, br',
  'accept-language' => 'zh-CN,zh;q=0.9',
)
[ info ] [ PARAM ] array (
  'v' => '4.3.0',
)
[ info ] [ LOG ] INIT File
---------------------------------------------------------------
[ 2018-08-26T10:17:12+08:00 ] 127.0.0.1 127.0.0.1 GET /shop/index.php/admin/order/lst.html?status=paied
[ info ] 127.0.0.1/shop/index.php/admin/order/lst.html?status=paied [运行时间：0.085005s][吞吐率：11.76req/s] [内存消耗：4,816.18kb] [文件加载：57]
[ info ] [ LANG ] F:\wamp\www\shop\thinkphp\lang\zh-cn.php
[ info ] [ ROUTE ] array (
  'type' => 'module',
  'module' => 
  array (
    0 => 'admin',
    1 => 'order',
    2 => 'lst',
  ),
)
[ info ] [ HEADER ] array (
  'host' => '127.0.0.1',
  'connection' => 'keep-alive',
  'cache-control' => 'max-age=0',
  'upgrade-insecure-requests' => '1',
  'user-agent' => 'Mozilla/5.0 (Windows NT 6.1; WOW64) AppleWebKit/537.36 (KHTML, like Gecko) Chrome/68.0.3440.106 Safari/537.36',
  'accept' => 'text/html,application/xhtml+xml,application/xml;q=0.9,image/webp,image/apng,*/*;q=0.8',
  'referer' => 'http://127.0.0.1/shop/index.php/admin/order/lst.html?status=paied',
  'accept-encoding' => 'gzip, deflate, br',
  'accept-language' => 'zh-CN,zh;q=0.9',
)
[ info ] [ PARAM ] array (
  'status' => 'paied',
)
[ info ] [ RUN ] app\admin\controller\Order->lst[ F:\wamp\www\shop\application\admin\controller\Order.php ]
[ info ] [ DB ] INIT mysql
[ info ] [ VIEW ] F:\wamp\www\shop/application/admin\view\order\list.htm [ array (
  0 => 'orderRes',
  1 => 'orderStatus',
) ]
[ info ] [ LOG ] INIT File
[ sql ] [ DB ] CONNECT:[ UseTime:0.000000s ] mysql:host=127.0.0.1;dbname=tpshop;charset=utf8
[ sql ] [ SQL ] SHOW COLUMNS FROM `tp_order` [ RunTime:0.015001s ]
[ sql ] [ SQL ] SELECT COUNT(*) AS tp_count FROM `tp_order` `o` INNER JOIN `tp_user` `u` ON `o`.`user_id`=`u`.`id` WHERE  `o`.`pay_status` = 1 LIMIT 1 [ RunTime:0.001000s ]
[ sql ] [ SQL ] SELECT `o`.`id`,`o`.`out_trade_no`,`o`.`goods_total_price`,`o`.`pay_status`,`o`.`order_status`,`o`.`post_status`,`o`.`distribution`,`o`.`payment`,`o`.`name`,`o`.`phone`,`o`.`order_time`,`u`.`username` FROM `tp_order` `o` INNER JOIN `tp_user` `u` ON `o`.`user_id`=`u`.`id` WHERE  `o`.`pay_status` = 1 ORDER BY o.id DESC LIMIT 0,10 [ RunTime:0.000000s ]
---------------------------------------------------------------
[ 2018-08-26T10:17:12+08:00 ] 127.0.0.1 127.0.0.1 GET /shop/public/static/admin/fonts/fontawesome-webfont.woff2?v=4.3.0
[ info ] 127.0.0.1/shop/public/static/admin/fonts/fontawesome-webfont.woff2?v=4.3.0 [运行时间：0.059003s][吞吐率：16.95req/s] [内存消耗：2,572.88kb] [文件加载：40]
[ info ] [ LANG ] F:\wamp\www\shop\thinkphp\lang\zh-cn.php
[ info ] [ ROUTE ] array (
  'type' => 'module',
  'module' => 
  array (
    0 => 'static',
    1 => 'admin',
    2 => 'fonts',
  ),
)
[ info ] [ HEADER ] array (
  'host' => '127.0.0.1',
  'connection' => 'keep-alive',
  'origin' => 'http://127.0.0.1',
  'user-agent' => 'Mozilla/5.0 (Windows NT 6.1; WOW64) AppleWebKit/537.36 (KHTML, like Gecko) Chrome/68.0.3440.106 Safari/537.36',
  'accept' => '*/*',
  'referer' => 'http://127.0.0.1/shop/public/static/admin/style/font-awesome.css',
  'accept-encoding' => 'gzip, deflate, br',
  'accept-language' => 'zh-CN,zh;q=0.9',
)
[ info ] [ PARAM ] array (
  'v' => '4.3.0',
)
[ info ] [ LOG ] INIT File
---------------------------------------------------------------
[ 2018-08-26T10:17:12+08:00 ] 127.0.0.1 127.0.0.1 GET /shop/public/static/admin/fonts/glyphicons-halflings-regular.woff2
[ info ] 127.0.0.1/shop/public/static/admin/fonts/glyphicons-halflings-regular.woff2 [运行时间：0.058003s][吞吐率：17.24req/s] [内存消耗：2,572.30kb] [文件加载：40]
[ info ] [ LANG ] F:\wamp\www\shop\thinkphp\lang\zh-cn.php
[ info ] [ ROUTE ] array (
  'type' => 'module',
  'module' => 
  array (
    0 => 'static',
    1 => 'admin',
    2 => 'fonts',
  ),
)
[ info ] [ HEADER ] array (
  'host' => '127.0.0.1',
  'connection' => 'keep-alive',
  'origin' => 'http://127.0.0.1',
  'user-agent' => 'Mozilla/5.0 (Windows NT 6.1; WOW64) AppleWebKit/537.36 (KHTML, like Gecko) Chrome/68.0.3440.106 Safari/537.36',
  'accept' => '*/*',
  'referer' => 'http://127.0.0.1/shop/public/static/admin/style/bootstrap.css',
  'accept-encoding' => 'gzip, deflate, br',
  'accept-language' => 'zh-CN,zh;q=0.9',
)
[ info ] [ PARAM ] array (
)
[ info ] [ LOG ] INIT File
---------------------------------------------------------------
[ 2018-08-26T10:17:13+08:00 ] 127.0.0.1 127.0.0.1 GET /shop/index.php/admin/order/exportorders.html?status=paied
[ info ] 127.0.0.1/shop/index.php/admin/order/exportorders.html?status=paied [运行时间：0.209012s][吞吐率：4.78req/s] [内存消耗：10,807.52kb] [文件加载：113]
[ info ] [ LANG ] F:\wamp\www\shop\thinkphp\lang\zh-cn.php
[ info ] [ ROUTE ] array (
  'type' => 'module',
  'module' => 
  array (
    0 => 'admin',
    1 => 'order',
    2 => 'exportorders',
  ),
)
[ info ] [ HEADER ] array (
  'host' => '127.0.0.1',
  'connection' => 'keep-alive',
  'upgrade-insecure-requests' => '1',
  'user-agent' => 'Mozilla/5.0 (Windows NT 6.1; WOW64) AppleWebKit/537.36 (KHTML, like Gecko) Chrome/68.0.3440.106 Safari/537.36',
  'accept' => 'text/html,application/xhtml+xml,application/xml;q=0.9,image/webp,image/apng,*/*;q=0.8',
  'referer' => 'http://127.0.0.1/shop/index.php/admin/order/lst.html?status=paied',
  'accept-encoding' => 'gzip, deflate, br',
  'accept-language' => 'zh-CN,zh;q=0.9',
)
[ info ] [ PARAM ] array (
  'status' => 'paied',
)
[ info ] [ RUN ] app\admin\controller\Order->exportOrders[ F:\wamp\www\shop\application\admin\controller\Order.php ]
[ info ] [ DB ] INIT mysql
[ info ] [ LOG ] INIT File
[ sql ] [ DB ] CONNECT:[ UseTime:0.001000s ] mysql:host=127.0.0.1;dbname=tpshop;charset=utf8
[ sql ] [ SQL ] SHOW COLUMNS FROM `tp_order` [ RunTime:0.016001s ]
[ sql ] [ SQL ] SELECT `o`.`id`,`o`.`out_trade_no`,`o`.`goods_total_price`,`o`.`pay_status`,`o`.`order_status`,`o`.`post_status`,`o`.`distribution`,`o`.`payment`,`o`.`name`,`o`.`phone`,`o`.`order_time`,`u`.`username` FROM `tp_order` `o` INNER JOIN `tp_user` `u` ON `o`.`user_id`=`u`.`id` WHERE  `o`.`pay_status` = 1 ORDER BY o.id DESC [ RunTime:0.002000s ]
