---------------------------------------------------------------
[ 2018-05-17T12:24:37+08:00 ] 127.0.0.1 127.0.0.1 GET /shop/index.php/goods/16.html
[ info ] 127.0.0.1/shop/index.php/goods/16.html [è¿è¡Œæ—¶é—´ï¼š6.059347s][åžåçŽ‡ï¼š0.17req/s] [å†…å­˜æ¶ˆè€—ï¼š3,058.06kb] [æ–‡ä»¶åŠ è½½ï¼š59]
[ info ] [ LANG ] F:\wamp\www\shop\thinkphp\lang\zh-cn.php
[ info ] [ ROUTE ] array (
  'type' => 'module',
  'module' => 
  array (
    0 => 'index',
    1 => 'Goods',
    2 => 'index',
  ),
  'convert' => false,
)
[ info ] [ HEADER ] array (
  'host' => '127.0.0.1',
  'connection' => 'keep-alive',
  'cache-control' => 'max-age=0',
  'upgrade-insecure-requests' => '1',
  'user-agent' => 'Mozilla/5.0 (Windows NT 6.1; WOW64) AppleWebKit/537.36 (KHTML, like Gecko) Chrome/62.0.3202.89 Safari/537.36',
  'accept' => 'text/html,application/xhtml+xml,application/xml;q=0.9,image/webp,image/apng,*/*;q=0.8',
  'accept-encoding' => 'gzip, deflate, br',
  'accept-language' => 'zh,zh-CN;q=0.9',
  'cookie' => 'cart=a%3A2%3A%7Bs%3A8%3A%2216-73%2C77%22%3Bs%3A1%3A%223%22%3Bs%3A8%3A%2216-72%2C75%22%3Bs%3A1%3A%222%22%3B%7D',
)
[ info ] [ PARAM ] array (
  'id' => '16',
)
[ info ] [ DB ] INIT mysql
[ info ] [ CACHE ] INIT File
[ info ] [ LOG ] INIT File
[ error ] [2002]SQLSTATE[HY000] [2002] ÓÉÓÚÄ¿±ê¼ÆËã»ú»ý¼«¾Ü¾ø£¬ÎÞ·¨Á¬½Ó¡£
[F:\wamp\www\shop\thinkphp\library\think\db\Connection.php:293]
---------------------------------------------------------------
[ 2018-05-17T16:33:28+08:00 ] 127.0.0.1 127.0.0.1 GET /shop/index.php/goods/16.html
[ info ] 127.0.0.1/shop/index.php/goods/16.html [è¿è¡Œæ—¶é—´ï¼š38.156182s][åžåçŽ‡ï¼š0.03req/s] [å†…å­˜æ¶ˆè€—ï¼š3,332.16kb] [æ–‡ä»¶åŠ è½½ï¼š64]
[ info ] [ LANG ] F:\wamp\www\shop\thinkphp\lang\zh-cn.php
[ info ] [ ROUTE ] array (
  'type' => 'module',
  'module' => 
  array (
    0 => 'index',
    1 => 'Goods',
    2 => 'index',
  ),
  'convert' => false,
)
[ info ] [ HEADER ] array (
  'host' => '127.0.0.1',
  'connection' => 'keep-alive',
  'cache-control' => 'max-age=0',
  'user-agent' => 'Mozilla/5.0 (Windows NT 6.1; WOW64) AppleWebKit/537.36 (KHTML, like Gecko) Chrome/62.0.3202.89 Safari/537.36',
  'upgrade-insecure-requests' => '1',
  'accept' => 'text/html,application/xhtml+xml,application/xml;q=0.9,image/webp,image/apng,*/*;q=0.8',
  'accept-encoding' => 'gzip, deflate, br',
  'accept-language' => 'zh,zh-CN;q=0.9',
  'cookie' => 'cart=a%3A2%3A%7Bs%3A8%3A%2216-73%2C77%22%3Bs%3A1%3A%223%22%3Bs%3A8%3A%2216-72%2C75%22%3Bs%3A1%3A%222%22%3B%7D',
)
[ info ] [ PARAM ] array (
  'id' => '16',
)
[ info ] [ DB ] INIT mysql
[ info ] [ CACHE ] INIT File
[ info ] [ LOG ] INIT File
[ sql ] [ DB ] CONNECT:[ UseTime:0.820047s ] mysql:host=127.0.0.1;dbname=tpshop;charset=utf8
[ sql ] [ SQL ] SHOW COLUMNS FROM `tp_cate` [ RunTime:0.907052s ]
[ sql ] [ SQL ] SELECT * FROM `tp_cate` WHERE  `cate_type` = 3 ORDER BY sort DESC [ RunTime:0.019001s ]
[ sql ] [ SQL ] SHOW COLUMNS FROM `tp_article` [ RunTime:0.575033s ]
[ sql ] [ SQL ] SELECT * FROM `tp_article` WHERE  `cate_id` = 4 [ RunTime:0.083005s ]
[ sql ] [ SQL ] SELECT * FROM `tp_article` WHERE  `cate_id` = 5 [ RunTime:0.000000s ]
[ sql ] [ SQL ] SELECT * FROM `tp_article` WHERE  `cate_id` = 7 [ RunTime:0.000000s ]
[ sql ] [ SQL ] SELECT * FROM `tp_article` WHERE  `cate_id` = 16 [ RunTime:0.000000s ]
[ sql ] [ SQL ] SELECT * FROM `tp_article` WHERE  `cate_id` = 17 [ RunTime:0.000000s ]
[ sql ] [ SQL ] SELECT `id`,`title` FROM `tp_article` WHERE  `cate_id` = 3 [ RunTime:0.000000s ]
[ sql ] [ SQL ] SHOW COLUMNS FROM `tp_nav` [ RunTime:0.825047s ]
[ sql ] [ SQL ] SELECT * FROM `tp_nav` ORDER BY sort DESC [ RunTime:0.000000s ]
[ sql ] [ SQL ] SHOW COLUMNS FROM `tp_conf` [ RunTime:0.904052s ]
[ sql ] [ SQL ] SELECT `ename`,`value` FROM `tp_conf` [ RunTime:0.144008s ]
[ error ] [1]Maximum execution time of 30 seconds exceeded[F:\wamp\www\shop\thinkphp\library\think\db\Connection.php:381]
---------------------------------------------------------------
[ 2018-05-17T16:34:14+08:00 ] 127.0.0.1 127.0.0.1 GET /shop/index.php/goods/16.html
[ info ] 127.0.0.1/shop/index.php/goods/16.html [è¿è¡Œæ—¶é—´ï¼š0.942054s][åžåçŽ‡ï¼š1.06req/s] [å†…å­˜æ¶ˆè€—ï¼š3,524.24kb] [æ–‡ä»¶åŠ è½½ï¼š62]
[ info ] [ LANG ] F:\wamp\www\shop\thinkphp\lang\zh-cn.php
[ info ] [ ROUTE ] array (
  'type' => 'module',
  'module' => 
  array (
    0 => 'index',
    1 => 'Goods',
    2 => 'index',
  ),
  'convert' => false,
)
[ info ] [ HEADER ] array (
  'host' => '127.0.0.1',
  'connection' => 'keep-alive',
  'cache-control' => 'max-age=0',
  'user-agent' => 'Mozilla/5.0 (Windows NT 6.1; WOW64) AppleWebKit/537.36 (KHTML, like Gecko) Chrome/62.0.3202.89 Safari/537.36',
  'upgrade-insecure-requests' => '1',
  'accept' => 'text/html,application/xhtml+xml,application/xml;q=0.9,image/webp,image/apng,*/*;q=0.8',
  'accept-encoding' => 'gzip, deflate, br',
  'accept-language' => 'zh,zh-CN;q=0.9',
  'cookie' => 'cart=a%3A2%3A%7Bs%3A8%3A%2216-73%2C77%22%3Bs%3A1%3A%223%22%3Bs%3A8%3A%2216-72%2C75%22%3Bs%3A1%3A%222%22%3B%7D',
)
[ info ] [ PARAM ] array (
  'id' => '16',
)
[ info ] [ DB ] INIT mysql
[ info ] [ CACHE ] INIT File
[ info ] [ RUN ] app\index\controller\Goods->index[ F:\wamp\www\shop\application\index\controller\Goods.php ]
[ info ] [ VIEW ] F:\wamp\www\shop/application/index\view\goods\goods.htm [ array (
  0 => 'helpCateRes',
  1 => 'shopInfoRes',
  2 => 'navRes',
  3 => 'configs',
  4 => 'cateRes',
  5 => 'show_right',
  6 => 'goodsInfo',
  7 => 'goodsPhotoRes',
  8 => 'uniAttrArr',
  9 => 'radioAttrArr',
) ]
[ info ] [ LOG ] INIT File
[ sql ] [ DB ] CONNECT:[ UseTime:0.001000s ] mysql:host=127.0.0.1;dbname=tpshop;charset=utf8
[ sql ] [ SQL ] SHOW COLUMNS FROM `tp_category` [ RunTime:0.014000s ]
[ sql ] [ SQL ] SELECT * FROM `tp_category` WHERE  `pid` = 0 ORDER BY sort ASC [ RunTime:0.013001s ]
[ sql ] [ SQL ] SELECT * FROM `tp_category` WHERE  `pid` = 7 [ RunTime:0.001000s ]
[ sql ] [ SQL ] SELECT * FROM `tp_category` WHERE  `pid` = 2 [ RunTime:0.000000s ]
[ sql ] [ SQL ] SELECT * FROM `tp_category` WHERE  `pid` = 33 [ RunTime:0.000000s ]
[ sql ] [ SQL ] SHOW COLUMNS FROM `tp_goods` [ RunTime:0.086005s ]
[ sql ] [ SQL ] SELECT * FROM `tp_goods` WHERE  `id` = 16 LIMIT 1 [ RunTime:0.031002s ]
[ sql ] [ SQL ] SHOW COLUMNS FROM `tp_goods_photo` [ RunTime:0.124007s ]
[ sql ] [ SQL ] SELECT `sm_photo`,`mid_photo`,`big_photo`,`og_photo` FROM `tp_goods_photo` WHERE  `goods_id` = 16 [ RunTime:0.205012s ]
[ sql ] [ SQL ] SHOW COLUMNS FROM `tp_goods_attr` [ RunTime:0.131007s ]
[ sql ] [ SQL ] SELECT `ga`.*,`a`.`attr_name`,`a`.`attr_type` FROM `tp_goods_attr` `ga` INNER JOIN `tp_attr` `a` ON `ga`.`attr_id`=`a`.`id` WHERE  `ga`.`goods_id` = '16' [ RunTime:0.137007s ]
---------------------------------------------------------------
[ 2018-05-17T16:34:14+08:00 ] 127.0.0.1 127.0.0.1 GET /shop/public/static/index/js/perfect-scrollbar/perfect-scrollbar.min.css
[ info ] 127.0.0.1/shop/public/static/index/js/perfect-scrollbar/perfect-scrollbar.min.css [è¿è¡Œæ—¶é—´ï¼š0.362021s][åžåçŽ‡ï¼š2.76req/s] [å†…å­˜æ¶ˆè€—ï¼š1,557.23kb] [æ–‡ä»¶åŠ è½½ï¼š40]
[ info ] [ LANG ] F:\wamp\www\shop\thinkphp\lang\zh-cn.php
[ info ] [ ROUTE ] array (
  'type' => 'module',
  'module' => 
  array (
    0 => 'static',
    1 => 'index',
    2 => 'js',
  ),
)
[ info ] [ HEADER ] array (
  'host' => '127.0.0.1',
  'connection' => 'keep-alive',
  'user-agent' => 'Mozilla/5.0 (Windows NT 6.1; WOW64) AppleWebKit/537.36 (KHTML, like Gecko) Chrome/62.0.3202.89 Safari/537.36',
  'accept' => 'text/css,*/*;q=0.1',
  'referer' => 'http://127.0.0.1/shop/index.php/goods/16.html',
  'accept-encoding' => 'gzip, deflate, br',
  'accept-language' => 'zh,zh-CN;q=0.9',
  'cookie' => 'cart=a%3A2%3A%7Bs%3A8%3A%2216-73%2C77%22%3Bs%3A1%3A%223%22%3Bs%3A8%3A%2216-72%2C75%22%3Bs%3A1%3A%222%22%3B%7D',
)
[ info ] [ PARAM ] array (
  'scrollbar' => 'perfect-scrollbar.min.css',
)
[ info ] [ LOG ] INIT File
---------------------------------------------------------------
[ 2018-05-17T16:34:14+08:00 ] 127.0.0.1 127.0.0.1 GET /shop/public/static/index/js/calendar/calendar.min.css
[ info ] 127.0.0.1/shop/public/static/index/js/calendar/calendar.min.css [è¿è¡Œæ—¶é—´ï¼š0.369021s][åžåçŽ‡ï¼š2.71req/s] [å†…å­˜æ¶ˆè€—ï¼š1,556.95kb] [æ–‡ä»¶åŠ è½½ï¼š40]
[ info ] [ LANG ] F:\wamp\www\shop\thinkphp\lang\zh-cn.php
[ info ] [ ROUTE ] array (
  'type' => 'module',
  'module' => 
  array (
    0 => 'static',
    1 => 'index',
    2 => 'js',
  ),
)
[ info ] [ HEADER ] array (
  'host' => '127.0.0.1',
  'connection' => 'keep-alive',
  'user-agent' => 'Mozilla/5.0 (Windows NT 6.1; WOW64) AppleWebKit/537.36 (KHTML, like Gecko) Chrome/62.0.3202.89 Safari/537.36',
  'accept' => 'text/css,*/*;q=0.1',
  'referer' => 'http://127.0.0.1/shop/index.php/goods/16.html',
  'accept-encoding' => 'gzip, deflate, br',
  'accept-language' => 'zh,zh-CN;q=0.9',
  'cookie' => 'cart=a%3A2%3A%7Bs%3A8%3A%2216-73%2C77%22%3Bs%3A1%3A%223%22%3Bs%3A8%3A%2216-72%2C75%22%3Bs%3A1%3A%222%22%3B%7D',
)
[ info ] [ PARAM ] array (
  'calendar' => 'calendar.min.css',
)
[ info ] [ LOG ] INIT File
---------------------------------------------------------------
[ 2018-05-17T16:34:15+08:00 ] 127.0.0.1 127.0.0.1 GET /shop/public/static/index/js/calendar/calendar.min.css
[ info ] 127.0.0.1/shop/public/static/index/js/calendar/calendar.min.css [è¿è¡Œæ—¶é—´ï¼š0.032002s][åžåçŽ‡ï¼š31.25req/s] [å†…å­˜æ¶ˆè€—ï¼š1,556.95kb] [æ–‡ä»¶åŠ è½½ï¼š40]
[ info ] [ LANG ] F:\wamp\www\shop\thinkphp\lang\zh-cn.php
[ info ] [ ROUTE ] array (
  'type' => 'module',
  'module' => 
  array (
    0 => 'static',
    1 => 'index',
    2 => 'js',
  ),
)
[ info ] [ HEADER ] array (
  'host' => '127.0.0.1',
  'connection' => 'keep-alive',
  'user-agent' => 'Mozilla/5.0 (Windows NT 6.1; WOW64) AppleWebKit/537.36 (KHTML, like Gecko) Chrome/62.0.3202.89 Safari/537.36',
  'accept' => 'text/css,*/*;q=0.1',
  'referer' => 'http://127.0.0.1/shop/index.php/goods/16.html',
  'accept-encoding' => 'gzip, deflate, br',
  'accept-language' => 'zh,zh-CN;q=0.9',
  'cookie' => 'cart=a%3A2%3A%7Bs%3A8%3A%2216-73%2C77%22%3Bs%3A1%3A%223%22%3Bs%3A8%3A%2216-72%2C75%22%3Bs%3A1%3A%222%22%3B%7D',
)
[ info ] [ PARAM ] array (
  'calendar' => 'calendar.min.css',
)
[ info ] [ LOG ] INIT File
---------------------------------------------------------------
[ 2018-05-17T16:34:15+08:00 ] 127.0.0.1 127.0.0.1 GET /shop/public/static/index/js/perfect-scrollbar/perfect-scrollbar.min.css
[ info ] 127.0.0.1/shop/public/static/index/js/perfect-scrollbar/perfect-scrollbar.min.css [è¿è¡Œæ—¶é—´ï¼š0.036002s][åžåçŽ‡ï¼š27.78req/s] [å†…å­˜æ¶ˆè€—ï¼š1,557.23kb] [æ–‡ä»¶åŠ è½½ï¼š40]
[ info ] [ LANG ] F:\wamp\www\shop\thinkphp\lang\zh-cn.php
[ info ] [ ROUTE ] array (
  'type' => 'module',
  'module' => 
  array (
    0 => 'static',
    1 => 'index',
    2 => 'js',
  ),
)
[ info ] [ HEADER ] array (
  'host' => '127.0.0.1',
  'connection' => 'keep-alive',
  'user-agent' => 'Mozilla/5.0 (Windows NT 6.1; WOW64) AppleWebKit/537.36 (KHTML, like Gecko) Chrome/62.0.3202.89 Safari/537.36',
  'accept' => 'text/css,*/*;q=0.1',
  'referer' => 'http://127.0.0.1/shop/index.php/goods/16.html',
  'accept-encoding' => 'gzip, deflate, br',
  'accept-language' => 'zh,zh-CN;q=0.9',
  'cookie' => 'cart=a%3A2%3A%7Bs%3A8%3A%2216-73%2C77%22%3Bs%3A1%3A%223%22%3Bs%3A8%3A%2216-72%2C75%22%3Bs%3A1%3A%222%22%3B%7D',
)
[ info ] [ PARAM ] array (
  'scrollbar' => 'perfect-scrollbar.min.css',
)
[ info ] [ LOG ] INIT File
---------------------------------------------------------------
[ 2018-05-17T16:34:17+08:00 ] 127.0.0.1 127.0.0.1 GET /shop/public/static/index/js/calendar.php?lang=
[ info ] 127.0.0.1/shop/public/static/index/js/calendar.php?lang= [è¿è¡Œæ—¶é—´ï¼š0.030001s][åžåçŽ‡ï¼š33.33req/s] [å†…å­˜æ¶ˆè€—ï¼š1,556.89kb] [æ–‡ä»¶åŠ è½½ï¼š40]
[ info ] [ LANG ] F:\wamp\www\shop\thinkphp\lang\zh-cn.php
[ info ] [ ROUTE ] array (
  'type' => 'module',
  'module' => 
  array (
    0 => 'static',
    1 => 'index',
    2 => 'js',
  ),
)
[ info ] [ HEADER ] array (
  'host' => '127.0.0.1',
  'connection' => 'keep-alive',
  'user-agent' => 'Mozilla/5.0 (Windows NT 6.1; WOW64) AppleWebKit/537.36 (KHTML, like Gecko) Chrome/62.0.3202.89 Safari/537.36',
  'accept' => '*/*',
  'referer' => 'http://127.0.0.1/shop/index.php/goods/16.html',
  'accept-encoding' => 'gzip, deflate, br',
  'accept-language' => 'zh,zh-CN;q=0.9',
  'cookie' => 'cart=a%3A2%3A%7Bs%3A8%3A%2216-73%2C77%22%3Bs%3A1%3A%223%22%3Bs%3A8%3A%2216-72%2C75%22%3Bs%3A1%3A%222%22%3B%7D',
)
[ info ] [ PARAM ] array (
  'lang' => '',
)
[ info ] [ LOG ] INIT File
---------------------------------------------------------------
[ 2018-05-17T16:34:19+08:00 ] 127.0.0.1 127.0.0.1 GET /shop/public/static/index/js/calendar.php?lang=
[ info ] 127.0.0.1/shop/public/static/index/js/calendar.php?lang= [è¿è¡Œæ—¶é—´ï¼š0.018001s][åžåçŽ‡ï¼š55.55req/s] [å†…å­˜æ¶ˆè€—ï¼š1,556.89kb] [æ–‡ä»¶åŠ è½½ï¼š40]
[ info ] [ LANG ] F:\wamp\www\shop\thinkphp\lang\zh-cn.php
[ info ] [ ROUTE ] array (
  'type' => 'module',
  'module' => 
  array (
    0 => 'static',
    1 => 'index',
    2 => 'js',
  ),
)
[ info ] [ HEADER ] array (
  'host' => '127.0.0.1',
  'connection' => 'keep-alive',
  'user-agent' => 'Mozilla/5.0 (Windows NT 6.1; WOW64) AppleWebKit/537.36 (KHTML, like Gecko) Chrome/62.0.3202.89 Safari/537.36',
  'accept' => '*/*',
  'referer' => 'http://127.0.0.1/shop/index.php/goods/16.html',
  'accept-encoding' => 'gzip, deflate, br',
  'accept-language' => 'zh,zh-CN;q=0.9',
  'cookie' => 'cart=a%3A2%3A%7Bs%3A8%3A%2216-73%2C77%22%3Bs%3A1%3A%223%22%3Bs%3A8%3A%2216-72%2C75%22%3Bs%3A1%3A%222%22%3B%7D',
)
[ info ] [ PARAM ] array (
  'lang' => '',
)
[ info ] [ LOG ] INIT File
---------------------------------------------------------------
[ 2018-05-17T16:34:19+08:00 ] 127.0.0.1 127.0.0.1 GET /shop/public/static/index/img/summary-bg.jpg
[ info ] 127.0.0.1/shop/public/static/index/img/summary-bg.jpg [è¿è¡Œæ—¶é—´ï¼š0.028001s][åžåçŽ‡ï¼š35.71req/s] [å†…å­˜æ¶ˆè€—ï¼š1,556.16kb] [æ–‡ä»¶åŠ è½½ï¼š40]
[ info ] [ LANG ] F:\wamp\www\shop\thinkphp\lang\zh-cn.php
[ info ] [ ROUTE ] array (
  'type' => 'module',
  'module' => 
  array (
    0 => 'static',
    1 => 'index',
    2 => 'img',
  ),
)
[ info ] [ HEADER ] array (
  'host' => '127.0.0.1',
  'connection' => 'keep-alive',
  'user-agent' => 'Mozilla/5.0 (Windows NT 6.1; WOW64) AppleWebKit/537.36 (KHTML, like Gecko) Chrome/62.0.3202.89 Safari/537.36',
  'accept' => 'image/webp,image/apng,image/*,*/*;q=0.8',
  'referer' => 'http://127.0.0.1/shop/public/static/index/css/style.css',
  'accept-encoding' => 'gzip, deflate, br',
  'accept-language' => 'zh,zh-CN;q=0.9',
  'cookie' => 'cart=a%3A2%3A%7Bs%3A8%3A%2216-73%2C77%22%3Bs%3A1%3A%223%22%3Bs%3A8%3A%2216-72%2C75%22%3Bs%3A1%3A%222%22%3B%7D',
)
[ info ] [ PARAM ] array (
)
[ info ] [ LOG ] INIT File
---------------------------------------------------------------
[ 2018-05-17T16:34:19+08:00 ] 127.0.0.1 127.0.0.1 GET /shop/public/static/index/img/prompt/not-imp.png
[ info ] 127.0.0.1/shop/public/static/index/img/prompt/not-imp.png [è¿è¡Œæ—¶é—´ï¼š0.019001s][åžåçŽ‡ï¼š52.63req/s] [å†…å­˜æ¶ˆè€—ï¼š1,556.94kb] [æ–‡ä»¶åŠ è½½ï¼š40]
[ info ] [ LANG ] F:\wamp\www\shop\thinkphp\lang\zh-cn.php
[ info ] [ ROUTE ] array (
  'type' => 'module',
  'module' => 
  array (
    0 => 'static',
    1 => 'index',
    2 => 'img',
  ),
)
[ info ] [ HEADER ] array (
  'host' => '127.0.0.1',
  'connection' => 'keep-alive',
  'user-agent' => 'Mozilla/5.0 (Windows NT 6.1; WOW64) AppleWebKit/537.36 (KHTML, like Gecko) Chrome/62.0.3202.89 Safari/537.36',
  'accept' => 'image/webp,image/apng,image/*,*/*;q=0.8',
  'referer' => 'http://127.0.0.1/shop/public/static/index/css/style.css',
  'accept-encoding' => 'gzip, deflate, br',
  'accept-language' => 'zh,zh-CN;q=0.9',
  'cookie' => 'cart=a%3A2%3A%7Bs%3A8%3A%2216-73%2C77%22%3Bs%3A1%3A%223%22%3Bs%3A8%3A%2216-72%2C75%22%3Bs%3A1%3A%222%22%3B%7D',
)
[ info ] [ PARAM ] array (
  'prompt' => 'not-imp.png',
)
[ info ] [ LOG ] INIT File
---------------------------------------------------------------
[ 2018-05-17T16:34:19+08:00 ] 127.0.0.1 127.0.0.1 POST /shop/index.php/index/goods/ajaxgetmemberprice.html
[ info ] 127.0.0.1/shop/index.php/index/goods/ajaxgetmemberprice.html [è¿è¡Œæ—¶é—´ï¼š0.697040s][åžåçŽ‡ï¼š1.43req/s] [å†…å­˜æ¶ˆè€—ï¼š3,385.56kb] [æ–‡ä»¶åŠ è½½ï¼š61]
[ info ] [ LANG ] F:\wamp\www\shop\thinkphp\lang\zh-cn.php
[ info ] [ ROUTE ] array (
  'type' => 'module',
  'module' => 
  array (
    0 => 'index',
    1 => 'goods',
    2 => 'ajaxgetmemberprice',
  ),
)
[ info ] [ HEADER ] array (
  'host' => '127.0.0.1',
  'connection' => 'keep-alive',
  'content-length' => '11',
  'accept' => 'application/json, text/javascript, */*; q=0.01',
  'origin' => 'http://127.0.0.1',
  'x-requested-with' => 'XMLHttpRequest',
  'user-agent' => 'Mozilla/5.0 (Windows NT 6.1; WOW64) AppleWebKit/537.36 (KHTML, like Gecko) Chrome/62.0.3202.89 Safari/537.36',
  'content-type' => 'application/x-www-form-urlencoded; charset=UTF-8',
  'referer' => 'http://127.0.0.1/shop/index.php/goods/16.html',
  'accept-encoding' => 'gzip, deflate, br',
  'accept-language' => 'zh,zh-CN;q=0.9',
  'cookie' => 'cart=a%3A2%3A%7Bs%3A8%3A%2216-73%2C77%22%3Bs%3A1%3A%223%22%3Bs%3A8%3A%2216-72%2C75%22%3Bs%3A1%3A%222%22%3B%7D',
)
[ info ] [ PARAM ] array (
  'goods_id' => '16',
)
[ info ] [ DB ] INIT mysql
[ info ] [ CACHE ] INIT File
[ info ] [ RUN ] app\index\controller\Goods->ajaxGetMemberPrice[ F:\wamp\www\shop\application\index\controller\Goods.php ]
[ info ] [ SESSION ] INIT array (
  'id' => '',
  'var_session_id' => '',
  'prefix' => 'think',
  'type' => '',
  'auto_start' => true,
)
[ info ] [ LOG ] INIT File
[ sql ] [ DB ] CONNECT:[ UseTime:0.015001s ] mysql:host=127.0.0.1;dbname=tpshop;charset=utf8
[ sql ] [ SQL ] SHOW COLUMNS FROM `tp_category` [ RunTime:0.024002s ]
[ sql ] [ SQL ] SELECT * FROM `tp_category` WHERE  `pid` = 0 ORDER BY sort ASC [ RunTime:0.000000s ]
[ sql ] [ SQL ] SELECT * FROM `tp_category` WHERE  `pid` = 7 [ RunTime:0.001000s ]
[ sql ] [ SQL ] SELECT * FROM `tp_category` WHERE  `pid` = 2 [ RunTime:0.001000s ]
[ sql ] [ SQL ] SELECT * FROM `tp_category` WHERE  `pid` = 33 [ RunTime:0.001000s ]
[ sql ] [ SQL ] SHOW COLUMNS FROM `tp_goods` [ RunTime:0.016001s ]
[ sql ] [ SQL ] SELECT * FROM `tp_goods` WHERE  `id` = 16 LIMIT 1 [ RunTime:0.000000s ]
---------------------------------------------------------------
[ 2018-05-17T16:34:20+08:00 ] 127.0.0.1 127.0.0.1 GET /shop/index.php/member/account/checklogin.html
[ info ] 127.0.0.1/shop/index.php/member/account/checklogin.html [è¿è¡Œæ—¶é—´ï¼š0.846049s][åžåçŽ‡ï¼š1.18req/s] [å†…å­˜æ¶ˆè€—ï¼š3,435.71kb] [æ–‡ä»¶åŠ è½½ï¼š62]
[ info ] [ LANG ] F:\wamp\www\shop\thinkphp\lang\zh-cn.php
[ info ] [ ROUTE ] array (
  'type' => 'module',
  'module' => 
  array (
    0 => 'member',
    1 => 'account',
    2 => 'checklogin',
  ),
)
[ info ] [ HEADER ] array (
  'host' => '127.0.0.1',
  'connection' => 'keep-alive',
  'accept' => 'application/json, text/javascript, */*; q=0.01',
  'x-requested-with' => 'XMLHttpRequest',
  'user-agent' => 'Mozilla/5.0 (Windows NT 6.1; WOW64) AppleWebKit/537.36 (KHTML, like Gecko) Chrome/62.0.3202.89 Safari/537.36',
  'referer' => 'http://127.0.0.1/shop/index.php/goods/16.html',
  'accept-encoding' => 'gzip, deflate, br',
  'accept-language' => 'zh,zh-CN;q=0.9',
  'cookie' => 'cart=a%3A2%3A%7Bs%3A8%3A%2216-73%2C77%22%3Bs%3A1%3A%223%22%3Bs%3A8%3A%2216-72%2C75%22%3Bs%3A1%3A%222%22%3B%7D',
)
[ info ] [ PARAM ] array (
)
[ info ] [ DB ] INIT mysql
[ info ] [ CACHE ] INIT File
[ info ] [ RUN ] app\member\controller\Account->checkLogin[ F:\wamp\www\shop\application\member\controller\Account.php ]
[ info ] [ SESSION ] INIT array (
  'id' => '',
  'var_session_id' => '',
  'prefix' => 'think',
  'type' => '',
  'auto_start' => true,
)
[ info ] [ LOG ] INIT File
[ sql ] [ DB ] CONNECT:[ UseTime:0.040002s ] mysql:host=127.0.0.1;dbname=tpshop;charset=utf8
[ sql ] [ SQL ] SHOW COLUMNS FROM `tp_category` [ RunTime:0.030002s ]
[ sql ] [ SQL ] SELECT * FROM `tp_category` WHERE  `pid` = 0 ORDER BY sort ASC [ RunTime:0.001000s ]
[ sql ] [ SQL ] SELECT * FROM `tp_category` WHERE  `pid` = 7 [ RunTime:0.001000s ]
[ sql ] [ SQL ] SELECT * FROM `tp_category` WHERE  `pid` = 2 [ RunTime:0.000000s ]
[ sql ] [ SQL ] SELECT * FROM `tp_category` WHERE  `pid` = 33 [ RunTime:0.000000s ]
---------------------------------------------------------------
[ 2018-05-17T16:34:20+08:00 ] 127.0.0.1 127.0.0.1 GET /shop/index.php/goods/favicon.ico
[ info ] 127.0.0.1/shop/index.php/goods/favicon.ico [è¿è¡Œæ—¶é—´ï¼š0.041003s][åžåçŽ‡ï¼š24.39req/s] [å†…å­˜æ¶ˆè€—ï¼š1,556.91kb] [æ–‡ä»¶åŠ è½½ï¼š40]
[ info ] [ LANG ] F:\wamp\www\shop\thinkphp\lang\zh-cn.php
[ info ] [ ROUTE ] array (
  'type' => 'module',
  'module' => 
  array (
    0 => 'goods',
    1 => 'favicon.ico',
    2 => NULL,
  ),
)
[ info ] [ HEADER ] array (
  'host' => '127.0.0.1',
  'connection' => 'keep-alive',
  'pragma' => 'no-cache',
  'cache-control' => 'no-cache',
  'user-agent' => 'Mozilla/5.0 (Windows NT 6.1; WOW64) AppleWebKit/537.36 (KHTML, like Gecko) Chrome/62.0.3202.89 Safari/537.36',
  'accept' => 'image/webp,image/apng,image/*,*/*;q=0.8',
  'referer' => 'http://127.0.0.1/shop/index.php/goods/16.html',
  'accept-encoding' => 'gzip, deflate, br',
  'accept-language' => 'zh,zh-CN;q=0.9',
  'cookie' => 'cart=a%3A2%3A%7Bs%3A8%3A%2216-73%2C77%22%3Bs%3A1%3A%223%22%3Bs%3A8%3A%2216-72%2C75%22%3Bs%3A1%3A%222%22%3B%7D; PHPSESSID=jh831njibnrpvd82s97g83cs3v',
)
[ info ] [ PARAM ] array (
)
[ info ] [ LOG ] INIT File
