---------------------------------------------------------------
[ 2018-05-18T10:05:14+08:00 ] 127.0.0.1 127.0.0.1 GET /shop/index.php/goods/16.html
[ info ] 127.0.0.1/shop/index.php/goods/16.html [运行时间：4.213241s][吞吐率：0.24req/s] [内存消耗：3,490.59kb] [文件加载：63]
[ info ] [ LANG ] F:\wamp\www\shop\thinkphp\lang\zh-cn.php
[ info ] [ ROUTE ] array (
  'type' => 'module',
  'module' => 
  array (
    0 => 'index',
    1 => 'Goods',
    2 => 'index',
  ),
  'convert' => false,
)
[ info ] [ HEADER ] array (
  'host' => '127.0.0.1',
  'connection' => 'keep-alive',
  'user-agent' => 'Mozilla/5.0 (Windows NT 6.1; WOW64) AppleWebKit/537.36 (KHTML, like Gecko) Chrome/62.0.3202.89 Safari/537.36',
  'upgrade-insecure-requests' => '1',
  'accept' => 'text/html,application/xhtml+xml,application/xml;q=0.9,image/webp,image/apng,*/*;q=0.8',
  'accept-encoding' => 'gzip, deflate, br',
  'accept-language' => 'zh,zh-CN;q=0.9',
  'cookie' => 'cart=a%3A2%3A%7Bs%3A8%3A%2216-73%2C77%22%3Bs%3A1%3A%223%22%3Bs%3A8%3A%2216-72%2C75%22%3Bs%3A1%3A%222%22%3B%7D; PHPSESSID=jh831njibnrpvd82s97g83cs3v',
)
[ info ] [ PARAM ] array (
  'id' => '16',
)
[ info ] [ DB ] INIT mysql
[ info ] [ CACHE ] INIT File
[ info ] [ RUN ] app\index\controller\Goods->index[ F:\wamp\www\shop\application\index\controller\Goods.php ]
[ info ] [ VIEW ] F:\wamp\www\shop/application/index\view\goods\goods.htm [ array (
  0 => 'helpCateRes',
  1 => 'shopInfoRes',
  2 => 'navRes',
  3 => 'configs',
  4 => 'cateRes',
  5 => 'show_right',
  6 => 'goodsInfo',
  7 => 'goodsPhotoRes',
  8 => 'uniAttrArr',
  9 => 'radioAttrArr',
) ]
[ info ] [ LOG ] INIT File
[ sql ] [ DB ] CONNECT:[ UseTime:0.102006s ] mysql:host=127.0.0.1;dbname=tpshop;charset=utf8
[ sql ] [ SQL ] SHOW COLUMNS FROM `tp_cate` [ RunTime:0.214012s ]
[ sql ] [ SQL ] SELECT * FROM `tp_cate` WHERE  `cate_type` = 3 ORDER BY sort DESC [ RunTime:0.004001s ]
[ sql ] [ SQL ] SHOW COLUMNS FROM `tp_article` [ RunTime:0.082004s ]
[ sql ] [ SQL ] SELECT * FROM `tp_article` WHERE  `cate_id` = 4 [ RunTime:0.094006s ]
[ sql ] [ SQL ] SELECT * FROM `tp_article` WHERE  `cate_id` = 5 [ RunTime:0.001000s ]
[ sql ] [ SQL ] SELECT * FROM `tp_article` WHERE  `cate_id` = 7 [ RunTime:0.001000s ]
[ sql ] [ SQL ] SELECT * FROM `tp_article` WHERE  `cate_id` = 16 [ RunTime:0.001000s ]
[ sql ] [ SQL ] SELECT * FROM `tp_article` WHERE  `cate_id` = 17 [ RunTime:0.000000s ]
[ sql ] [ SQL ] SELECT `id`,`title` FROM `tp_article` WHERE  `cate_id` = 3 [ RunTime:0.002001s ]
[ sql ] [ SQL ] SHOW COLUMNS FROM `tp_nav` [ RunTime:0.101006s ]
[ sql ] [ SQL ] SELECT * FROM `tp_nav` ORDER BY sort DESC [ RunTime:0.001000s ]
[ sql ] [ SQL ] SHOW COLUMNS FROM `tp_conf` [ RunTime:0.037002s ]
[ sql ] [ SQL ] SELECT `ename`,`value` FROM `tp_conf` [ RunTime:0.001000s ]
[ sql ] [ SQL ] SHOW COLUMNS FROM `tp_category` [ RunTime:0.062004s ]
[ sql ] [ SQL ] SELECT * FROM `tp_category` WHERE  `pid` = 0 ORDER BY sort ASC [ RunTime:0.005000s ]
[ sql ] [ SQL ] SELECT * FROM `tp_category` WHERE  `pid` = 7 [ RunTime:0.001000s ]
[ sql ] [ SQL ] SELECT * FROM `tp_category` WHERE  `pid` = 2 [ RunTime:0.001000s ]
[ sql ] [ SQL ] SELECT * FROM `tp_category` WHERE  `pid` = 33 [ RunTime:0.001000s ]
[ sql ] [ SQL ] SHOW COLUMNS FROM `tp_goods` [ RunTime:0.053003s ]
[ sql ] [ SQL ] SELECT * FROM `tp_goods` WHERE  `id` = 16 LIMIT 1 [ RunTime:0.054003s ]
[ sql ] [ SQL ] SHOW COLUMNS FROM `tp_goods_photo` [ RunTime:0.101006s ]
[ sql ] [ SQL ] SELECT `sm_photo`,`mid_photo`,`big_photo`,`og_photo` FROM `tp_goods_photo` WHERE  `goods_id` = 16 [ RunTime:0.103006s ]
[ sql ] [ SQL ] SHOW COLUMNS FROM `tp_goods_attr` [ RunTime:0.109007s ]
[ sql ] [ SQL ] SELECT `ga`.*,`a`.`attr_name`,`a`.`attr_type` FROM `tp_goods_attr` `ga` INNER JOIN `tp_attr` `a` ON `ga`.`attr_id`=`a`.`id` WHERE  `ga`.`goods_id` = '16' [ RunTime:0.134007s ]
---------------------------------------------------------------
[ 2018-05-18T10:05:16+08:00 ] 127.0.0.1 127.0.0.1 GET /shop/public/static/index/js/calendar/calendar.min.css
[ info ] 127.0.0.1/shop/public/static/index/js/calendar/calendar.min.css [运行时间：0.461026s][吞吐率：2.17req/s] [内存消耗：1,557.05kb] [文件加载：40]
[ info ] [ LANG ] F:\wamp\www\shop\thinkphp\lang\zh-cn.php
[ info ] [ ROUTE ] array (
  'type' => 'module',
  'module' => 
  array (
    0 => 'static',
    1 => 'index',
    2 => 'js',
  ),
)
[ info ] [ HEADER ] array (
  'host' => '127.0.0.1',
  'connection' => 'keep-alive',
  'user-agent' => 'Mozilla/5.0 (Windows NT 6.1; WOW64) AppleWebKit/537.36 (KHTML, like Gecko) Chrome/62.0.3202.89 Safari/537.36',
  'accept' => 'text/css,*/*;q=0.1',
  'referer' => 'http://127.0.0.1/shop/index.php/goods/16.html',
  'accept-encoding' => 'gzip, deflate, br',
  'accept-language' => 'zh,zh-CN;q=0.9',
  'cookie' => 'cart=a%3A2%3A%7Bs%3A8%3A%2216-73%2C77%22%3Bs%3A1%3A%223%22%3Bs%3A8%3A%2216-72%2C75%22%3Bs%3A1%3A%222%22%3B%7D; PHPSESSID=jh831njibnrpvd82s97g83cs3v',
)
[ info ] [ PARAM ] array (
  'calendar' => 'calendar.min.css',
)
[ info ] [ LOG ] INIT File
---------------------------------------------------------------
[ 2018-05-18T10:05:16+08:00 ] 127.0.0.1 127.0.0.1 GET /shop/public/static/index/js/perfect-scrollbar/perfect-scrollbar.min.css
[ info ] 127.0.0.1/shop/public/static/index/js/perfect-scrollbar/perfect-scrollbar.min.css [运行时间：0.486028s][吞吐率：2.06req/s] [内存消耗：1,557.32kb] [文件加载：40]
[ info ] [ LANG ] F:\wamp\www\shop\thinkphp\lang\zh-cn.php
[ info ] [ ROUTE ] array (
  'type' => 'module',
  'module' => 
  array (
    0 => 'static',
    1 => 'index',
    2 => 'js',
  ),
)
[ info ] [ HEADER ] array (
  'host' => '127.0.0.1',
  'connection' => 'keep-alive',
  'user-agent' => 'Mozilla/5.0 (Windows NT 6.1; WOW64) AppleWebKit/537.36 (KHTML, like Gecko) Chrome/62.0.3202.89 Safari/537.36',
  'accept' => 'text/css,*/*;q=0.1',
  'referer' => 'http://127.0.0.1/shop/index.php/goods/16.html',
  'accept-encoding' => 'gzip, deflate, br',
  'accept-language' => 'zh,zh-CN;q=0.9',
  'cookie' => 'cart=a%3A2%3A%7Bs%3A8%3A%2216-73%2C77%22%3Bs%3A1%3A%223%22%3Bs%3A8%3A%2216-72%2C75%22%3Bs%3A1%3A%222%22%3B%7D; PHPSESSID=jh831njibnrpvd82s97g83cs3v',
)
[ info ] [ PARAM ] array (
  'scrollbar' => 'perfect-scrollbar.min.css',
)
[ info ] [ LOG ] INIT File
---------------------------------------------------------------
[ 2018-05-18T10:05:16+08:00 ] 127.0.0.1 127.0.0.1 GET /shop/public/static/index/js/calendar.php?lang=
[ info ] 127.0.0.1/shop/public/static/index/js/calendar.php?lang= [运行时间：0.016001s][吞吐率：62.50req/s] [内存消耗：1,556.98kb] [文件加载：40]
[ info ] [ LANG ] F:\wamp\www\shop\thinkphp\lang\zh-cn.php
[ info ] [ ROUTE ] array (
  'type' => 'module',
  'module' => 
  array (
    0 => 'static',
    1 => 'index',
    2 => 'js',
  ),
)
[ info ] [ HEADER ] array (
  'host' => '127.0.0.1',
  'connection' => 'keep-alive',
  'user-agent' => 'Mozilla/5.0 (Windows NT 6.1; WOW64) AppleWebKit/537.36 (KHTML, like Gecko) Chrome/62.0.3202.89 Safari/537.36',
  'accept' => '*/*',
  'referer' => 'http://127.0.0.1/shop/index.php/goods/16.html',
  'accept-encoding' => 'gzip, deflate, br',
  'accept-language' => 'zh,zh-CN;q=0.9',
  'cookie' => 'cart=a%3A2%3A%7Bs%3A8%3A%2216-73%2C77%22%3Bs%3A1%3A%223%22%3Bs%3A8%3A%2216-72%2C75%22%3Bs%3A1%3A%222%22%3B%7D; PHPSESSID=jh831njibnrpvd82s97g83cs3v',
)
[ info ] [ PARAM ] array (
  'lang' => '',
)
[ info ] [ LOG ] INIT File
---------------------------------------------------------------
[ 2018-05-18T10:05:18+08:00 ] 127.0.0.1 127.0.0.1 GET /shop/public/static/index/js/calendar.php?lang=
[ info ] 127.0.0.1/shop/public/static/index/js/calendar.php?lang= [运行时间：0.014001s][吞吐率：71.42req/s] [内存消耗：1,556.98kb] [文件加载：40]
[ info ] [ LANG ] F:\wamp\www\shop\thinkphp\lang\zh-cn.php
[ info ] [ ROUTE ] array (
  'type' => 'module',
  'module' => 
  array (
    0 => 'static',
    1 => 'index',
    2 => 'js',
  ),
)
[ info ] [ HEADER ] array (
  'host' => '127.0.0.1',
  'connection' => 'keep-alive',
  'user-agent' => 'Mozilla/5.0 (Windows NT 6.1; WOW64) AppleWebKit/537.36 (KHTML, like Gecko) Chrome/62.0.3202.89 Safari/537.36',
  'accept' => '*/*',
  'referer' => 'http://127.0.0.1/shop/index.php/goods/16.html',
  'accept-encoding' => 'gzip, deflate, br',
  'accept-language' => 'zh,zh-CN;q=0.9',
  'cookie' => 'cart=a%3A2%3A%7Bs%3A8%3A%2216-73%2C77%22%3Bs%3A1%3A%223%22%3Bs%3A8%3A%2216-72%2C75%22%3Bs%3A1%3A%222%22%3B%7D; PHPSESSID=jh831njibnrpvd82s97g83cs3v',
)
[ info ] [ PARAM ] array (
  'lang' => '',
)
[ info ] [ LOG ] INIT File
---------------------------------------------------------------
[ 2018-05-18T10:05:18+08:00 ] 127.0.0.1 127.0.0.1 GET /shop/public/static/index/img/summary-bg.jpg
[ info ] 127.0.0.1/shop/public/static/index/img/summary-bg.jpg [运行时间：0.016001s][吞吐率：62.50req/s] [内存消耗：1,556.25kb] [文件加载：40]
[ info ] [ LANG ] F:\wamp\www\shop\thinkphp\lang\zh-cn.php
[ info ] [ ROUTE ] array (
  'type' => 'module',
  'module' => 
  array (
    0 => 'static',
    1 => 'index',
    2 => 'img',
  ),
)
[ info ] [ HEADER ] array (
  'host' => '127.0.0.1',
  'connection' => 'keep-alive',
  'user-agent' => 'Mozilla/5.0 (Windows NT 6.1; WOW64) AppleWebKit/537.36 (KHTML, like Gecko) Chrome/62.0.3202.89 Safari/537.36',
  'accept' => 'image/webp,image/apng,image/*,*/*;q=0.8',
  'referer' => 'http://127.0.0.1/shop/public/static/index/css/style.css',
  'accept-encoding' => 'gzip, deflate, br',
  'accept-language' => 'zh,zh-CN;q=0.9',
  'cookie' => 'cart=a%3A2%3A%7Bs%3A8%3A%2216-73%2C77%22%3Bs%3A1%3A%223%22%3Bs%3A8%3A%2216-72%2C75%22%3Bs%3A1%3A%222%22%3B%7D; PHPSESSID=jh831njibnrpvd82s97g83cs3v',
)
[ info ] [ PARAM ] array (
)
[ info ] [ LOG ] INIT File
---------------------------------------------------------------
[ 2018-05-18T10:05:18+08:00 ] 127.0.0.1 127.0.0.1 GET /shop/public/static/index/img/prompt/not-imp.png
[ info ] 127.0.0.1/shop/public/static/index/img/prompt/not-imp.png [运行时间：0.020002s][吞吐率：49.99req/s] [内存消耗：1,557.28kb] [文件加载：40]
[ info ] [ LANG ] F:\wamp\www\shop\thinkphp\lang\zh-cn.php
[ info ] [ ROUTE ] array (
  'type' => 'module',
  'module' => 
  array (
    0 => 'static',
    1 => 'index',
    2 => 'img',
  ),
)
[ info ] [ HEADER ] array (
  'host' => '127.0.0.1',
  'connection' => 'keep-alive',
  'user-agent' => 'Mozilla/5.0 (Windows NT 6.1; WOW64) AppleWebKit/537.36 (KHTML, like Gecko) Chrome/62.0.3202.89 Safari/537.36',
  'accept' => 'image/webp,image/apng,image/*,*/*;q=0.8',
  'referer' => 'http://127.0.0.1/shop/public/static/index/css/style.css',
  'accept-encoding' => 'gzip, deflate, br',
  'accept-language' => 'zh,zh-CN;q=0.9',
  'cookie' => 'cart=a%3A2%3A%7Bs%3A8%3A%2216-73%2C77%22%3Bs%3A1%3A%223%22%3Bs%3A8%3A%2216-72%2C75%22%3Bs%3A1%3A%222%22%3B%7D; PHPSESSID=jh831njibnrpvd82s97g83cs3v',
)
[ info ] [ PARAM ] array (
  'prompt' => 'not-imp.png',
)
[ info ] [ LOG ] INIT File
---------------------------------------------------------------
[ 2018-05-18T10:05:18+08:00 ] 127.0.0.1 127.0.0.1 POST /shop/index.php/index/goods/ajaxgetmemberprice.html
[ info ] 127.0.0.1/shop/index.php/index/goods/ajaxgetmemberprice.html [运行时间：0.314018s][吞吐率：3.18req/s] [内存消耗：3,386.18kb] [文件加载：61]
[ info ] [ LANG ] F:\wamp\www\shop\thinkphp\lang\zh-cn.php
[ info ] [ ROUTE ] array (
  'type' => 'module',
  'module' => 
  array (
    0 => 'index',
    1 => 'goods',
    2 => 'ajaxgetmemberprice',
  ),
)
[ info ] [ HEADER ] array (
  'host' => '127.0.0.1',
  'connection' => 'keep-alive',
  'content-length' => '11',
  'accept' => 'application/json, text/javascript, */*; q=0.01',
  'origin' => 'http://127.0.0.1',
  'x-requested-with' => 'XMLHttpRequest',
  'user-agent' => 'Mozilla/5.0 (Windows NT 6.1; WOW64) AppleWebKit/537.36 (KHTML, like Gecko) Chrome/62.0.3202.89 Safari/537.36',
  'content-type' => 'application/x-www-form-urlencoded; charset=UTF-8',
  'referer' => 'http://127.0.0.1/shop/index.php/goods/16.html',
  'accept-encoding' => 'gzip, deflate, br',
  'accept-language' => 'zh,zh-CN;q=0.9',
  'cookie' => 'cart=a%3A2%3A%7Bs%3A8%3A%2216-73%2C77%22%3Bs%3A1%3A%223%22%3Bs%3A8%3A%2216-72%2C75%22%3Bs%3A1%3A%222%22%3B%7D; PHPSESSID=jh831njibnrpvd82s97g83cs3v',
)
[ info ] [ PARAM ] array (
  'goods_id' => '16',
)
[ info ] [ DB ] INIT mysql
[ info ] [ CACHE ] INIT File
[ info ] [ RUN ] app\index\controller\Goods->ajaxGetMemberPrice[ F:\wamp\www\shop\application\index\controller\Goods.php ]
[ info ] [ SESSION ] INIT array (
  'id' => '',
  'var_session_id' => '',
  'prefix' => 'think',
  'type' => '',
  'auto_start' => true,
)
[ info ] [ LOG ] INIT File
[ sql ] [ DB ] CONNECT:[ UseTime:0.001000s ] mysql:host=127.0.0.1;dbname=tpshop;charset=utf8
[ sql ] [ SQL ] SHOW COLUMNS FROM `tp_category` [ RunTime:0.016001s ]
[ sql ] [ SQL ] SELECT * FROM `tp_category` WHERE  `pid` = 0 ORDER BY sort ASC [ RunTime:0.000000s ]
[ sql ] [ SQL ] SELECT * FROM `tp_category` WHERE  `pid` = 7 [ RunTime:0.000000s ]
[ sql ] [ SQL ] SELECT * FROM `tp_category` WHERE  `pid` = 2 [ RunTime:0.000000s ]
[ sql ] [ SQL ] SELECT * FROM `tp_category` WHERE  `pid` = 33 [ RunTime:0.000000s ]
[ sql ] [ SQL ] SHOW COLUMNS FROM `tp_goods` [ RunTime:0.017001s ]
[ sql ] [ SQL ] SELECT * FROM `tp_goods` WHERE  `id` = 16 LIMIT 1 [ RunTime:0.001000s ]
---------------------------------------------------------------
[ 2018-05-18T10:05:18+08:00 ] 127.0.0.1 127.0.0.1 GET /shop/index.php/member/account/checklogin.html
[ info ] 127.0.0.1/shop/index.php/member/account/checklogin.html [运行时间：0.495028s][吞吐率：2.02req/s] [内存消耗：3,435.83kb] [文件加载：62]
[ info ] [ LANG ] F:\wamp\www\shop\thinkphp\lang\zh-cn.php
[ info ] [ ROUTE ] array (
  'type' => 'module',
  'module' => 
  array (
    0 => 'member',
    1 => 'account',
    2 => 'checklogin',
  ),
)
[ info ] [ HEADER ] array (
  'host' => '127.0.0.1',
  'connection' => 'keep-alive',
  'accept' => 'application/json, text/javascript, */*; q=0.01',
  'x-requested-with' => 'XMLHttpRequest',
  'user-agent' => 'Mozilla/5.0 (Windows NT 6.1; WOW64) AppleWebKit/537.36 (KHTML, like Gecko) Chrome/62.0.3202.89 Safari/537.36',
  'referer' => 'http://127.0.0.1/shop/index.php/goods/16.html',
  'accept-encoding' => 'gzip, deflate, br',
  'accept-language' => 'zh,zh-CN;q=0.9',
  'cookie' => 'cart=a%3A2%3A%7Bs%3A8%3A%2216-73%2C77%22%3Bs%3A1%3A%223%22%3Bs%3A8%3A%2216-72%2C75%22%3Bs%3A1%3A%222%22%3B%7D; PHPSESSID=jh831njibnrpvd82s97g83cs3v',
)
[ info ] [ PARAM ] array (
)
[ info ] [ DB ] INIT mysql
[ info ] [ CACHE ] INIT File
[ info ] [ RUN ] app\member\controller\Account->checkLogin[ F:\wamp\www\shop\application\member\controller\Account.php ]
[ info ] [ SESSION ] INIT array (
  'id' => '',
  'var_session_id' => '',
  'prefix' => 'think',
  'type' => '',
  'auto_start' => true,
)
[ info ] [ LOG ] INIT File
[ sql ] [ DB ] CONNECT:[ UseTime:0.010001s ] mysql:host=127.0.0.1;dbname=tpshop;charset=utf8
[ sql ] [ SQL ] SHOW COLUMNS FROM `tp_category` [ RunTime:0.027001s ]
[ sql ] [ SQL ] SELECT * FROM `tp_category` WHERE  `pid` = 0 ORDER BY sort ASC [ RunTime:0.001000s ]
[ sql ] [ SQL ] SELECT * FROM `tp_category` WHERE  `pid` = 7 [ RunTime:0.001000s ]
[ sql ] [ SQL ] SELECT * FROM `tp_category` WHERE  `pid` = 2 [ RunTime:0.003000s ]
[ sql ] [ SQL ] SELECT * FROM `tp_category` WHERE  `pid` = 33 [ RunTime:0.002000s ]
---------------------------------------------------------------
[ 2018-05-18T10:05:19+08:00 ] 127.0.0.1 127.0.0.1 GET /shop/index.php/goods/favicon.ico
[ info ] 127.0.0.1/shop/index.php/goods/favicon.ico [运行时间：0.016001s][吞吐率：62.50req/s] [内存消耗：1,555.74kb] [文件加载：40]
[ info ] [ LANG ] F:\wamp\www\shop\thinkphp\lang\zh-cn.php
[ info ] [ ROUTE ] array (
  'type' => 'module',
  'module' => 
  array (
    0 => 'goods',
    1 => 'favicon.ico',
    2 => NULL,
  ),
)
[ info ] [ HEADER ] array (
  'host' => '127.0.0.1',
  'connection' => 'keep-alive',
  'user-agent' => 'Mozilla/5.0 (Windows NT 6.1; WOW64) AppleWebKit/537.36 (KHTML, like Gecko) Chrome/62.0.3202.89 Safari/537.36',
  'accept' => 'image/webp,image/apng,image/*,*/*;q=0.8',
  'referer' => 'http://127.0.0.1/shop/index.php/goods/16.html',
  'accept-encoding' => 'gzip, deflate, br',
  'accept-language' => 'zh,zh-CN;q=0.9',
  'cookie' => 'cart=a%3A2%3A%7Bs%3A8%3A%2216-73%2C77%22%3Bs%3A1%3A%223%22%3Bs%3A8%3A%2216-72%2C75%22%3Bs%3A1%3A%222%22%3B%7D; PHPSESSID=jh831njibnrpvd82s97g83cs3v',
)
[ info ] [ PARAM ] array (
)
[ info ] [ LOG ] INIT File
---------------------------------------------------------------
[ 2018-05-18T10:05:24+08:00 ] 127.0.0.1 127.0.0.1 GET /shop/index.php/
[ info ] 127.0.0.1/shop/index.php/ [运行时间：0.642037s][吞吐率：1.56req/s] [内存消耗：3,793.20kb] [文件加载：66]
[ info ] [ LANG ] F:\wamp\www\shop\thinkphp\lang\zh-cn.php
[ info ] [ ROUTE ] array (
  'type' => 'module',
  'module' => 
  array (
    0 => '',
    1 => NULL,
    2 => NULL,
  ),
)
[ info ] [ HEADER ] array (
  'host' => '127.0.0.1',
  'connection' => 'keep-alive',
  'user-agent' => 'Mozilla/5.0 (Windows NT 6.1; WOW64) AppleWebKit/537.36 (KHTML, like Gecko) Chrome/62.0.3202.89 Safari/537.36',
  'upgrade-insecure-requests' => '1',
  'accept' => 'text/html,application/xhtml+xml,application/xml;q=0.9,image/webp,image/apng,*/*;q=0.8',
  'accept-encoding' => 'gzip, deflate, br',
  'accept-language' => 'zh,zh-CN;q=0.9',
  'cookie' => 'cart=a%3A2%3A%7Bs%3A8%3A%2216-73%2C77%22%3Bs%3A1%3A%223%22%3Bs%3A8%3A%2216-72%2C75%22%3Bs%3A1%3A%222%22%3B%7D; PHPSESSID=jh831njibnrpvd82s97g83cs3v',
)
[ info ] [ PARAM ] array (
)
[ info ] [ DB ] INIT mysql
[ info ] [ CACHE ] INIT File
[ info ] [ RUN ] app\index\controller\Index->index[ F:\wamp\www\shop\application\index\controller\Index.php ]
[ info ] [ VIEW ] F:\wamp\www\shop/application/index\view\index\index.htm [ array (
  0 => 'helpCateRes',
  1 => 'shopInfoRes',
  2 => 'navRes',
  3 => 'configs',
  4 => 'cateRes',
  5 => 'show_right',
  6 => 'show_nav',
  7 => 'categoryRes',
  8 => 'indexGoodsRes',
  9 => 'anmentRes',
  10 => 'salesRes',
  11 => 'alternateImgRes',
) ]
[ info ] [ LOG ] INIT File
[ sql ] [ DB ] CONNECT:[ UseTime:0.001000s ] mysql:host=127.0.0.1;dbname=tpshop;charset=utf8
[ sql ] [ SQL ] SHOW COLUMNS FROM `tp_category` [ RunTime:0.015001s ]
[ sql ] [ SQL ] SELECT * FROM `tp_category` WHERE  `pid` = 0 ORDER BY sort ASC [ RunTime:0.000000s ]
[ sql ] [ SQL ] SELECT * FROM `tp_category` WHERE  `pid` = 7 [ RunTime:0.000000s ]
[ sql ] [ SQL ] SELECT * FROM `tp_category` WHERE  `pid` = 2 [ RunTime:0.000000s ]
[ sql ] [ SQL ] SELECT * FROM `tp_category` WHERE  `pid` = 33 [ RunTime:0.000000s ]
[ sql ] [ SQL ] SHOW COLUMNS FROM `tp_article` [ RunTime:0.016001s ]
[ sql ] [ SQL ] SELECT * FROM `tp_article` WHERE  `cate_id` = 20 ORDER BY id DESC LIMIT 3 [ RunTime:0.000000s ]
[ sql ] [ SQL ] SELECT * FROM `tp_article` WHERE  `cate_id` = 26 ORDER BY id DESC LIMIT 3 [ RunTime:0.001000s ]
[ sql ] [ SQL ] SHOW COLUMNS FROM `tp_rec_item` [ RunTime:0.044002s ]
[ sql ] [ SQL ] SELECT * FROM `tp_rec_item` WHERE  `recpos_id` = 5  AND `value_type` = 2 [ RunTime:0.018001s ]
[ sql ] [ SQL ] SELECT * FROM `tp_category` WHERE  `id` = 2  AND `pid` = 0 LIMIT 1 [ RunTime:0.001000s ]
[ sql ] [ SQL ] SELECT * FROM `tp_category` WHERE  `id` = 7  AND `pid` = 0 LIMIT 1 [ RunTime:0.000000s ]
[ sql ] [ SQL ] SELECT * FROM `tp_category` WHERE  `id` = 8  AND `pid` = 0 LIMIT 1 [ RunTime:0.001000s ]
[ sql ] [ SQL ] SELECT * FROM `tp_category` WHERE  `id` = 9  AND `pid` = 0 LIMIT 1 [ RunTime:0.000000s ]
[ sql ] [ SQL ] SELECT * FROM `tp_category` WHERE  `id` = 21  AND `pid` = 0 LIMIT 1 [ RunTime:0.001000s ]
[ sql ] [ SQL ] SELECT * FROM `tp_rec_item` WHERE  `recpos_id` = 5  AND `value_type` = 2 [ RunTime:0.000000s ]
[ sql ] [ SQL ] SELECT * FROM `tp_category` WHERE  `id` = 2  AND `pid` = 2 LIMIT 1 [ RunTime:0.001000s ]
[ sql ] [ SQL ] SELECT * FROM `tp_category` WHERE  `id` = 7  AND `pid` = 2 LIMIT 1 [ RunTime:0.000000s ]
[ sql ] [ SQL ] SELECT * FROM `tp_category` WHERE  `id` = 8  AND `pid` = 2 LIMIT 1 [ RunTime:0.001001s ]
[ sql ] [ SQL ] SELECT * FROM `tp_category` WHERE  `id` = 9  AND `pid` = 2 LIMIT 1 [ RunTime:0.000000s ]
[ sql ] [ SQL ] SELECT * FROM `tp_category` WHERE  `id` = 21  AND `pid` = 2 LIMIT 1 [ RunTime:0.000000s ]
[ sql ] [ SQL ] SELECT `id`,`pid` FROM `tp_category` [ RunTime:0.000000s ]
[ sql ] [ SQL ] SELECT * FROM `tp_rec_item` WHERE  `value_type` = 1  AND `recpos_id` = 7 [ RunTime:0.001000s ]
[ sql ] [ SQL ] SHOW COLUMNS FROM `tp_goods` [ RunTime:0.017001s ]
[ sql ] [ SQL ] SELECT * FROM `tp_goods` WHERE  `category_id` IN (29,21)  AND `id` IN (10,13,6,9,7,16) ORDER BY id DESC LIMIT 6 [ RunTime:0.013001s ]
[ sql ] [ SQL ] SELECT `id`,`pid` FROM `tp_category` [ RunTime:0.001000s ]
[ sql ] [ SQL ] SELECT * FROM `tp_rec_item` WHERE  `value_type` = 1  AND `recpos_id` = 4 [ RunTime:0.000000s ]
[ sql ] [ SQL ] SELECT * FROM `tp_goods` WHERE  `category_id` IN (6,26,27,28,5,22,23,24,25,21,29,2)  AND `id` IN (11,10,9,7,5,6,8,4,13,2,16) ORDER BY id DESC LIMIT 6 [ RunTime:0.000000s ]
[ sql ] [ SQL ] SHOW COLUMNS FROM `tp_category_brands` [ RunTime:0.043003s ]
[ sql ] [ SQL ] SELECT * FROM `tp_category_brands` WHERE  `category_id` = 2 LIMIT 1 [ RunTime:0.001000s ]
[ sql ] [ SQL ] SHOW COLUMNS FROM `tp_brand` [ RunTime:0.082004s ]
[ sql ] [ SQL ] SELECT * FROM `tp_brand` WHERE  `id` = 3 LIMIT 1 [ RunTime:0.023002s ]
[ sql ] [ SQL ] SHOW COLUMNS FROM `tp_category_ad` [ RunTime:0.090005s ]
[ sql ] [ SQL ] SELECT * FROM `tp_category_ad` WHERE  `category_id` = 2 [ RunTime:0.017001s ]
[ sql ] [ SQL ] SELECT * FROM `tp_rec_item` WHERE  `recpos_id` = 5  AND `value_type` = 2 [ RunTime:0.001000s ]
[ sql ] [ SQL ] SELECT * FROM `tp_category` WHERE  `id` = 2  AND `pid` = 7 LIMIT 1 [ RunTime:0.001000s ]
[ sql ] [ SQL ] SELECT * FROM `tp_category` WHERE  `id` = 7  AND `pid` = 7 LIMIT 1 [ RunTime:0.002000s ]
[ sql ] [ SQL ] SELECT * FROM `tp_category` WHERE  `id` = 8  AND `pid` = 7 LIMIT 1 [ RunTime:0.001000s ]
[ sql ] [ SQL ] SELECT * FROM `tp_category` WHERE  `id` = 9  AND `pid` = 7 LIMIT 1 [ RunTime:0.000000s ]
[ sql ] [ SQL ] SELECT * FROM `tp_category` WHERE  `id` = 21  AND `pid` = 7 LIMIT 1 [ RunTime:0.000000s ]
[ sql ] [ SQL ] SELECT `id`,`pid` FROM `tp_category` [ RunTime:0.000000s ]
[ sql ] [ SQL ] SELECT * FROM `tp_rec_item` WHERE  `value_type` = 1  AND `recpos_id` = 7 [ RunTime:0.000000s ]
[ sql ] [ SQL ] SELECT * FROM `tp_goods` WHERE  `category_id` IN (11,12,13,14,8)  AND `id` IN (10,13,6,9,7,16) ORDER BY id DESC LIMIT 6 [ RunTime:0.001000s ]
[ sql ] [ SQL ] SELECT `id`,`pid` FROM `tp_category` [ RunTime:0.001000s ]
[ sql ] [ SQL ] SELECT * FROM `tp_rec_item` WHERE  `value_type` = 1  AND `recpos_id` = 7 [ RunTime:0.001000s ]
[ sql ] [ SQL ] SELECT * FROM `tp_goods` WHERE  `category_id` IN (15,16,17,9)  AND `id` IN (10,13,6,9,7,16) ORDER BY id DESC LIMIT 6 [ RunTime:0.001000s ]
[ sql ] [ SQL ] SELECT `id`,`pid` FROM `tp_category` [ RunTime:0.001000s ]
[ sql ] [ SQL ] SELECT * FROM `tp_rec_item` WHERE  `value_type` = 1  AND `recpos_id` = 4 [ RunTime:0.001000s ]
[ sql ] [ SQL ] SELECT * FROM `tp_goods` WHERE  `category_id` IN (8,11,12,13,14,9,15,16,17,10,18,19,20,7)  AND `id` IN (11,10,9,7,5,6,8,4,13,2,16) ORDER BY id DESC LIMIT 6 [ RunTime:0.001000s ]
[ sql ] [ SQL ] SELECT * FROM `tp_category_brands` WHERE  `category_id` = 7 LIMIT 1 [ RunTime:0.001000s ]
[ sql ] [ SQL ] SELECT * FROM `tp_brand` WHERE  `id` = 3 LIMIT 1 [ RunTime:0.001000s ]
[ sql ] [ SQL ] SELECT * FROM `tp_brand` WHERE  `id` = 2 LIMIT 1 [ RunTime:0.001000s ]
[ sql ] [ SQL ] SELECT * FROM `tp_category_ad` WHERE  `category_id` = 7 [ RunTime:0.001000s ]
[ sql ] [ SQL ] SELECT * FROM `tp_rec_item` WHERE  `value_type` = 1  AND `recpos_id` = 8 [ RunTime:0.001000s ]
[ sql ] [ SQL ] SELECT `id`,`mid_thumb`,`goods_name`,`shop_price`,`markte_price` FROM `tp_goods` WHERE  `id` IN (10,11,13,16) LIMIT 20 [ RunTime:0.001000s ]
[ sql ] [ SQL ] SHOW COLUMNS FROM `tp_alternate_img` [ RunTime:0.035002s ]
[ sql ] [ SQL ] SELECT * FROM `tp_alternate_img` WHERE  `status` = 1 ORDER BY sort DESC [ RunTime:0.000000s ]
---------------------------------------------------------------
[ 2018-05-18T10:05:24+08:00 ] 127.0.0.1 127.0.0.1 GET /shop/public/static/index/img/0_thumb_G_1490205189180.jpg
[ info ] 127.0.0.1/shop/public/static/index/img/0_thumb_G_1490205189180.jpg [运行时间：0.015001s][吞吐率：66.66req/s] [内存消耗：1,556.40kb] [文件加载：40]
[ info ] [ LANG ] F:\wamp\www\shop\thinkphp\lang\zh-cn.php
[ info ] [ ROUTE ] array (
  'type' => 'module',
  'module' => 
  array (
    0 => 'static',
    1 => 'index',
    2 => 'img',
  ),
)
[ info ] [ HEADER ] array (
  'host' => '127.0.0.1',
  'connection' => 'keep-alive',
  'user-agent' => 'Mozilla/5.0 (Windows NT 6.1; WOW64) AppleWebKit/537.36 (KHTML, like Gecko) Chrome/62.0.3202.89 Safari/537.36',
  'accept' => 'image/webp,image/apng,image/*,*/*;q=0.8',
  'referer' => 'http://127.0.0.1/shop/index.php/',
  'accept-encoding' => 'gzip, deflate, br',
  'accept-language' => 'zh,zh-CN;q=0.9',
  'cookie' => 'cart=a%3A2%3A%7Bs%3A8%3A%2216-73%2C77%22%3Bs%3A1%3A%223%22%3Bs%3A8%3A%2216-72%2C75%22%3Bs%3A1%3A%222%22%3B%7D; PHPSESSID=jh831njibnrpvd82s97g83cs3v',
)
[ info ] [ PARAM ] array (
)
[ info ] [ LOG ] INIT File
---------------------------------------------------------------
[ 2018-05-18T10:05:25+08:00 ] 127.0.0.1 127.0.0.1 GET /shop/public/static/index/img/sprite_index.png
[ info ] 127.0.0.1/shop/public/static/index/img/sprite_index.png [运行时间：0.017001s][吞吐率：58.82req/s] [内存消耗：1,556.29kb] [文件加载：40]
[ info ] [ LANG ] F:\wamp\www\shop\thinkphp\lang\zh-cn.php
[ info ] [ ROUTE ] array (
  'type' => 'module',
  'module' => 
  array (
    0 => 'static',
    1 => 'index',
    2 => 'img',
  ),
)
[ info ] [ HEADER ] array (
  'host' => '127.0.0.1',
  'connection' => 'keep-alive',
  'user-agent' => 'Mozilla/5.0 (Windows NT 6.1; WOW64) AppleWebKit/537.36 (KHTML, like Gecko) Chrome/62.0.3202.89 Safari/537.36',
  'accept' => 'image/webp,image/apng,image/*,*/*;q=0.8',
  'referer' => 'http://127.0.0.1/shop/public/static/index/css/style.css',
  'accept-encoding' => 'gzip, deflate, br',
  'accept-language' => 'zh,zh-CN;q=0.9',
  'cookie' => 'cart=a%3A2%3A%7Bs%3A8%3A%2216-73%2C77%22%3Bs%3A1%3A%223%22%3Bs%3A8%3A%2216-72%2C75%22%3Bs%3A1%3A%222%22%3B%7D; PHPSESSID=jh831njibnrpvd82s97g83cs3v',
)
[ info ] [ PARAM ] array (
)
[ info ] [ LOG ] INIT File
---------------------------------------------------------------
[ 2018-05-18T10:05:25+08:00 ] 127.0.0.1 127.0.0.1 GET /shop/index.php/member/account/checklogin.html
[ info ] 127.0.0.1/shop/index.php/member/account/checklogin.html [运行时间：0.086004s][吞吐率：11.63req/s] [内存消耗：3,435.66kb] [文件加载：62]
[ info ] [ LANG ] F:\wamp\www\shop\thinkphp\lang\zh-cn.php
[ info ] [ ROUTE ] array (
  'type' => 'module',
  'module' => 
  array (
    0 => 'member',
    1 => 'account',
    2 => 'checklogin',
  ),
)
[ info ] [ HEADER ] array (
  'host' => '127.0.0.1',
  'connection' => 'keep-alive',
  'accept' => 'application/json, text/javascript, */*; q=0.01',
  'x-requested-with' => 'XMLHttpRequest',
  'user-agent' => 'Mozilla/5.0 (Windows NT 6.1; WOW64) AppleWebKit/537.36 (KHTML, like Gecko) Chrome/62.0.3202.89 Safari/537.36',
  'referer' => 'http://127.0.0.1/shop/index.php/',
  'accept-encoding' => 'gzip, deflate, br',
  'accept-language' => 'zh,zh-CN;q=0.9',
  'cookie' => 'cart=a%3A2%3A%7Bs%3A8%3A%2216-73%2C77%22%3Bs%3A1%3A%223%22%3Bs%3A8%3A%2216-72%2C75%22%3Bs%3A1%3A%222%22%3B%7D; PHPSESSID=jh831njibnrpvd82s97g83cs3v',
)
[ info ] [ PARAM ] array (
)
[ info ] [ DB ] INIT mysql
[ info ] [ CACHE ] INIT File
[ info ] [ RUN ] app\member\controller\Account->checkLogin[ F:\wamp\www\shop\application\member\controller\Account.php ]
[ info ] [ SESSION ] INIT array (
  'id' => '',
  'var_session_id' => '',
  'prefix' => 'think',
  'type' => '',
  'auto_start' => true,
)
[ info ] [ LOG ] INIT File
[ sql ] [ DB ] CONNECT:[ UseTime:0.001000s ] mysql:host=127.0.0.1;dbname=tpshop;charset=utf8
[ sql ] [ SQL ] SHOW COLUMNS FROM `tp_category` [ RunTime:0.027002s ]
[ sql ] [ SQL ] SELECT * FROM `tp_category` WHERE  `pid` = 0 ORDER BY sort ASC [ RunTime:0.001000s ]
[ sql ] [ SQL ] SELECT * FROM `tp_category` WHERE  `pid` = 7 [ RunTime:0.001000s ]
[ sql ] [ SQL ] SELECT * FROM `tp_category` WHERE  `pid` = 2 [ RunTime:0.001000s ]
[ sql ] [ SQL ] SELECT * FROM `tp_category` WHERE  `pid` = 33 [ RunTime:0.001000s ]
---------------------------------------------------------------
[ 2018-05-18T10:05:25+08:00 ] 127.0.0.1 127.0.0.1 POST /shop/index.php/index/brand/lst.html
[ info ] 127.0.0.1/shop/index.php/index/brand/lst.html [运行时间：0.356020s][吞吐率：2.81req/s] [内存消耗：2,824.15kb] [文件加载：55]
[ info ] [ LANG ] F:\wamp\www\shop\thinkphp\lang\zh-cn.php
[ info ] [ ROUTE ] array (
  'type' => 'module',
  'module' => 
  array (
    0 => 'index',
    1 => 'brand',
    2 => 'lst',
  ),
)
[ info ] [ HEADER ] array (
  'host' => '127.0.0.1',
  'connection' => 'keep-alive',
  'content-length' => '6',
  'accept' => 'application/json, text/javascript, */*; q=0.01',
  'origin' => 'http://127.0.0.1',
  'x-requested-with' => 'XMLHttpRequest',
  'user-agent' => 'Mozilla/5.0 (Windows NT 6.1; WOW64) AppleWebKit/537.36 (KHTML, like Gecko) Chrome/62.0.3202.89 Safari/537.36',
  'content-type' => 'application/x-www-form-urlencoded; charset=UTF-8',
  'referer' => 'http://127.0.0.1/shop/index.php/',
  'accept-encoding' => 'gzip, deflate, br',
  'accept-language' => 'zh,zh-CN;q=0.9',
  'cookie' => 'cart=a%3A2%3A%7Bs%3A8%3A%2216-73%2C77%22%3Bs%3A1%3A%223%22%3Bs%3A8%3A%2216-72%2C75%22%3Bs%3A1%3A%222%22%3B%7D; PHPSESSID=jh831njibnrpvd82s97g83cs3v',
)
[ info ] [ PARAM ] array (
  'page' => '1',
)
[ info ] [ RUN ] app\index\controller\Brand->lst[ F:\wamp\www\shop\application\index\controller\Brand.php ]
[ info ] [ DB ] INIT mysql
[ info ] [ LOG ] INIT File
[ sql ] [ DB ] CONNECT:[ UseTime:0.001000s ] mysql:host=127.0.0.1;dbname=tpshop;charset=utf8
[ sql ] [ SQL ] SHOW COLUMNS FROM `tp_brand` [ RunTime:0.027002s ]
[ sql ] [ SQL ] SELECT COUNT(*) AS tp_count FROM `tp_brand` LIMIT 1 [ RunTime:0.104006s ]
[ sql ] [ SQL ] SELECT * FROM `tp_brand` ORDER BY id DESC LIMIT 0,17 [ RunTime:0.001000s ]
---------------------------------------------------------------
[ 2018-05-18T10:05:25+08:00 ] 127.0.0.1 127.0.0.1 GET /shop/index.php/favicon.ico
[ info ] 127.0.0.1/shop/index.php/favicon.ico [运行时间：0.015001s][吞吐率：66.66req/s] [内存消耗：1,555.54kb] [文件加载：40]
[ info ] [ LANG ] F:\wamp\www\shop\thinkphp\lang\zh-cn.php
[ info ] [ ROUTE ] array (
  'type' => 'module',
  'module' => 
  array (
    0 => 'favicon.ico',
    1 => NULL,
    2 => NULL,
  ),
)
[ info ] [ HEADER ] array (
  'host' => '127.0.0.1',
  'connection' => 'keep-alive',
  'user-agent' => 'Mozilla/5.0 (Windows NT 6.1; WOW64) AppleWebKit/537.36 (KHTML, like Gecko) Chrome/62.0.3202.89 Safari/537.36',
  'accept' => 'image/webp,image/apng,image/*,*/*;q=0.8',
  'referer' => 'http://127.0.0.1/shop/index.php/',
  'accept-encoding' => 'gzip, deflate, br',
  'accept-language' => 'zh,zh-CN;q=0.9',
  'cookie' => 'cart=a%3A2%3A%7Bs%3A8%3A%2216-73%2C77%22%3Bs%3A1%3A%223%22%3Bs%3A8%3A%2216-72%2C75%22%3Bs%3A1%3A%222%22%3B%7D; PHPSESSID=jh831njibnrpvd82s97g83cs3v',
)
[ info ] [ PARAM ] array (
)
[ info ] [ LOG ] INIT File
---------------------------------------------------------------
[ 2018-05-18T10:19:57+08:00 ] 127.0.0.1 127.0.0.1 GET /shop/index.php/account/reg
[ info ] 127.0.0.1/shop/index.php/account/reg [运行时间：0.243014s][吞吐率：4.11req/s] [内存消耗：1,555.70kb] [文件加载：40]
[ info ] [ LANG ] F:\wamp\www\shop\thinkphp\lang\zh-cn.php
[ info ] [ ROUTE ] array (
  'type' => 'module',
  'module' => 
  array (
    0 => 'account',
    1 => 'reg',
    2 => NULL,
  ),
)
[ info ] [ HEADER ] array (
  'host' => '127.0.0.1',
  'connection' => 'keep-alive',
  'user-agent' => 'Mozilla/5.0 (Windows NT 6.1; WOW64) AppleWebKit/537.36 (KHTML, like Gecko) Chrome/62.0.3202.89 Safari/537.36',
  'upgrade-insecure-requests' => '1',
  'accept' => 'text/html,application/xhtml+xml,application/xml;q=0.9,image/webp,image/apng,*/*;q=0.8',
  'accept-encoding' => 'gzip, deflate, br',
  'accept-language' => 'zh,zh-CN;q=0.9',
  'cookie' => 'cart=a%3A2%3A%7Bs%3A8%3A%2216-73%2C77%22%3Bs%3A1%3A%223%22%3Bs%3A8%3A%2216-72%2C75%22%3Bs%3A1%3A%222%22%3B%7D; PHPSESSID=jh831njibnrpvd82s97g83cs3v',
)
[ info ] [ PARAM ] array (
)
[ info ] [ LOG ] INIT File
---------------------------------------------------------------
[ 2018-05-18T10:20:17+08:00 ] 127.0.0.1 127.0.0.1 GET /shop/index.php/member/account/reg
[ info ] 127.0.0.1/shop/index.php/member/account/reg [运行时间：0.248014s][吞吐率：4.03req/s] [内存消耗：3,493.71kb] [文件加载：63]
[ info ] [ LANG ] F:\wamp\www\shop\thinkphp\lang\zh-cn.php
[ info ] [ ROUTE ] array (
  'type' => 'module',
  'module' => 
  array (
    0 => 'member',
    1 => 'account',
    2 => 'reg',
  ),
)
[ info ] [ HEADER ] array (
  'host' => '127.0.0.1',
  'connection' => 'keep-alive',
  'user-agent' => 'Mozilla/5.0 (Windows NT 6.1; WOW64) AppleWebKit/537.36 (KHTML, like Gecko) Chrome/62.0.3202.89 Safari/537.36',
  'upgrade-insecure-requests' => '1',
  'accept' => 'text/html,application/xhtml+xml,application/xml;q=0.9,image/webp,image/apng,*/*;q=0.8',
  'accept-encoding' => 'gzip, deflate, br',
  'accept-language' => 'zh,zh-CN;q=0.9',
  'cookie' => 'cart=a%3A2%3A%7Bs%3A8%3A%2216-73%2C77%22%3Bs%3A1%3A%223%22%3Bs%3A8%3A%2216-72%2C75%22%3Bs%3A1%3A%222%22%3B%7D; PHPSESSID=jh831njibnrpvd82s97g83cs3v',
)
[ info ] [ PARAM ] array (
)
[ info ] [ DB ] INIT mysql
[ info ] [ CACHE ] INIT File
[ info ] [ RUN ] app\member\controller\Account->reg[ F:\wamp\www\shop\application\member\controller\Account.php ]
[ info ] [ VIEW ] F:\wamp\www\shop/application/member\view\account\reg.htm [ array (
  0 => 'helpCateRes',
  1 => 'shopInfoRes',
  2 => 'navRes',
  3 => 'configs',
  4 => 'cateRes',
) ]
[ info ] [ LOG ] INIT File
[ sql ] [ DB ] CONNECT:[ UseTime:0.011000s ] mysql:host=127.0.0.1;dbname=tpshop;charset=utf8
[ sql ] [ SQL ] SHOW COLUMNS FROM `tp_category` [ RunTime:0.023001s ]
[ sql ] [ SQL ] SELECT * FROM `tp_category` WHERE  `pid` = 0 ORDER BY sort ASC [ RunTime:0.001001s ]
[ sql ] [ SQL ] SELECT * FROM `tp_category` WHERE  `pid` = 7 [ RunTime:0.001000s ]
[ sql ] [ SQL ] SELECT * FROM `tp_category` WHERE  `pid` = 2 [ RunTime:0.001000s ]
[ sql ] [ SQL ] SELECT * FROM `tp_category` WHERE  `pid` = 33 [ RunTime:0.000000s ]
---------------------------------------------------------------
[ 2018-05-18T10:20:18+08:00 ] 127.0.0.1 127.0.0.1 GET /shop/public/static/index/js/sms.js
[ info ] 127.0.0.1/shop/public/static/index/js/sms.js [运行时间：0.016001s][吞吐率：62.50req/s] [内存消耗：1,556.02kb] [文件加载：40]
[ info ] [ LANG ] F:\wamp\www\shop\thinkphp\lang\zh-cn.php
[ info ] [ ROUTE ] array (
  'type' => 'module',
  'module' => 
  array (
    0 => 'static',
    1 => 'index',
    2 => 'js',
  ),
)
[ info ] [ HEADER ] array (
  'host' => '127.0.0.1',
  'connection' => 'keep-alive',
  'user-agent' => 'Mozilla/5.0 (Windows NT 6.1; WOW64) AppleWebKit/537.36 (KHTML, like Gecko) Chrome/62.0.3202.89 Safari/537.36',
  'accept' => '*/*',
  'referer' => 'http://127.0.0.1/shop/index.php/member/account/reg',
  'accept-encoding' => 'gzip, deflate, br',
  'accept-language' => 'zh,zh-CN;q=0.9',
  'cookie' => 'cart=a%3A2%3A%7Bs%3A8%3A%2216-73%2C77%22%3Bs%3A1%3A%223%22%3Bs%3A8%3A%2216-72%2C75%22%3Bs%3A1%3A%222%22%3B%7D; PHPSESSID=jh831njibnrpvd82s97g83cs3v',
)
[ info ] [ PARAM ] array (
)
[ info ] [ LOG ] INIT File
---------------------------------------------------------------
[ 2018-05-18T10:20:18+08:00 ] 127.0.0.1 127.0.0.1 GET /shop/index.php/member/account/favicon.ico
[ info ] 127.0.0.1/shop/index.php/member/account/favicon.ico [运行时间：0.055004s][吞吐率：18.18req/s] [内存消耗：3,441.10kb] [文件加载：63]
[ info ] [ LANG ] F:\wamp\www\shop\thinkphp\lang\zh-cn.php
[ info ] [ ROUTE ] array (
  'type' => 'module',
  'module' => 
  array (
    0 => 'member',
    1 => 'account',
    2 => 'favicon.ico',
  ),
)
[ info ] [ HEADER ] array (
  'host' => '127.0.0.1',
  'connection' => 'keep-alive',
  'user-agent' => 'Mozilla/5.0 (Windows NT 6.1; WOW64) AppleWebKit/537.36 (KHTML, like Gecko) Chrome/62.0.3202.89 Safari/537.36',
  'accept' => 'image/webp,image/apng,image/*,*/*;q=0.8',
  'referer' => 'http://127.0.0.1/shop/index.php/member/account/reg',
  'accept-encoding' => 'gzip, deflate, br',
  'accept-language' => 'zh,zh-CN;q=0.9',
  'cookie' => 'cart=a%3A2%3A%7Bs%3A8%3A%2216-73%2C77%22%3Bs%3A1%3A%223%22%3Bs%3A8%3A%2216-72%2C75%22%3Bs%3A1%3A%222%22%3B%7D; PHPSESSID=jh831njibnrpvd82s97g83cs3v',
)
[ info ] [ PARAM ] array (
)
[ info ] [ DB ] INIT mysql
[ info ] [ CACHE ] INIT File
[ info ] [ LOG ] INIT File
[ sql ] [ DB ] CONNECT:[ UseTime:0.001000s ] mysql:host=127.0.0.1;dbname=tpshop;charset=utf8
[ sql ] [ SQL ] SHOW COLUMNS FROM `tp_category` [ RunTime:0.012000s ]
[ sql ] [ SQL ] SELECT * FROM `tp_category` WHERE  `pid` = 0 ORDER BY sort ASC [ RunTime:0.000000s ]
[ sql ] [ SQL ] SELECT * FROM `tp_category` WHERE  `pid` = 7 [ RunTime:0.000000s ]
[ sql ] [ SQL ] SELECT * FROM `tp_category` WHERE  `pid` = 2 [ RunTime:0.000000s ]
[ sql ] [ SQL ] SELECT * FROM `tp_category` WHERE  `pid` = 33 [ RunTime:0.000000s ]
---------------------------------------------------------------
[ 2018-05-18T10:21:59+08:00 ] 127.0.0.1 127.0.0.1 GET /shop/index.php/member/account/login
[ info ] 127.0.0.1/shop/index.php/member/account/login [运行时间：0.091005s][吞吐率：10.99req/s] [内存消耗：3,477.73kb] [文件加载：63]
[ info ] [ LANG ] F:\wamp\www\shop\thinkphp\lang\zh-cn.php
[ info ] [ ROUTE ] array (
  'type' => 'module',
  'module' => 
  array (
    0 => 'member',
    1 => 'account',
    2 => 'login',
  ),
)
[ info ] [ HEADER ] array (
  'host' => '127.0.0.1',
  'connection' => 'keep-alive',
  'user-agent' => 'Mozilla/5.0 (Windows NT 6.1; WOW64) AppleWebKit/537.36 (KHTML, like Gecko) Chrome/62.0.3202.89 Safari/537.36',
  'upgrade-insecure-requests' => '1',
  'accept' => 'text/html,application/xhtml+xml,application/xml;q=0.9,image/webp,image/apng,*/*;q=0.8',
  'accept-encoding' => 'gzip, deflate, br',
  'accept-language' => 'zh,zh-CN;q=0.9',
  'cookie' => 'cart=a%3A2%3A%7Bs%3A8%3A%2216-73%2C77%22%3Bs%3A1%3A%223%22%3Bs%3A8%3A%2216-72%2C75%22%3Bs%3A1%3A%222%22%3B%7D; PHPSESSID=jh831njibnrpvd82s97g83cs3v',
)
[ info ] [ PARAM ] array (
)
[ info ] [ DB ] INIT mysql
[ info ] [ CACHE ] INIT File
[ info ] [ RUN ] app\member\controller\Account->login[ F:\wamp\www\shop\application\member\controller\Account.php ]
[ info ] [ VIEW ] F:\wamp\www\shop/application/member\view\account\login.htm [ array (
  0 => 'helpCateRes',
  1 => 'shopInfoRes',
  2 => 'navRes',
  3 => 'configs',
  4 => 'cateRes',
) ]
[ info ] [ LOG ] INIT File
[ sql ] [ DB ] CONNECT:[ UseTime:0.001000s ] mysql:host=127.0.0.1;dbname=tpshop;charset=utf8
[ sql ] [ SQL ] SHOW COLUMNS FROM `tp_category` [ RunTime:0.011001s ]
[ sql ] [ SQL ] SELECT * FROM `tp_category` WHERE  `pid` = 0 ORDER BY sort ASC [ RunTime:0.001000s ]
[ sql ] [ SQL ] SELECT * FROM `tp_category` WHERE  `pid` = 7 [ RunTime:0.000000s ]
[ sql ] [ SQL ] SELECT * FROM `tp_category` WHERE  `pid` = 2 [ RunTime:0.000000s ]
[ sql ] [ SQL ] SELECT * FROM `tp_category` WHERE  `pid` = 33 [ RunTime:0.000000s ]
---------------------------------------------------------------
[ 2018-05-18T10:21:59+08:00 ] 127.0.0.1 127.0.0.1 GET /shop/public/static/index/js/sms.js
[ info ] 127.0.0.1/shop/public/static/index/js/sms.js [运行时间：0.021001s][吞吐率：47.62req/s] [内存消耗：1,556.02kb] [文件加载：40]
[ info ] [ LANG ] F:\wamp\www\shop\thinkphp\lang\zh-cn.php
[ info ] [ ROUTE ] array (
  'type' => 'module',
  'module' => 
  array (
    0 => 'static',
    1 => 'index',
    2 => 'js',
  ),
)
[ info ] [ HEADER ] array (
  'host' => '127.0.0.1',
  'connection' => 'keep-alive',
  'user-agent' => 'Mozilla/5.0 (Windows NT 6.1; WOW64) AppleWebKit/537.36 (KHTML, like Gecko) Chrome/62.0.3202.89 Safari/537.36',
  'accept' => '*/*',
  'referer' => 'http://127.0.0.1/shop/index.php/member/account/login',
  'accept-encoding' => 'gzip, deflate, br',
  'accept-language' => 'zh,zh-CN;q=0.9',
  'cookie' => 'cart=a%3A2%3A%7Bs%3A8%3A%2216-73%2C77%22%3Bs%3A1%3A%223%22%3Bs%3A8%3A%2216-72%2C75%22%3Bs%3A1%3A%222%22%3B%7D; PHPSESSID=jh831njibnrpvd82s97g83cs3v',
)
[ info ] [ PARAM ] array (
)
[ info ] [ LOG ] INIT File
---------------------------------------------------------------
[ 2018-05-18T10:21:59+08:00 ] 127.0.0.1 127.0.0.1 GET /shop/public/static/index/js/sms.js
[ info ] 127.0.0.1/shop/public/static/index/js/sms.js [运行时间：0.018001s][吞吐率：55.55req/s] [内存消耗：1,556.02kb] [文件加载：40]
[ info ] [ LANG ] F:\wamp\www\shop\thinkphp\lang\zh-cn.php
[ info ] [ ROUTE ] array (
  'type' => 'module',
  'module' => 
  array (
    0 => 'static',
    1 => 'index',
    2 => 'js',
  ),
)
[ info ] [ HEADER ] array (
  'host' => '127.0.0.1',
  'connection' => 'keep-alive',
  'user-agent' => 'Mozilla/5.0 (Windows NT 6.1; WOW64) AppleWebKit/537.36 (KHTML, like Gecko) Chrome/62.0.3202.89 Safari/537.36',
  'accept' => '*/*',
  'referer' => 'http://127.0.0.1/shop/index.php/member/account/login',
  'accept-encoding' => 'gzip, deflate, br',
  'accept-language' => 'zh,zh-CN;q=0.9',
  'cookie' => 'cart=a%3A2%3A%7Bs%3A8%3A%2216-73%2C77%22%3Bs%3A1%3A%223%22%3Bs%3A8%3A%2216-72%2C75%22%3Bs%3A1%3A%222%22%3B%7D; PHPSESSID=jh831njibnrpvd82s97g83cs3v',
)
[ info ] [ PARAM ] array (
)
[ info ] [ LOG ] INIT File
