---------------------------------------------------------------
[ 2018-05-22T22:27:11+08:00 ] 127.0.0.1 127.0.0.1 GET /shop/index.php/admin
[ info ] 127.0.0.1/shop/index.php/admin [运行时间：0.523030s][吞吐率：1.91req/s] [内存消耗：1,967.11kb] [文件加载：47]
[ info ] [ LANG ] F:\wamp\www\shop\thinkphp\lang\zh-cn.php
[ info ] [ ROUTE ] array (
  'type' => 'module',
  'module' => 
  array (
    0 => 'admin',
    1 => NULL,
    2 => NULL,
  ),
)
[ info ] [ HEADER ] array (
  'host' => '127.0.0.1',
  'connection' => 'keep-alive',
  'user-agent' => 'Mozilla/5.0 (Windows NT 6.1; WOW64) AppleWebKit/537.36 (KHTML, like Gecko) Chrome/62.0.3202.89 Safari/537.36',
  'upgrade-insecure-requests' => '1',
  'accept' => 'text/html,application/xhtml+xml,application/xml;q=0.9,image/webp,image/apng,*/*;q=0.8',
  'accept-encoding' => 'gzip, deflate, br',
  'accept-language' => 'zh,zh-CN;q=0.9',
  'cookie' => 'PHPSESSID=uri7f3avct7tgl87l210s7h9bv; cart=a%3A2%3A%7Bs%3A8%3A%2216-73%2C77%22%3Bs%3A1%3A%222%22%3Bs%3A8%3A%2216-72%2C75%22%3Bi%3A23%3B%7D',
)
[ info ] [ PARAM ] array (
)
[ info ] [ RUN ] app\admin\controller\Index->index[ F:\wamp\www\shop\application\admin\controller\Index.php ]
[ info ] [ VIEW ] F:\wamp\www\shop/application/admin\view\index\index.htm [ array (
) ]
[ info ] [ LOG ] INIT File
---------------------------------------------------------------
[ 2018-05-22T22:27:12+08:00 ] 127.0.0.1 127.0.0.1 GET /shop/public/static/admin/fonts/fontawesome-webfont.woff2?v=4.3.0
[ info ] 127.0.0.1/shop/public/static/admin/fonts/fontawesome-webfont.woff2?v=4.3.0 [运行时间：0.331019s][吞吐率：3.02req/s] [内存消耗：1,557.80kb] [文件加载：40]
[ info ] [ LANG ] F:\wamp\www\shop\thinkphp\lang\zh-cn.php
[ info ] [ ROUTE ] array (
  'type' => 'module',
  'module' => 
  array (
    0 => 'static',
    1 => 'admin',
    2 => 'fonts',
  ),
)
[ info ] [ HEADER ] array (
  'host' => '127.0.0.1',
  'connection' => 'keep-alive',
  'origin' => 'http://127.0.0.1',
  'user-agent' => 'Mozilla/5.0 (Windows NT 6.1; WOW64) AppleWebKit/537.36 (KHTML, like Gecko) Chrome/62.0.3202.89 Safari/537.36',
  'accept' => '*/*',
  'referer' => 'http://127.0.0.1/shop/public/static/admin/style/font-awesome.css',
  'accept-encoding' => 'gzip, deflate, br',
  'accept-language' => 'zh,zh-CN;q=0.9',
  'cookie' => 'PHPSESSID=uri7f3avct7tgl87l210s7h9bv; cart=a%3A2%3A%7Bs%3A8%3A%2216-73%2C77%22%3Bs%3A1%3A%222%22%3Bs%3A8%3A%2216-72%2C75%22%3Bi%3A23%3B%7D',
)
[ info ] [ PARAM ] array (
  'v' => '4.3.0',
)
[ info ] [ LOG ] INIT File
---------------------------------------------------------------
[ 2018-05-22T22:27:16+08:00 ] 127.0.0.1 127.0.0.1 GET /shop/index.php/admin/article/imglist.html
[ info ] 127.0.0.1/shop/index.php/admin/article/imglist.html [运行时间：0.423024s][吞吐率：2.36req/s] [内存消耗：2,206.28kb] [文件加载：53]
[ info ] [ LANG ] F:\wamp\www\shop\thinkphp\lang\zh-cn.php
[ info ] [ ROUTE ] array (
  'type' => 'module',
  'module' => 
  array (
    0 => 'admin',
    1 => 'article',
    2 => 'imglist',
  ),
)
[ info ] [ HEADER ] array (
  'host' => '127.0.0.1',
  'connection' => 'keep-alive',
  'upgrade-insecure-requests' => '1',
  'user-agent' => 'Mozilla/5.0 (Windows NT 6.1; WOW64) AppleWebKit/537.36 (KHTML, like Gecko) Chrome/62.0.3202.89 Safari/537.36',
  'accept' => 'text/html,application/xhtml+xml,application/xml;q=0.9,image/webp,image/apng,*/*;q=0.8',
  'referer' => 'http://127.0.0.1/shop/index.php/admin',
  'accept-encoding' => 'gzip, deflate, br',
  'accept-language' => 'zh,zh-CN;q=0.9',
  'cookie' => 'PHPSESSID=uri7f3avct7tgl87l210s7h9bv; cart=a%3A2%3A%7Bs%3A8%3A%2216-73%2C77%22%3Bs%3A1%3A%222%22%3Bs%3A8%3A%2216-72%2C75%22%3Bi%3A23%3B%7D',
)
[ info ] [ PARAM ] array (
)
[ info ] [ RUN ] app\admin\controller\Article->imglist[ F:\wamp\www\shop\application\admin\controller\Article.php ]
[ info ] [ VIEW ] F:\wamp\www\shop/application/admin\view\article\imglist.htm [ array (
  0 => 'imgRes',
) ]
[ info ] [ LOG ] INIT File
[ error ] [8]Array to string conversion[F:\wamp\www\shop\runtime\temp\478b603032c8a3834784a5c712f12d76.php:455]
---------------------------------------------------------------
[ 2018-05-22T22:27:23+08:00 ] 127.0.0.1 127.0.0.1 GET /shop/public/static/admin/fonts/fontawesome-webfont.woff2?v=4.3.0
[ info ] 127.0.0.1/shop/public/static/admin/fonts/fontawesome-webfont.woff2?v=4.3.0 [运行时间：0.026002s][吞吐率：38.46req/s] [内存消耗：1,557.80kb] [文件加载：40]
[ info ] [ LANG ] F:\wamp\www\shop\thinkphp\lang\zh-cn.php
[ info ] [ ROUTE ] array (
  'type' => 'module',
  'module' => 
  array (
    0 => 'static',
    1 => 'admin',
    2 => 'fonts',
  ),
)
[ info ] [ HEADER ] array (
  'host' => '127.0.0.1',
  'connection' => 'keep-alive',
  'origin' => 'http://127.0.0.1',
  'user-agent' => 'Mozilla/5.0 (Windows NT 6.1; WOW64) AppleWebKit/537.36 (KHTML, like Gecko) Chrome/62.0.3202.89 Safari/537.36',
  'accept' => '*/*',
  'referer' => 'http://127.0.0.1/shop/public/static/admin/style/font-awesome.css',
  'accept-encoding' => 'gzip, deflate, br',
  'accept-language' => 'zh,zh-CN;q=0.9',
  'cookie' => 'PHPSESSID=uri7f3avct7tgl87l210s7h9bv; cart=a%3A2%3A%7Bs%3A8%3A%2216-73%2C77%22%3Bs%3A1%3A%222%22%3Bs%3A8%3A%2216-72%2C75%22%3Bi%3A23%3B%7D',
)
[ info ] [ PARAM ] array (
  'v' => '4.3.0',
)
[ info ] [ LOG ] INIT File
---------------------------------------------------------------
[ 2018-05-22T22:27:26+08:00 ] 127.0.0.1 127.0.0.1 GET /shop/index.php/admin/alternate_img/lst.html
[ info ] 127.0.0.1/shop/index.php/admin/alternate_img/lst.html [运行时间：1.306075s][吞吐率：0.77req/s] [内存消耗：3,120.03kb] [文件加载：59]
[ info ] [ LANG ] F:\wamp\www\shop\thinkphp\lang\zh-cn.php
[ info ] [ ROUTE ] array (
  'type' => 'module',
  'module' => 
  array (
    0 => 'admin',
    1 => 'alternate_img',
    2 => 'lst',
  ),
)
[ info ] [ HEADER ] array (
  'host' => '127.0.0.1',
  'connection' => 'keep-alive',
  'upgrade-insecure-requests' => '1',
  'user-agent' => 'Mozilla/5.0 (Windows NT 6.1; WOW64) AppleWebKit/537.36 (KHTML, like Gecko) Chrome/62.0.3202.89 Safari/537.36',
  'accept' => 'text/html,application/xhtml+xml,application/xml;q=0.9,image/webp,image/apng,*/*;q=0.8',
  'referer' => 'http://127.0.0.1/shop/index.php/admin',
  'accept-encoding' => 'gzip, deflate, br',
  'accept-language' => 'zh,zh-CN;q=0.9',
  'cookie' => 'PHPSESSID=uri7f3avct7tgl87l210s7h9bv; cart=a%3A2%3A%7Bs%3A8%3A%2216-73%2C77%22%3Bs%3A1%3A%222%22%3Bs%3A8%3A%2216-72%2C75%22%3Bi%3A23%3B%7D',
)
[ info ] [ PARAM ] array (
)
[ info ] [ RUN ] app\admin\controller\AlternateImg->lst[ F:\wamp\www\shop\application\admin\controller\AlternateImg.php ]
[ info ] [ DB ] INIT mysql
[ info ] [ VIEW ] F:\wamp\www\shop/application/admin\view\alternate_img\list.htm [ array (
  0 => 'alternateImgRes',
) ]
[ info ] [ LOG ] INIT File
[ sql ] [ DB ] CONNECT:[ UseTime:0.765044s ] mysql:host=127.0.0.1;dbname=tpshop;charset=utf8
[ sql ] [ SQL ] SHOW COLUMNS FROM `tp_alternate_img` [ RunTime:0.284016s ]
[ sql ] [ SQL ] SELECT COUNT(*) AS tp_count FROM `tp_alternate_img` LIMIT 1 [ RunTime:0.004001s ]
[ sql ] [ SQL ] SELECT * FROM `tp_alternate_img` ORDER BY sort DESC LIMIT 0,6 [ RunTime:0.001000s ]
---------------------------------------------------------------
[ 2018-05-22T22:27:26+08:00 ] 127.0.0.1 127.0.0.1 GET /shop/public/static/admin/fonts/fontawesome-webfont.woff2?v=4.3.0
[ info ] 127.0.0.1/shop/public/static/admin/fonts/fontawesome-webfont.woff2?v=4.3.0 [运行时间：0.016001s][吞吐率：62.50req/s] [内存消耗：1,557.80kb] [文件加载：40]
[ info ] [ LANG ] F:\wamp\www\shop\thinkphp\lang\zh-cn.php
[ info ] [ ROUTE ] array (
  'type' => 'module',
  'module' => 
  array (
    0 => 'static',
    1 => 'admin',
    2 => 'fonts',
  ),
)
[ info ] [ HEADER ] array (
  'host' => '127.0.0.1',
  'connection' => 'keep-alive',
  'origin' => 'http://127.0.0.1',
  'user-agent' => 'Mozilla/5.0 (Windows NT 6.1; WOW64) AppleWebKit/537.36 (KHTML, like Gecko) Chrome/62.0.3202.89 Safari/537.36',
  'accept' => '*/*',
  'referer' => 'http://127.0.0.1/shop/public/static/admin/style/font-awesome.css',
  'accept-encoding' => 'gzip, deflate, br',
  'accept-language' => 'zh,zh-CN;q=0.9',
  'cookie' => 'PHPSESSID=uri7f3avct7tgl87l210s7h9bv; cart=a%3A2%3A%7Bs%3A8%3A%2216-73%2C77%22%3Bs%3A1%3A%222%22%3Bs%3A8%3A%2216-72%2C75%22%3Bi%3A23%3B%7D',
)
[ info ] [ PARAM ] array (
  'v' => '4.3.0',
)
[ info ] [ LOG ] INIT File
---------------------------------------------------------------
[ 2018-05-22T22:27:29+08:00 ] 127.0.0.1 127.0.0.1 GET /shop/index.php/admin/article/imglist.html
[ info ] 127.0.0.1/shop/index.php/admin/article/imglist.html [运行时间：0.040002s][吞吐率：25.00req/s] [内存消耗：2,016.59kb] [文件加载：51]
[ info ] [ LANG ] F:\wamp\www\shop\thinkphp\lang\zh-cn.php
[ info ] [ ROUTE ] array (
  'type' => 'module',
  'module' => 
  array (
    0 => 'admin',
    1 => 'article',
    2 => 'imglist',
  ),
)
[ info ] [ HEADER ] array (
  'host' => '127.0.0.1',
  'connection' => 'keep-alive',
  'upgrade-insecure-requests' => '1',
  'user-agent' => 'Mozilla/5.0 (Windows NT 6.1; WOW64) AppleWebKit/537.36 (KHTML, like Gecko) Chrome/62.0.3202.89 Safari/537.36',
  'accept' => 'text/html,application/xhtml+xml,application/xml;q=0.9,image/webp,image/apng,*/*;q=0.8',
  'referer' => 'http://127.0.0.1/shop/index.php/admin/alternate_img/lst.html',
  'accept-encoding' => 'gzip, deflate, br',
  'accept-language' => 'zh,zh-CN;q=0.9',
  'cookie' => 'PHPSESSID=uri7f3avct7tgl87l210s7h9bv; cart=a%3A2%3A%7Bs%3A8%3A%2216-73%2C77%22%3Bs%3A1%3A%222%22%3Bs%3A8%3A%2216-72%2C75%22%3Bi%3A23%3B%7D',
)
[ info ] [ PARAM ] array (
)
[ info ] [ RUN ] app\admin\controller\Article->imglist[ F:\wamp\www\shop\application\admin\controller\Article.php ]
[ info ] [ VIEW ] F:\wamp\www\shop/application/admin\view\article\imglist.htm [ array (
  0 => 'imgRes',
) ]
[ info ] [ LOG ] INIT File
[ error ] [8]Array to string conversion[F:\wamp\www\shop\runtime\temp\478b603032c8a3834784a5c712f12d76.php:455]
---------------------------------------------------------------
[ 2018-05-22T22:36:40+08:00 ] 127.0.0.1 127.0.0.1 GET /shop/index.php/admin/goods/lst.html
[ info ] 127.0.0.1/shop/index.php/admin/goods/lst.html [运行时间：0.324018s][吞吐率：3.09req/s] [内存消耗：2,979.93kb] [文件加载：57]
[ info ] [ LANG ] F:\wamp\www\shop\thinkphp\lang\zh-cn.php
[ info ] [ ROUTE ] array (
  'type' => 'module',
  'module' => 
  array (
    0 => 'admin',
    1 => 'goods',
    2 => 'lst',
  ),
)
[ info ] [ HEADER ] array (
  'host' => '127.0.0.1',
  'connection' => 'keep-alive',
  'upgrade-insecure-requests' => '1',
  'user-agent' => 'Mozilla/5.0 (Windows NT 6.1; WOW64) AppleWebKit/537.36 (KHTML, like Gecko) Chrome/62.0.3202.89 Safari/537.36',
  'accept' => 'text/html,application/xhtml+xml,application/xml;q=0.9,image/webp,image/apng,*/*;q=0.8',
  'referer' => 'http://127.0.0.1/shop/index.php/admin/alternate_img/lst.html',
  'accept-encoding' => 'gzip, deflate, br',
  'accept-language' => 'zh,zh-CN;q=0.9',
  'cookie' => 'PHPSESSID=uri7f3avct7tgl87l210s7h9bv; cart=a%3A2%3A%7Bs%3A8%3A%2216-73%2C77%22%3Bs%3A1%3A%222%22%3Bs%3A8%3A%2216-72%2C75%22%3Bi%3A23%3B%7D',
)
[ info ] [ PARAM ] array (
)
[ info ] [ RUN ] app\admin\controller\Goods->lst[ F:\wamp\www\shop\application\admin\controller\Goods.php ]
[ info ] [ DB ] INIT mysql
[ info ] [ VIEW ] F:\wamp\www\shop/application/admin\view\goods\list.htm [ array (
  0 => 'goodsRes',
) ]
[ info ] [ LOG ] INIT File
[ sql ] [ DB ] CONNECT:[ UseTime:0.111007s ] mysql:host=127.0.0.1;dbname=tpshop;charset=utf8
[ sql ] [ SQL ] SHOW COLUMNS FROM `tp_goods` [ RunTime:0.039002s ]
[ sql ] [ SQL ] SELECT COUNT(*) AS tp_count FROM ( SELECT count(*) FROM `tp_goods` `g` INNER JOIN `tp_category` `c` ON `g`.`category_id`=`c`.`id` LEFT JOIN `tp_brand` `b` ON `g`.`brand_id`=`b`.`id` LEFT JOIN `tp_type` `t` ON `g`.`type_id`=`t`.`id` LEFT JOIN `tp_product` `p` ON `g`.`id`=`p`.`goods_id` GROUP BY `g`.`id` ) `_group_count_` LIMIT 1 [ RunTime:0.004000s ]
[ sql ] [ SQL ] SELECT `g`.*,`c`.`cate_name`,`b`.`brand_name`,`t`.`type_name`,SUM(p.goods_number) gn FROM `tp_goods` `g` INNER JOIN `tp_category` `c` ON `g`.`category_id`=`c`.`id` LEFT JOIN `tp_brand` `b` ON `g`.`brand_id`=`b`.`id` LEFT JOIN `tp_type` `t` ON `g`.`type_id`=`t`.`id` LEFT JOIN `tp_product` `p` ON `g`.`id`=`p`.`goods_id` GROUP BY `g`.`id` ORDER BY g.id DESC LIMIT 0,6 [ RunTime:0.030002s ]
---------------------------------------------------------------
[ 2018-05-22T22:36:40+08:00 ] 127.0.0.1 127.0.0.1 GET /shop/index.php/admin/goods/lst.html
[ info ] 127.0.0.1/shop/index.php/admin/goods/lst.html [运行时间：1.807103s][吞吐率：0.55req/s] [内存消耗：2,979.93kb] [文件加载：57]
[ info ] [ LANG ] F:\wamp\www\shop\thinkphp\lang\zh-cn.php
[ info ] [ ROUTE ] array (
  'type' => 'module',
  'module' => 
  array (
    0 => 'admin',
    1 => 'goods',
    2 => 'lst',
  ),
)
[ info ] [ HEADER ] array (
  'host' => '127.0.0.1',
  'connection' => 'keep-alive',
  'upgrade-insecure-requests' => '1',
  'user-agent' => 'Mozilla/5.0 (Windows NT 6.1; WOW64) AppleWebKit/537.36 (KHTML, like Gecko) Chrome/62.0.3202.89 Safari/537.36',
  'accept' => 'text/html,application/xhtml+xml,application/xml;q=0.9,image/webp,image/apng,*/*;q=0.8',
  'referer' => 'http://127.0.0.1/shop/index.php/admin/alternate_img/lst.html',
  'accept-encoding' => 'gzip, deflate, br',
  'accept-language' => 'zh,zh-CN;q=0.9',
  'cookie' => 'PHPSESSID=uri7f3avct7tgl87l210s7h9bv; cart=a%3A2%3A%7Bs%3A8%3A%2216-73%2C77%22%3Bs%3A1%3A%222%22%3Bs%3A8%3A%2216-72%2C75%22%3Bi%3A23%3B%7D',
)
[ info ] [ PARAM ] array (
)
[ info ] [ RUN ] app\admin\controller\Goods->lst[ F:\wamp\www\shop\application\admin\controller\Goods.php ]
[ info ] [ DB ] INIT mysql
[ info ] [ VIEW ] F:\wamp\www\shop/application/admin\view\goods\list.htm [ array (
  0 => 'goodsRes',
) ]
[ info ] [ LOG ] INIT File
[ sql ] [ DB ] CONNECT:[ UseTime:0.062003s ] mysql:host=127.0.0.1;dbname=tpshop;charset=utf8
[ sql ] [ SQL ] SHOW COLUMNS FROM `tp_goods` [ RunTime:0.267015s ]
[ sql ] [ SQL ] SELECT COUNT(*) AS tp_count FROM ( SELECT count(*) FROM `tp_goods` `g` INNER JOIN `tp_category` `c` ON `g`.`category_id`=`c`.`id` LEFT JOIN `tp_brand` `b` ON `g`.`brand_id`=`b`.`id` LEFT JOIN `tp_type` `t` ON `g`.`type_id`=`t`.`id` LEFT JOIN `tp_product` `p` ON `g`.`id`=`p`.`goods_id` GROUP BY `g`.`id` ) `_group_count_` LIMIT 1 [ RunTime:0.602035s ]
[ sql ] [ SQL ] SELECT `g`.*,`c`.`cate_name`,`b`.`brand_name`,`t`.`type_name`,SUM(p.goods_number) gn FROM `tp_goods` `g` INNER JOIN `tp_category` `c` ON `g`.`category_id`=`c`.`id` LEFT JOIN `tp_brand` `b` ON `g`.`brand_id`=`b`.`id` LEFT JOIN `tp_type` `t` ON `g`.`type_id`=`t`.`id` LEFT JOIN `tp_product` `p` ON `g`.`id`=`p`.`goods_id` GROUP BY `g`.`id` ORDER BY g.id DESC LIMIT 0,6 [ RunTime:0.152008s ]
---------------------------------------------------------------
[ 2018-05-22T22:36:41+08:00 ] 127.0.0.1 127.0.0.1 GET /shop/public/static/admin/fonts/fontawesome-webfont.woff2?v=4.3.0
[ info ] 127.0.0.1/shop/public/static/admin/fonts/fontawesome-webfont.woff2?v=4.3.0 [运行时间：0.275015s][吞吐率：3.64req/s] [内存消耗：1,557.80kb] [文件加载：40]
[ info ] [ LANG ] F:\wamp\www\shop\thinkphp\lang\zh-cn.php
[ info ] [ ROUTE ] array (
  'type' => 'module',
  'module' => 
  array (
    0 => 'static',
    1 => 'admin',
    2 => 'fonts',
  ),
)
[ info ] [ HEADER ] array (
  'host' => '127.0.0.1',
  'connection' => 'keep-alive',
  'origin' => 'http://127.0.0.1',
  'user-agent' => 'Mozilla/5.0 (Windows NT 6.1; WOW64) AppleWebKit/537.36 (KHTML, like Gecko) Chrome/62.0.3202.89 Safari/537.36',
  'accept' => '*/*',
  'referer' => 'http://127.0.0.1/shop/public/static/admin/style/font-awesome.css',
  'accept-encoding' => 'gzip, deflate, br',
  'accept-language' => 'zh,zh-CN;q=0.9',
  'cookie' => 'PHPSESSID=uri7f3avct7tgl87l210s7h9bv; cart=a%3A2%3A%7Bs%3A8%3A%2216-73%2C77%22%3Bs%3A1%3A%222%22%3Bs%3A8%3A%2216-72%2C75%22%3Bi%3A23%3B%7D',
)
[ info ] [ PARAM ] array (
  'v' => '4.3.0',
)
[ info ] [ LOG ] INIT File
---------------------------------------------------------------
[ 2018-05-22T22:36:44+08:00 ] 127.0.0.1 127.0.0.1 GET /shop/index.php/admin/goods/edit/id/16.html
[ info ] 127.0.0.1/shop/index.php/admin/goods/edit/id/16.html [运行时间：1.012058s][吞吐率：0.99req/s] [内存消耗：3,063.23kb] [文件加载：55]
[ info ] [ LANG ] F:\wamp\www\shop\thinkphp\lang\zh-cn.php
[ info ] [ ROUTE ] array (
  'type' => 'module',
  'module' => 
  array (
    0 => 'admin',
    1 => 'goods',
    2 => 'edit',
  ),
)
[ info ] [ HEADER ] array (
  'host' => '127.0.0.1',
  'connection' => 'keep-alive',
  'upgrade-insecure-requests' => '1',
  'user-agent' => 'Mozilla/5.0 (Windows NT 6.1; WOW64) AppleWebKit/537.36 (KHTML, like Gecko) Chrome/62.0.3202.89 Safari/537.36',
  'accept' => 'text/html,application/xhtml+xml,application/xml;q=0.9,image/webp,image/apng,*/*;q=0.8',
  'referer' => 'http://127.0.0.1/shop/index.php/admin/goods/lst.html',
  'accept-encoding' => 'gzip, deflate, br',
  'accept-language' => 'zh,zh-CN;q=0.9',
  'cookie' => 'PHPSESSID=uri7f3avct7tgl87l210s7h9bv; cart=a%3A2%3A%7Bs%3A8%3A%2216-73%2C77%22%3Bs%3A1%3A%222%22%3Bs%3A8%3A%2216-72%2C75%22%3Bi%3A23%3B%7D',
)
[ info ] [ PARAM ] array (
  'id' => '16',
)
[ info ] [ RUN ] app\admin\controller\Goods->edit[ F:\wamp\www\shop\application\admin\controller\Goods.php ]
[ info ] [ DB ] INIT mysql
[ info ] [ VIEW ] F:\wamp\www\shop/application/admin\view\goods\edit.htm [ array (
  0 => 'mlRes',
  1 => 'typeRes',
  2 => 'brandRes',
  3 => 'CategoryRes',
  4 => 'goods',
  5 => 'mpRes',
  6 => 'gphotoRes',
  7 => 'attrRes',
  8 => 'gattrRes',
  9 => 'goodsRecposRes',
  10 => 'myGoodsRecposRes',
) ]
[ info ] [ LOG ] INIT File
[ sql ] [ DB ] CONNECT:[ UseTime:0.007000s ] mysql:host=127.0.0.1;dbname=tpshop;charset=utf8
[ sql ] [ SQL ] SHOW COLUMNS FROM `tp_member_level` [ RunTime:0.121007s ]
[ sql ] [ SQL ] SELECT `id`,`level_name` FROM `tp_member_level` [ RunTime:0.001000s ]
[ sql ] [ SQL ] SHOW COLUMNS FROM `tp_type` [ RunTime:0.018001s ]
[ sql ] [ SQL ] SELECT * FROM `tp_type` [ RunTime:0.000000s ]
[ sql ] [ SQL ] SHOW COLUMNS FROM `tp_brand` [ RunTime:0.018001s ]
[ sql ] [ SQL ] SELECT `id`,`brand_name` FROM `tp_brand` [ RunTime:0.008001s ]
[ sql ] [ SQL ] SHOW COLUMNS FROM `tp_member_price` [ RunTime:0.149008s ]
[ sql ] [ SQL ] SELECT * FROM `tp_member_price` WHERE  `goods_id` = 16 [ RunTime:0.026002s ]
[ sql ] [ SQL ] SHOW COLUMNS FROM `tp_goods_photo` [ RunTime:0.070004s ]
[ sql ] [ SQL ] SELECT * FROM `tp_goods_photo` WHERE  `goods_id` = 16 [ RunTime:0.015001s ]
[ sql ] [ SQL ] SHOW COLUMNS FROM `tp_goods` [ RunTime:0.031002s ]
[ sql ] [ SQL ] SELECT * FROM `tp_goods` WHERE  `id` = 16 LIMIT 1 [ RunTime:0.000000s ]
[ sql ] [ SQL ] SHOW COLUMNS FROM `tp_attr` [ RunTime:0.099005s ]
[ sql ] [ SQL ] SELECT * FROM `tp_attr` WHERE  `type_id` = 4 [ RunTime:0.002000s ]
[ sql ] [ SQL ] SHOW COLUMNS FROM `tp_goods_attr` [ RunTime:0.097006s ]
[ sql ] [ SQL ] SELECT * FROM `tp_goods_attr` WHERE  `goods_id` = 16 [ RunTime:0.017001s ]
[ sql ] [ SQL ] SHOW COLUMNS FROM `tp_recpos` [ RunTime:0.057003s ]
[ sql ] [ SQL ] SELECT * FROM `tp_recpos` WHERE  `rec_type` = 1 [ RunTime:0.001000s ]
[ sql ] [ SQL ] SHOW COLUMNS FROM `tp_rec_item` [ RunTime:0.050003s ]
[ sql ] [ SQL ] SELECT * FROM `tp_rec_item` WHERE  `value_type` = 1  AND `value_id` = 16 [ RunTime:0.002000s ]
[ sql ] [ SQL ] SHOW COLUMNS FROM `tp_category` [ RunTime:0.023002s ]
[ sql ] [ SQL ] SELECT * FROM `tp_category` ORDER BY sort DESC [ RunTime:0.001000s ]
---------------------------------------------------------------
[ 2018-05-22T22:36:45+08:00 ] 127.0.0.1 127.0.0.1 GET /shop/public/static/admin/fonts/fontawesome-webfont.woff2?v=4.3.0
[ info ] 127.0.0.1/shop/public/static/admin/fonts/fontawesome-webfont.woff2?v=4.3.0 [运行时间：0.021001s][吞吐率：47.62req/s] [内存消耗：1,557.80kb] [文件加载：40]
[ info ] [ LANG ] F:\wamp\www\shop\thinkphp\lang\zh-cn.php
[ info ] [ ROUTE ] array (
  'type' => 'module',
  'module' => 
  array (
    0 => 'static',
    1 => 'admin',
    2 => 'fonts',
  ),
)
[ info ] [ HEADER ] array (
  'host' => '127.0.0.1',
  'connection' => 'keep-alive',
  'origin' => 'http://127.0.0.1',
  'user-agent' => 'Mozilla/5.0 (Windows NT 6.1; WOW64) AppleWebKit/537.36 (KHTML, like Gecko) Chrome/62.0.3202.89 Safari/537.36',
  'accept' => '*/*',
  'referer' => 'http://127.0.0.1/shop/public/static/admin/style/font-awesome.css',
  'accept-encoding' => 'gzip, deflate, br',
  'accept-language' => 'zh,zh-CN;q=0.9',
  'cookie' => 'PHPSESSID=uri7f3avct7tgl87l210s7h9bv; cart=a%3A2%3A%7Bs%3A8%3A%2216-73%2C77%22%3Bs%3A1%3A%222%22%3Bs%3A8%3A%2216-72%2C75%22%3Bi%3A23%3B%7D',
)
[ info ] [ PARAM ] array (
  'v' => '4.3.0',
)
[ info ] [ LOG ] INIT File
