---------------------------------------------------------------
[ 2018-07-19T16:14:17+08:00 ] 127.0.0.1 127.0.0.1 GET /shop/public/index.php/admin
[ info ] 127.0.0.1/shop/public/index.php/admin [运行时间：0.881051s][吞吐率：1.14req/s] [内存消耗：3,168.13kb] [文件加载：47]
[ info ] [ LANG ] F:\wamp\www\shop\thinkphp\lang\zh-cn.php
[ info ] [ ROUTE ] array (
  'type' => 'module',
  'module' => 
  array (
    0 => 'admin',
    1 => NULL,
    2 => NULL,
  ),
)
[ info ] [ HEADER ] array (
  'host' => '127.0.0.1',
  'connection' => 'keep-alive',
  'user-agent' => 'Mozilla/5.0 (Windows NT 6.1; WOW64) AppleWebKit/537.36 (KHTML, like Gecko) Chrome/62.0.3202.89 Safari/537.36',
  'upgrade-insecure-requests' => '1',
  'accept' => 'text/html,application/xhtml+xml,application/xml;q=0.9,image/webp,image/apng,*/*;q=0.8',
  'accept-encoding' => 'gzip, deflate, br',
  'accept-language' => 'zh-CN,zh;q=0.9',
  'cookie' => 'cart=a%3A5%3A%7Bs%3A8%3A%2216-73%2C77%22%3Bs%3A1%3A%226%22%3Bs%3A8%3A%2216-72%2C75%22%3Bi%3A32%3Bs%3A8%3A%2216-72%2C76%22%3Bs%3A1%3A%223%22%3Bs%3A8%3A%2215-68%2C69%22%3Bs%3A1%3A%221%22%3Bs%3A8%3A%2216-74%2C75%22%3Bs%3A1%3A%221%22%3B%7D',
)
[ info ] [ PARAM ] array (
)
[ info ] [ RUN ] app\admin\controller\Index->index[ F:\wamp\www\shop\application\admin\controller\Index.php ]
[ info ] [ VIEW ] F:\wamp\www\shop\public/../application/admin\view\index\index.htm [ array (
) ]
[ info ] [ LOG ] INIT File
---------------------------------------------------------------
[ 2018-07-19T16:14:17+08:00 ] 127.0.0.1 127.0.0.1 GET /shop/public/static/admin/fonts/fontawesome-webfont.woff2?v=4.3.0
[ info ] 127.0.0.1/shop/public/static/admin/fonts/fontawesome-webfont.woff2?v=4.3.0 [运行时间：0.069004s][吞吐率：14.49req/s] [内存消耗：2,574.09kb] [文件加载：40]
[ info ] [ LANG ] F:\wamp\www\shop\thinkphp\lang\zh-cn.php
[ info ] [ ROUTE ] array (
  'type' => 'module',
  'module' => 
  array (
    0 => 'static',
    1 => 'admin',
    2 => 'fonts',
  ),
)
[ info ] [ HEADER ] array (
  'host' => '127.0.0.1',
  'connection' => 'keep-alive',
  'origin' => 'http://127.0.0.1',
  'user-agent' => 'Mozilla/5.0 (Windows NT 6.1; WOW64) AppleWebKit/537.36 (KHTML, like Gecko) Chrome/62.0.3202.89 Safari/537.36',
  'accept' => '*/*',
  'referer' => 'http://127.0.0.1/shop/public/static/admin/style/font-awesome.css',
  'accept-encoding' => 'gzip, deflate, br',
  'accept-language' => 'zh-CN,zh;q=0.9',
  'cookie' => 'cart=a%3A5%3A%7Bs%3A8%3A%2216-73%2C77%22%3Bs%3A1%3A%226%22%3Bs%3A8%3A%2216-72%2C75%22%3Bi%3A32%3Bs%3A8%3A%2216-72%2C76%22%3Bs%3A1%3A%223%22%3Bs%3A8%3A%2215-68%2C69%22%3Bs%3A1%3A%221%22%3Bs%3A8%3A%2216-74%2C75%22%3Bs%3A1%3A%221%22%3B%7D',
)
[ info ] [ PARAM ] array (
  'v' => '4.3.0',
)
[ info ] [ LOG ] INIT File
---------------------------------------------------------------
[ 2018-07-19T16:14:29+08:00 ] 127.0.0.1 127.0.0.1 GET /shop/public/index.php/admin/cate/lst.html
[ info ] 127.0.0.1/shop/public/index.php/admin/cate/lst.html [运行时间：1.541088s][吞吐率：0.65req/s] [内存消耗：4,947.51kb] [文件加载：57]
[ info ] [ LANG ] F:\wamp\www\shop\thinkphp\lang\zh-cn.php
[ info ] [ ROUTE ] array (
  'type' => 'module',
  'module' => 
  array (
    0 => 'admin',
    1 => 'cate',
    2 => 'lst',
  ),
)
[ info ] [ HEADER ] array (
  'host' => '127.0.0.1',
  'connection' => 'keep-alive',
  'upgrade-insecure-requests' => '1',
  'user-agent' => 'Mozilla/5.0 (Windows NT 6.1; WOW64) AppleWebKit/537.36 (KHTML, like Gecko) Chrome/62.0.3202.89 Safari/537.36',
  'accept' => 'text/html,application/xhtml+xml,application/xml;q=0.9,image/webp,image/apng,*/*;q=0.8',
  'referer' => 'http://127.0.0.1/shop/public/index.php/admin',
  'accept-encoding' => 'gzip, deflate, br',
  'accept-language' => 'zh-CN,zh;q=0.9',
  'cookie' => 'cart=a%3A5%3A%7Bs%3A8%3A%2216-73%2C77%22%3Bs%3A1%3A%226%22%3Bs%3A8%3A%2216-72%2C75%22%3Bi%3A32%3Bs%3A8%3A%2216-72%2C76%22%3Bs%3A1%3A%223%22%3Bs%3A8%3A%2215-68%2C69%22%3Bs%3A1%3A%221%22%3Bs%3A8%3A%2216-74%2C75%22%3Bs%3A1%3A%221%22%3B%7D',
)
[ info ] [ PARAM ] array (
)
[ info ] [ RUN ] app\admin\controller\Cate->lst[ F:\wamp\www\shop\application\admin\controller\Cate.php ]
[ info ] [ DB ] INIT mysql
[ info ] [ VIEW ] F:\wamp\www\shop\public/../application/admin\view\cate\list.htm [ array (
  0 => 'cateRes',
) ]
[ info ] [ LOG ] INIT File
[ sql ] [ DB ] CONNECT:[ UseTime:0.964055s ] mysql:host=127.0.0.1;dbname=tpshop;charset=utf8
[ sql ] [ SQL ] SHOW COLUMNS FROM `tp_cate` [ RunTime:0.246014s ]
[ sql ] [ SQL ] SELECT * FROM `tp_cate` ORDER BY sort DESC [ RunTime:0.027001s ]
---------------------------------------------------------------
[ 2018-07-19T16:14:29+08:00 ] 127.0.0.1 127.0.0.1 GET /shop/public/static/admin/fonts/fontawesome-webfont.woff2?v=4.3.0
[ info ] 127.0.0.1/shop/public/static/admin/fonts/fontawesome-webfont.woff2?v=4.3.0 [运行时间：0.028001s][吞吐率：35.71req/s] [内存消耗：2,574.09kb] [文件加载：40]
[ info ] [ LANG ] F:\wamp\www\shop\thinkphp\lang\zh-cn.php
[ info ] [ ROUTE ] array (
  'type' => 'module',
  'module' => 
  array (
    0 => 'static',
    1 => 'admin',
    2 => 'fonts',
  ),
)
[ info ] [ HEADER ] array (
  'host' => '127.0.0.1',
  'connection' => 'keep-alive',
  'origin' => 'http://127.0.0.1',
  'user-agent' => 'Mozilla/5.0 (Windows NT 6.1; WOW64) AppleWebKit/537.36 (KHTML, like Gecko) Chrome/62.0.3202.89 Safari/537.36',
  'accept' => '*/*',
  'referer' => 'http://127.0.0.1/shop/public/static/admin/style/font-awesome.css',
  'accept-encoding' => 'gzip, deflate, br',
  'accept-language' => 'zh-CN,zh;q=0.9',
  'cookie' => 'cart=a%3A5%3A%7Bs%3A8%3A%2216-73%2C77%22%3Bs%3A1%3A%226%22%3Bs%3A8%3A%2216-72%2C75%22%3Bi%3A32%3Bs%3A8%3A%2216-72%2C76%22%3Bs%3A1%3A%223%22%3Bs%3A8%3A%2215-68%2C69%22%3Bs%3A1%3A%221%22%3Bs%3A8%3A%2216-74%2C75%22%3Bs%3A1%3A%221%22%3B%7D',
)
[ info ] [ PARAM ] array (
  'v' => '4.3.0',
)
[ info ] [ LOG ] INIT File
---------------------------------------------------------------
[ 2018-07-19T16:14:40+08:00 ] 127.0.0.1 127.0.0.1 GET /shop/public/index.php/admin/order/lst.html
[ info ] 127.0.0.1/shop/public/index.php/admin/order/lst.html [运行时间：0.567032s][吞吐率：1.76req/s] [内存消耗：4,810.62kb] [文件加载：57]
[ info ] [ LANG ] F:\wamp\www\shop\thinkphp\lang\zh-cn.php
[ info ] [ ROUTE ] array (
  'type' => 'module',
  'module' => 
  array (
    0 => 'admin',
    1 => 'order',
    2 => 'lst',
  ),
)
[ info ] [ HEADER ] array (
  'host' => '127.0.0.1',
  'connection' => 'keep-alive',
  'upgrade-insecure-requests' => '1',
  'user-agent' => 'Mozilla/5.0 (Windows NT 6.1; WOW64) AppleWebKit/537.36 (KHTML, like Gecko) Chrome/62.0.3202.89 Safari/537.36',
  'accept' => 'text/html,application/xhtml+xml,application/xml;q=0.9,image/webp,image/apng,*/*;q=0.8',
  'referer' => 'http://127.0.0.1/shop/public/index.php/admin/cate/lst.html',
  'accept-encoding' => 'gzip, deflate, br',
  'accept-language' => 'zh-CN,zh;q=0.9',
  'cookie' => 'cart=a%3A5%3A%7Bs%3A8%3A%2216-73%2C77%22%3Bs%3A1%3A%226%22%3Bs%3A8%3A%2216-72%2C75%22%3Bi%3A32%3Bs%3A8%3A%2216-72%2C76%22%3Bs%3A1%3A%223%22%3Bs%3A8%3A%2215-68%2C69%22%3Bs%3A1%3A%221%22%3Bs%3A8%3A%2216-74%2C75%22%3Bs%3A1%3A%221%22%3B%7D',
)
[ info ] [ PARAM ] array (
)
[ info ] [ RUN ] app\admin\controller\Order->lst[ F:\wamp\www\shop\application\admin\controller\Order.php ]
[ info ] [ DB ] INIT mysql
[ info ] [ VIEW ] F:\wamp\www\shop\public/../application/admin\view\order\list.htm [ array (
  0 => 'orderRes',
) ]
[ info ] [ LOG ] INIT File
[ sql ] [ DB ] CONNECT:[ UseTime:0.002001s ] mysql:host=127.0.0.1;dbname=tpshop;charset=utf8
[ sql ] [ SQL ] SHOW COLUMNS FROM `tp_order` [ RunTime:0.186010s ]
[ sql ] [ SQL ] SELECT COUNT(*) AS tp_count FROM `tp_order` `o` INNER JOIN `tp_user` `u` ON `o`.`user_id`=`u`.`id` LIMIT 1 [ RunTime:0.160009s ]
[ sql ] [ SQL ] SELECT `o`.`id`,`o`.`out_trade_no`,`o`.`goods_total_price`,`o`.`pay_status`,`o`.`order_status`,`o`.`post_status`,`o`.`distribution`,`o`.`payment`,`o`.`name`,`o`.`phone`,`o`.`order_time`,`u`.`username` FROM `tp_order` `o` INNER JOIN `tp_user` `u` ON `o`.`user_id`=`u`.`id` ORDER BY o.id DESC LIMIT 0,10 [ RunTime:0.018001s ]
---------------------------------------------------------------
[ 2018-07-19T16:14:40+08:00 ] 127.0.0.1 127.0.0.1 GET /shop/public/static/admin/fonts/fontawesome-webfont.woff2?v=4.3.0
[ info ] 127.0.0.1/shop/public/static/admin/fonts/fontawesome-webfont.woff2?v=4.3.0 [运行时间：0.030001s][吞吐率：33.33req/s] [内存消耗：2,574.09kb] [文件加载：40]
[ info ] [ LANG ] F:\wamp\www\shop\thinkphp\lang\zh-cn.php
[ info ] [ ROUTE ] array (
  'type' => 'module',
  'module' => 
  array (
    0 => 'static',
    1 => 'admin',
    2 => 'fonts',
  ),
)
[ info ] [ HEADER ] array (
  'host' => '127.0.0.1',
  'connection' => 'keep-alive',
  'origin' => 'http://127.0.0.1',
  'user-agent' => 'Mozilla/5.0 (Windows NT 6.1; WOW64) AppleWebKit/537.36 (KHTML, like Gecko) Chrome/62.0.3202.89 Safari/537.36',
  'accept' => '*/*',
  'referer' => 'http://127.0.0.1/shop/public/static/admin/style/font-awesome.css',
  'accept-encoding' => 'gzip, deflate, br',
  'accept-language' => 'zh-CN,zh;q=0.9',
  'cookie' => 'cart=a%3A5%3A%7Bs%3A8%3A%2216-73%2C77%22%3Bs%3A1%3A%226%22%3Bs%3A8%3A%2216-72%2C75%22%3Bi%3A32%3Bs%3A8%3A%2216-72%2C76%22%3Bs%3A1%3A%223%22%3Bs%3A8%3A%2215-68%2C69%22%3Bs%3A1%3A%221%22%3Bs%3A8%3A%2216-74%2C75%22%3Bs%3A1%3A%221%22%3B%7D',
)
[ info ] [ PARAM ] array (
  'v' => '4.3.0',
)
[ info ] [ LOG ] INIT File
---------------------------------------------------------------
[ 2018-07-19T16:14:44+08:00 ] 127.0.0.1 127.0.0.1 GET /shop/public/index.php/admin/order/ordergoods/id/25.html
[ info ] 127.0.0.1/shop/public/index.php/admin/order/ordergoods/id/25.html [运行时间：0.171009s][吞吐率：5.85req/s] [内存消耗：4,766.83kb] [文件加载：57]
[ info ] [ LANG ] F:\wamp\www\shop\thinkphp\lang\zh-cn.php
[ info ] [ ROUTE ] array (
  'type' => 'module',
  'module' => 
  array (
    0 => 'admin',
    1 => 'order',
    2 => 'ordergoods',
  ),
)
[ info ] [ HEADER ] array (
  'host' => '127.0.0.1',
  'connection' => 'keep-alive',
  'upgrade-insecure-requests' => '1',
  'user-agent' => 'Mozilla/5.0 (Windows NT 6.1; WOW64) AppleWebKit/537.36 (KHTML, like Gecko) Chrome/62.0.3202.89 Safari/537.36',
  'accept' => 'text/html,application/xhtml+xml,application/xml;q=0.9,image/webp,image/apng,*/*;q=0.8',
  'referer' => 'http://127.0.0.1/shop/public/index.php/admin/order/lst.html',
  'accept-encoding' => 'gzip, deflate, br',
  'accept-language' => 'zh-CN,zh;q=0.9',
  'cookie' => 'cart=a%3A5%3A%7Bs%3A8%3A%2216-73%2C77%22%3Bs%3A1%3A%226%22%3Bs%3A8%3A%2216-72%2C75%22%3Bi%3A32%3Bs%3A8%3A%2216-72%2C76%22%3Bs%3A1%3A%223%22%3Bs%3A8%3A%2215-68%2C69%22%3Bs%3A1%3A%221%22%3Bs%3A8%3A%2216-74%2C75%22%3Bs%3A1%3A%221%22%3B%7D',
)
[ info ] [ PARAM ] array (
  'id' => '25',
)
[ info ] [ RUN ] app\admin\controller\Order->orderGoods[ F:\wamp\www\shop\application\admin\controller\Order.php ]
[ info ] [ DB ] INIT mysql
[ info ] [ VIEW ] F:\wamp\www\shop\public/../application/admin\view\order\ordergoods.htm [ array (
  0 => 'orderGoodsRes',
) ]
[ info ] [ LOG ] INIT File
[ sql ] [ DB ] CONNECT:[ UseTime:0.018001s ] mysql:host=127.0.0.1;dbname=tpshop;charset=utf8
[ sql ] [ SQL ] SHOW COLUMNS FROM `tp_order_goods` [ RunTime:0.079004s ]
[ sql ] [ SQL ] SELECT COUNT(*) AS tp_count FROM `tp_order_goods` WHERE  `order_id` = 25 LIMIT 1 [ RunTime:0.028002s ]
[ sql ] [ SQL ] SELECT * FROM `tp_order_goods` WHERE  `order_id` = 25 LIMIT 0,10 [ RunTime:0.001000s ]
---------------------------------------------------------------
[ 2018-07-19T16:14:44+08:00 ] 127.0.0.1 127.0.0.1 GET /shop/public/static/admin/fonts/fontawesome-webfont.woff2?v=4.3.0
[ info ] 127.0.0.1/shop/public/static/admin/fonts/fontawesome-webfont.woff2?v=4.3.0 [运行时间：0.029001s][吞吐率：34.48req/s] [内存消耗：2,574.09kb] [文件加载：40]
[ info ] [ LANG ] F:\wamp\www\shop\thinkphp\lang\zh-cn.php
[ info ] [ ROUTE ] array (
  'type' => 'module',
  'module' => 
  array (
    0 => 'static',
    1 => 'admin',
    2 => 'fonts',
  ),
)
[ info ] [ HEADER ] array (
  'host' => '127.0.0.1',
  'connection' => 'keep-alive',
  'origin' => 'http://127.0.0.1',
  'user-agent' => 'Mozilla/5.0 (Windows NT 6.1; WOW64) AppleWebKit/537.36 (KHTML, like Gecko) Chrome/62.0.3202.89 Safari/537.36',
  'accept' => '*/*',
  'referer' => 'http://127.0.0.1/shop/public/static/admin/style/font-awesome.css',
  'accept-encoding' => 'gzip, deflate, br',
  'accept-language' => 'zh-CN,zh;q=0.9',
  'cookie' => 'cart=a%3A5%3A%7Bs%3A8%3A%2216-73%2C77%22%3Bs%3A1%3A%226%22%3Bs%3A8%3A%2216-72%2C75%22%3Bi%3A32%3Bs%3A8%3A%2216-72%2C76%22%3Bs%3A1%3A%223%22%3Bs%3A8%3A%2215-68%2C69%22%3Bs%3A1%3A%221%22%3Bs%3A8%3A%2216-74%2C75%22%3Bs%3A1%3A%221%22%3B%7D',
)
[ info ] [ PARAM ] array (
  'v' => '4.3.0',
)
[ info ] [ LOG ] INIT File
---------------------------------------------------------------
[ 2018-07-19T16:17:06+08:00 ] 127.0.0.1 127.0.0.1 GET /shop/public/index.php/admin/order/ordergoodsedit/id/27.html
[ info ] 127.0.0.1/shop/public/index.php/admin/order/ordergoodsedit/id/27.html [运行时间：0.136008s][吞吐率：7.35req/s] [内存消耗：4,561.00kb] [文件加载：54]
[ info ] [ LANG ] F:\wamp\www\shop\thinkphp\lang\zh-cn.php
[ info ] [ ROUTE ] array (
  'type' => 'module',
  'module' => 
  array (
    0 => 'admin',
    1 => 'order',
    2 => 'ordergoodsedit',
  ),
)
[ info ] [ HEADER ] array (
  'host' => '127.0.0.1',
  'connection' => 'keep-alive',
  'upgrade-insecure-requests' => '1',
  'user-agent' => 'Mozilla/5.0 (Windows NT 6.1; WOW64) AppleWebKit/537.36 (KHTML, like Gecko) Chrome/62.0.3202.89 Safari/537.36',
  'accept' => 'text/html,application/xhtml+xml,application/xml;q=0.9,image/webp,image/apng,*/*;q=0.8',
  'referer' => 'http://127.0.0.1/shop/public/index.php/admin/order/ordergoods/id/25.html',
  'accept-encoding' => 'gzip, deflate, br',
  'accept-language' => 'zh-CN,zh;q=0.9',
  'cookie' => 'cart=a%3A5%3A%7Bs%3A8%3A%2216-73%2C77%22%3Bs%3A1%3A%226%22%3Bs%3A8%3A%2216-72%2C75%22%3Bi%3A32%3Bs%3A8%3A%2216-72%2C76%22%3Bs%3A1%3A%223%22%3Bs%3A8%3A%2215-68%2C69%22%3Bs%3A1%3A%221%22%3Bs%3A8%3A%2216-74%2C75%22%3Bs%3A1%3A%221%22%3B%7D',
)
[ info ] [ PARAM ] array (
  'id' => '27',
)
[ info ] [ RUN ] app\admin\controller\Order->orderGoodsEdit[ F:\wamp\www\shop\application\admin\controller\Order.php ]
[ info ] [ DB ] INIT mysql
[ info ] [ VIEW ] F:\wamp\www\shop\public/../application/admin\view\order\ordergoodsedit.htm [ array (
  0 => 'orderGoodsInfo',
) ]
[ info ] [ LOG ] INIT File
[ sql ] [ DB ] CONNECT:[ UseTime:0.001000s ] mysql:host=127.0.0.1;dbname=tpshop;charset=utf8
[ sql ] [ SQL ] SHOW COLUMNS FROM `tp_order_goods` [ RunTime:0.016001s ]
[ sql ] [ SQL ] SELECT * FROM `tp_order_goods` WHERE  `id` = 27 LIMIT 1 [ RunTime:0.034002s ]
---------------------------------------------------------------
[ 2018-07-19T16:17:06+08:00 ] 127.0.0.1 127.0.0.1 GET /shop/public/static/admin/fonts/fontawesome-webfont.woff2?v=4.3.0
[ info ] 127.0.0.1/shop/public/static/admin/fonts/fontawesome-webfont.woff2?v=4.3.0 [运行时间：0.027001s][吞吐率：37.04req/s] [内存消耗：2,574.09kb] [文件加载：40]
[ info ] [ LANG ] F:\wamp\www\shop\thinkphp\lang\zh-cn.php
[ info ] [ ROUTE ] array (
  'type' => 'module',
  'module' => 
  array (
    0 => 'static',
    1 => 'admin',
    2 => 'fonts',
  ),
)
[ info ] [ HEADER ] array (
  'host' => '127.0.0.1',
  'connection' => 'keep-alive',
  'origin' => 'http://127.0.0.1',
  'user-agent' => 'Mozilla/5.0 (Windows NT 6.1; WOW64) AppleWebKit/537.36 (KHTML, like Gecko) Chrome/62.0.3202.89 Safari/537.36',
  'accept' => '*/*',
  'referer' => 'http://127.0.0.1/shop/public/static/admin/style/font-awesome.css',
  'accept-encoding' => 'gzip, deflate, br',
  'accept-language' => 'zh-CN,zh;q=0.9',
  'cookie' => 'cart=a%3A5%3A%7Bs%3A8%3A%2216-73%2C77%22%3Bs%3A1%3A%226%22%3Bs%3A8%3A%2216-72%2C75%22%3Bi%3A32%3Bs%3A8%3A%2216-72%2C76%22%3Bs%3A1%3A%223%22%3Bs%3A8%3A%2215-68%2C69%22%3Bs%3A1%3A%221%22%3Bs%3A8%3A%2216-74%2C75%22%3Bs%3A1%3A%221%22%3B%7D',
)
[ info ] [ PARAM ] array (
  'v' => '4.3.0',
)
[ info ] [ LOG ] INIT File
---------------------------------------------------------------
[ 2018-07-19T16:17:32+08:00 ] 127.0.0.1 127.0.0.1 GET /shop/public/index.php/admin/order/ordergoodsdel/id/27.html
[ info ] 127.0.0.1/shop/public/index.php/admin/order/ordergoodsdel/id/27.html [运行时间：0.271015s][吞吐率：3.69req/s] [内存消耗：4,557.47kb] [文件加载：56]
[ info ] [ LANG ] F:\wamp\www\shop\thinkphp\lang\zh-cn.php
[ info ] [ ROUTE ] array (
  'type' => 'module',
  'module' => 
  array (
    0 => 'admin',
    1 => 'order',
    2 => 'ordergoodsdel',
  ),
)
[ info ] [ HEADER ] array (
  'host' => '127.0.0.1',
  'connection' => 'keep-alive',
  'upgrade-insecure-requests' => '1',
  'user-agent' => 'Mozilla/5.0 (Windows NT 6.1; WOW64) AppleWebKit/537.36 (KHTML, like Gecko) Chrome/62.0.3202.89 Safari/537.36',
  'accept' => 'text/html,application/xhtml+xml,application/xml;q=0.9,image/webp,image/apng,*/*;q=0.8',
  'referer' => 'http://127.0.0.1/shop/public/index.php/admin/order/ordergoods/id/25.html',
  'accept-encoding' => 'gzip, deflate, br',
  'accept-language' => 'zh-CN,zh;q=0.9',
  'cookie' => 'cart=a%3A5%3A%7Bs%3A8%3A%2216-73%2C77%22%3Bs%3A1%3A%226%22%3Bs%3A8%3A%2216-72%2C75%22%3Bi%3A32%3Bs%3A8%3A%2216-72%2C76%22%3Bs%3A1%3A%223%22%3Bs%3A8%3A%2215-68%2C69%22%3Bs%3A1%3A%221%22%3Bs%3A8%3A%2216-74%2C75%22%3Bs%3A1%3A%221%22%3B%7D',
)
[ info ] [ PARAM ] array (
  'id' => '27',
)
[ info ] [ RUN ] app\admin\controller\Order->orderGoodsDel[ F:\wamp\www\shop\application\admin\controller\Order.php ]
[ info ] [ DB ] INIT mysql
[ info ] [ CACHE ] INIT File
[ info ] [ VIEW ] F:\wamp\www\shop\thinkphp\tpl\dispatch_jump.tpl [ array (
  0 => 'code',
  1 => 'msg',
  2 => 'data',
  3 => 'url',
  4 => 'wait',
) ]
[ info ] [ LOG ] INIT File
[ sql ] [ DB ] CONNECT:[ UseTime:0.021001s ] mysql:host=127.0.0.1;dbname=tpshop;charset=utf8
[ sql ] [ SQL ] SHOW COLUMNS FROM `tp_order_goods` [ RunTime:0.019001s ]
[ sql ] [ SQL ] DELETE FROM `tp_order_goods`    WHERE  `id` = 27 [ RunTime:0.001000s ]
---------------------------------------------------------------
[ 2018-07-19T16:17:36+08:00 ] 127.0.0.1 127.0.0.1 GET /shop/public/index.php/admin/order/ordergoods/id/25.html
[ info ] 127.0.0.1/shop/public/index.php/admin/order/ordergoods/id/25.html [运行时间：0.112006s][吞吐率：8.93req/s] [内存消耗：4,763.49kb] [文件加载：57]
[ info ] [ LANG ] F:\wamp\www\shop\thinkphp\lang\zh-cn.php
[ info ] [ ROUTE ] array (
  'type' => 'module',
  'module' => 
  array (
    0 => 'admin',
    1 => 'order',
    2 => 'ordergoods',
  ),
)
[ info ] [ HEADER ] array (
  'host' => '127.0.0.1',
  'connection' => 'keep-alive',
  'upgrade-insecure-requests' => '1',
  'user-agent' => 'Mozilla/5.0 (Windows NT 6.1; WOW64) AppleWebKit/537.36 (KHTML, like Gecko) Chrome/62.0.3202.89 Safari/537.36',
  'accept' => 'text/html,application/xhtml+xml,application/xml;q=0.9,image/webp,image/apng,*/*;q=0.8',
  'referer' => 'http://127.0.0.1/shop/public/index.php/admin/order/ordergoodsdel/id/27.html',
  'accept-encoding' => 'gzip, deflate, br',
  'accept-language' => 'zh-CN,zh;q=0.9',
  'cookie' => 'cart=a%3A5%3A%7Bs%3A8%3A%2216-73%2C77%22%3Bs%3A1%3A%226%22%3Bs%3A8%3A%2216-72%2C75%22%3Bi%3A32%3Bs%3A8%3A%2216-72%2C76%22%3Bs%3A1%3A%223%22%3Bs%3A8%3A%2215-68%2C69%22%3Bs%3A1%3A%221%22%3Bs%3A8%3A%2216-74%2C75%22%3Bs%3A1%3A%221%22%3B%7D',
)
[ info ] [ PARAM ] array (
  'id' => '25',
)
[ info ] [ RUN ] app\admin\controller\Order->orderGoods[ F:\wamp\www\shop\application\admin\controller\Order.php ]
[ info ] [ DB ] INIT mysql
[ info ] [ VIEW ] F:\wamp\www\shop\public/../application/admin\view\order\ordergoods.htm [ array (
  0 => 'orderGoodsRes',
) ]
[ info ] [ LOG ] INIT File
[ sql ] [ DB ] CONNECT:[ UseTime:0.014001s ] mysql:host=127.0.0.1;dbname=tpshop;charset=utf8
[ sql ] [ SQL ] SHOW COLUMNS FROM `tp_order_goods` [ RunTime:0.020001s ]
[ sql ] [ SQL ] SELECT COUNT(*) AS tp_count FROM `tp_order_goods` WHERE  `order_id` = 25 LIMIT 1 [ RunTime:0.001000s ]
[ sql ] [ SQL ] SELECT * FROM `tp_order_goods` WHERE  `order_id` = 25 LIMIT 0,10 [ RunTime:0.001000s ]
---------------------------------------------------------------
[ 2018-07-19T16:17:36+08:00 ] 127.0.0.1 127.0.0.1 GET /shop/public/static/admin/fonts/fontawesome-webfont.woff2?v=4.3.0
[ info ] 127.0.0.1/shop/public/static/admin/fonts/fontawesome-webfont.woff2?v=4.3.0 [运行时间：0.037002s][吞吐率：27.03req/s] [内存消耗：2,574.09kb] [文件加载：40]
[ info ] [ LANG ] F:\wamp\www\shop\thinkphp\lang\zh-cn.php
[ info ] [ ROUTE ] array (
  'type' => 'module',
  'module' => 
  array (
    0 => 'static',
    1 => 'admin',
    2 => 'fonts',
  ),
)
[ info ] [ HEADER ] array (
  'host' => '127.0.0.1',
  'connection' => 'keep-alive',
  'origin' => 'http://127.0.0.1',
  'user-agent' => 'Mozilla/5.0 (Windows NT 6.1; WOW64) AppleWebKit/537.36 (KHTML, like Gecko) Chrome/62.0.3202.89 Safari/537.36',
  'accept' => '*/*',
  'referer' => 'http://127.0.0.1/shop/public/static/admin/style/font-awesome.css',
  'accept-encoding' => 'gzip, deflate, br',
  'accept-language' => 'zh-CN,zh;q=0.9',
  'cookie' => 'cart=a%3A5%3A%7Bs%3A8%3A%2216-73%2C77%22%3Bs%3A1%3A%226%22%3Bs%3A8%3A%2216-72%2C75%22%3Bi%3A32%3Bs%3A8%3A%2216-72%2C76%22%3Bs%3A1%3A%223%22%3Bs%3A8%3A%2215-68%2C69%22%3Bs%3A1%3A%221%22%3Bs%3A8%3A%2216-74%2C75%22%3Bs%3A1%3A%221%22%3B%7D',
)
[ info ] [ PARAM ] array (
  'v' => '4.3.0',
)
[ info ] [ LOG ] INIT File
---------------------------------------------------------------
[ 2018-07-19T16:17:41+08:00 ] 127.0.0.1 127.0.0.1 GET /shop/public/index.php/admin/order/lst.html
[ info ] 127.0.0.1/shop/public/index.php/admin/order/lst.html [运行时间：0.129008s][吞吐率：7.75req/s] [内存消耗：4,810.67kb] [文件加载：57]
[ info ] [ LANG ] F:\wamp\www\shop\thinkphp\lang\zh-cn.php
[ info ] [ ROUTE ] array (
  'type' => 'module',
  'module' => 
  array (
    0 => 'admin',
    1 => 'order',
    2 => 'lst',
  ),
)
[ info ] [ HEADER ] array (
  'host' => '127.0.0.1',
  'connection' => 'keep-alive',
  'upgrade-insecure-requests' => '1',
  'user-agent' => 'Mozilla/5.0 (Windows NT 6.1; WOW64) AppleWebKit/537.36 (KHTML, like Gecko) Chrome/62.0.3202.89 Safari/537.36',
  'accept' => 'text/html,application/xhtml+xml,application/xml;q=0.9,image/webp,image/apng,*/*;q=0.8',
  'referer' => 'http://127.0.0.1/shop/public/index.php/admin/order/ordergoods/id/25.html',
  'accept-encoding' => 'gzip, deflate, br',
  'accept-language' => 'zh-CN,zh;q=0.9',
  'cookie' => 'cart=a%3A5%3A%7Bs%3A8%3A%2216-73%2C77%22%3Bs%3A1%3A%226%22%3Bs%3A8%3A%2216-72%2C75%22%3Bi%3A32%3Bs%3A8%3A%2216-72%2C76%22%3Bs%3A1%3A%223%22%3Bs%3A8%3A%2215-68%2C69%22%3Bs%3A1%3A%221%22%3Bs%3A8%3A%2216-74%2C75%22%3Bs%3A1%3A%221%22%3B%7D',
)
[ info ] [ PARAM ] array (
)
[ info ] [ RUN ] app\admin\controller\Order->lst[ F:\wamp\www\shop\application\admin\controller\Order.php ]
[ info ] [ DB ] INIT mysql
[ info ] [ VIEW ] F:\wamp\www\shop\public/../application/admin\view\order\list.htm [ array (
  0 => 'orderRes',
) ]
[ info ] [ LOG ] INIT File
[ sql ] [ DB ] CONNECT:[ UseTime:0.025002s ] mysql:host=127.0.0.1;dbname=tpshop;charset=utf8
[ sql ] [ SQL ] SHOW COLUMNS FROM `tp_order` [ RunTime:0.029001s ]
[ sql ] [ SQL ] SELECT COUNT(*) AS tp_count FROM `tp_order` `o` INNER JOIN `tp_user` `u` ON `o`.`user_id`=`u`.`id` LIMIT 1 [ RunTime:0.001000s ]
[ sql ] [ SQL ] SELECT `o`.`id`,`o`.`out_trade_no`,`o`.`goods_total_price`,`o`.`pay_status`,`o`.`order_status`,`o`.`post_status`,`o`.`distribution`,`o`.`payment`,`o`.`name`,`o`.`phone`,`o`.`order_time`,`u`.`username` FROM `tp_order` `o` INNER JOIN `tp_user` `u` ON `o`.`user_id`=`u`.`id` ORDER BY o.id DESC LIMIT 0,10 [ RunTime:0.000000s ]
---------------------------------------------------------------
[ 2018-07-19T16:17:41+08:00 ] 127.0.0.1 127.0.0.1 GET /shop/public/static/admin/fonts/fontawesome-webfont.woff2?v=4.3.0
[ info ] 127.0.0.1/shop/public/static/admin/fonts/fontawesome-webfont.woff2?v=4.3.0 [运行时间：0.038002s][吞吐率：26.31req/s] [内存消耗：2,574.09kb] [文件加载：40]
[ info ] [ LANG ] F:\wamp\www\shop\thinkphp\lang\zh-cn.php
[ info ] [ ROUTE ] array (
  'type' => 'module',
  'module' => 
  array (
    0 => 'static',
    1 => 'admin',
    2 => 'fonts',
  ),
)
[ info ] [ HEADER ] array (
  'host' => '127.0.0.1',
  'connection' => 'keep-alive',
  'origin' => 'http://127.0.0.1',
  'user-agent' => 'Mozilla/5.0 (Windows NT 6.1; WOW64) AppleWebKit/537.36 (KHTML, like Gecko) Chrome/62.0.3202.89 Safari/537.36',
  'accept' => '*/*',
  'referer' => 'http://127.0.0.1/shop/public/static/admin/style/font-awesome.css',
  'accept-encoding' => 'gzip, deflate, br',
  'accept-language' => 'zh-CN,zh;q=0.9',
  'cookie' => 'cart=a%3A5%3A%7Bs%3A8%3A%2216-73%2C77%22%3Bs%3A1%3A%226%22%3Bs%3A8%3A%2216-72%2C75%22%3Bi%3A32%3Bs%3A8%3A%2216-72%2C76%22%3Bs%3A1%3A%223%22%3Bs%3A8%3A%2215-68%2C69%22%3Bs%3A1%3A%221%22%3Bs%3A8%3A%2216-74%2C75%22%3Bs%3A1%3A%221%22%3B%7D',
)
[ info ] [ PARAM ] array (
  'v' => '4.3.0',
)
[ info ] [ LOG ] INIT File
---------------------------------------------------------------
[ 2018-07-19T16:18:13+08:00 ] 127.0.0.1 127.0.0.1 GET /shop/public/index.php/admin/order/edit/id/25.html
[ info ] 127.0.0.1/shop/public/index.php/admin/order/edit/id/25.html [运行时间：0.127007s][吞吐率：7.87req/s] [内存消耗：4,575.08kb] [文件加载：54]
[ info ] [ LANG ] F:\wamp\www\shop\thinkphp\lang\zh-cn.php
[ info ] [ ROUTE ] array (
  'type' => 'module',
  'module' => 
  array (
    0 => 'admin',
    1 => 'order',
    2 => 'edit',
  ),
)
[ info ] [ HEADER ] array (
  'host' => '127.0.0.1',
  'connection' => 'keep-alive',
  'upgrade-insecure-requests' => '1',
  'user-agent' => 'Mozilla/5.0 (Windows NT 6.1; WOW64) AppleWebKit/537.36 (KHTML, like Gecko) Chrome/62.0.3202.89 Safari/537.36',
  'accept' => 'text/html,application/xhtml+xml,application/xml;q=0.9,image/webp,image/apng,*/*;q=0.8',
  'referer' => 'http://127.0.0.1/shop/public/index.php/admin/order/lst.html',
  'accept-encoding' => 'gzip, deflate, br',
  'accept-language' => 'zh-CN,zh;q=0.9',
  'cookie' => 'cart=a%3A5%3A%7Bs%3A8%3A%2216-73%2C77%22%3Bs%3A1%3A%226%22%3Bs%3A8%3A%2216-72%2C75%22%3Bi%3A32%3Bs%3A8%3A%2216-72%2C76%22%3Bs%3A1%3A%223%22%3Bs%3A8%3A%2215-68%2C69%22%3Bs%3A1%3A%221%22%3Bs%3A8%3A%2216-74%2C75%22%3Bs%3A1%3A%221%22%3B%7D',
)
[ info ] [ PARAM ] array (
  'id' => '25',
)
[ info ] [ RUN ] app\admin\controller\Order->edit[ F:\wamp\www\shop\application\admin\controller\Order.php ]
[ info ] [ DB ] INIT mysql
[ info ] [ VIEW ] F:\wamp\www\shop\public/../application/admin\view\order\edit.htm [ array (
  0 => 'orderInfo',
) ]
[ info ] [ LOG ] INIT File
[ sql ] [ DB ] CONNECT:[ UseTime:0.000000s ] mysql:host=127.0.0.1;dbname=tpshop;charset=utf8
[ sql ] [ SQL ] SHOW COLUMNS FROM `tp_order` [ RunTime:0.019001s ]
[ sql ] [ SQL ] SELECT `o`.*,`u`.`username` FROM `tp_order` `o` INNER JOIN `tp_user` `u` ON `o`.`user_id`=`u`.`id` WHERE  `o`.`id` = '25' LIMIT 1 [ RunTime:0.001000s ]
---------------------------------------------------------------
[ 2018-07-19T16:18:13+08:00 ] 127.0.0.1 127.0.0.1 GET /shop/public/static/admin/fonts/fontawesome-webfont.woff2?v=4.3.0
[ info ] 127.0.0.1/shop/public/static/admin/fonts/fontawesome-webfont.woff2?v=4.3.0 [运行时间：0.036002s][吞吐率：27.78req/s] [内存消耗：2,574.09kb] [文件加载：40]
[ info ] [ LANG ] F:\wamp\www\shop\thinkphp\lang\zh-cn.php
[ info ] [ ROUTE ] array (
  'type' => 'module',
  'module' => 
  array (
    0 => 'static',
    1 => 'admin',
    2 => 'fonts',
  ),
)
[ info ] [ HEADER ] array (
  'host' => '127.0.0.1',
  'connection' => 'keep-alive',
  'origin' => 'http://127.0.0.1',
  'user-agent' => 'Mozilla/5.0 (Windows NT 6.1; WOW64) AppleWebKit/537.36 (KHTML, like Gecko) Chrome/62.0.3202.89 Safari/537.36',
  'accept' => '*/*',
  'referer' => 'http://127.0.0.1/shop/public/static/admin/style/font-awesome.css',
  'accept-encoding' => 'gzip, deflate, br',
  'accept-language' => 'zh-CN,zh;q=0.9',
  'cookie' => 'cart=a%3A5%3A%7Bs%3A8%3A%2216-73%2C77%22%3Bs%3A1%3A%226%22%3Bs%3A8%3A%2216-72%2C75%22%3Bi%3A32%3Bs%3A8%3A%2216-72%2C76%22%3Bs%3A1%3A%223%22%3Bs%3A8%3A%2215-68%2C69%22%3Bs%3A1%3A%221%22%3Bs%3A8%3A%2216-74%2C75%22%3Bs%3A1%3A%221%22%3B%7D',
)
[ info ] [ PARAM ] array (
  'v' => '4.3.0',
)
[ info ] [ LOG ] INIT File
---------------------------------------------------------------
[ 2018-07-19T16:28:24+08:00 ] 127.0.0.1 127.0.0.1 GET /shop/public/index.php/admin/order/ordergoods/id/25.html
[ info ] 127.0.0.1/shop/public/index.php/admin/order/ordergoods/id/25.html [运行时间：0.111006s][吞吐率：9.01req/s] [内存消耗：2,648.47kb] [文件加载：41]
[ info ] [ LANG ] F:\wamp\www\shop\thinkphp\lang\zh-cn.php
[ info ] [ ROUTE ] array (
  'type' => 'module',
  'module' => 
  array (
    0 => 'admin',
    1 => 'order',
    2 => 'ordergoods',
  ),
)
[ info ] [ HEADER ] array (
  'host' => '127.0.0.1',
  'connection' => 'keep-alive',
  'upgrade-insecure-requests' => '1',
  'user-agent' => 'Mozilla/5.0 (Windows NT 6.1; WOW64) AppleWebKit/537.36 (KHTML, like Gecko) Chrome/62.0.3202.89 Safari/537.36',
  'accept' => 'text/html,application/xhtml+xml,application/xml;q=0.9,image/webp,image/apng,*/*;q=0.8',
  'referer' => 'http://127.0.0.1/shop/public/index.php/admin/order/lst.html',
  'accept-encoding' => 'gzip, deflate, br',
  'accept-language' => 'zh-CN,zh;q=0.9',
  'cookie' => 'cart=a%3A5%3A%7Bs%3A8%3A%2216-73%2C77%22%3Bs%3A1%3A%226%22%3Bs%3A8%3A%2216-72%2C75%22%3Bi%3A32%3Bs%3A8%3A%2216-72%2C76%22%3Bs%3A1%3A%223%22%3Bs%3A8%3A%2215-68%2C69%22%3Bs%3A1%3A%221%22%3Bs%3A8%3A%2216-74%2C75%22%3Bs%3A1%3A%221%22%3B%7D',
)
[ info ] [ PARAM ] array (
  'id' => '25',
)
[ info ] [ LOG ] INIT File
[ error ] [64]Cannot redeclare app\admin\controller\Order::del()[F:\wamp\www\shop\application\admin\controller\Order.php:96]
---------------------------------------------------------------
[ 2018-07-19T16:29:52+08:00 ] 127.0.0.1 127.0.0.1 GET /shop/public/index.php/admin/order/ordergoods/id/25.html
[ info ] 127.0.0.1/shop/public/index.php/admin/order/ordergoods/id/25.html [运行时间：0.100005s][吞吐率：10.00req/s] [内存消耗：4,761.87kb] [文件加载：57]
[ info ] [ LANG ] F:\wamp\www\shop\thinkphp\lang\zh-cn.php
[ info ] [ ROUTE ] array (
  'type' => 'module',
  'module' => 
  array (
    0 => 'admin',
    1 => 'order',
    2 => 'ordergoods',
  ),
)
[ info ] [ HEADER ] array (
  'host' => '127.0.0.1',
  'connection' => 'keep-alive',
  'upgrade-insecure-requests' => '1',
  'user-agent' => 'Mozilla/5.0 (Windows NT 6.1; WOW64) AppleWebKit/537.36 (KHTML, like Gecko) Chrome/62.0.3202.89 Safari/537.36',
  'accept' => 'text/html,application/xhtml+xml,application/xml;q=0.9,image/webp,image/apng,*/*;q=0.8',
  'referer' => 'http://127.0.0.1/shop/public/index.php/admin/order/lst.html',
  'accept-encoding' => 'gzip, deflate, br',
  'accept-language' => 'zh-CN,zh;q=0.9',
  'cookie' => 'cart=a%3A5%3A%7Bs%3A8%3A%2216-73%2C77%22%3Bs%3A1%3A%226%22%3Bs%3A8%3A%2216-72%2C75%22%3Bi%3A32%3Bs%3A8%3A%2216-72%2C76%22%3Bs%3A1%3A%223%22%3Bs%3A8%3A%2215-68%2C69%22%3Bs%3A1%3A%221%22%3Bs%3A8%3A%2216-74%2C75%22%3Bs%3A1%3A%221%22%3B%7D',
)
[ info ] [ PARAM ] array (
  'id' => '25',
)
[ info ] [ RUN ] app\admin\controller\Order->orderGoods[ F:\wamp\www\shop\application\admin\controller\Order.php ]
[ info ] [ DB ] INIT mysql
[ info ] [ VIEW ] F:\wamp\www\shop\public/../application/admin\view\order\ordergoods.htm [ array (
  0 => 'orderGoodsRes',
) ]
[ info ] [ LOG ] INIT File
[ sql ] [ DB ] CONNECT:[ UseTime:0.012000s ] mysql:host=127.0.0.1;dbname=tpshop;charset=utf8
[ sql ] [ SQL ] SHOW COLUMNS FROM `tp_order_goods` [ RunTime:0.017001s ]
[ sql ] [ SQL ] SELECT COUNT(*) AS tp_count FROM `tp_order_goods` WHERE  `order_id` = 25 LIMIT 1 [ RunTime:0.000000s ]
[ sql ] [ SQL ] SELECT * FROM `tp_order_goods` WHERE  `order_id` = 25 LIMIT 0,10 [ RunTime:0.000000s ]
---------------------------------------------------------------
[ 2018-07-19T16:29:53+08:00 ] 127.0.0.1 127.0.0.1 GET /shop/public/static/admin/fonts/fontawesome-webfont.woff2?v=4.3.0
[ info ] 127.0.0.1/shop/public/static/admin/fonts/fontawesome-webfont.woff2?v=4.3.0 [运行时间：0.051003s][吞吐率：19.61req/s] [内存消耗：2,574.09kb] [文件加载：40]
[ info ] [ LANG ] F:\wamp\www\shop\thinkphp\lang\zh-cn.php
[ info ] [ ROUTE ] array (
  'type' => 'module',
  'module' => 
  array (
    0 => 'static',
    1 => 'admin',
    2 => 'fonts',
  ),
)
[ info ] [ HEADER ] array (
  'host' => '127.0.0.1',
  'connection' => 'keep-alive',
  'origin' => 'http://127.0.0.1',
  'user-agent' => 'Mozilla/5.0 (Windows NT 6.1; WOW64) AppleWebKit/537.36 (KHTML, like Gecko) Chrome/62.0.3202.89 Safari/537.36',
  'accept' => '*/*',
  'referer' => 'http://127.0.0.1/shop/public/static/admin/style/font-awesome.css',
  'accept-encoding' => 'gzip, deflate, br',
  'accept-language' => 'zh-CN,zh;q=0.9',
  'cookie' => 'cart=a%3A5%3A%7Bs%3A8%3A%2216-73%2C77%22%3Bs%3A1%3A%226%22%3Bs%3A8%3A%2216-72%2C75%22%3Bi%3A32%3Bs%3A8%3A%2216-72%2C76%22%3Bs%3A1%3A%223%22%3Bs%3A8%3A%2215-68%2C69%22%3Bs%3A1%3A%221%22%3Bs%3A8%3A%2216-74%2C75%22%3Bs%3A1%3A%221%22%3B%7D',
)
[ info ] [ PARAM ] array (
  'v' => '4.3.0',
)
[ info ] [ LOG ] INIT File
---------------------------------------------------------------
[ 2018-07-19T16:29:55+08:00 ] 127.0.0.1 127.0.0.1 GET /shop/public/static/admin/fonts/fontawesome-webfont.woff2?v=4.3.0
[ info ] 127.0.0.1/shop/public/static/admin/fonts/fontawesome-webfont.woff2?v=4.3.0 [运行时间：0.078004s][吞吐率：12.82req/s] [内存消耗：2,574.09kb] [文件加载：40]
[ info ] [ LANG ] F:\wamp\www\shop\thinkphp\lang\zh-cn.php
[ info ] [ ROUTE ] array (
  'type' => 'module',
  'module' => 
  array (
    0 => 'static',
    1 => 'admin',
    2 => 'fonts',
  ),
)
[ info ] [ HEADER ] array (
  'host' => '127.0.0.1',
  'connection' => 'keep-alive',
  'origin' => 'http://127.0.0.1',
  'user-agent' => 'Mozilla/5.0 (Windows NT 6.1; WOW64) AppleWebKit/537.36 (KHTML, like Gecko) Chrome/62.0.3202.89 Safari/537.36',
  'accept' => '*/*',
  'referer' => 'http://127.0.0.1/shop/public/static/admin/style/font-awesome.css',
  'accept-encoding' => 'gzip, deflate, br',
  'accept-language' => 'zh-CN,zh;q=0.9',
  'cookie' => 'cart=a%3A5%3A%7Bs%3A8%3A%2216-73%2C77%22%3Bs%3A1%3A%226%22%3Bs%3A8%3A%2216-72%2C75%22%3Bi%3A32%3Bs%3A8%3A%2216-72%2C76%22%3Bs%3A1%3A%223%22%3Bs%3A8%3A%2215-68%2C69%22%3Bs%3A1%3A%221%22%3Bs%3A8%3A%2216-74%2C75%22%3Bs%3A1%3A%221%22%3B%7D',
)
[ info ] [ PARAM ] array (
  'v' => '4.3.0',
)
[ info ] [ LOG ] INIT File
---------------------------------------------------------------
[ 2018-07-19T16:29:56+08:00 ] 127.0.0.1 127.0.0.1 GET /shop/public/index.php/admin/order/ordergoods/id/24.html
[ info ] 127.0.0.1/shop/public/index.php/admin/order/ordergoods/id/24.html [运行时间：0.145008s][吞吐率：6.90req/s] [内存消耗：4,765.30kb] [文件加载：57]
[ info ] [ LANG ] F:\wamp\www\shop\thinkphp\lang\zh-cn.php
[ info ] [ ROUTE ] array (
  'type' => 'module',
  'module' => 
  array (
    0 => 'admin',
    1 => 'order',
    2 => 'ordergoods',
  ),
)
[ info ] [ HEADER ] array (
  'host' => '127.0.0.1',
  'connection' => 'keep-alive',
  'upgrade-insecure-requests' => '1',
  'user-agent' => 'Mozilla/5.0 (Windows NT 6.1; WOW64) AppleWebKit/537.36 (KHTML, like Gecko) Chrome/62.0.3202.89 Safari/537.36',
  'accept' => 'text/html,application/xhtml+xml,application/xml;q=0.9,image/webp,image/apng,*/*;q=0.8',
  'referer' => 'http://127.0.0.1/shop/public/index.php/admin/order/lst.html',
  'accept-encoding' => 'gzip, deflate, br',
  'accept-language' => 'zh-CN,zh;q=0.9',
  'cookie' => 'cart=a%3A5%3A%7Bs%3A8%3A%2216-73%2C77%22%3Bs%3A1%3A%226%22%3Bs%3A8%3A%2216-72%2C75%22%3Bi%3A32%3Bs%3A8%3A%2216-72%2C76%22%3Bs%3A1%3A%223%22%3Bs%3A8%3A%2215-68%2C69%22%3Bs%3A1%3A%221%22%3Bs%3A8%3A%2216-74%2C75%22%3Bs%3A1%3A%221%22%3B%7D',
)
[ info ] [ PARAM ] array (
  'id' => '24',
)
[ info ] [ RUN ] app\admin\controller\Order->orderGoods[ F:\wamp\www\shop\application\admin\controller\Order.php ]
[ info ] [ DB ] INIT mysql
[ info ] [ VIEW ] F:\wamp\www\shop\public/../application/admin\view\order\ordergoods.htm [ array (
  0 => 'orderGoodsRes',
) ]
[ info ] [ LOG ] INIT File
[ sql ] [ DB ] CONNECT:[ UseTime:0.032002s ] mysql:host=127.0.0.1;dbname=tpshop;charset=utf8
[ sql ] [ SQL ] SHOW COLUMNS FROM `tp_order_goods` [ RunTime:0.027002s ]
[ sql ] [ SQL ] SELECT COUNT(*) AS tp_count FROM `tp_order_goods` WHERE  `order_id` = 24 LIMIT 1 [ RunTime:0.000000s ]
[ sql ] [ SQL ] SELECT * FROM `tp_order_goods` WHERE  `order_id` = 24 LIMIT 0,10 [ RunTime:0.002000s ]
---------------------------------------------------------------
[ 2018-07-19T16:29:56+08:00 ] 127.0.0.1 127.0.0.1 GET /shop/public/static/admin/fonts/fontawesome-webfont.woff2?v=4.3.0
[ info ] 127.0.0.1/shop/public/static/admin/fonts/fontawesome-webfont.woff2?v=4.3.0 [运行时间：0.043002s][吞吐率：23.25req/s] [内存消耗：2,574.09kb] [文件加载：40]
[ info ] [ LANG ] F:\wamp\www\shop\thinkphp\lang\zh-cn.php
[ info ] [ ROUTE ] array (
  'type' => 'module',
  'module' => 
  array (
    0 => 'static',
    1 => 'admin',
    2 => 'fonts',
  ),
)
[ info ] [ HEADER ] array (
  'host' => '127.0.0.1',
  'connection' => 'keep-alive',
  'origin' => 'http://127.0.0.1',
  'user-agent' => 'Mozilla/5.0 (Windows NT 6.1; WOW64) AppleWebKit/537.36 (KHTML, like Gecko) Chrome/62.0.3202.89 Safari/537.36',
  'accept' => '*/*',
  'referer' => 'http://127.0.0.1/shop/public/static/admin/style/font-awesome.css',
  'accept-encoding' => 'gzip, deflate, br',
  'accept-language' => 'zh-CN,zh;q=0.9',
  'cookie' => 'cart=a%3A5%3A%7Bs%3A8%3A%2216-73%2C77%22%3Bs%3A1%3A%226%22%3Bs%3A8%3A%2216-72%2C75%22%3Bi%3A32%3Bs%3A8%3A%2216-72%2C76%22%3Bs%3A1%3A%223%22%3Bs%3A8%3A%2215-68%2C69%22%3Bs%3A1%3A%221%22%3Bs%3A8%3A%2216-74%2C75%22%3Bs%3A1%3A%221%22%3B%7D',
)
[ info ] [ PARAM ] array (
  'v' => '4.3.0',
)
[ info ] [ LOG ] INIT File
---------------------------------------------------------------
[ 2018-07-19T16:30:11+08:00 ] 127.0.0.1 127.0.0.1 GET /shop/public/static/admin/fonts/fontawesome-webfont.woff2?v=4.3.0
[ info ] 127.0.0.1/shop/public/static/admin/fonts/fontawesome-webfont.woff2?v=4.3.0 [运行时间：0.060003s][吞吐率：16.67req/s] [内存消耗：2,574.09kb] [文件加载：40]
[ info ] [ LANG ] F:\wamp\www\shop\thinkphp\lang\zh-cn.php
[ info ] [ ROUTE ] array (
  'type' => 'module',
  'module' => 
  array (
    0 => 'static',
    1 => 'admin',
    2 => 'fonts',
  ),
)
[ info ] [ HEADER ] array (
  'host' => '127.0.0.1',
  'connection' => 'keep-alive',
  'origin' => 'http://127.0.0.1',
  'user-agent' => 'Mozilla/5.0 (Windows NT 6.1; WOW64) AppleWebKit/537.36 (KHTML, like Gecko) Chrome/62.0.3202.89 Safari/537.36',
  'accept' => '*/*',
  'referer' => 'http://127.0.0.1/shop/public/static/admin/style/font-awesome.css',
  'accept-encoding' => 'gzip, deflate, br',
  'accept-language' => 'zh-CN,zh;q=0.9',
  'cookie' => 'cart=a%3A5%3A%7Bs%3A8%3A%2216-73%2C77%22%3Bs%3A1%3A%226%22%3Bs%3A8%3A%2216-72%2C75%22%3Bi%3A32%3Bs%3A8%3A%2216-72%2C76%22%3Bs%3A1%3A%223%22%3Bs%3A8%3A%2215-68%2C69%22%3Bs%3A1%3A%221%22%3Bs%3A8%3A%2216-74%2C75%22%3Bs%3A1%3A%221%22%3B%7D',
)
[ info ] [ PARAM ] array (
  'v' => '4.3.0',
)
[ info ] [ LOG ] INIT File
---------------------------------------------------------------
[ 2018-07-19T16:30:15+08:00 ] 127.0.0.1 127.0.0.1 GET /shop/public/index.php/admin/order/del/id/24.html
[ info ] 127.0.0.1/shop/public/index.php/admin/order/del/id/24.html [运行时间：0.154009s][吞吐率：6.49req/s] [内存消耗：4,572.05kb] [文件加载：56]
[ info ] [ LANG ] F:\wamp\www\shop\thinkphp\lang\zh-cn.php
[ info ] [ ROUTE ] array (
  'type' => 'module',
  'module' => 
  array (
    0 => 'admin',
    1 => 'order',
    2 => 'del',
  ),
)
[ info ] [ HEADER ] array (
  'host' => '127.0.0.1',
  'connection' => 'keep-alive',
  'upgrade-insecure-requests' => '1',
  'user-agent' => 'Mozilla/5.0 (Windows NT 6.1; WOW64) AppleWebKit/537.36 (KHTML, like Gecko) Chrome/62.0.3202.89 Safari/537.36',
  'accept' => 'text/html,application/xhtml+xml,application/xml;q=0.9,image/webp,image/apng,*/*;q=0.8',
  'referer' => 'http://127.0.0.1/shop/public/index.php/admin/order/lst.html',
  'accept-encoding' => 'gzip, deflate, br',
  'accept-language' => 'zh-CN,zh;q=0.9',
  'cookie' => 'cart=a%3A5%3A%7Bs%3A8%3A%2216-73%2C77%22%3Bs%3A1%3A%226%22%3Bs%3A8%3A%2216-72%2C75%22%3Bi%3A32%3Bs%3A8%3A%2216-72%2C76%22%3Bs%3A1%3A%223%22%3Bs%3A8%3A%2215-68%2C69%22%3Bs%3A1%3A%221%22%3Bs%3A8%3A%2216-74%2C75%22%3Bs%3A1%3A%221%22%3B%7D',
)
[ info ] [ PARAM ] array (
  'id' => '24',
)
[ info ] [ RUN ] app\admin\controller\Order->del[ F:\wamp\www\shop\application\admin\controller\Order.php ]
[ info ] [ DB ] INIT mysql
[ info ] [ CACHE ] INIT File
[ info ] [ VIEW ] F:\wamp\www\shop\thinkphp\tpl\dispatch_jump.tpl [ array (
  0 => 'code',
  1 => 'msg',
  2 => 'data',
  3 => 'url',
  4 => 'wait',
) ]
[ info ] [ LOG ] INIT File
[ sql ] [ DB ] CONNECT:[ UseTime:0.011001s ] mysql:host=127.0.0.1;dbname=tpshop;charset=utf8
[ sql ] [ SQL ] SHOW COLUMNS FROM `tp_order_goods` [ RunTime:0.021001s ]
[ sql ] [ SQL ] DELETE FROM `tp_order_goods`    WHERE  `order_id` = 24 [ RunTime:0.002000s ]
[ sql ] [ SQL ] SHOW COLUMNS FROM `tp_order` [ RunTime:0.020001s ]
[ sql ] [ SQL ] DELETE FROM `tp_order`    WHERE  `id` = 24 [ RunTime:0.000000s ]
---------------------------------------------------------------
[ 2018-07-19T16:30:19+08:00 ] 127.0.0.1 127.0.0.1 GET /shop/public/index.php/admin/order/lst.html
[ info ] 127.0.0.1/shop/public/index.php/admin/order/lst.html [运行时间：0.148009s][吞吐率：6.76req/s] [内存消耗：4,808.70kb] [文件加载：57]
[ info ] [ LANG ] F:\wamp\www\shop\thinkphp\lang\zh-cn.php
[ info ] [ ROUTE ] array (
  'type' => 'module',
  'module' => 
  array (
    0 => 'admin',
    1 => 'order',
    2 => 'lst',
  ),
)
[ info ] [ HEADER ] array (
  'host' => '127.0.0.1',
  'connection' => 'keep-alive',
  'upgrade-insecure-requests' => '1',
  'user-agent' => 'Mozilla/5.0 (Windows NT 6.1; WOW64) AppleWebKit/537.36 (KHTML, like Gecko) Chrome/62.0.3202.89 Safari/537.36',
  'accept' => 'text/html,application/xhtml+xml,application/xml;q=0.9,image/webp,image/apng,*/*;q=0.8',
  'referer' => 'http://127.0.0.1/shop/public/index.php/admin/order/del/id/24.html',
  'accept-encoding' => 'gzip, deflate, br',
  'accept-language' => 'zh-CN,zh;q=0.9',
  'cookie' => 'cart=a%3A5%3A%7Bs%3A8%3A%2216-73%2C77%22%3Bs%3A1%3A%226%22%3Bs%3A8%3A%2216-72%2C75%22%3Bi%3A32%3Bs%3A8%3A%2216-72%2C76%22%3Bs%3A1%3A%223%22%3Bs%3A8%3A%2215-68%2C69%22%3Bs%3A1%3A%221%22%3Bs%3A8%3A%2216-74%2C75%22%3Bs%3A1%3A%221%22%3B%7D',
)
[ info ] [ PARAM ] array (
)
[ info ] [ RUN ] app\admin\controller\Order->lst[ F:\wamp\www\shop\application\admin\controller\Order.php ]
[ info ] [ DB ] INIT mysql
[ info ] [ VIEW ] F:\wamp\www\shop\public/../application/admin\view\order\list.htm [ array (
  0 => 'orderRes',
) ]
[ info ] [ LOG ] INIT File
[ sql ] [ DB ] CONNECT:[ UseTime:0.001000s ] mysql:host=127.0.0.1;dbname=tpshop;charset=utf8
[ sql ] [ SQL ] SHOW COLUMNS FROM `tp_order` [ RunTime:0.015001s ]
[ sql ] [ SQL ] SELECT COUNT(*) AS tp_count FROM `tp_order` `o` INNER JOIN `tp_user` `u` ON `o`.`user_id`=`u`.`id` LIMIT 1 [ RunTime:0.001000s ]
[ sql ] [ SQL ] SELECT `o`.`id`,`o`.`out_trade_no`,`o`.`goods_total_price`,`o`.`pay_status`,`o`.`order_status`,`o`.`post_status`,`o`.`distribution`,`o`.`payment`,`o`.`name`,`o`.`phone`,`o`.`order_time`,`u`.`username` FROM `tp_order` `o` INNER JOIN `tp_user` `u` ON `o`.`user_id`=`u`.`id` ORDER BY o.id DESC LIMIT 0,10 [ RunTime:0.001000s ]
---------------------------------------------------------------
[ 2018-07-19T16:30:20+08:00 ] 127.0.0.1 127.0.0.1 GET /shop/public/static/admin/fonts/fontawesome-webfont.woff2?v=4.3.0
[ info ] 127.0.0.1/shop/public/static/admin/fonts/fontawesome-webfont.woff2?v=4.3.0 [运行时间：0.064004s][吞吐率：15.62req/s] [内存消耗：2,574.09kb] [文件加载：40]
[ info ] [ LANG ] F:\wamp\www\shop\thinkphp\lang\zh-cn.php
[ info ] [ ROUTE ] array (
  'type' => 'module',
  'module' => 
  array (
    0 => 'static',
    1 => 'admin',
    2 => 'fonts',
  ),
)
[ info ] [ HEADER ] array (
  'host' => '127.0.0.1',
  'connection' => 'keep-alive',
  'origin' => 'http://127.0.0.1',
  'user-agent' => 'Mozilla/5.0 (Windows NT 6.1; WOW64) AppleWebKit/537.36 (KHTML, like Gecko) Chrome/62.0.3202.89 Safari/537.36',
  'accept' => '*/*',
  'referer' => 'http://127.0.0.1/shop/public/static/admin/style/font-awesome.css',
  'accept-encoding' => 'gzip, deflate, br',
  'accept-language' => 'zh-CN,zh;q=0.9',
  'cookie' => 'cart=a%3A5%3A%7Bs%3A8%3A%2216-73%2C77%22%3Bs%3A1%3A%226%22%3Bs%3A8%3A%2216-72%2C75%22%3Bi%3A32%3Bs%3A8%3A%2216-72%2C76%22%3Bs%3A1%3A%223%22%3Bs%3A8%3A%2215-68%2C69%22%3Bs%3A1%3A%221%22%3Bs%3A8%3A%2216-74%2C75%22%3Bs%3A1%3A%221%22%3B%7D',
)
[ info ] [ PARAM ] array (
  'v' => '4.3.0',
)
[ info ] [ LOG ] INIT File
---------------------------------------------------------------
[ 2018-07-19T16:31:15+08:00 ] 127.0.0.1 127.0.0.1 GET /shop/public/index.php/admin/order/lst.html
[ info ] 127.0.0.1/shop/public/index.php/admin/order/lst.html [运行时间：0.147009s][吞吐率：6.80req/s] [内存消耗：4,801.44kb] [文件加载：57]
[ info ] [ LANG ] F:\wamp\www\shop\thinkphp\lang\zh-cn.php
[ info ] [ ROUTE ] array (
  'type' => 'module',
  'module' => 
  array (
    0 => 'admin',
    1 => 'order',
    2 => 'lst',
  ),
)
[ info ] [ HEADER ] array (
  'host' => '127.0.0.1',
  'connection' => 'keep-alive',
  'cache-control' => 'max-age=0',
  'user-agent' => 'Mozilla/5.0 (Windows NT 6.1; WOW64) AppleWebKit/537.36 (KHTML, like Gecko) Chrome/62.0.3202.89 Safari/537.36',
  'upgrade-insecure-requests' => '1',
  'accept' => 'text/html,application/xhtml+xml,application/xml;q=0.9,image/webp,image/apng,*/*;q=0.8',
  'referer' => 'http://127.0.0.1/shop/public/index.php/admin/order/del/id/24.html',
  'accept-encoding' => 'gzip, deflate, br',
  'accept-language' => 'zh-CN,zh;q=0.9',
  'cookie' => 'cart=a%3A5%3A%7Bs%3A8%3A%2216-73%2C77%22%3Bs%3A1%3A%226%22%3Bs%3A8%3A%2216-72%2C75%22%3Bi%3A32%3Bs%3A8%3A%2216-72%2C76%22%3Bs%3A1%3A%223%22%3Bs%3A8%3A%2215-68%2C69%22%3Bs%3A1%3A%221%22%3Bs%3A8%3A%2216-74%2C75%22%3Bs%3A1%3A%221%22%3B%7D',
)
[ info ] [ PARAM ] array (
)
[ info ] [ RUN ] app\admin\controller\Order->lst[ F:\wamp\www\shop\application\admin\controller\Order.php ]
[ info ] [ DB ] INIT mysql
[ info ] [ VIEW ] F:\wamp\www\shop\public/../application/admin\view\order\list.htm [ array (
  0 => 'orderRes',
) ]
[ info ] [ LOG ] INIT File
[ sql ] [ DB ] CONNECT:[ UseTime:0.001000s ] mysql:host=127.0.0.1;dbname=tpshop;charset=utf8
[ sql ] [ SQL ] SHOW COLUMNS FROM `tp_order` [ RunTime:0.023001s ]
[ sql ] [ SQL ] SELECT COUNT(*) AS tp_count FROM `tp_order` `o` INNER JOIN `tp_user` `u` ON `o`.`user_id`=`u`.`id` LIMIT 1 [ RunTime:0.001000s ]
[ sql ] [ SQL ] SELECT `o`.`id`,`o`.`out_trade_no`,`o`.`goods_total_price`,`o`.`pay_status`,`o`.`order_status`,`o`.`post_status`,`o`.`distribution`,`o`.`payment`,`o`.`name`,`o`.`phone`,`o`.`order_time`,`u`.`username` FROM `tp_order` `o` INNER JOIN `tp_user` `u` ON `o`.`user_id`=`u`.`id` ORDER BY o.id DESC LIMIT 0,10 [ RunTime:0.001000s ]
---------------------------------------------------------------
[ 2018-07-19T16:31:15+08:00 ] 127.0.0.1 127.0.0.1 GET /shop/public/static/admin/fonts/fontawesome-webfont.woff2?v=4.3.0
[ info ] 127.0.0.1/shop/public/static/admin/fonts/fontawesome-webfont.woff2?v=4.3.0 [运行时间：0.045003s][吞吐率：22.22req/s] [内存消耗：2,574.09kb] [文件加载：40]
[ info ] [ LANG ] F:\wamp\www\shop\thinkphp\lang\zh-cn.php
[ info ] [ ROUTE ] array (
  'type' => 'module',
  'module' => 
  array (
    0 => 'static',
    1 => 'admin',
    2 => 'fonts',
  ),
)
[ info ] [ HEADER ] array (
  'host' => '127.0.0.1',
  'connection' => 'keep-alive',
  'origin' => 'http://127.0.0.1',
  'user-agent' => 'Mozilla/5.0 (Windows NT 6.1; WOW64) AppleWebKit/537.36 (KHTML, like Gecko) Chrome/62.0.3202.89 Safari/537.36',
  'accept' => '*/*',
  'referer' => 'http://127.0.0.1/shop/public/static/admin/style/font-awesome.css',
  'accept-encoding' => 'gzip, deflate, br',
  'accept-language' => 'zh-CN,zh;q=0.9',
  'cookie' => 'cart=a%3A5%3A%7Bs%3A8%3A%2216-73%2C77%22%3Bs%3A1%3A%226%22%3Bs%3A8%3A%2216-72%2C75%22%3Bi%3A32%3Bs%3A8%3A%2216-72%2C76%22%3Bs%3A1%3A%223%22%3Bs%3A8%3A%2215-68%2C69%22%3Bs%3A1%3A%221%22%3Bs%3A8%3A%2216-74%2C75%22%3Bs%3A1%3A%221%22%3B%7D',
)
[ info ] [ PARAM ] array (
  'v' => '4.3.0',
)
[ info ] [ LOG ] INIT File
---------------------------------------------------------------
[ 2018-07-19T16:31:18+08:00 ] 127.0.0.1 127.0.0.1 GET /shop/public/index.php/admin/order/ordergoods/id/23.html
[ info ] 127.0.0.1/shop/public/index.php/admin/order/ordergoods/id/23.html [运行时间：0.085005s][吞吐率：11.76req/s] [内存消耗：4,757.62kb] [文件加载：57]
[ info ] [ LANG ] F:\wamp\www\shop\thinkphp\lang\zh-cn.php
[ info ] [ ROUTE ] array (
  'type' => 'module',
  'module' => 
  array (
    0 => 'admin',
    1 => 'order',
    2 => 'ordergoods',
  ),
)
[ info ] [ HEADER ] array (
  'host' => '127.0.0.1',
  'connection' => 'keep-alive',
  'upgrade-insecure-requests' => '1',
  'user-agent' => 'Mozilla/5.0 (Windows NT 6.1; WOW64) AppleWebKit/537.36 (KHTML, like Gecko) Chrome/62.0.3202.89 Safari/537.36',
  'accept' => 'text/html,application/xhtml+xml,application/xml;q=0.9,image/webp,image/apng,*/*;q=0.8',
  'referer' => 'http://127.0.0.1/shop/public/index.php/admin/order/lst.html',
  'accept-encoding' => 'gzip, deflate, br',
  'accept-language' => 'zh-CN,zh;q=0.9',
  'cookie' => 'cart=a%3A5%3A%7Bs%3A8%3A%2216-73%2C77%22%3Bs%3A1%3A%226%22%3Bs%3A8%3A%2216-72%2C75%22%3Bi%3A32%3Bs%3A8%3A%2216-72%2C76%22%3Bs%3A1%3A%223%22%3Bs%3A8%3A%2215-68%2C69%22%3Bs%3A1%3A%221%22%3Bs%3A8%3A%2216-74%2C75%22%3Bs%3A1%3A%221%22%3B%7D',
)
[ info ] [ PARAM ] array (
  'id' => '23',
)
[ info ] [ RUN ] app\admin\controller\Order->orderGoods[ F:\wamp\www\shop\application\admin\controller\Order.php ]
[ info ] [ DB ] INIT mysql
[ info ] [ VIEW ] F:\wamp\www\shop\public/../application/admin\view\order\ordergoods.htm [ array (
  0 => 'orderGoodsRes',
) ]
[ info ] [ LOG ] INIT File
[ sql ] [ DB ] CONNECT:[ UseTime:0.001000s ] mysql:host=127.0.0.1;dbname=tpshop;charset=utf8
[ sql ] [ SQL ] SHOW COLUMNS FROM `tp_order_goods` [ RunTime:0.017001s ]
[ sql ] [ SQL ] SELECT COUNT(*) AS tp_count FROM `tp_order_goods` WHERE  `order_id` = 23 LIMIT 1 [ RunTime:0.001000s ]
[ sql ] [ SQL ] SELECT * FROM `tp_order_goods` WHERE  `order_id` = 23 LIMIT 0,10 [ RunTime:0.001000s ]
---------------------------------------------------------------
[ 2018-07-19T16:31:18+08:00 ] 127.0.0.1 127.0.0.1 GET /shop/public/static/admin/fonts/fontawesome-webfont.woff2?v=4.3.0
[ info ] 127.0.0.1/shop/public/static/admin/fonts/fontawesome-webfont.woff2?v=4.3.0 [运行时间：0.048003s][吞吐率：20.83req/s] [内存消耗：2,574.09kb] [文件加载：40]
[ info ] [ LANG ] F:\wamp\www\shop\thinkphp\lang\zh-cn.php
[ info ] [ ROUTE ] array (
  'type' => 'module',
  'module' => 
  array (
    0 => 'static',
    1 => 'admin',
    2 => 'fonts',
  ),
)
[ info ] [ HEADER ] array (
  'host' => '127.0.0.1',
  'connection' => 'keep-alive',
  'origin' => 'http://127.0.0.1',
  'user-agent' => 'Mozilla/5.0 (Windows NT 6.1; WOW64) AppleWebKit/537.36 (KHTML, like Gecko) Chrome/62.0.3202.89 Safari/537.36',
  'accept' => '*/*',
  'referer' => 'http://127.0.0.1/shop/public/static/admin/style/font-awesome.css',
  'accept-encoding' => 'gzip, deflate, br',
  'accept-language' => 'zh-CN,zh;q=0.9',
  'cookie' => 'cart=a%3A5%3A%7Bs%3A8%3A%2216-73%2C77%22%3Bs%3A1%3A%226%22%3Bs%3A8%3A%2216-72%2C75%22%3Bi%3A32%3Bs%3A8%3A%2216-72%2C76%22%3Bs%3A1%3A%223%22%3Bs%3A8%3A%2215-68%2C69%22%3Bs%3A1%3A%221%22%3Bs%3A8%3A%2216-74%2C75%22%3Bs%3A1%3A%221%22%3B%7D',
)
[ info ] [ PARAM ] array (
  'v' => '4.3.0',
)
[ info ] [ LOG ] INIT File
---------------------------------------------------------------
[ 2018-07-19T16:31:20+08:00 ] 127.0.0.1 127.0.0.1 GET /shop/public/static/admin/fonts/fontawesome-webfont.woff2?v=4.3.0
[ info ] 127.0.0.1/shop/public/static/admin/fonts/fontawesome-webfont.woff2?v=4.3.0 [运行时间：0.058004s][吞吐率：17.24req/s] [内存消耗：2,574.09kb] [文件加载：40]
[ info ] [ LANG ] F:\wamp\www\shop\thinkphp\lang\zh-cn.php
[ info ] [ ROUTE ] array (
  'type' => 'module',
  'module' => 
  array (
    0 => 'static',
    1 => 'admin',
    2 => 'fonts',
  ),
)
[ info ] [ HEADER ] array (
  'host' => '127.0.0.1',
  'connection' => 'keep-alive',
  'origin' => 'http://127.0.0.1',
  'user-agent' => 'Mozilla/5.0 (Windows NT 6.1; WOW64) AppleWebKit/537.36 (KHTML, like Gecko) Chrome/62.0.3202.89 Safari/537.36',
  'accept' => '*/*',
  'referer' => 'http://127.0.0.1/shop/public/static/admin/style/font-awesome.css',
  'accept-encoding' => 'gzip, deflate, br',
  'accept-language' => 'zh-CN,zh;q=0.9',
  'cookie' => 'cart=a%3A5%3A%7Bs%3A8%3A%2216-73%2C77%22%3Bs%3A1%3A%226%22%3Bs%3A8%3A%2216-72%2C75%22%3Bi%3A32%3Bs%3A8%3A%2216-72%2C76%22%3Bs%3A1%3A%223%22%3Bs%3A8%3A%2215-68%2C69%22%3Bs%3A1%3A%221%22%3Bs%3A8%3A%2216-74%2C75%22%3Bs%3A1%3A%221%22%3B%7D',
)
[ info ] [ PARAM ] array (
  'v' => '4.3.0',
)
[ info ] [ LOG ] INIT File
---------------------------------------------------------------
[ 2018-07-19T16:31:23+08:00 ] 127.0.0.1 127.0.0.1 GET /shop/public/index.php/admin/order/del/id/23.html
[ info ] 127.0.0.1/shop/public/index.php/admin/order/del/id/23.html [运行时间：0.121007s][吞吐率：8.26req/s] [内存消耗：4,564.22kb] [文件加载：56]
[ info ] [ LANG ] F:\wamp\www\shop\thinkphp\lang\zh-cn.php
[ info ] [ ROUTE ] array (
  'type' => 'module',
  'module' => 
  array (
    0 => 'admin',
    1 => 'order',
    2 => 'del',
  ),
)
[ info ] [ HEADER ] array (
  'host' => '127.0.0.1',
  'connection' => 'keep-alive',
  'upgrade-insecure-requests' => '1',
  'user-agent' => 'Mozilla/5.0 (Windows NT 6.1; WOW64) AppleWebKit/537.36 (KHTML, like Gecko) Chrome/62.0.3202.89 Safari/537.36',
  'accept' => 'text/html,application/xhtml+xml,application/xml;q=0.9,image/webp,image/apng,*/*;q=0.8',
  'referer' => 'http://127.0.0.1/shop/public/index.php/admin/order/lst.html',
  'accept-encoding' => 'gzip, deflate, br',
  'accept-language' => 'zh-CN,zh;q=0.9',
  'cookie' => 'cart=a%3A5%3A%7Bs%3A8%3A%2216-73%2C77%22%3Bs%3A1%3A%226%22%3Bs%3A8%3A%2216-72%2C75%22%3Bi%3A32%3Bs%3A8%3A%2216-72%2C76%22%3Bs%3A1%3A%223%22%3Bs%3A8%3A%2215-68%2C69%22%3Bs%3A1%3A%221%22%3Bs%3A8%3A%2216-74%2C75%22%3Bs%3A1%3A%221%22%3B%7D',
)
[ info ] [ PARAM ] array (
  'id' => '23',
)
[ info ] [ RUN ] app\admin\controller\Order->del[ F:\wamp\www\shop\application\admin\controller\Order.php ]
[ info ] [ DB ] INIT mysql
[ info ] [ CACHE ] INIT File
[ info ] [ VIEW ] F:\wamp\www\shop\thinkphp\tpl\dispatch_jump.tpl [ array (
  0 => 'code',
  1 => 'msg',
  2 => 'data',
  3 => 'url',
  4 => 'wait',
) ]
[ info ] [ LOG ] INIT File
[ sql ] [ DB ] CONNECT:[ UseTime:0.010001s ] mysql:host=127.0.0.1;dbname=tpshop;charset=utf8
[ sql ] [ SQL ] SHOW COLUMNS FROM `tp_order_goods` [ RunTime:0.020001s ]
[ sql ] [ SQL ] DELETE FROM `tp_order_goods`    WHERE  `order_id` = 23 [ RunTime:0.000000s ]
[ sql ] [ SQL ] SHOW COLUMNS FROM `tp_order` [ RunTime:0.018001s ]
[ sql ] [ SQL ] DELETE FROM `tp_order`    WHERE  `id` = 23 [ RunTime:0.001000s ]
---------------------------------------------------------------
[ 2018-07-19T16:31:26+08:00 ] 127.0.0.1 127.0.0.1 GET /shop/public/index.php/admin/order/lst.html
[ info ] 127.0.0.1/shop/public/index.php/admin/order/lst.html [运行时间：0.151009s][吞吐率：6.62req/s] [内存消耗：4,801.21kb] [文件加载：57]
[ info ] [ LANG ] F:\wamp\www\shop\thinkphp\lang\zh-cn.php
[ info ] [ ROUTE ] array (
  'type' => 'module',
  'module' => 
  array (
    0 => 'admin',
    1 => 'order',
    2 => 'lst',
  ),
)
[ info ] [ HEADER ] array (
  'host' => '127.0.0.1',
  'connection' => 'keep-alive',
  'upgrade-insecure-requests' => '1',
  'user-agent' => 'Mozilla/5.0 (Windows NT 6.1; WOW64) AppleWebKit/537.36 (KHTML, like Gecko) Chrome/62.0.3202.89 Safari/537.36',
  'accept' => 'text/html,application/xhtml+xml,application/xml;q=0.9,image/webp,image/apng,*/*;q=0.8',
  'referer' => 'http://127.0.0.1/shop/public/index.php/admin/order/del/id/23.html',
  'accept-encoding' => 'gzip, deflate, br',
  'accept-language' => 'zh-CN,zh;q=0.9',
  'cookie' => 'cart=a%3A5%3A%7Bs%3A8%3A%2216-73%2C77%22%3Bs%3A1%3A%226%22%3Bs%3A8%3A%2216-72%2C75%22%3Bi%3A32%3Bs%3A8%3A%2216-72%2C76%22%3Bs%3A1%3A%223%22%3Bs%3A8%3A%2215-68%2C69%22%3Bs%3A1%3A%221%22%3Bs%3A8%3A%2216-74%2C75%22%3Bs%3A1%3A%221%22%3B%7D',
)
[ info ] [ PARAM ] array (
)
[ info ] [ RUN ] app\admin\controller\Order->lst[ F:\wamp\www\shop\application\admin\controller\Order.php ]
[ info ] [ DB ] INIT mysql
[ info ] [ VIEW ] F:\wamp\www\shop\public/../application/admin\view\order\list.htm [ array (
  0 => 'orderRes',
) ]
[ info ] [ LOG ] INIT File
[ sql ] [ DB ] CONNECT:[ UseTime:0.001000s ] mysql:host=127.0.0.1;dbname=tpshop;charset=utf8
[ sql ] [ SQL ] SHOW COLUMNS FROM `tp_order` [ RunTime:0.023001s ]
[ sql ] [ SQL ] SELECT COUNT(*) AS tp_count FROM `tp_order` `o` INNER JOIN `tp_user` `u` ON `o`.`user_id`=`u`.`id` LIMIT 1 [ RunTime:0.001000s ]
[ sql ] [ SQL ] SELECT `o`.`id`,`o`.`out_trade_no`,`o`.`goods_total_price`,`o`.`pay_status`,`o`.`order_status`,`o`.`post_status`,`o`.`distribution`,`o`.`payment`,`o`.`name`,`o`.`phone`,`o`.`order_time`,`u`.`username` FROM `tp_order` `o` INNER JOIN `tp_user` `u` ON `o`.`user_id`=`u`.`id` ORDER BY o.id DESC LIMIT 0,10 [ RunTime:0.002000s ]
---------------------------------------------------------------
[ 2018-07-19T16:31:27+08:00 ] 127.0.0.1 127.0.0.1 GET /shop/public/static/admin/fonts/fontawesome-webfont.woff2?v=4.3.0
[ info ] 127.0.0.1/shop/public/static/admin/fonts/fontawesome-webfont.woff2?v=4.3.0 [运行时间：0.119006s][吞吐率：8.40req/s] [内存消耗：2,574.09kb] [文件加载：40]
[ info ] [ LANG ] F:\wamp\www\shop\thinkphp\lang\zh-cn.php
[ info ] [ ROUTE ] array (
  'type' => 'module',
  'module' => 
  array (
    0 => 'static',
    1 => 'admin',
    2 => 'fonts',
  ),
)
[ info ] [ HEADER ] array (
  'host' => '127.0.0.1',
  'connection' => 'keep-alive',
  'origin' => 'http://127.0.0.1',
  'user-agent' => 'Mozilla/5.0 (Windows NT 6.1; WOW64) AppleWebKit/537.36 (KHTML, like Gecko) Chrome/62.0.3202.89 Safari/537.36',
  'accept' => '*/*',
  'referer' => 'http://127.0.0.1/shop/public/static/admin/style/font-awesome.css',
  'accept-encoding' => 'gzip, deflate, br',
  'accept-language' => 'zh-CN,zh;q=0.9',
  'cookie' => 'cart=a%3A5%3A%7Bs%3A8%3A%2216-73%2C77%22%3Bs%3A1%3A%226%22%3Bs%3A8%3A%2216-72%2C75%22%3Bi%3A32%3Bs%3A8%3A%2216-72%2C76%22%3Bs%3A1%3A%223%22%3Bs%3A8%3A%2215-68%2C69%22%3Bs%3A1%3A%221%22%3Bs%3A8%3A%2216-74%2C75%22%3Bs%3A1%3A%221%22%3B%7D',
)
[ info ] [ PARAM ] array (
  'v' => '4.3.0',
)
[ info ] [ LOG ] INIT File
